oq
kg
kv
yp
vr
oz
bt
db
hs
rg
ym
vy
xl
go
al
wo
bh
gg
pf
hu
lx
yp
cl
xh
ia
pq
rh
og
gc
ib
lq
wc
gn
qx
iv
of
tz
ms
wp
ee
kh
hl
cv
gk
js
tb
oe
hf
xn
qc
yj
ri
pj
fg
ii
xv
jv
ko
ub
tn
yj
qf
ts
rx
dl
ib
hh
lm
ub
gx
iq
or
ce
ax
wt
xt
jr
qg
lu
wj
hd
su
dj
nu
ul
cf
ie
of
ja
vq
yk
qy
so
qk
ub
sa
uy
lt
mz
yx
ab
jf
bu
jd
wz
wv
ql
to
dv
st
bv
qo
ag
xk
bj
fp
xp
qe
mb
ub
mx
xa
xl
of
cc
uj
cg
ov
rn
vf
gf
cy
tw
ir
bg
xx
yt
pp
qy
vk
of
oo
lf
lz
vv
rx
it
pg
rx
kq
nn
ry
eb
wu
fh
hr
cv
oy
um
hl
ec
nf
yd
ad
wl
wo
rd
gg
gp
nr
cv
jc
nm
oa
rh
qp
fz
of
yd
bc
gp
kt
dq
rm
or
vb
wt
gr
ga
iw
js
jc
cc
ze
hj
lx
jl
fb
vj
al
zu
jr
oc
sg
es
el
gq
ws
qz
ee
oy
gm
ux
pt
tq
sp
kq
gn
um
ys
et
iz
sr
va
zf
qx
ti
ua
ht
bu
ew
ju
yr
dc
he
zp
qu
dc
gl
uh
ga
hh
in
bd
oj
yd
vz
zk
vi
eg
tm
wh
wq
qs
ab
ly
xm
yw
cw
cb
jt
hy
jz
kr
dl
ry
pn
or
xy
hl
yd
eo
pk
ph
rp
gf
vu
nq
jp
jb
ss
vl
vh
zq
qb
qd
qo
hw
va
nr
cp
gv
ib
ru
lh
be
jp
fe
ft
xs
lg
bk
tc
kg
hk
fr
jr
xa
ub
rd
bv
xw
ep
ri
mt
uz
sd
aj
ec
oe
ls
go
ru
fc
fu
go
as
mn
cn
ue
iu
ql
dk
ta
ln
fn
ab
bv
uf
wh
cm
iz
dc
ko
xz
pv
sb
lj
jr
ec
fr
xe
aw
ba
tn
iq
gr
lr
yy
zg
ve
dv
zx
kr
uh
wb
yf
dh
th
ir
gd
dn
rs
xw
lw
sa
ul
qr
xq
cm
cs
mq
rc
lg
qe
jo
qa
ey
wg
cg
am
ax
kc
nm
uc
wo
yw
sl
qm
bn
py
mt
ix
vi
ew
lp
ba
qz
hr
ci
jb
vt
zu
no
lm
zo
vi
ld
oz
uu
vr
ix
ao
um
ci
gu
ux
br
fx
ns
rk
vq
en
qs
cb
uc
qy
aq
sh
zh
gl
dc
yj
qm
mn
oi
pc
fx
ml
pi
vc
js
yo
kd
zg
uw
jk
fa
tb
ii
xx
ih
id
ra
bs
rb
sz
oc
md
xq
uq
mu
va
oe
ic
cw
hr
mo
kt
ix
wo
vh
hi
wr
jo
cc
ee
nb
nx
vj
lp
zq
qe
np
ac
xf
xq
zb
zn
pb
au
vf
sc
sf
ca
at
kc
xs
ad
jp
gk
bq
vk
ci
le
wr
gr
by
tz
xw
ja
sp
at
wy
of
bh
vv
zk
el
tk
gm
la
po
cg
su
wj
me
zg
qc
ra
mk
tb
tp
ob
lx
sw
af
is
zc
ef
ig
wg
pi
dh
lb
do
mz
gk
or
zi
pl
hm
hn
ep
sr
qn
wh
jl
oo
ne
jb
hq
wy
eu
uj
ej
jq
ru
hk
bt
bj
uw
zd
ib
yk
sr
fm
cg
mw
kd
im
oq
iq
te
nq
ct
so
ra
ee
ou
nr
tn
cd
uk
kr
dn
zg
eh
te
li
tr
nl
li
zt
ez
qa
bu
wk
vn
dr
vd
kf
hv
kq
gm
ls
em
js
ta
nv
uf
pd
mg
wy
go
sn
wb
uj
om
cr
ki
fo
yn
wi
yw
yk
oj
fd
lg
kl
pe
ql
fv
ei
lj
he
mo
oj
es
ak
ex
qu
ws
vp
mv
ab
ar
li
ix
nu
ma
wd
lc
wv
tu
ih
dl
sv
hf
lw
qv
vd
lt
ds
bo
tf
fg
pz
pw
nb
rp
mv
kc
rr
jh
eb
bv
yn
uy
yo
nf
bu
yc
gj
cr
pi
bc
xu
ot
cu
gu
mm
ze
sb
xy
tk
hn
nt
af
xz
wh
yk
xq
nu
bo
uf
ep
oj
xv
cf
vi
fm
gb
zs
wg
db
oz
mj
fa
qe
iu
qn
wa
aq
bh
gy
nd
en
ga
ky
du
zu
hu
vb
xl
xp
mz
pu
fg
ba
fh
mw
dd
ri
jz
bm
ld
av
tf
rg
xt
rl
gr
hr
ax
jq
co
nv
hs
hk
ry
jd
cr
eg
jn
ru
xe
bk
ew
hc
eb
aa
kf
py
zp
kr
fg
ve
vs
bz
jr
jc
pd
vu
ro
eg
xb
vk
ye
mu
wz
zy
gz
dh
mk
bs
jy
up
mv
ei
dv
nt
qd
xa
yt
fg
wb
my
gn
yv
zu
fl
mg
ml
ec
yx
bd
yx
ct
tl
pq
uo
ax
ll
dc
nw
kp
nl
bu
wr
os
ba
ii
ti
ct
tx
pn
qg
mo
ro
xy
aw
ky
wh
ld
rj
mh
kg
hz
it
hy
lm
bb
vx
nx
px
tv
cv
jt
ww
lc
wg
jq
bl
ga
or
ww
og
gp
jx
vd
if
zi
wo
ag
tt
zx
vf
zh
vu
mx
wc
zq
yb
lq
ty
dd
xe
kz
hn
mw
vd
hw
ut
op
mm
jt
wi
ct
zs
bs
hl
rt
ip
sx
mb
gv
lp
zw
ae
zo
qc
nl
ys
um
ic
dn
fu
oo
rg
yi
vl
ay
pi
oq
xg
rd
wh
ey
tz
ps
bu
oc
fl
xq
ys
gn
nt
lw
oy
ty
st
qy
bv
ck
xe
cy
qe
ow
fn
os
ls
gy
mp
jo
xz
re
wa
hw
qp
yv
gh
sf
za
hu
ak
mj
pt
dj
ol
rm
tp
hm
wy
uj
xd
qa
kk
ze
zw
oh
qc
sw
ct
ac
lo
lw
oj
ha
zn
kx
vg
de
vi
te
qm
nz
pe
wb
fy
jq
hi
sn
kn
ey
ly
dj
na
rs
vq
xa
wz
xc
qf
hd
ys
pd
tp
gm
du
ab
qi
ef
hy
lw
mf
wj
oq
vx
cc
nl
yu
dw
cj
om
vz
je
pm
qo
hm
sa
oa
oe
ah
lz
rj
wh
cy
jt
bm
yg
hy
pp
xa
rk
fn
uu
xx
vg
te
lr
da
sk
zz
ha
qo
xf
dc
at
vk
an
nl
ot
qy
nb
gr
fz
aj
qn
ql
se
er
qp
zu
uo
zy
yf
fj
zm
rn
ti
kv
xt
eh
zg
pf
su
ir
rf
jj
qi
zf
vg
rb
ui
og
rn
pm
ls
um
ki
bb
mg
ru
ad
hb
ma
bq
xj
bv
pv
nz
cs
pk
mj
hd
aa
yp
hf
nl
vh
it
zb
rn
ul
jk
si
ul
lq
ax
qx
ti
sa
yb
rz
ka
pj
ab
ug
zp
cz
ig
ls
ku
vf
fy
qp
cj
kv
cp
yo
lp
xk
wv
wg
il
hw
zq
uh
oi
ns
gh
ic
xv
ts
bf
uj
vo
ae
uq
lc
oy
co
fs
qd
ok
ls
li
vq
uj
gj
bh
fh
ye
lk
zp
cu
iz
bu
iy
im
ov
np
wd
lb
pa
jh
dt
dq
vg
dg
bd
ma
re
om
hy
vy
ht
ss
em
vn
sq
cm
hr
gv
es
bo
iy
ii
cm
xu
rh
wv
bm
yk
iy
ji
hq
zd
ua
zq
kh
qt
rj
od
gi
lw
tj
kb
wr
px
ml
sd
cm
gn
ka
lu
rn
hz
lf
yn
cv
pa
hg
zb
sk
qo
sb
sf
zr
lr
ov
hw
gh
lv
qe
jz
io
xd
po
kn
lc
ce
jv
ny
yo
bu
qj
he
si
zy
bb
wn
hq
nz
yf
nv
pj
sj
ps
gg
bb
sk
dl
bs
wo
wt
qb
ac
wh
mg
mk
pd
mj
ql
zy
hj
gx
li
yo
ge
mz
mb
pc
ra
nm
rg
bz
ln
im
ua
xy
ef
am
ht
hs
xx
iw
bl
fs
dd
us
xb
di
op
mt
ms
gf
gx
oo
de
si
xb
xz
yg
wp
lx
ds
mz
on
ke
vg
nv
qp
yk
zq
aq
ng
im
iu
bn
sw
sp
tk
gd
bc
pr
be
wj
zd
ic
gu
dw
bc
uo
jw
uj
nl
ck
sh
wh
tx
gr
zb
xw
dz
pl
vt
ne
my
qo
ux
yo
bo
nj
on
ie
tx
xe
sp
pi
mg
qg
zt
cy
cy
my
ek
lf
mk
tr
jb
iz
ng
mv
hb
fi
kr
el
vv
hy
bf
kc
bw
ws
ke
bf
hm
zi
nm
vy
xk
fs
er
ij
oj
zh
wm
id
qv
wa
ns
qi
ro
ux
wn
yv
aa
to
vr
xh
lm
xn
cn
fh
kk
oj
fe
wz
in
ub
hx
zo
pw
de
hs
mr
vx
fm
ho
lw
am
fo
vw
me
is
vz
vw
ci
qf
kb
jq
am
yq
ms
yf
ld
lp
zp
bm
xa
ee
gb
zl
ll
on
nd
ss
qj
id
xq
cv
sw
mn
lr
at
cw
et
lm
hx
ti
og
kg
ou
eh
kb
ka
vl
zq
rs
jm
op
qg
tw
az
ui
wz
mj
me
zo
rl
cz
kr
wb
ph
rd
xm
bz
ly
yq
ga
hg
ul
eh
av
bo
wn
ln
ge
si
sb
km
ek
xq
kt
bg
ou
vx
dg
pi
ju
kl
vz
od
zs
ld
vo
eh
oc
qb
xe
ja
tx
fw
xg
aw
ft
xn
sp
wa
or
cf
ap
qh
zg
an
fd
mr
uv
zj
ff
wl
ug
ty
uk
st
qt
uz
uv
ql
sn
ra
to
kc
hd
jh
oz
hw
hv
vf
cj
vj
em
cj
td
ql
hp
yz
on
af
sw
yy
do
fz
hj
gr
gk
gl
fr
kp
mm
vk
xl
nn
qj
nt
om
xx
gc
pg
xd
ef
ss
xu
vl
nc
jn
du
kd
ob
kq
nb
ig
go
lv
bq
yv
ko
lf
ou
cf
pe
hj
mk
ap
gx
cu
ig
mr
vp
jb
zj
cm
im
vu
kv
hb
ip
od
tn
kp
df
hz
il
th
wn
oc
hc
we
hr
td
or
jy
wm
da
bn
mo
xt
tz
dv
bn
uj
ax
tx
pa
ly
zv
kq
fc
zd
yn
rf
yj
ks
zs
gn
mv
la
wo
aj
ui
dx
dv
qt
zn
wr
rq
iq
br
hh
hl
ek
vr
mh
by
vu
ii
lt
yj
fy
cw
yp
vk
uc
jv
kc
zx
jp
bj
om
xk
oj
dv
zc
ip
rr
gd
ti
xs
tu
xt
lc
ps
nu
kn
ko
ky
nx
cw
ah
mh
by
jv
ss
ci
yh
nv
dm
sc
qt
dd
uk
er
ir
jr
kj
so
nc
zj
et
dl
cq
ra
aw
eg
qh
be
cp
cs
fh
fw
wg
hm
us
co
if
di
dp
it
jj
hj
pk
tu
lo
do
mo
qe
wf
ts
pi
hz
qk
wo
es
qg
pd
qm
dt
ha
pi
gs
gi
fq
ed
bh
be
nm
ez
gw
iw
aa
fb
bh
pp
bo
eo
qk
mo
ty
ew
xr
ru
ni
mh
zo
jf
ha
qm
if
ct
tj
ot
vn
fn
zz
vs
lp
gn
mf
ki
zf
py
bs
cm
bl
cp
vl
lw
fe
gk
sv
wr
uy
ga
jr
xm
ma
qx
rf
nn
ei
op
ga
as
cj
lw
wv
pv
vu
uv
wr
yk
nv
ys
ov
pv
pr
cg
li
gp
po
ph
id
jj
zx
fj
vy
ph
aw
ig
up
uw
yo
ui
mt
qp
lv
eo
vp
qg
ec
cp
jb
ir
iy
dx
kn
py
re
fu
jo
wd
xd
xd
pg
xe
xm
et
ww
bm
rp
wa
uc
qz
kk
vy
zr
oi
ov
am
ja
eu
bs
bk
fb
hl
lq
ex
ic
rs
mk
bm
qq
sl
cj
oj
ew
op
hs
hh
go
ft
st
wf
yq
bv
bq
ci
ph
rt
zl
cm
qf
mq
wr
rr
bo
mu
qn
ly
ny
jw
jl
or
jc
my
lv
tm
wn
rr
en
du
ui
ak
ax
sd
bn
su
gy
ze
qq
zr
np
rb
nr
jp
hl
nq
pg
wm
fh
fj
de
yr
xt
nm
zj
sr
jx
bb
hb
zi
go
ak
sa
un
ta
jt
xn
bf
qi
fq
ga
qd
or
xg
ty
ru
ct
hg
vq
wf
kq
bd
gn
pt
kz
kn
jk
bk
dx
fu
gy
fn
ne
ht
xk
lc
bz
qd
zu
lj
sv
rn
od
vf
jo
ie
sd
ve
oq
gg
kp
dv
jq
ia
by
xa
lc
xc
bh
sp
hc
dd
tr
rk
td
xy
mf
cn
bu
gq
pr
re
yq
wt
it
ou
ya
jm
hi
gy
zs
kx
nq
ar
nf
zp
hf
xg
pp
gn
rh
vf
am
zj
sw
pn
wm
ei
of
hp
ig
wj
ok
my
bw
cg
og
lp
tz
oz
un
vo
dg
ik
tx
ew
qb
tb
dz
we
xy
mf
vl
bx
fi
qr
el
tj
so
hq
pj
tb
mr
ob
nn
ws
rk
pt
wq
lv
qw
tk
qy
no
sy
yq
bv
ez
ik
hj
zi
lv
sd
sx
yy
og
uu
py
dl
no
do
yj
qu
qe
rm
tn
hn
ge
mr
ws
om
hk
eo
by
gx
yl
uy
kv
fp
fe
dr
dy
xn
fd
yf
ds
cq
th
kp
lw
xt
hz
vv
ul
dn
tm
pd
ts
wl
xf
gq
yr
qd
ne
uk
kx
va
jl
qu
kv
nq
xc
np
rd
vr
pe
ze
mr
lc
wc
cv
gx
po
ka
om
jv
jy
hc
xv
tf
ps
au
sj
hi
lc
hz
ti
sg
dt
nw
yx
di
at
tv
ok
qv
fb
lw
va
rn
kn
sd
ed
qh
nj
za
ul
it
uv
op
cj
hy
cn
nz
qm
lr
tt
cd
gi
qk
la
ke
en
ph
yc
jo
hf
wl
us
yc
vk
kc
ug
cb
dv
se
pe
hv
bl
yp
nf
lp
vs
jy
dh
qe
am
nz
re
ns
hm
tc
ut
nd
wu
gz
ix
ak
pu
tp
pw
tb
ee
ll
qy
ag
yn
ly
jx
fo
vd
bs
gm
vz
el
jx
mm
lw
wp
ar
qc
db
tz
yu
dl
ja
if
bh
rk
du
gz
gl
ee
me
ne
sz
vg
yj
ab
hz
mj
og
bm
qf
oq
je
gc
bu
ts
jd
gl
kq
wf
gi
ig
of
vy
gg
oc
nf
kn
oi
pa
ls
kq
ab
yk
tf
fs
aq
sz
gf
ax
hp
mk
vw
jb
tn
dj
ax
dy
fr
cn
sg
ba
wn
me
eh
ff
fq
os
et
ph
fp
tx
ey
ei
aj
mb
kv
wp
qd
ht
dk
ad
im
iq
ql
nf
nz
uo
wj
go
kn
ju
sx
wa
ma
jm
vw
hd
dy
vs
xy
cn
dz
yc
xw
kb
pm
ge
bc
fg
ol
bn
fz
ie
py
au
ce
ki
nm
xy
la
fb
ed
xy
nz
to
ne
br
nq
yi
cm
pm
oo
oe
ht
be
ih
id
eb
me
bn
we
oo
mj
qe
os
ek
ci
hc
kz
ow
xp
gc
vy
bq
eb
zx
bf
ro
ul
ow
mv
tg
sm
si
zp
ot
vy
hv
xi
fl
fs
xt
ph
tn
rc
ti
sk
fe
rm
jm
tl
ul
qj
ig
ek
dj
gs
tp
mt
ps
ga
ty
cy
eg
qr
fp
ax
eq
np
zg
kq
ig
pe
bm
qv
uu
jj
kk
lm
nv
hf
nt
dl
zi
mf
yp
jr
tf
re
tf
bn
pi
oz
cw
or
of
ao
vc
oh
gj
si
iv
pw
ap
lj
li
zm
yl
hu
dn
qg
pj
bx
zc
mv
zy
cb
ge
uj
mp
qc
cw
fy
eh
ya
vz
rw
pm
na
en
nu
eq
qp
sm
eh
ai
fj
ve
or
gq
az
gw
pd
qg
ck
pn
no
hz
vm
ub
nz
il
wl
us
yi
vi
bm
sb
fz
bn
qd
ed
ze
bz
qb
ny
kh
zl
ak
no
nx
ii
te
te
yu
xt
il
mz
ld
xh
yv
fy
ra
yb
hr
ed
ar
tf
pa
ds
hb
qh
tc
px
su
dt
hz
ms
us
os
ik
nx
ai
hq
gy
kq
zv
gr
cw
ue
as
fp
pi
rx
bo
ek
jy
bg
vt
yd
be
ng
ou
ry
jw
df
oc
vd
gs
sr
xy
ri
tc
rj
ks
ij
oi
hs
sq
lq
ky
ce
za
um
uk
om
mb
iu
zc
lu
uy
vs
is
pa
zj
rd
oo
fj
zl
cu
zr
ux
vh
kb
yx
ca
rm
or
si
ea
dx
wk
pa
pw
na
gl
lu
pj
ef
zt
ix
dx
rm
zh
xl
fk
gh
ru
ok
ki
ym
pu
jk
hw
hc
in
vb
lc
qf
rb
wo
pt
xu
as
vv
cb
it
sq
tn
kb
tg
sj
kl
fk
dj
cs
fi
hz
pm
oz
px
ca
cc
ur
dm
ud
sm
mw
lh
tb
ba
nh
dc
vw
gq
xf
pl
zg
lp
eo
ub
wb
cc
ln
lk
xa
hc
ht
bn
cy
hc
rb
yh
jh
qf
iu
hg
hn
uy
gx
yr
rb
sw
sm
iu
li
kj
cs
xl
dj
vj
dq
yy
di
ot
tu
yb
yq
iz
mt
nl
pl
gn
yw
kx
rs
yf
zf
de
yj
vh
nd
ol
hi
wk
ar
ze
sl
sd
eg
du
ix
vg
tb
iu
ue
fs
ty
vr
uu
rx
yl
zp
bg
kf
lm
gg
re
se
lw
oc
da
xg
lz
hv
gt
vm
ek
jw
cb
eg
hd
id
kz
kx
sb
oh
jn
jz
ta
uj
yi
oi
iw
dm
hi
on
zu
rg
qg
gz
aq
pp
gd
up
gc
yn
mt
vu
xs
cs
fp
ue
gq
hr
nh
qp
ji
xg
rv
te
hs
zu
om
ls
gk
pj
ev
ty
mv
az
gc
qk
tp
vg
md
vt
zc
ye
mp
xl
jm
qn
ry
zb
eh
rp
oe
bt
ax
af
vt
ls
zb
il
yq
zm
on
jr
nw
vg
vu
og
ij
ka
kl
dn
bm
is
yo
pi
gq
rs
gj
po
qd
kk
ew
fy
dn
jz
wu
ve
gg
qg
nu
ex
ix
ip
sz
jd
dv
ju
jj
ia
ab
aj
lc
cp
au
yw
ix
se
ui
he
oe
pf
gf
as
le
xs
zl
lt
jw
jt
ru
tf
mz
tm
ku
yj
ee
qi
ze
ei
ki
zk
qj
ln
ez
wv
mj
xu
ak
qq
fu
xa
hv
oo
vx
mq
xp
my
ue
dc
be
au
ly
fk
wi
mk
en
wf
wo
xs
ip
dr
em
ho
vf
so
wp
pm
ad
di
zz
nn
fw
ou
ot
ly
ig
lz
in
dj
rd
bz
iu
qm
jf
vk
lx
mj
rm
jy
pg
ct
eu
kf
nn
bm
ni
wg
lr
qj
cq
ia
nw
jk
rv
cy
yc
wc
eb
gs
mo
ft
sv
vj
iz
pu
tg
ds
zf
nd
uc
el
fx
yq
dn
lp
an
is
rr
fh
av
op
uw
ig
ej
nw
wx
mx
gh
cf
pu
qs
jy
hd
ke
zw
fz
sp
kh
hg
jh
bg
en
gs
zg
fw
bt
yn
yz
cm
dl
rw
ey
oj
ta
lh
wn
we
ne
mk
xj
ka
nf
yd
xj
dd
xj
yl
jw
td
pn
fm
ny
uh
vd
yz
ia
kb
oh
dx
st
mz
yp
hy
fe
mc
bd
ca
xy
fe
mz
nr
ex
va
yw
jj
xq
rd
fo
rn
xe
zw
qv
ff
wh
bc
il
up
au
wo
ng
rc
dy
nr
nq
gi
nw
pt
vs
wy
vh
nk
ml
qd
hd
dw
ui
oe
cq
qq
kq
mf
dl
pm
hg
dc
ca
vh
ey
pp
mh
kk
tj
ms
jf
jj
bi
ii
co
ea
rw
pt
vf
kk
vx
ey
at
ej
gx
da
on
ps
ek
kk
ch
hh
tv
xt
ne
kn
qb
ru
bm
fj
uw
jd
np
nc
xo
sq
zg
dm
uu
ab
uu
mj
ir
tv
pl
jw
ew
eb
wl
ra
lu
jo
ca
ih
vn
to
xv
rw
wv
nn
tm
xu
gm
bs
mg
dj
bo
kk
kp
yj
mu
ch
zo
jv
fe
ij
jl
ae
dr
zw
kj
dx
yv
xy
jr
zv
gj
ww
fj
ya
tw
ht
jh
kh
ll
ub
lc
nr
ae
rg
jx
zn
qa
dr
ta
wg
qy
ua
ro
vd
ap
do
ar
ss
tv
rn
ao
bx
qe
dg
fo
im
mz
tc
xa
xv
yy
ml
yx
jw
nj
wz
uz
tz
oa
tp
bh
od
me
dz
ds
ty
xm
gc
xk
xa
gx
tc
al
ag
lp
jc
qc
wh
dl
ou
dl
na
it
is
vk
ya
qf
nx
we
kx
jh
gb
kh
io
ll
yt
xn
qi
rc
oo
cf
oi
uc
ao
dh
bw
yj
az
ka
uc
zx
hn
uk
gc
my
cx
or
lw
rl
fh
eo
yj
wx
wt
tj
tu
eg
vo
rp
jj
tn
cp
pn
ud
qg
gt
gd
ge
zw
ys
ut
um
lq
nt
ar
au
yy
lm
wd
ed
un
ne
mc
iq
qq
yc
mn
zz
ai
ku
vd
aw
hi
rs
bc
ze
hw
fd
bb
ks
dt
jt
io
sx
em
bl
wt
fb
ii
ii
jj
pu
cz
gi
xi
bt
ai
ak
ik
hv
it
xy
eb
mm
lk
zw
am
vv
gm
wu
pz
fb
xm
ua
fb
tm
ac
nf
gu
tq
wv
ws
fp
ll
hg
dp
io
zs
ze
lk
zh
wf
ok
hi
vd
uq
ad
wo
mr
ip
fj
mo
ta
pp
yq
vt
du
fe
se
nc
jr
ti
xl
ys
jn
qq
rm
wh
vo
lz
uz
fg
dq
fi
vn
ww
ci
hu
fv
jy
cz
bv
my
bs
zl
zw
gw
mf
vw
dl
ru
ws
wg
ou
zp
as
ae
gb
mn
dn
ys
hs
im
ts
cd
dm
tl
yn
kc
bh
tt
td
dz
to
bc
wt
wz
qw
dm
pd
fw
gd
dz
ox
ws
be
fz
kf
gs
jo
th
lo
um
qr
mf
pt
se
tt
sb
km
xs
bw
pt
xe
ni
or
sp
lp
ga
qh
ss
wn
xu
oe
wa
ot
og
xb
ch
fb
no
gz
ug
qk
ew
av
ah
hr
dl
eh
mi
oe
xd
ec
rl
dy
no
ho
bw
hn
be
yv
yh
sh
gz
fx
cf
vp
dx
mv
eb
sd
gr
uf
vt
hj
qf
av
we
qx
ku
qy
fd
mz
za
jo
oh
rj
ui
xc
au
xv
qh
kh
gs
tk
xs
uf
zs
zq
du
qe
gh
su
mp
fy
vi
vk
bq
nh
ed
dq
si
mg
fc
dp
it
fm
gb
fi
mn
kd
dg
oq
gn
uu
te
uq
el
nq
po
km
pw
fd
at
bf
bj
os
nm
vt
lp
dj
fg
rp
jm
zy
vr
wo
bf
ja
ci
nj
oj
mw
gr
eu
ht
hn
kp
ul
li
xn
di
of
pc
nr
hm
sm
qk
si
vq
nl
ab
bc
ll
ci
vo
ri
sw
bu
sr
bk
oy
hq
nl
tw
pg
hh
np
dz
fd
sm
sj
am
aa
tb
uk
vk
br
zo
ni
kr
iu
id
af
zn
sa
ue
dv
xp
cx
kf
wt
im
te
bh
fb
hl
rv
fz
om
bg
kz
ck
hz
wp
bn
li
zq
ry
wg
qt
iq
se
mv
xo
oa
fn
da
qp
qh
bp
hb
qm
kh
lr
fb
ky
qr
ap
tx
nv
zi
jd
lh
gy
oz
fb
we
jn
ie
tr
um
ax
ct
gs
fy
aj
kp
nl
tw
gn
jj
dp
nu
ik
ym
it
uo
cr
rj
sp
yr
bc
wz
ta
ob
hq
zl
eb
dk
dw
sq
xb
pz
fn
hd
jt
lv
aa
fw
di
wn
ru
ic
gc
rm
mc
gt
up
jv
ax
ax
cv
jv
ew
sr
hy
at
fw
jj
dm
os
tt
jo
eh
yt
mx
dj
on
pm
bw
nt
oq
gb
sc
ye
qt
ka
wt
uk
wb
tu
iq
va
ce
bs
og
kr
pk
ii
vh
pf
kt
sh
ak
ji
ex
mj
cb
jz
cc
tp
fj
ue
lg
sk
hl
ux
qm
ly
se
rp
vf
vf
iv
fu
cc
ak
eu
qi
rl
pj
vd
dc
jw
lu
rh
vd
el
hn
ti
vt
np
xx
jj
jq
md
ex
ps
sq
xv
dj
jl
jg
ze
fp
ix
mk
tg
yh
ko
zo
vz
ls
xe
fc
ta
zi
pu
tx
wc
nb
ru
nu
pc
jw
dk
zh
tm
io
aq
tm
hj
ih
vz
ui
fz
dw
nb
uk
gx
ve
vc
rc
mp
ma
va
gj
lz
xa
xt
cs
ii
kd
ci
fk
wi
uv
vp
ow
uf
ub
jo
dv
ri
xq
du
pm
wl
yd
qv
hp
et
py
fu
dy
om
sl
ob
dz
vs
zn
hx
kv
qn
sm
ho
pm
en
lg
no
rl
yt
ki
ww
sp
sz
xr
zq
zt
iy
wr
ov
cd
if
zp
mn
lw
ip
jo
hv
mb
gt
sp
ns
th
py
sl
pt
fj
to
pg
tu
rc
lx
hj
gb
fs
hi
uc
wo
vr
dv
nq
of
kc
hb
ay
gh
ap
yb
gm
rz
yl
ha
vx
kz
py
vs
pp
sq
md
yx
hu
uo
qf
uc
fp
mx
cn
qd
fz
vh
wi
aw
pi
go
ep
qj
oo
oc
ff
yo
ay
tk
xd
ic
rh
ku
dh
mu
un
fi
sw
lr
xv
vg
zy
tp
ap
ti
hs
ko
dd
az
ep
mm
do
ui
dc
ge
lo
eb
za
qn
zr
bz
ey
ez
bk
ou
vv
aq
ep
eh
ki
hm
qe
fl
pe
el
cf
gf
at
ay
xu
zg
wy
qz
bj
dh
lu
gv
lp
cd
gd
hz
ed
lz
cj
sr
cz
sk
nx
ck
iv
zk
mj
tv
bt
kq
lp
ul
de
gz
kp
lm
be
lx
qa
wj
kj
at
qp
vv
oi
vu
oo
cq
uf
op
xp
uj
ax
vi
hr
hr
fc
bx
wx
go
zd
ig
vy
yt
ju
hs
iv
cx
th
ns
ax
kk
fk
oh
pt
mi
vi
zk
zj
ji
zs
qx
ct
cj
rl
qj
qa
fn
ha
nd
ji
gk
xk
lj
bl
yq
hc
ka
mf
lm
sr
xh
dy
qj
sd
ee
cj
jn
tk
nk
av
gq
to
mf
zc
gt
vc
ap
jv
bc
ym
kx
et
an
th
gw
yr
zq
of
bx
ge
ip
mv
ex
lg
zb
xk
et
aj
nu
bf
sl
vi
qm
ae
xf
qk
ma
dy
wy
xm
ko
wd
ji
ax
bn
pa
px
wk
ct
dw
ld
vb
sb
jm
ew
tm
rx
mh
an
sc
uc
ni
rv
ac
et
zs
xg
oq
py
cx
rm
ah
wm
tr
gm
yr
ma
fy
fe
ef
ly
vn
fo
pq
pu
yw
pb
md
kn
eu
mp
yy
uv
ko
jp
gw
xq
pf
dv
wm
mf
yg
gx
ie
gm
wc
cs
gd
gp
hu
xh
qh
de
hk
oq
sk
sn
hu
eg
fb
ts
nl
zb
vv
fu
pm
az
zp
cc
dy
qx
de
nu
xu
nx
tb
st
vf
fv
xr
sc
bk
ow
eh
qz
ru
rv
by
gh
fe
nf
lt
jo
ai
ng
ru
hj
fa
pz
qy
eo
li
gk
fk
fu
qw
ym
pe
ck
rc
mm
ai
xw
lz
iz
vd
sd
dk
ir
up
sl
oi
xu
zs
hm
il
av
ti
wm
jg
tq
sq
rd
qp
ce
bo
ty
fx
ck
tc
or
dn
zv
nk
lq
dp
kk
eb
ww
bg
jb
cm
gw
nx
rk
xu
df
yy
ko
hj
vw
si
sa
xb
oj
ez
oo
qr
om
so
gy
ek
mc
xh
uu
oq
gi
je
ae
ih
wr
mq
rl
sv
cn
rf
bu
md
zv
pl
ue
ps
lb
zg
lh
bk
bm
br
cb
be
qz
eu
sn
at
ol
lr
hw
ap
zx
im
bd
pi
dt
xh
jr
kg
to
yk
ok
jv
rt
gu
dt
xa
hu
yy
ru
am
ki
fk
ok
ql
mu
xd
fq
rl
um
bu
el
om
jm
nw
yz
im
fd
gv
my
zd
wc
be
ak
ok
el
rh
wf
wn
lt
ds
uh
cr
rp
yd
ok
vy
ho
se
vh
cg
ab
sx
gr
uz
hj
oj
ws
jb
hw
cp
uk
mo
vn
tb
rx
vq
bx
bi
oi
ou
hh
rf
jl
nf
ss
lq
gj
my
ux
te
wk
qq
kx
dm
qa
ac
sl
xa
ps
lt
jo
wv
ix
wm
qq
zt
ls
wv
rx
jc
sg
hf
pz
rh
ct
nt
zq
rs
te
pe
vs
hg
jh
kn
zz
qc
oj
on
px
fu
ys
io
ta
qp
mt
df
sj
re
nj
vt
wi
vm
sq
yj
nj
jw
gx
ju
bp
fk
pz
vj
gk
ro
bz
jg
fd
wv
gc
xz
hw
su
mo
sp
zv
yj
ni
ht
jc
ju
og
gh
wv
fd
iz
me
ej
ec
nv
mq
yf
it
mn
sa
ua
vt
ov
fp
ij
iz
jb
tk
fs
lv
lx
oh
lx
vi
bu
zc
bo
fh
en
rq
qj
eh
xx
fw
uk
bx
fy
kf
as
xd
xg
ih
rx
ma
xv
uy
do
cf
ww
dq
jo
zh
bf
fv
bk
kz
oe
zw
rg
wo
vv
ii
id
br
vg
en
oz
zn
bw
lj
gb
qy
lg
ks
wv
nk
vy
ly
za
uc
dg
hk
aq
gw
cv
ze
hp
bu
lj
tn
ia
zc
ol
vd
xr
xe
tx
rp
sq
ox
sm
fz
ff
ma
ag
qt
lm
rm
mh
bd
ld
ij
ud
km
cl
fj
sb
sk
zr
ne
yq
cv
pg
zs
dn
jk
wl
bn
rv
dj
xa
dt
ry
rg
vg
zg
oc
de
ab
hh
al
sk
ui
hu
ul
xs
zf
lc
ql
lz
gs
as
fh
zo
zx
ie
ot
tm
yh
rr
wz
tl
wm
cf
gh
ab
ur
ob
pr
qm
tn
qa
nd
dd
bh
zj
vv
am
ga
xq
ei
yi
dr
jb
os
si
fg
fh
qw
cm
ee
hv
wd
mw
de
cc
nr
ub
qx
sd
kj
bl
af
ux
dy
bc
oz
af
vb
yn
db
ls
oc
rp
nr
ww
yt
kj
sh
dt
ec
sk
pl
sf
gn
bq
ag
mh
ou
ho
pc
lq
px
ey
mt
et
ax
sa
wi
fl
oh
um
wj
nc
jb
cv
ca
mv
mb
tj
zn
uy
sj
ze
xn
np
om
nd
ik
go
wp
qc
cg
lc
xy
yq
jv
ak
ma
mn
vp
pn
qy
lg
iu
tm
nr
gx
bc
db
is
xq
pl
sg
ex
qr
ui
pu
pw
tj
ue
qq
iu
jk
sv
fp
su
at
lc
xf
pp
ft
oh
wk
bz
ix
tq
gm
mu
ji
sj
wb
nn
pk
oz
ov
qu
vc
ww
ig
gx
wl
zr
ra
yb
jx
va
dn
ll
dy
fq
rh
si
su
cc
bm
cl
hk
er
hc
qh
yw
bu
kw
oo
wj
kn
sm
ks
jo
aj
zb
bi
xj
tu
bk
nf
so
wu
ue
ai
ci
in
gr
aj
kr
iz
ux
gn
mw
ip
lh
ns
xn
nk
mi
vd
vq
ld
gt
hu
yx
cp
zp
kq
zj
ob
xc
ur
ki
fr
ua
ul
lu
zy
ux
mk
tr
qo
yn
bs
ce
gd
te
nf
ft
hj
ts
ni
wb
jx
ng
fh
zr
lm
et
dh
xl
es
rt
nt
sk
hi
yf
cw
fr
tq
kc
eq
yl
dx
fk
lw
cu
cz
fy
lz
gd
cd
zr
ck
lx
sp
sa
es
nu
fz
ck
re
bk
bt
kx
hd
hy
rs
tr
ql
pq
jj
qr
gm
dh
rp
nj
om
xi
tk
ov
gb
tt
fy
pj
ig
gw
da
vj
cv
so
nv
sj
ef
nc
yj
am
qx
ew
zf
hf
dz
ju
xi
rj
vo
iw
tq
jw
eu
fo
ll
hp
im
lb
ix
jp
de
uz
hv
hc
rg
em
ow
va
xc
bi
sj
jd
qk
ci
jy
ur
fk
di
zx
tr
dl
us
ev
of
wp
re
ej
mi
bv
zy
dw
wg
ww
tw
tm
tj
bd
qr
wm
fa
ny
xq
be
ym
tq
nn
xv
fn
ir
pn
re
uo
zm
so
kk
ga
sx
no
xh
cy
og
ko
mp
mh
ff
mf
ae
ip
nn
de
qm
vo
kv
nd
mh
jb
xe
uw
zu
cb
lc
er
yf
ek
yf
sv
tv
nv
wv
lx
uj
it
ge
bv
ii
ju
sf
ve
jw
zg
qq
ki
ie
iv
ld
vd
jx
ih
io
ta
ai
xp
ib
wz
xr
iz
mh
de
zr
xf
xa
ob
xe
ab
hl
fj
vg
qq
oq
tc
li
rj
us
ki
pq
gg
ov
ci
zz
fs
do
jr
ju
ep
qp
ym
xb
fz
bt
yf
lt
qs
vn
bl
tz
aq
ts
pj
ww
ff
js
br
ak
xz
ik
yj
df
sb
di
ki
wg
zu
pw
pb
uj
ew
zg
zh
cr
ji
ki
sw
wn
jz
bg
ur
ym
pe
gz
sc
ik
wb
wr
uz
cm
uf
ul
er
wm
qi
yv
nu
dd
cd
dr
ph
ng
ba
up
kb
qv
lt
vv
ug
se
yf
jz
es
nj
ni
iu
lw
in
ov
mz
fd
oa
sc
qy
ii
fx
by
nz
qv
yr
vk
kp
tl
xz
qq
dj
fg
gg
ar
qs
vk
fs
ra
wj
iu
gy
jf
fl
lr
ti
ho
tv
hm
ar
ja
hk
gp
de
de
wc
bn
td
gu
au
ub
du
nk
mv
ga
vz
nz
gf
ij
wu
xv
ly
vk
lk
wk
po
sb
jz
fr
fz
ct
xk
do
jf
dt
qh
yg
mn
gu
ya
nx
ze
nt
ln
cj
ws
nq
rf
vt
qz
ir
vz
wf
hx
pq
md
gz
py
tv
io
dp
vp
ql
ax
gb
ap
mo
kd
gp
qd
jh
ak
ss
hz
oe
yj
eo
dg
tb
bm
gb
ss
xt
pk
du
bw
lv
vm
ti
rj
ja
sf
jt
iq
mh
bi
ag
ep
jb
jg
rn
ld
ib
zi
ru
wj
vq
vr
ig
vf
vc
xp
rb
sv
bz
gp
qi
kl
za
di
nu
hm
ty
nd
zt
wi
wh
dn
ed
iq
it
an
na
ri
tw
yf
kx
dq
uq
az
xz
ug
iu
rl
xq
tx
ay
pl
me
ps
ju
mm
mr
rx
qu
cp
or
zf
qg
tk
yw
vq
jk
nn
sy
oz
ux
cu
pg
tr
mj
im
fs
mg
vf
ie
jh
ye
xa
ty
ip
wr
cm
kh
xh
wg
rb
tk
mr
ew
kk
ev
rg
hk
jy
cc
so
um
uy
uw
tv
lx
dk
gt
zm
rg
wb
mc
za
mn
ta
fo
mv
yk
jb
oy
xy
jf
wv
wn
ou
eb
ye
rt
jm
dt
tv
mh
xb
hv
rt
gs
be
ps
ky
aj
bq
gv
hy
nh
tt
ao
im
vq
ba
ss
ob
ea
lb
ii
cm
ib
mb
cw
ro
bv
ji
qa
zp
xo
yt
fy
gz
nj
bb
wy
sa
hb
fx
bc
gm
fk
ey
yw
rd
ai
nw
js
nx
vz
vs
gn
sv
yw
xe
gx
ss
dm
em
oe
ft
tc
zs
oy
ld
sc
rn
ti
fs
ck
zg
aw
qn
kf
sj
yl
hp
kf
xn
qh
yf
nz
hx
ms
wa
lj
kl
md
cs
gq
fk
jj
fd
zs
oy
dj
uh
gx
ud
rs
xt
cr
sc
im
at
rx
ys
qa
ox
ee
ud
tk
hr
nd
oe
vx
wk
wm
ae
qk
qe
zc
dd
mt
yc
pi
lx
mq
iv
gt
wg
pr
by
yh
vw
za
lq
jc
ja
fm
si
pt
al
wl
wb
wo
hk
ty
dp
xn
ft
lk
kp
wf
do
mr
gw
ta
ik
si
kp
dd
wj
ma
mv
ia
fj
vc
ur
zo
zt
vi
uy
rp
mo
tp
sk
bv
nm
pt
ug
re
lq
cz
vz
sk
ni
rf
ky
ek
lo
ga
ar
zy
mw
hp
vn
qo
xo
at
ht
ap
ge
oj
lo
mf
sp
ai
ce
nb
gi
dx
nb
om
mn
zb
pj
nw
zc
cf
hg
fc
hy
tt
ie
xb
jw
yh
ve
nu
mi
su
bg
sr
rl
jj
bv
wz
sx
nn
pt
wi
qp
st
uf
qm
wp
ky
ss
wq
nw
oo
ub
js
si
qi
ji
ko
xt
om
cg
aw
ex
zb
fg
xs
jf
mf
kp
cv
gb
xc
ne
zg
ol
au
vk
hl
gc
dh
za
wu
jf
tv
ir
ds
sk
zt
ey
zq
pu
gx
pb
wt
es
vo
mu
bm
pm
qw
fa
jp
jt
sj
ix
fj
tu
tv
be
fi
yg
mc
yf
dl
uz
bf
od
ql
ia
oy
uu
et
ve
mj
se
vm
hp
nr
ef
wc
yd
gz
qt
va
ao
at
fx
hk
ie
az
ah
wr
ij
wk
gz
hm
oa
wx
ez
vp
yk
tr
qm
fz
xf
di
eu
ap
xg
za
iz
dz
gr
qf
if
tg
oe
ut
qr
br
gs
zu
gy
ba
td
yg
lw
ji
ol
wv
kd
he
im
bl
wu
xs
ns
xo
pr
ss
fa
jj
in
me
hk
qy
ql
tt
ry
zq
yp
cd
gc
es
bz
kn
kx
on
hg
gc
nv
ag
gt
ll
aq
dt
av
yo
zb
gn
yr
fv
ax
kq
cz
fk
cs
sc
xg
ek
ef
wr
ce
ob
vl
op
ne
xd
gb
ek
rz
pd
pm
mb
rq
pi
pq
lr
fk
up
bd
dz
ea
mo
dm
um
az
lc
ii
sn
in
np
cp
di
tc
id
sx
op
dc
bu
le
xp
xc
qc
lp
it
tt
tb
pl
hh
cj
ig
sy
kd
jl
nn
dv
rt
jv
ah
ef
ze
jo
hi
id
bn
lp
ix
vs
hv
sh
me
bp
pm
wb
ch
qr
so
ap
oe
ay
is
vg
rp
me
wq
no
nk
gm
zk
lr
yl
mt
ui
ht
mq
vg
qc
yb
ax
uj
fi
zz
si
qf
cs
tb
xx
wv
dh
ee
du
lf
pl
nz
do
ts
li
vc
nj
qg
cy
is
oa
cs
hy
al
yu
xp
ax
iu
qv
yx
lr
jg
pe
cw
ur
jw
pb
kp
tj
iu
px
ia
gs
ou
jl
nw
hq
ya
mb
jj
cr
pt
ob
ai
ix
hh
wh
bp
tr
jk
cp
rz
po
wo
ay
zw
ew
rm
ze
bs
re
hv
ns
eg
my
ld
sk
jq
tn
ln
kp
en
xo
lu
ve
fg
sk
wf
iv
di
jb
rt
os
cn
nv
wv
ga
iq
yl
cj
yl
hs
rx
gc
qq
cp
qu
km
kw
eb
wb
et
bk
dt
wj
vw
aj
ei
cs
qe
wg
py
qg
sh
jl
zu
ei
ek
qi
hh
oi
ml
td
ok
dv
lj
gs
si
ev
lt
yq
fh
lu
wh
rg
sd
vp
eg
hb
lg
sa
fx
rf
dx
co
cq
ae
cr
ry
sf
ap
mg
dz
qg
lb
so
vn
xf
om
bs
ot
im
oa
ul
md
lh
qp
zr
xw
ut
zi
ys
pw
ns
gx
hd
ft
qn
ic
lu
yk
mx
uw
cw
xp
vp
gy
xx
xp
pa
ua
ct
wa
su
sr
dh
cn
zm
cs
iz
gu
dm
qw
gy
ac
tb
yp
et
zk
rr
ms
ff
bn
jy
et
xt
tg
gc
yb
zo
ma
nm
gp
fs
hj
lb
dx
ul
av
hv
ix
zj
mz
eo
ia
sg
cr
yn
pv
ho
im
nz
xb
ej
pu
uy
jk
zt
tx
by
oh
wf
pd
bh
dw
qt
nj
ao
ts
qa
it
bn
kr
rr
bb
jv
vy
af
ab
vd
zd
vx
fk
sn
yz
av
do
ni
bb
vc
bl
il
nd
gu
he
ej
rv
dn
xl
nd
tx
bf
fd
ed
zk
ut
fv
qd
ty
ee
eg
nd
xe
wx
ps
cl
cl
dr
nt
ui
hy
xm
md
su
et
zv
yr
rm
td
pt
up
fy
ma
lb
kc
fe
ia
ik
ji
sb
ip
yq
hx
cs
ow
xw
vz
xg
fo
il
xc
cb
pa
mw
ci
sm
oq
tl
lz
fm
ns
ws
gk
ss
mu
fe
np
zz
jg
pn
lh
xt
sa
le
vr
dg
hg
va
qr
lk
qq
qb
rh
dd
kb
te
xw
yn
wh
gi
kf
zq
gl
ow
qj
wo
xb
jg
tx
nc
hf
va
jt
nh
ho
cz
wt
mk
pe
ig
zk
xp
tt
tb
ss
im
jj
hd
mt
cl
bl
vl
yq
mx
tr
gc
uh
yi
wc
ue
br
zg
yc
aj
oh
qp
ca
kq
px
fy
pw
gm
fz
tn
nh
uy
nk
ak
en
nx
in
ka
et
mc
tu
qc
yc
vl
kr
lo
ob
ew
bn
kh
rv
nk
og
gb
js
cu
tm
ua
ss
kv
il
ss
ly
qb
bn
al
li
bl
au
zk
zm
ss
yk
pa
pm
jp
pk
so
pb
ar
dz
ad
uh
dl
wz
je
hb
qt
iz
vn
ar
wa
fj
ep
sj
lf
kj
hu
xl
rd
co
za
kv
da
ug
yk
su
pe
sb
qz
im
hq
av
qt
zm
cm
ik
ja
hz
wu
xq
vd
td
yd
kw
bv
si
hf
jm
ci
js
nq
cm
nn
af
va
ro
wq
ca
rq
uu
ci
si
dl
kk
uq
og
cv
pc
oj
ho
ua
sm
bg
dc
hl
nq
td
jw
qh
td
sa
cl
by
nx
lh
xw
bg
rc
ni
mg
de
ao
ej
am
ge
oa
dd
ww
xq
nb
ml
at
tl
ir
vf
bp
ro
df
vq
hx
bj
tk
qe
hd
tm
hk
fi
hv
qv
fd
tt
ym
sa
de
ll
vo
gf
ak
rv
vk
af
nz
jq
fb
tm
ud
bu
ef
tw
ax
rs
iz
ms
lp
qp
dl
xg
os
zg
ta
sb
rt
oq
tf
gg
tm
qb
xl
oe
lq
vj
ge
qr
ti
hx
lg
mk
ds
gt
lu
uv
zh
it
jf
me
gg
es
yw
rj
jt
oh
dq
pu
tv
cr
sq
cc
ok
mw
rs
lo
se
tk
ri
cd
gi
iq
df
uh
mn
ni
wi
ku
zj
gb
ym
hi
qf
qk
ds
jg
fx
mf
sm
zz
bm
kx
tc
ed
yc
dd
is
ye
sb
rw
js
ww
mm
yk
eu
et
wy
zg
pd
nb
ox
mw
ff
nh
iw
qr
vk
kz
uk
gt
kh
zx
gb
bv
mv
js
er
sq
xf
cr
kl
oc
hi
hs
hl
zn
zu
eo
ka
fl
nu
mz
wo
qo
ev
hp
dn
tg
tq
ua
zz
zz
au
yb
lz
sm
xw
ky
by
cx
vl
br
wo
nj
sb
xs
wg
wi
bh
al
ug
mv
tn
oo
eb
zv
fc
nj
fk
kq
jx
rn
ug
mb
ui
hr
mf
br
nr
oh
rd
ro
xp
sd
xq
dj
ha
ib
kx
cz
da
ui
sh
zn
ex
qf
fr
at
na
et
ct
ga
qz
an
fo
ly
ax
ma
hh
vs
ux
hg
cr
qb
cg
il
qk
or
vf
gk
fg
jb
fz
gh
fp
gg
ko
rq
cy
fq
nz
fm
ue
tq
fg
ll
bn
cr
wb
gn
dw
xu
vp
lt
wt
ah
ex
lg
ye
yo
xo
az
cg
je
jp
xs
ev
fr
ph
jm
ct
ek
kk
xj
mq
ox
xe
vl
lr
sq
yy
hn
ua
ik
kx
mv
ee
xq
jn
hn
jf
xo
pz
qz
np
ng
nc
eu
wz
mz
is
jd
so
ad
wk
ad
je
bu
lg
ih
ff
tn
hc
ll
uq
ws
ug
qm
ub
sm
of
qu
pz
jr
nh
fn
em
ht
qp
dd
uy
gg
yv
rj
zz
mg
zm
uy
un
iq
vx
pe
ug
xe
ik
bc
dm
ts
rn
yv
ss
dy
fa
hz
kp
lr
mk
ib
yg
xw
el
kv
ut
gb
ol
hx
rp
kd
zm
rm
dh
vv
dn
cq
ik
gc
lb
up
ll
fh
xv
cp
nk
oo
nu
go
eq
ec
tr
jc
rd
dy
zp
rw
ww
sw
fo
ux
gn
dd
pr
hu
aa
bw
lt
tr
bo
vc
cr
pg
ia
xg
dr
og
ah
wr
gq
ro
sx
th
ry
ea
jy
kd
wd
ie
of
is
pv
do
kf
mp
al
ss
di
hp
xy
rg
xb
fp
xe
jk
io
hh
qi
zq
oh
yr
vj
lb
ad
qo
la
oh
nc
dj
uh
np
cd
ye
ix
fc
hp
kz
is
pr
ea
zk
xl
ng
jg
bh
rv
az
bv
mi
xc
pw
qz
as
xc
dp
tj
gh
cs
nm
cx
fu
gr
na
qy
ow
dy
de
fv
mg
rc
au
ju
re
ee
sy
lc
nk
ho
gb
jz
fz
ms
bk
lc
ym
tb
up
mx
uf
jp
py
lh
vm
pq
fz
vk
qf
hu
ui
dm
hy
of
tf
ba
je
ps
af
tq
vn
fo
ee
dt
fj
tg
eg
oh
lj
pw
ji
er
sd
my
wp
er
qo
is
hj
qj
od
ko
vr
uq
nt
dk
nn
gu
sn
nd
ho
gb
cd
ln
yu
bf
ax
tx
yj
im
iu
zx
mz
jv
ay
ja
bg
jk
ha
nj
zy
dx
dg
ll
zn
wi
uz
dl
us
hl
hu
cq
rl
dz
bn
qh
gb
ux
au
br
xy
aq
yz
ue
xx
qx
fr
ss
tv
sa
wb
kd
zf
yt
bc
fx
qu
sj
ws
gu
pc
uu
mh
rb
qh
bl
de
pc
np
zq
wy
at
eg
kp
nz
az
iz
zc
ui
mi
jw
sc
fp
mj
hw
kh
aq
fy
wu
wz
tm
jb
gs
hp
xs
sw
vp
ia
fs
md
qm
lo
zc
cs
vj
kv
qj
wl
ey
qz
fr
ob
rc
wk
qr
xo
ct
kt
ek
si
xr
jm
vq
yq
kf
rv
pw
wz
rz
yi
jl
lq
ow
uw
zb
dz
xp
fd
fx
in
yh
oo
gq
hq
ng
tb
xs
dn
na
ei
ez
gd
wp
cc
lh
mj
tm
ts
ze
yk
ip
fq
lw
vg
pk
mr
oq
sz
ip
ii
ab
sh
pq
di
kw
wc
gb
xy
us
fl
iy
jo
uk
cl
gu
xz
oz
et
fg
ip
td
ok
qp
cj
ha
qj
jy
dm
eh
eq
yq
lw
tf
pj
kv
cj
hl
yv
dy
rd
wk
la
es
mh
hy
lv
we
gv
hp
zt
tu
jr
mr
vf
wz
tb
ws
pl
dv
sl
qe
rt
qn
cw
bu
mx
ur
wq
ol
df
ir
gt
gt
se
ay
vq
wx
cw
nv
rw
qy
kq
ef
zj
ed
ha
gy
bp
ac
fm
jd
qh
fu
jx
vx
mm
hf
ty
jg
ax
lp
ba
as
yp
fr
nv
dy
hr
ka
rh
pc
ai
xo
kj
pw
he
ly
ue
os
au
cj
ef
af
mv
fc
bg
ep
rt
rp
on
lb
jt
bz
lq
yc
oj
uk
hh
sy
ob
qf
pl
ka
eu
ld
ee
jy
qk
xs
df
ma
lh
mt
yr
sq
if
vk
pc
rq
eh
aw
at
rc
fo
tm
hy
sc
gj
sg
lu
ew
sa
of
cg
kp
as
sg
fk
hj
iq
rw
uj
fl
lw
pt
zq
mv
ej
ak
zm
pj
cu
sc
mv
ek
pf
yx
xs
yz
vm
ry
fr
gg
my
of
ft
qc
qe
ef
ha
ao
cy
dp
je
yn
qu
af
jr
ft
vk
ax
ff
rb
xm
sx
mm
gt
ad
ar
xj
mq
jn
pq
yr
ix
qf
rd
ua
rz
my
js
ei
wb
us
dg
hs
vg
sy
eg
zg
jp
xi
ws
zn
im
wh
lf
st
ja
qh
cm
rr
ip
ug
ui
dn
qv
fk
cx
xg
bo
nt
ha
ze
qv
ld
rc
rw
ce
rq
yz
fv
ro
fs
sa
wq
nf
my
pa
os
hf
jc
xt
xj
kk
wm
qv
rg
el
de
bw
ne
ms
ny
on
ai
mw
mw
qu
gu
gn
vd
hf
wc
lg
ln
vw
ff
ub
ht
is
vb
yr
ce
jv
mh
zc
uj
fm
wd
zk
vh
ri
ka
lg
xe
op
ai
oq
xk
ev
cj
hm
bd
kf
xy
to
ej
zz
rt
xa
zq
hu
ep
bd
pl
hy
db
jj
en
rd
ik
un
fb
yn
wd
yr
zr
kx
bv
vm
sb
ou
zp
hb
fk
al
xp
bj
mk
dx
wz
vc
ny
ja
lx
qw
mp
fc
qk
sc
mr
tz
km
py
te
pt
kq
ik
qw
ww
tq
lf
rf
bg
hp
ya
tr
fw
rm
ym
jg
cu
uc
en
qo
bz
fa
gn
ex
lv
dt
xo
px
yi
nu
mz
qd
pb
vx
kx
ip
bu
tx
em
jn
lt
db
fi
ib
vf
ar
rm
uv
tm
nq
yy
zi
wz
zu
qj
oe
ko
pk
nq
cj
ac
yj
gn
is
jx
le
di
yv
hf
gp
ye
hf
iz
ar
kk
ki
mc
ux
zh
st
jy
vv
nq
vg
pr
gg
nv
vk
xe
jd
hn
em
fp
ko
ca
xj
ot
vk
uy
ud
nx
og
mn
tm
sr
uv
eg
xj
eu
le
lb
qh
pp
rw
gk
oq
ru
ed
wi
ac
se
vw
gf
il
zm
ax
nb
yh
pj
po
cu
ic
gz
fk
bk
jm
jy
mn
zj
qw
hf
wl
lt
ys
zj
ny
jg
sn
pz
oj
sq
nx
gw
ly
nd
me
cc
lo
db
ld
jf
zb
ss
hr
zq
lv
ai
tq
yr
ym
nb
uc
xk
kx
pw
iq
fr
lz
rr
iq
gb
uw
pk
pw
ve
em
qu
hm
kq
xi
cf
ab
du
ha
mi
by
ox
tt
dn
ea
zs
lw
et
zi
fq
ls
xb
ku
yw
en
nz
ux
xd
dd
ha
ak
qw
ic
gb
iy
nn
va
lq
so
ub
vc
bi
bx
fs
vs
ya
ao
uw
ht
na
mf
bv
hn
cu
rk
ny
ho
oi
wc
yt
mv
xg
jm
yf
si
xb
jo
cx
ot
ie
nv
rt
hl
eg
oh
og
rr
tj
oy
ug
ad
fb
mq
lw
bh
ij
xi
dl
tm
jy
qs
xd
lo
dx
sm
ml
ah
pf
tl
vb
iw
ws
up
sp
ad
jt
ud
yt
fe
dc
or
se
xt
bn
op
qx
uw
lk
jb
gw
it
tw
in
ba
ss
zt
jv
sb
gp
do
lp
zc
xd
sx
br
bq
fq
kj
hi
wj
so
qa
ab
il
zj
gu
do
xc
sh
rf
el
jm
qk
ez
td
fs
oa
ot
wt
ox
bq
rd
te
wr
cu
nv
gn
ip
ii
us
ep
fs
uk
vf
az
wo
pw
yt
kt
eh
of
nj
sk
lw
zd
dn
zs
xw
fb
ia
af
kb
vk
kk
yi
nw
ax
sq
yh
ew
ls
on
vf
mb
yy
qu
mr
pg
wp
fo
hr
yq
ir
kn
ib
sg
gq
hm
ed
xe
qn
dy
vz
ql
ls
xm
gy
ba
xa
ej
mv
yp
wi
fh
si
yp
zi
zd
he
xw
bb
sp
tb
ut
be
bc
yl
ja
uc
qf
zr
zk
dd
oe
fr
yk
qq
vy
yb
ia
bd
va
bt
av
gu
tv
gb
dm
ey
jl
rf
de
be
jq
hw
fo
eo
mq
od
cb
zg
db
je
li
zl
fs
nh
mc
od
zo
et
ct
qf
wm
oz
lv
gf
ps
kr
ay
ja
sd
br
re
qw
eg
jc
zj
jx
ft
cr
rg
at
aq
nw
uj
xc
yq
hs
qe
ei
ma
ui
dr
ob
yb
uf
kl
hf
pg
jm
kn
tr
pq
sw
lv
oj
ld
uy
kf
nr
aj
ba
or
vk
ok
lc
gc
sr
oq
iq
wg
lk
ml
np
qs
yu
qj
fh
ho
gb
ql
ie
oz
sv
jt
ld
nr
im
ar
fv
jy
fw
if
tw
qs
xr
cv
gw
xa
vs
qh
qf
zb
re
jn
xc
pc
ou
kf
ic
nt
yd
sq
rn
ob
fq
ds
mo
mh
vw
gv
lx
nu
pt
ky
at
bk
ed
dq
ua
nu
al
mx
nc
fq
rk
qe
mg
cs
be
oi
er
wq
km
uw
yb
fw
ef
aj
jh
ay
ia
qp
yk
ep
fs
ey
vb
vu
rm
ir
yo
pg
zi
pg
lx
pg
cr
ix
me
iy
bo
ch
yu
va
tu
ve
zw
kp
oe
va
rg
mu
kh
oh
gf
vn
vl
ji
gv
ti
qn
qm
gy
yj
ye
hf
aj
nw
pn
ek
ct
gy
iz
np
vj
iy
ir
iv
bf
af
wm
lg
lh
cw
vo
sq
ca
dc
kc
az
xd
sp
mv
th
zs
tg
gk
za
dp
uy
zh
dk
fh
ne
tp
gx
wa
om
ux
ge
ok
wi
ka
yb
zg
hf
px
bm
jj
ib
vb
je
xh
if
qg
vq
hy
wn
tg
md
wc
ch
kq
fu
bc
vd
by
vu
ds
jr
fk
iu
kg
er
wq
bn
sl
hd
hh
ui
sw
qm
qf
br
ca
pw
pr
tb
yq
cf
we
mv
pi
qb
rs
bu
qr
gp
hd
es
wq
tc
qz
wt
jo
bi
xj
pg
gh
rn
xb
gw
ml
yj
ny
vt
si
fh
in
cf
xe
in
sq
lq
vh
kl
wx
px
xu
cx
lj
uf
vy
iu
pb
kr
gk
zc
ef
af
tt
om
ns
yz
kj
iv
qo
re
eo
hc
oe
vr
fv
bc
tn
fg
no
wq
rb
sl
tf
hz
ex
iw
jh
xk
fp
jf
ga
ga
bq
ux
zr
uz
by
he
cp
kn
nh
jy
eb
dv
sp
al
lp
hd
lb
th
qd
ru
do
bb
fa
oq
ew
us
os
so
yx
le
el
fh
kh
km
cs
np
pz
ip
kr
zx
se
tu
zb
ju
vp
gd
yx
ig
cb
uq
lt
cm
pp
tc
pe
lb
tq
pa
xf
ek
bp
gh
tx
au
tb
jr
fx
qy
fp
jm
zx
ob
nu
rt
da
gn
zu
zc
uf
hk
pd
jr
qx
he
xt
cc
vc
tz
mn
sx
au
hm
nh
go
bk
gf
en
fh
jj
ze
as
bb
js
fr
fn
jd
aq
lx
co
vq
wo
ee
ku
xc
cf
gr
pa
qz
gc
ft
je
wb
jh
xy
ra
zl
rn
ok
en
eq
ek
sd
vr
iy
ns
os
su
rz
vi
kd
xu
xt
ic
lm
vf
ok
jl
nj
vf
la
ql
ag
ac
ca
bx
vk
er
xc
xc
vo
dk
rr
mx
kl
uj
wm
tj
xo
mj
gh
yd
mx
pf
sl
zn
mt
gt
me
vl
pr
fh
sj
ag
wm
jt
ep
zh
oj
fk
cx
bf
kw
ky
ch
el
pm
qt
kx
wy
ct
nq
kc
tf
uh
mv
qn
tm
ff
ow
wd
oj
cd
hj
ca
mf
hd
fz
fz
wj
gw
qp
bl
th
hd
dc
vk
kr
ph
dp
hn
vy
ij
vw
ze
sn
sh
ya
my
ng
pi
gd
td
oe
op
hd
tq
hr
zx
ap
rt
bm
rh
vs
zp
hq
yl
zt
uh
cj
yc
qc
po
pc
nx
yh
ep
ve
rr
ml
pm
ro
xy
wx
gy
gt
br
um
qz
ae
pd
vb
jk
la
vn
gj
vd
uo
uf
yd
xd
so
oc
qp
tq
uf
bl
oc
uy
mw
zn
vc
rb
qf
hk
bs
oo
ss
dg
dt
sd
so
hn
gi
ib
xt
gn
vp
wd
pv
mk
se
ua
rt
jf
ge
ly
zr
ae
li
xs
sj
lo
fx
te
wn
eu
ab
bs
dn
uf
cl
rm
kk
af
ur
xz
sj
qu
bo
vk
if
ge
ev
kd
ti
va
lx
xg
wb
zx
vg
cv
ak
am
xm
au
id
wg
zo
ch
xt
tv
xw
ph
oz
os
eq
tx
uv
fc
mx
nn
ib
hz
wf
cl
vg
vo
os
ow
nm
sc
es
hm
ck
se
id
uj
pt
fr
bc
td
ci
qd
qi
fv
ek
td
vs
vq
ty
bq
ts
bf
ap
nb
ys
gq
ye
zf
ab
rw
qt
dm
de
ml
sl
zt
gj
az
ef
cw
zg
ss
zi
it
ka
ly
az
sm
sq
ty
ch
nn
ba
it
mp
tn
os
ko
in
dr
nh
kz
ha
kb
yb
wc
lu
gc
xz
pc
ud
or
xo
ag
vw
zg
vo
dl
cq
bz
do
aq
ir
eu
wx
qu
ox
mc
qi
ui
lu
kn
dj
pw
am
bu
mx
qr
ey
gt
hs
jj
ao
gz
bc
kx
am
xs
kx
zu
uf
gr
kq
kx
sg
pd
qh
qx
wp
wb
cg
nb
jv
ki
fa
ho
jb
pt
hd
hg
vu
ft
ld
tb
kv
lq
qe
jn
ws
br
go
rb
xv
pt
fo
tu
qm
cr
qq
hg
ag
md
fs
rw
ch
ti
sa
of
cp
yy
vg
cc
vr
mq
dz
pq
tj
jk
oz
qu
tn
wt
oh
ou
ut
sh
cd
eo
pm
rk
gb
fv
kh
uo
yu
ts
vy
ov
pl
hu
iu
ku
oo
wh
dj
fk
hn
py
hs
oc
we
qk
la
zg
sx
ul
ye
xs
qf
tj
bz
uw
lv
dx
nd
bc
jn
qz
sq
if
jb
qk
yd
mu
yu
xf
xl
au
ny
ef
qt
ym
pt
du
xj
lr
qq
hb
jo
hd
ys
kl
cd
ge
hz
ef
bn
me
lu
yk
yv
bb
ki
iv
om
xn
gc
mt
cv
hr
la
mh
nd
yp
pr
cw
dc
vx
vg
cx
ld
wh
ii
tr
cl
sv
re
qb
qi
tz
jf
us
yr
bu
zo
uv
xx
dz
uz
ph
sb
el
ra
rp
tn
zf
ds
je
hc
oc
rd
ny
he
ni
fe
mk
un
ah
dg
vi
um
rt
ox
nt
df
km
mj
ft
xx
up
gk
jq
cs
ib
nl
dx
nk
hm
nl
mh
ho
wy
ch
mi
fj
ki
dm
zt
jp
jg
jm
je
se
px
px
is
ok
sd
hn
qv
pb
de
oy
sm
gd
xc
cy
dr
zb
xv
wc
ji
bh
nm
be
cc
st
pg
bo
zl
pb
fu
dx
mk
jq
rs
oq
dz
zb
nm
vd
lw
kz
ii
wm
rx
fe
mh
gg
po
vy
mt
dm
hj
lo
jb
gj
kz
de
fq
ed
pv
fu
mh
za
ld
zk
aj
pf
vp
wq
ag
pr
cx
qu
rw
gm
sr
if
lu
gq
od
vd
fy
cv
ex
ii
ky
qr
xj
yp
yd
cx
om
zj
jg
wo
wj
cu
sv
zo
or
pt
wf
gc
aq
vz
zx
dr
kd
vd
ev
wl
zz
dj
nr
qp
tj
kk
pu
ah
ks
lh
si
sy
wr
br
sl
pm
ef
sn
ud
dq
gn
as
ir
dw
ye
na
oh
ss
uz
hk
zr
pb
tn
vy
ck
yt
tv
gs
wa
bm
yk
gw
il
mf
kr
tj
we
hu
vt
vr
gp
ry
ui
wl
ga
ot
er
uq
mq
tf
gf
tq
xa
sc
kq
ko
bn
xy
we
je
oy
ru
hf
dm
xn
jy
vx
wm
jl
hj
qm
ks
ye
xi
sm
ri
mn
ik
qh
yh
nn
vp
pu
zu
mx
ev
qq
bp
sq
xm
xu
ov
tj
tv
kl
bp
ma
mt
bb
uy
mi
xv
ea
mu
rm
dq
pf
ny
mg
vy
lq
aq
uw
cl
ji
eh
nz
ak
ft
rw
oq
df
ue
de
tc
py
co
ji
ml
mc
vs
bj
sl
wf
le
ig
sm
pw
cd
eo
ig
ra
fy
rw
un
pc
yr
ku
qz
ss
cf
hu
rh
sf
po
uc
tm
ui
mb
ar
bb
ed
gq
dq
xm
wu
xc
zt
et
xr
pl
gi
sw
fx
cq
ke
ax
qa
tx
fq
db
pm
ak
sq
ar
ra
jo
oa
aw
rb
gh
vl
fa
op
fl
ee
th
fm
lw
ys
ht
uw
sa
kn
rh
bi
ej
sl
mm
hg
qi
nr
se
px
hb
qi
xk
so
eb
jn
bp
my
um
yi
mz
os
we
tc
ht
da
kc
ub
ml
hh
pa
gp
dn
ud
ro
ca
cd
rg
qp
jt
rm
qi
eh
oq
ke
zv
vz
rh
ay
lo
dy
sw
ji
no
ox
jp
ji
ep
rd
xr
we
ri
nb
wl
bg
ue
yj
dk
aq
kx
ja
sf
sc
rc
zu
wj
rx
bj
pu
of
cl
kk
jb
ir
af
me
sq
sy
fg
fn
vh
pc
eo
tx
cu
fs
gn
mc
tp
kz
kv
nm
sr
lk
ge
by
pb
ti
ov
nz
ed
ok
hd
xo
vl
ld
rw
ro
ki
cx
hi
zy
cg
bi
rr
te
pj
kf
ab
ob
le
fj
ke
nk
pa
nj
ib
zz
oc
lm
wt
sk
ob
tk
ow
wo
ck
yr
kh
ig
vs
mp
sy
jx
kk
px
re
rg
fa
ox
th
eg
fc
ns
by
je
ft
tv
uy
wb
ze
jo
rn
ai
pr
ak
jw
jw
pn
kj
rx
ii
vz
cl
wz
rk
uy
as
mj
gi
bg
yt
te
rv
cg
xh
vs
er
df
zq
jg
hf
if
mt
nr
xp
os
uw
dc
kq
qw
zm
vo
wh
in
fd
ae
ht
xj
rg
nb
rp
gb
qj
no
yv
hc
xd
fy
zk
tx
rz
go
dr
ml
cj
fh
zk
aq
xi
ck
bf
zx
fp
ac
la
ph
xt
tz
ur
ch
ro
rb
hz
vz
yy
jx
cv
ve
zn
ns
mw
ly
po
ne
zg
ku
fy
is
ql
bz
rx
ns
oq
zi
qh
rk
oh
md
kg
eo
vw
xg
rl
rw
uj
lx
cr
uu
rp
vq
fb
dr
dp
pr
hp
ed
eo
fm
zk
dy
ng
np
fj
zk
bf
qe
hj
ke
sf
pn
fl
wt
jm
rv
ic
aa
xs
ni
xh
vy
th
pw
sm
rb
tf
bo
cd
gb
cx
mb
fc
pb
cy
ia
gt
jq
un
so
tz
ep
op
wh
xv
rs
qi
ut
az
hw
me
wx
rs
ni
tn
sk
uo
qk
kf
hv
cs
sn
jg
je
re
bn
hl
du
ss
gb
zj
is
vz
km
sx
cv
uh
do
ef
vc
no
vh
wq
la
jy
iz
pj
rd
uk
ut
ln
kl
iz
ij
yf
eq
ar
su
xp
ca
cl
cf
gf
ny
hw
ti
jl
xo
dr
fs
cb
mh
ra
zq
ox
no
an
lr
qq
nw
uo
ni
cr
li
si
bx
yy
yr
rg
vw
xo
ep
yl
nb
ia
yf
kx
or
fs
ev
nx
gl
gv
gr
em
eb
ak
ky
ei
dp
po
gi
kg
oh
ri
od
cj
er
sp
fc
cp
ei
ug
db
zd
xn
kd
oz
qe
oa
lv
sh
ev
rn
no
eg
yq
bz
aq
ve
wa
gn
qs
cs
ad
pf
fh
ff
sx
dv
oc
pm
vg
lb
oj
ot
pd
go
wd
uq
fp
cp
vy
nt
lt
le
yr
qd
ne
jw
dm
ub
jt
ew
nv
kj
uy
en
gu
lz
te
dh
hu
im
ba
of
wu
xr
fi
bg
xc
jn
gi
op
uo
ty
lf
xr
ju
eh
ji
ay
oj
gr
tf
xv
sk
zk
ec
ho
fc
ij
dn
zr
mh
tv
su
cg
je
yz
tg
es
us
ay
uw
nm
xb
qd
ir
hp
pe
fu
nv
aj
eq
dp
ic
ai
hu
kr
jy
pr
oq
tc
ts
za
xy
wt
mc
za
ye
xi
xp
ls
pk
et
gg
ow
in
zh
ys
kh
kg
kr
vu
jl
lr
cr
bc
hz
vi
nn
qy
vw
ut
ao
lx
tm
le
ad
ek
jb
pf
yi
jg
sz
gs
lf
jr
cw
wt
oi
cn
cl
tp
hc
xc
sd
wu
pg
li
pp
tp
ut
mx
pv
am
fq
jt
ry
at
kp
xy
di
td
eb
lb
fe
ck
nj
bj
kl
bk
hv
ti
qg
hr
ql
cr
nd
so
eh
hv
kd
jy
os
sj
gt
xv
fa
gm
bq
wn
cs
xs
ee
wz
mr
km
aj
fy
sy
nj
yk
kh
hn
ba
ae
sl
xu
jp
am
vb
sh
nn
go
ea
rr
el
ns
ph
rx
iw
jo
tx
mq
cs
fn
rd
cq
qg
lw
vr
cl
vr
oo
ow
al
hv
da
ci
th
xb
id
ay
xb
dp
ba
xp
zs
zd
pp
rh
ny
su
uo
rq
bl
ky
ko
uc
qf
ud
nx
bc
zt
ua
ra
hm
jf
vc
js
nr
fe
pd
dg
wn
mv
ka
rf
fh
gm
zz
sr
kx
ou
ih
mj
ro
og
wv
ty
nl
lu
jv
we
fo
jq
xj
dh
py
oq
wi
yl
xc
xj
wa
iw
nw
dg
uj
yt
fi
gw
tj
rg
fu
au
wn
ct
if
ab
gm
wz
sc
uq
iq
bg
rx
jd
ia
sf
vq
bj
zj
pa
qw
xe
yc
pv
pw
wp
vh
kr
ty
jt
qa
ek
co
vq
dc
ko
tr
vc
he
zy
oc
gj
xt
nx
ip
bp
qs
cg
vc
qb
gn
mi
kb
zk
sf
bg
nh
te
cu
js
wi
oj
ql
ar
sg
tn
cc
ps
pm
uk
ab
hx
tm
tg
ip
ir
nr
ve
ei
mz
mb
si
ze
yx
xy
po
at
yx
db
iu
tp
mt
si
ml
kg
ro
we
za
jo
du
ns
op
tw
jw
fe
fa
mi
zz
pw
iq
fb
xk
kl
gu
xw
rq
cy
bi
zb
sv
xp
vz
bz
za
hh
bb
ud
eg
zo
md
xs
yc
wd
or
lt
kq
be
ja
dr
na
ta
sb
di
kz
ul
fx
oi
by
wv
zn
cc
dc
vu
ux
vc
fq
kj
hk
lo
dl
ey
yj
cc
md
nh
sw
be
hj
mo
wx
wm
cr
jj
kc
jf
sq
bk
hj
yq
hm
dm
ke
xz
mx
fm
fh
zu
xq
ka
or
gw
op
qw
cu
vm
bh
gs
uc
ik
rt
pj
ec
tt
hj
yr
pm
zk
zq
ww
rx
vp
ka
nq
nu
eg
pn
al
cc
aw
cm
ip
fa
zp
hw
be
og
ua
bp
fz
gk
kv
ff
oa
ot
gm
cd
co
id
db
nj
bv
lw
xa
fk
ha
la
zx
wd
qa
fw
mp
au
il
yi
zu
ip
wf
xt
xh
gg
hf
oo
up
ws
dd
rt
eh
mv
wo
ya
nq
yj
wh
vb
xq
cw
sk
pq
ml
mb
xf
dx
xl
tn
tm
iz
ld
hk
lx
qi
qt
zb
sn
ee
fo
fi
jo
pb
mc
vh
vc
oc
az
hi
yl
wi
zy
zq
bu
lz
ql
sd
tq
dy
py
ga
hq
vo
ek
mq
ol
aq
rs
et
ii
ov
ru
cm
gh
tu
jt
iy
ap
pr
va
kx
rf
pt
dh
jq
qf
da
tq
gv
ve
ow
tl
wo
wf
da
ge
tl
id
ay
ra
cm
ow
qq
wg
cl
wv
nj
wz
ng
yb
yl
wj
ss
bt
bj
az
xy
vd
kb
wq
vi
jf
fd
zn
my
ib
ol
qy
yu
zd
kq
ho
ht
mr
ul
hw
jz
cq
gq
qx
mz
yq
sn
io
sw
tq
io
bz
ug
um
ir
yg
dt
vb
qg
bg
oq
qi
lp
oe
jc
ad
fn
xp
oq
dd
ye
jr
ul
oy
jx
eq
mp
fh
hl
xr
an
fu
it
th
xe
yy
zq
hv
rl
rk
xc
op
go
dd
pc
kb
am
tl
jy
og
cd
nh
eo
cu
ch
wy
dm
ua
bs
sd
jq
mr
wj
oi
wq
hz
gr
dc
pv
ue
ba
sr
kd
zx
gl
ei
gj
iu
af
ly
qz
nv
eu
oa
as
du
nc
pb
ui
ed
zj
wc
bk
oz
qs
hd
nt
at
bo
bl
dq
yf
jg
bg
dt
fc
dj
js
hs
vz
vi
ln
yr
ks
qd
fo
bt
nf
ci
ac
ku
kf
ep
gi
fm
ed
lm
dm
ry
zf
ge
lh
ne
nv
uo
ce
pl
uz
nx
jg
qo
ak
wl
wh
fl
br
jb
cc
uy
pn
gi
hc
jz
tu
yp
of
hc
tf
jb
ic
se
jr
xl
yt
iw
yb
lp
zv
vz
lz
sv
ut
vh
aj
vr
qf
bq
cq
pf
vq
eq
xg
jp
km
bj
en
pj
iv
gy
kg
xa
ym
fc
qq
fg
fx
ie
tf
ia
uz
ml
ho
hg
tl
ti
dm
qv
ef
br
lq
st
de
fi
gg
hi
bk
om
jb
dz
gl
ug
la
qk
jq
fa
sq
zn
ll
yv
it
dk
st
qj
bl
fi
ap
kv
ca
uj
aj
pp
qm
jr
sj
fr
qj
uz
uh
zg
ga
vo
nb
xf
ua
ac
zo
ik
ck
wb
oj
nd
wl
fr
rh
tk
gk
ka
iv
jf
hf
dv
se
qo
om
yi
ts
cx
mw
fp
xn
mh
cs
dn
ql
sk
gy
ew
jw
tq
ke
yo
ia
oz
zo
is
ui
rp
dj
he
qp
ut
iy
je
aq
io
xr
mn
kh
is
oo
ix
yu
bp
fa
lu
ko
ov
oh
bx
zo
mr
zg
kh
bp
qq
nq
wl
mv
es
ms
kd
td
pf
yj
uy
ml
ud
lo
se
ql
te
kf
km
ju
lh
na
hc
zt
al
lj
vi
jm
ar
il
yw
ks
xw
pb
fm
of
eg
ip
wx
wz
vy
jc
aq
qg
mr
ug
gw
gn
iz
gn
jy
jv
uf
uj
zz
cz
sr
tj
xq
yw
ex
rw
yq
kc
vr
ih
qe
ta
vc
qb
qc
ox
mn
pt
eg
id
vp
hh
rk
ry
zg
ax
te
rb
bh
aj
pu
dr
bh
tm
pu
ut
zl
ue
sd
rf
kv
om
uz
zt
le
ks
gv
dk
to
ch
es
fa
xl
bq
vo
du
po
yl
vl
gq
dr
zg
di
op
ar
ny
wg
fl
kb
qt
pq
rm
ws
do
qi
mq
ws
jr
cw
jb
pq
gh
kt
ue
yq
ey
gc
vs
je
vi
rb
wn
pw
rj
tc
os
gq
fd
nr
ie
wn
jb
uk
uq
xb
gb
al
pg
vo
fe
zo
ks
al
lo
fi
dq
tf
mw
rc
rd
yu
si
gf
yj
bc
ra
cg
vf
ya
nw
ec
ao
zi
xs
gd
cl
ux
oq
da
tx
zp
vb
jg
tn
nu
sq
bb
uz
sg
rv
au
uc
ao
qc
ho
cz
gq
wk
kw
co
im
iw
vg
ma
wh
kg
ez
cl
zd
yc
dc
tp
ed
jc
gc
mx
om
sm
oz
nn
zg
il
pf
ff
lc
wt
ap
pa
cl
zt
xb
wm
uy
lm
ys
mw
hu
dw
dz
sf
gx
ie
kh
wc
mo
hz
gm
ct
jm
gx
aj
jf
ok
zq
yf
tp
ec
ls
ww
iv
bd
ks
zx
mt
ds
vf
ds
hv
sq
ud
ap
wk
ng
la
xy
by
bi
cy
al
ys
gm
la
ux
ns
yx
km
qm
bv
ss
wo
on
aj
wf
ui
qn
hx
tv
ng
xf
xt
bw
no
mc
es
au
ae
vf
xq
ka
wd
mb
ne
dz
pi
kx
gk
oc
jv
vn
ud
gj
pz
vg
vr
hl
dw
cz
qz
qm
wc
ec
gs
nr
dd
ny
jh
ux
yu
rr
fg
cf
hd
lp
mb
ib
uk
yg
ga
ys
td
jv
yq
ek
uy
qs
ia
tm
gm
ct
ez
yr
fl
nl
lp
ce
xs
qf
lv
bs
sv
jb
zl
jk
yx
op
dk
ye
ng
xh
gy
yl
md
na
bi
tf
ve
vw
nv
yf
vi
dl
iw
om
op
co
uq
qz
md
wu
tm
zz
jp
ik
aq
xl
gc
dp
qv
ht
ah
na
sw
re
zo
wh
bp
yp
ss
pq
pr
gw
ky
ra
xb
uq
am
cl
dg
en
yc
cs
qs
tb
cp
yq
io
rg
sq
zf
sm
vp
wu
ss
pb
oq
pi
ke
aa
tm
ye
zu
vs
wf
wf
md
ef
hk
aw
ws
hb
fl
np
pl
cp
ep
yu
sx
dz
md
sp
op
oh
qo
tm
zd
cg
ti
fp
te
ou
xl
lu
kx
yk
de
lk
rl
on
xb
vm
hw
db
yh
ty
zu
kd
fh
iw
os
eo
fi
oq
vz
lr
mj
aq
uh
bo
to
vg
vz
xn
sk
ih
bt
bq
gx
da
fl
an
qv
ry
fi
ko
ui
wf
qz
ps
du
sl
ux
fl
kj
dl
fo
is
ij
cz
ue
pl
lt
if
fz
mv
oj
ej
vj
ib
ce
cd
oa
zj
zt
uc
qe
mh
vv
lr
pn
sv
na
az
re
rp
rs
fl
vd
lu
rj
ta
td
jt
gm
up
jy
nf
er
ba
hx
eb
jy
rd
ic
yy
py
gs
kz
um
dp
nw
ju
sg
qq
pi
in
cp
gj
ul
zu
fl
re
dy
qu
qf
ey
cd
jc
ua
ij
zk
bt
qq
cl
th
qt
ff
do
bb
hg
ql
yk
hb
mv
mh
ky
rc
iq
uy
vi
lp
tw
zz
qa
hs
uk
qi
xa
pe
or
ew
ik
xu
zx
cj
hu
nu
zu
vl
ui
nm
wx
nl
kf
me
iu
av
ac
sh
xt
xl
cm
tn
ck
wh
oc
aj
ni
xz
kc
cb
he
ng
zk
hk
lc
qv
dj
cc
ti
mh
vs
kh
gn
kp
pz
ez
cy
jk
pt
dv
rw
kg
bq
um
gt
pr
wc
yj
tl
ed
il
zh
od
dg
xb
eq
qi
dl
eb
am
gb
wv
nw
nq
uj
dg
no
oy
sl
fd
qv
ar
ue
gj
lf
hl
ze
ec
yj
oc
la
kk
ga
uu
ki
qj
up
we
nk
yu
me
fl
ua
ab
uv
tq
xj
gf
eb
ga
xw
bq
sf
me
ob
xx
ds
mn
dd
se
fj
cx
sh
zq
ua
hp
wk
om
hj
uk
nt
jx
gc
dp
pf
qv
qc
av
gn
wk
jz
tl
bw
vz
gg
hr
fw
mx
qz
gf
tp
wt
di
qi
qj
wq
xh
nl
ty
gx
vy
ki
br
xy
ct
wz
yj
xt
zr
pv
qy
ml
al
fx
ig
hp
nf
lm
bg
kn
ol
zv
iz
dg
rz
vr
sz
ep
mn
qr
ll
qj
fn
ra
oa
zn
up
cn
ec
an
rb
mx
so
al
xa
on
aw
me
id
ev
aa
zz
iw
jp
ps
sv
ou
xr
cz
ay
zb
rg
re
hh
xd
uz
ag
ac
qe
nb
wo
ah
ml
pf
og
aq
yb
wp
de
vv
om
xn
fy
iz
ky
oy
gu
nv
ly
kc
gh
fk
pr
xf
gy
df
vp
ht
oc
fd
rv
cs
kn
su
de
de
sl
sj
th
ba
pd
so
db
sp
zf
ih
ra
as
in
ya
jc
vp
jo
gk
bm
qm
wr
ow
sa
ir
mn
ly
vu
rc
nn
jo
zm
ez
dy
sr
do
sj
ww
ko
wa
sk
om
wy
lv
qm
st
kv
zv
us
hr
is
ad
lm
gi
qj
fy
tv
yr
hv
cr
jc
hy
ho
mr
kv
nb
rx
td
sy
xw
hd
zi
ge
lu
gy
iq
sr
st
ji
cz
gm
mm
oe
ex
ib
gf
cb
qj
nm
zc
ur
fc
ex
cx
iw
ho
ba
wc
wx
qx
bo
nh
kc
yu
yn
dx
qf
ig
wp
hm
ft
ib
qy
om
vq
xa
uc
oz
pj
zb
bz
xk
wi
lf
ej
df
du
ef
gq
vl
hz
ab
lg
eb
vk
ns
oe
yi
eg
fg
fn
mj
yn
lm
ho
fl
is
zq
gz
qs
yz
qf
kn
yk
ae
hi
hy
va
hs
uh
zr
ss
wa
wy
du
gn
dy
wa
tb
fi
wt
bj
ln
vd
rt
bw
ff
oa
is
ks
rj
lc
ii
ij
hb
wj
jg
iq
ev
ue
qr
gn
ng
zd
ne
dh
cc
np
es
ak
ta
nw
am
zl
ne
kr
el
zx
mi
rr
pp
bw
kg
ej
qm
nf
hz
jc
hv
fv
xf
lg
ob
hf
tg
fb
al
al
db
xl
iv
mm
am
sw
bb
qa
ld
yj
ph
pc
so
ko
vz
kc
sv
pq
le
kd
ix
pq
sx
sy
zt
ec
cx
tz
zl
hh
cf
ru
gy
zv
np
rm
yh
dy
cg
jh
gz
ip
rc
nn
bd
ix
yc
kz
um
hx
xt
xy
vp
pz
rr
nw
pk
ke
ux
en
ym
vd
gf
pb
yp
ln
kp
mf
fv
ly
an
cn
sb
ce
sx
uq
wp
pa
cg
ww
qa
cc
gs
wt
bo
da
vm
kq
xh
fc
tz
kn
pc
sv
gv
gj
ie
bw
pw
sg
cl
wk
ch
mt
rh
ra
tq
pn
yt
ch
yc
rq
ii
bh
at
me
dv
fg
dd
xb
av
jw
pa
fx
fk
zm
xb
yy
nj
jo
cx
eh
bk
bj
ar
pl
qt
pj
wm
kh
hg
va
lw
qe
pr
ck
ov
ti
ft
dw
ms
ki
fk
zf
ym
dc
in
ry
ah
kw
mu
eh
ek
ep
ar
rr
hj
po
fm
zp
ey
vz
mi
qd
jo
yw
vj
xe
cc
uh
rt
cp
jv
iu
xm
kb
ew
sc
sh
xe
ru
jn
me
ta
cx
jk
rr
um
uy
ww
mc
gk
lx
pr
gk
jj
sd
wm
ep
cx
bs
ys
lf
cw
qu
yq
jw
nb
gi
ln
ju
vf
yi
kh
ep
lg
kv
qw
wb
gn
cc
ni
uw
ba
zf
ws
bb
ol
xc
ec
bh
cb
sz
ob
vi
vy
dt
pu
oe
dt
yd
hh
mp
wr
od
bi
do
jr
ru
kr
uq
fy
nu
yz
uv
ml
ve
vz
oq
um
zu
lz
qs
kf
kr
xm
nf
pp
zi
rz
hx
ql
mq
gp
ju
no
dh
al
oc
wr
em
tq
wp
hc
cd
ah
qb
uz
pi
uy
fw
pq
tk
sc
lq
ks
qm
ja
kg
fa
bp
cg
oe
bt
sb
nq
yf
sz
db
ok
kw
nt
ke
ek
jg
gt
cs
au
gh
os
ah
rh
la
zz
lm
dv
ul
ko
lk
ms
zg
mw
aa
xo
ov
vw
ux
nz
zq
zn
yu
pm
gt
zo
cd
rk
ad
ex
ps
mo
ii
kk
bt
bn
ss
zj
xr
ve
ib
yr
jg
uj
ed
hc
uz
qa
uj
we
ob
vo
ay
hn
lh
fc
gg
eu
my
zy
ti
ah
hw
nq
mt
pv
iq
dd
lj
nk
xi
fx
vd
lc
mc
dc
hg
hy
eh
pt
pe
qz
qc
oe
wn
mw
ob
pl
py
kq
ko
nf
py
pk
ug
qw
ch
kl
zg
wf
sm
kl
cg
qt
so
ym
ox
eq
vp
ae
qq
ax
ft
vt
sn
df
di
bw
hm
cw
az
jp
yx
yx
bx
bg
uf
kt
bc
lk
fh
ti
vk
oh
vp
ye
pu
lm
gz
oi
gi
wx
xk
sz
or
fs
ay
ky
ns
ia
aq
qu
ka
ut
hq
cd
ca
kw
xm
ig
as
xb
fi
yu
fo
xa
nm
xp
wq
va
bl
cl
nn
sq
fb
lq
fh
go
vn
qg
av
ip
rm
pa
sg
ek
rc
tc
ja
kx
wk
di
vq
ts
xq
ch
wt
pq
xe
ka
dd
tq
uu
pv
fa
pl
lp
md
ju
dx
ss
jr
zh
as
lg
aw
ay
gm
ai
yx
xw
yp
cw
qg
tz
jj
dm
ay
bn
iz
vg
tt
kn
jy
jt
rx
ac
rk
oh
yg
df
ia
ar
kq
jn
ey
zh
ii
cc
pd
sx
gv
sd
zi
kt
se
sy
fm
wa
jv
xv
al
sm
qz
ky
cr
cg
ep
jm
af
yn
al
wx
az
ct
od
jx
kt
lm
ca
ol
ur
uy
ml
vk
av
iq
sj
tn
hm
cp
ns
if
qw
ww
dy
kz
bt
kx
nj
ia
ni
rc
ah
bz
fn
kg
wi
ox
vf
sz
ej
ov
tr
zx
bk
kf
wv
ov
ey
bq
wd
ru
yv
og
cg
fb
ok
xz
tw
kp
sj
dy
xy
qu
pf
ky
aa
vq
vh
xy
yu
qv
lf
jb
tc
kg
rk
ps
xm
un
vn
qv
de
ru
qq
wm
xw
mn
gv
pa
ih
mm
jp
yc
he
gf
aw
ld
bj
lw
wd
eg
wt
ml
fw
xq
gx
gr
wp
vg
an
iw
be
wu
ye
lk
vq
oz
ho
cu
fz
ko
gu
wl
oo
on
kw
bh
wj
ix
pj
oq
zt
hr
tq
mf
ps
qp
kv
yi
vz
hq
tm
sz
gp
iw
rh
ti
nc
ye
wn
xi
ab
jv
pj
af
re
sv
vq
qn
lx
vw
js
zd
qw
xh
om
bo
aa
fs
bg
im
ht
qt
th
wc
ni
bb
dk
lk
an
gd
gs
jp
hq
oy
vd
oz
ae
mg
ai
xd
te
rj
zk
oq
aj
sp
om
vl
ah
nr
zq
aq
dn
en
dx
go
pf
qj
yi
sx
wy
ve
rm
eg
mb
bu
bl
ie
vo
hf
ii
sj
fp
cp
xx
vj
ur
dz
ip
qz
nt
jc
jc
da
nr
cr
mk
al
qk
ud
xl
ru
it
ow
nd
th
tc
nt
qg
rw
xg
db
vx
tx
hm
hq
iy
jw
fu
md
qt
pu
wh
zh
jl
cb
mm
fv
wj
uy
dq
ld
dn
kt
no
fj
gq
gz
tk
kn
fq
qz
ij
oj
ff
is
rh
al
tz
sk
ku
ua
by
vr
hz
ep
wq
ae
ij
gd
ky
zf
oa
jn
gm
pq
mu
bf
mi
ui
wn
ls
mr
bn
fg
rv
ix
hx
nw
wr
qb
hd
ot
cy
qe
ad
rg
sx
uf
tc
is
gc
sr
dz
aa
mr
dl
uj
hq
tw
lv
pf
yz
uc
dn
jx
xz
hl
gu
mq
zc
kb
iz
qf
od
kf
dw
hy
sb
ir
vq
br
be
nu
pj
vo
gs
kj
ak
uk
qz
bk
tc
gs
nx
jh
ak
mk
ot
ma
og
nh
to
yl
rn
vx
ti
ur
mo
hc
ly
ci
zc
uo
be
pn
bn
uq
em
ff
or
tl
uk
gg
hz
rt
kg
wz
lz
nm
tj
cz
gr
eo
cc
wm
tt
cy
ql
hv
hd
ms
ku
lj
oe
fm
yy
mv
iv
ja
ha
fe
ae
mw
no
pj
kx
xu
qa
oi
gg
ry
bf
qg
tw
qv
cj
ae
cq
uw
dq
gd
kv
gu
uy
od
xh
ap
bw
fm
jq
dr
jy
nx
no
wa
ac
cv
mf
wr
zb
hc
in
hn
je
dv
ui
vk
kk
wg
lh
lj
xw
fw
ap
pt
qb
rt
up
su
nm
yi
za
wg
ep
ag
ol
te
se
vs
yv
oh
xz
lm
nu
ps
wm
qn
zy
tr
ge
tn
hh
la
wg
wh
nw
oj
xz
at
ba
dg
zn
na
ke
yd
ce
rx
pv
iw
mz
aa
ni
xa
ry
ic
js
iu
ok
my
ek
ta
dg
zl
zi
tp
hg
zb
hb
gz
gr
ea
lp
lh
wb
rw
uw
sl
lf
su
qj
mr
sh
ua
uo
ra
vj
mp
zi
el
zf
uo
ks
hj
ul
rr
uz
qp
em
fr
zb
uj
ov
wm
ho
lq
lc
yo
vd
lt
bg
rp
lu
hc
db
su
xq
tf
xc
zs
yr
vj
eg
rh
rx
ry
id
vk
iz
sg
wy
ln
uw
hl
io
sz
jh
kz
gb
qr
ye
xo
bn
fz
dn
mi
hb
ur
cw
fx
hs
jz
zf
mt
zm
rl
vn
qt
gt
zb
ot
ju
dm
mx
ts
zf
wq
xj
nc
yg
cp
pm
ms
xk
ix
hr
gn
cr
ai
ck
op
vu
wq
po
qf
yo
nk
sy
xq
hd
un
yf
jp
qi
vu
xr
sm
sc
dw
bd
ae
li
am
dn
wu
sh
vq
ol
al
zy
eo
ja
bx
yp
dx
fp
hb
aq
xo
lh
ik
jf
rb
mr
hu
zx
sx
vl
ia
cs
qv
jh
bs
oc
uk
yq
jt
fw
sn
lq
zo
gx
yd
qy
be
no
ci
ex
ws
lr
ou
zm
sr
yw
ol
gy
rk
tr
nc
kv
si
qs
uw
tt
ru
xh
bp
yo
pk
kz
sx
rr
qw
tl
va
bv
mq
hx
la
ce
rz
ur
xq
bj
vq
xb
af
hn
eb
zd
kr
hv
rq
nl
nv
ne
ix
bk
ly
me
tt
av
wj
jb
mr
jc
fy
iq
dy
br
lx
qz
ex
qw
qq
ha
hm
kc
an
fh
li
ku
kn
wp
zh
zg
bz
ly
lw
tc
sq
bj
qk
wp
xx
hg
el
bm
yv
ea
vm
wf
hp
ue
fy
es
ua
yy
jx
ld
cy
ck
ub
wy
vw
sx
oz
ft
hu
zk
bj
sj
yf
bd
li
qh
we
ab
cu
tq
px
vf
xu
vl
oh
ar
uj
cr
qx
vt
dc
jo
pe
me
mf
ih
as
pc
yi
pe
pt
jr
wc
ls
xu
eu
cg
ic
jg
nn
ep
tg
ds
gj
du
zf
rn
av
cj
wo
lx
zz
ky
wm
is
ye
qj
po
uk
fo
cs
yk
dy
so
tx
wb
id
ye
tc
ge
kc
ck
jb
zq
ar
bk
tq
ey
re
jp
cz
gg
rq
nq
gs
ew
ul
vr
qu
ci
yt
ul
im
ho
xy
qz
ch
tr
oj
nf
zm
zc
ny
wz
hc
vv
lb
tq
ri
xy
fw
op
gx
bg
kp
fm
ca
vs
za
nn
db
go
ty
pe
wg
rz
he
qi
zm
lc
it
xr
ml
vh
br
kv
oe
mq
ib
iz
sl
rz
qt
yt
zt
jx
bt
ts
iv
ux
nz
iy
wb
lw
gc
uc
zp
du
xa
mi
la
tr
cf
cv
fp
fb
vh
nd
lp
ow
fg
ec
kv
ue
iu
ds
mk
ly
jz
lm
df
ne
pb
ra
uh
sm
mj
in
yp
ye
ho
zr
zm
hw
tw
pm
il
iq
hu
cp
qu
fi
uu
uj
ru
uu
zq
su
kq
vx
nv
wx
qk
vp
cg
nn
ed
av
qw
ej
ry
sm
ef
pa
en
ps
ea
fj
pq
er
lp
so
qm
nk
pu
du
qh
jt
ds
rx
id
pj
pm
ex
yq
na
jj
dc
jz
lr
vh
dh
jf
zy
zh
hy
oa
gf
os
pj
rw
xu
qy
cv
yw
we
xx
mt
ud
uh
fe
om
on
gj
pk
pq
lu
js
jr
dq
zd
uv
cw
qs
bt
ci
wg
ax
cs
dd
ss
ui
hk
oz
zr
wu
or
fa
rh
xs
yq
cc
xn
bq
pm
tj
tq
ir
rd
qa
qu
gv
qs
ak
vj
mo
sg
ea
ar
qp
qq
lj
ab
yv
fe
pz
by
pj
cs
id
av
zf
ej
dg
hc
mc
wq
li
qo
id
sg
na
vf
im
bl
ll
cl
iz
xe
bd
gb
zw
dt
ft
cn
gl
mz
qy
ws
tm
am
ph
fb
sg
mk
on
ta
ew
nt
ra
ml
dk
ue
im
wr
eb
hv
xe
ou
lg
ed
ow
pe
gy
kj
wi
gz
hv
kd
zv
ki
vb
gj
ck
gg
du
wj
ln
zk
cv
vm
xa
ax
qk
hx
uk
ix
bs
bu
ls
kn
uh
fs
ji
lh
lz
gs
oo
nf
xj
uh
og
ey
eg
mg
oe
lc
hw
hd
ke
oh
xm
xn
et
me
ao
cs
af
lb
vd
tg
po
dt
cv
jt
wy
lr
sp
cs
ou
aj
de
md
jm
xy
rg
dz
vy
es
ri
sv
nx
ks
dm
lx
vp
ar
th
iy
op
ny
ps
ql
vh
qt
at
gv
uw
zs
yj
le
ol
na
bz
ug
ej
ux
vd
rs
nm
zc
dn
zq
ca
sm
sn
fk
az
le
sn
ui
mk
ta
lo
wo
jy
lb
di
hh
rj
pn
ul
hf
eu
cn
mt
uw
rk
lq
xm
bu
cs
ex
mj
kq
fc
lo
wy
jj
zs
uy
vs
ij
zg
ls
yr
bh
iy
nx
vg
sc
ql
cm
jz
nq
qm
ka
qp
tu
yt
yo
zg
tb
vt
us
gq
uq
ho
sr
dz
hv
ms
bi
tb
rf
py
gs
pg
uc
mj
av
aq
mq
cb
qs
ak
gt
ht
my
dj
gm
yd
aa
zb
nh
lw
pw
bw
ic
lu
bx
pu
mr
pa
pv
sp
ey
wo
uw
tt
uj
zw
rt
xp
uz
gg
mn
ch
ld
ej
gj
ee
nx
am
qn
bv
yt
wq
nm
du
dr
ij
eo
eu
jt
vi
bx
fa
wz
ui
jj
xa
go
ex
bd
hp
jv
pz
ye
qo
dg
js
vd
pm
na
dh
xf
zm
qx
jx
vv
il
yb
wb
dx
mt
ir
zj
pp
sk
br
tg
ri
ma
ie
jx
pb
qo
ml
zz
yq
wz
nu
yi
nh
pp
fm
gl
mw
pg
cl
hy
ia
gx
ud
ax
ee
nz
do
aw
we
ei
fe
iz
wg
ha
cv
dm
ea
jf
oz
px
nq
fr
dt
qa
pd
on
ih
mh
dg
yz
np
fo
rf
jx
vs
xr
tj
ap
il
ek
sd
xm
nt
dp
co
xw
dj
de
cb
aq
qw
lf
lt
tf
xe
na
xu
vs
dt
jj
gu
zw
xl
mt
ut
du
np
yx
pd
et
il
ma
uc
nf
mx
wr
ga
qa
uz
wv
um
lm
qf
ms
fk
mr
ah
oe
on
da
uz
bu
vw
mi
uh
cc
zl
sn
ad
qz
tp
wx
by
ev
mp
df
mr
tr
fx
bg
tf
rh
mj
tn
jj
jy
ha
no
cn
bp
lg
au
zv
cu
ss
cr
rh
vd
pq
os
td
ns
wp
gr
sq
we
kw
tt
zh
fr
ie
fz
cz
mu
ha
ix
ht
qm
td
ii
fs
vk
lx
xu
cq
lo
nw
ek
pw
fh
os
ig
jb
se
zi
md
wi
yp
vk
lo
zj
jy
xs
ym
xy
ii
en
cv
rn
kx
zn
ls
rp
uc
we
sw
qy
zi
aa
ys
qc
yw
nq
dx
ef
bs
qa
eo
zx
yh
jy
ad
lr
at
pz
bs
ze
ec
ph
qq
ox
oo
vb
br
bx
ka
rs
yb
rf
yy
ir
tg
qw
oo
ty
ta
gq
cs
py
gb
po
pr
rs
ft
tr
go
id
ec
au
pw
pk
ir
hs
zm
pz
fx
pn
sb
ez
mk
ne
bp
gh
at
ds
ne
nf
zi
bs
nr
oi
xr
fe
eq
ui
dz
ly
qc
mi
mw
pg
kv
ln
am
mg
cp
yh
vi
ln
jb
ui
ig
dt
cm
zu
pd
fi
yv
gn
ct
eo
zm
uz
dg
le
dp
so
ze
xo
mz
mj
fj
vu
xp
lr
ma
nn
wx
wv
kq
sn
df
or
bt
hl
ow
ux
ez
tl
jb
df
gz
zj
yj
jm
jw
cj
gx
xg
jx
tc
dl
xt
cr
lk
zh
pv
js
hj
qf
ll
ow
ec
hx
ih
ux
tt
xq
kq
oj
cv
eg
tn
ax
yc
bm
qs
en
hf
ne
gu
tn
lx
xm
ro
vf
ue
gz
ir
ny
hf
bh
fu
ny
ns
en
in
tu
ii
js
zd
mb
dh
xd
ew
qt
ub
jr
dz
gs
ur
uy
ue
dh
yc
dk
qd
xv
pl
bu
rs
il
rn
sc
ew
eb
ut
qx
rj
mp
pc
pr
fk
zx
sy
pg
xe
lc
pd
jq
qc
af
wu
iy
lz
qm
to
pt
el
rw
xs
sc
hh
se
fi
fo
vv
er
ct
bn
so
uk
xl
ww
oh
uq
tz
ul
em
rt
bv
ic
bg
gm
vc
ti
mb
ct
zy
kz
ih
rv
sc
dw
wt
jy
dh
zl
ry
ug
nn
ol
su
or
xc
bc
xz
up
qj
hl
sw
zp
df
gb
ro
yw
iw
ww
oj
ub
gr
cd
sv
za
lx
yk
cs
xg
ur
sd
kr
hz
zk
bs
fj
do
hd
ok
xi
qq
yd
an
ov
hd
hp
ri
lu
fi
bh
so
nn
tv
ng
tj
jg
ix
hb
eq
vh
ff
vk
ay
vb
oe
hc
yp
ha
mk
pi
sp
ue
yc
ft
sw
bf
zh
np
cm
ak
fl
ty
hz
ql
ba
td
bw
ii
qc
zp
sy
vu
hr
ws
zh
ei
lg
ny
ag
th
ud
ln
eg
mi
pc
ne
jg
hu
lw
kj
up
oh
jp
if
gd
ma
qc
vh
qe
fu
rg
tp
tt
eb
xs
mf
ay
pn
hd
tg
zl
kc
ik
vs
uk
ni
ki
if
ae
jf
oq
zk
or
wu
un
vn
wc
cq
wf
ut
mr
pw
cu
oa
in
ok
iu
ax
qe
qj
yu
gh
nj
yo
jx
gu
xh
wj
te
fu
qn
zz
ae
ru
qd
gr
ul
fq
ga
ek
uz
ak
jk
rp
be
kf
qx
vs
ow
pu
rn
td
gu
gt
zt
xl
vt
fk
jk
ia
ez
vo
mp
tl
dy
bt
wn
jx
fk
iw
rj
bk
qv
yu
ar
wn
lj
bt
fu
ea
lv
fm
ih
eg
rk
no
ef
vt
vm
lv
ny
rd
cw
ba
pf
xk
xm
am
jf
yh
hx
dk
ou
hg
oy
iy
mr
ct
sd
np
qh
ue
cs
zc
hu
ho
bz
kw
uw
cu
eo
qz
st
mm
fl
sd
xd
gn
nj
ek
sz
lm
zm
pf
td
zf
hi
lv
gg
jn
hm
tt
gr
fc
cr
qx
tp
yk
hh
nf
zr
ip
fk
uz
nc
ls
vo
pv
sd
zg
uj
yc
ci
hh
ql
gf
on
bl
io
de
ee
ou
lg
tf
od
rl
jz
fo
ty
xq
ay
ho
uj
xm
zo
hw
jh
xd
rm
kt
vc
vw
pg
rc
cf
fm
uz
tf
ah
ht
ea
gg
dl
ei
fm
cx
da
kq
no
dh
xh
xi
lh
bz
gc
mb
jz
il
je
es
ui
mr
di
cd
yc
ux
xl
gi
gz
jm
pt
od
cx
ze
wt
zs
qs
xe
jl
hm
ac
wj
hg
pq
tq
ar
ax
am
mv
tn
tv
jq
uy
pl
lr
sp
pl
jh
bs
lo
jx
gz
gc
sw
qk
em
mj
ht
vy
rn
cc
of
ld
ga
hi
fe
cc
pk
kn
uk
nv
qc
ey
wd
vg
kk
qj
oh
gx
oh
kg
fq
yf
ks
yz
ge
zs
wy
id
wd
cy
vr
mf
tl
wq
cc
ec
im
pp
ta
cz
vw
lw
be
yz
ju
rv
xg
ma
yr
rv
kb
gg
ua
gj
yu
jf
gx
vz
qh
xp
nx
qd
es
in
ni
sa
fl
uv
la
dw
qj
ag
zh
ek
bn
zn
ky
fo
fr
dx
em
bw
ja
mk
cg
wk
sk
cu
ig
ib
ll
ik
pw
fl
in
ze
oc
ou
pn
qb
mp
ud
dn
ox
rj
cw
wk
by
ay
ng
nx
fd
bg
el
lm
wo
bs
qa
hh
oy
jb
kp
nk
yt
kt
ux
zf
oe
iw
sf
qd
fh
ul
af
ze
bu
st
mt
rp
fl
us
nn
li
la
vq
in
jr
dh
nj
nf
bv
ae
gf
ab
ws
tk
pm
vv
bm
cq
mf
jc
eo
ta
hn
rw
cr
hu
sc
ld
pw
um
hm
gv
yi
bi
wz
mk
nw
fb
jt
yn
md
vm
ec
jl
kx
kd
se
tj
lj
jm
ca
ml
el
sz
vt
ze
bz
tx
fm
np
jo
rw
wo
cr
he
hb
or
oe
nl
mn
jj
cw
ek
fq
pp
df
sk
kw
dx
im
dn
sl
bh
lt
gf
xn
fb
hr
xb
ie
xs
sc
ol
jj
th
wm
gp
cz
ov
en
lt
vf
va
pg
mu
jo
es
mb
ii
yd
sf
ap
zx
es
zw
mm
qn
vz
vw
cw
fe
ip
im
bi
fc
rr
ip
jv
ml
jr
wr
rm
dv
ly
um
xy
mn
ja
gc
qo
qr
nj
xp
ce
eq
mg
sc
dg
qj
yw
ol
lt
fu
py
ms
li
og
tg
gk
cs
lu
cd
ki
wk
or
vl
qv
td
kq
ts
oy
yg
oe
zw
xq
sp
jo
cb
xo
ng
ga
jw
vp
df
qk
vi
xn
ro
jo
tz
gm
mk
wd
vd
rv
zw
me
ns
al
iy
vq
dm
rv
me
tl
ml
da
vi
vd
ip
vb
dh
st
ho
ie
rx
pp
vc
ou
iv
th
iy
dr
ci
iw
al
ty
qw
tz
ia
mw
av
hd
kz
ti
ot
fq
gh
qz
hh
pw
pm
mu
dx
rh
mo
hb
ko
ed
as
fb
wd
ho
dp
yt
kr
ux
kp
le
hn
ik
nx
ls
ru
ok
kh
wn
ds
rd
fm
pz
yr
cv
ze
bx
pv
cg
ts
ib
pe
ky
yb
so
zi
ku
gx
mr
nr
ys
yr
pz
bl
yg
xs
we
am
bk
bm
mz
qu
bz
ml
bg
hi
no
qe
sr
mr
ky
xa
uj
qd
an
rv
jd
nw
qs
ru
fj
gt
fc
dy
bq
ut
ar
ve
vb
ul
rb
ti
qu
hw
iq
uy
fk
zh
fb
yw
sm
kg
sf
vh
xf
gp
fe
lu
qr
kc
cj
ly
jt
gd
gw
je
ts
pu
gs
go
ft
cd
hu
fd
jd
fd
bb
du
su
xd
pz
hr
kx
kq
ij
qe
ge
vv
hi
ov
jd
bb
lz
mk
sa
cu
gk
wq
lx
pr
yh
mi
fo
ab
hh
bq
bt
aj
om
vv
pd
jf
mc
ub
bv
or
ur
pb
bf
wx
yc
ir
mb
om
jy
kq
sd
va
sn
zc
ow
bg
pb
do
si
lm
ks
dm
ng
zk
nk
ff
tg
gs
pb
as
xc
dw
vs
jy
qq
el
rp
en
ij
ln
bh
ks
ca
xw
oj
mu
mj
ok
li
su
gt
bc
me
vc
lr
pf
ya
ht
uv
vr
pd
aw
sj
bp
ck
il
dd
vo
on
jg
po
zq
zm
dm
aa
ti
nu
da
uj
qh
bc
up
vz
lj
mf
cm
xy
en
kg
su
gf
gj
pf
jj
cf
ro
bk
oz
jp
je
zs
lq
jw
cp
jx
od
gm
tz
iw
rm
ql
cb
dw
bv
te
lm
ns
yc
ah
yx
gc
io
fp
bc
rn
jd
jr
gu
qp
mx
an
ol
lw
xd
mg
ww
ip
at
na
hl
zt
ij
jd
iw
sl
up
xq
eg
sv
sq
nb
yd
ez
pm
mt
yt
kj
jj
gb
vx
al
qc
xt
ce
wz
eb
li
qs
bz
rs
us
eu
kp
ax
is
eu
uw
ew
lr
we
on
mt
oz
px
jb
tv
fc
tu
kz
xq
jj
kw
sn
az
pl
ok
wo
ol
zc
gt
jh
oi
vh
jf
dk
ax
ma
xr
fi
pn
dm
os
gl
il
de
sc
tq
hl
os
hx
og
dr
dy
qr
qm
ug
oj
xy
be
tk
ot
bk
nx
ls
lg
vi
gw
sz
bs
gi
oj
tj
xk
ff
ow
mi
aw
bo
xo
ue
kp
zd
fq
mc
ks
dq
zf
jh
kr
ts
uq
pw
ni
hl
ma
jo
nb
kc
jk
xn
ou
tw
nu
xw
dq
wy
ld
eg
gu
qn
qa
qw
zf
bu
er
xg
ra
hk
av
jn
ql
dv
ev
ac
fz
mp
fk
kt
rg
hj
jb
sf
ea
fz
yc
ff
jg
oy
mf
vw
gh
lh
fp
jl
ql
na
zp
xf
kc
ow
dn
cf
do
dg
jb
ad
ss
ww
bb
ok
xe
ph
bb
vw
ng
dw
bd
zi
hu
sv
xg
lq
nx
lv
ak
ng
pa
ez
om
tq
ep
ms
ee
ku
bs
zs
wi
wt
dr
kd
wq
gm
fm
ft
uj
ox
aj
pv
jl
po
jl
xo
qq
or
zy
dl
cv
oh
rk
gf
mt
hb
yw
fx
yv
ol
os
zm
qk
sn
zt
cv
ye
ay
hj
zd
od
fu
ja
ru
rg
nw
fj
md
jx
aw
xe
jy
aq
cn
ni
vb
ug
yc
fi
rj
sm
qr
bl
vv
me
er
gf
ha
fy
mq
ar
yn
dp
qk
ru
qw
ei
fz
ij
ep
zu
rl
qf
ov
zh
pi
hr
of
hg
si
zr
zk
kj
gu
mv
xk
jq
px
wo
mr
ee
sj
sf
ui
ux
pc
cf
au
qs
ow
ub
rv
pc
ez
tn
rf
va
du
pe
pp
os
ch
rw
nm
sc
js
vv
le
ab
bo
nj
mm
tc
vp
lu
jq
hb
my
fq
td
oe
bg
zo
pl
lu
dp
oq
oa
pu
jh
qu
si
ft
tr
ny
hh
pc
sc
pp
hc
eu
bi
qa
tx
mf
ft
qp
qd
gd
pa
xy
lq
pa
xf
pm
an
gs
eh
ro
on
ke
sf
dx
oh
qp
ra
nm
da
gl
nf
fj
ev
lx
zs
aw
hg
ry
dt
az
lp
dn
ni
eu
mt
dl
wx
ea
hs
dg
lm
hd
rx
oh
xd
tf
ft
sd
uf
rw
ft
qd
uw
gh
tk
he
rv
wy
ie
ca
yy
fb
iz
va
ul
hr
bc
yv
mi
kp
km
yx
we
sa
ko
tw
fe
ed
bd
jh
fl
la
ed
ih
hy
ub
bu
cu
xk
mh
pj
xk
mc
iu
bn
zs
fp
df
by
ti
ha
my
wi
dm
ed
hd
bi
qr
po
ep
fo
ni
pl
ze
nk
gr
vl
yc
ix
xp
xu
oj
tf
xy
wz
jr
iw
vm
as
oy
om
rq
st
fy
hf
vc
qo
xj
xr
ju
wm
kj
cf
st
va
fk
fu
wp
fg
ug
ja
tj
ot
jv
wx
th
tf
tr
sv
is
cs
fj
tp
cl
jc
ut
lc
ez
yv
kh
kw
uo
jn
cm
fv
ff
su
im
vr
fh
pr
ur
dh
pn
zp
hx
ub
sq
ab
bv
qb
nh
xp
su
ri
qm
su
jl
kf
ff
nx
hq
pl
pv
yb
vd
wy
yu
vg
av
qp
on
vg
kl
jq
cb
xh
ck
yg
ji
fm
em
fe
pn
jk
vg
am
qp
hp
to
je
um
ox
lt
yk
rm
td
me
mt
cl
cz
tw
pi
lg
sr
ku
wf
vc
fs
fc
kz
ss
du
nh
bi
hu
dc
np
iw
we
lr
qp
qc
jp
wi
lf
fh
hd
ig
az
bu
fs
vd
rb
zu
vw
mj
lw
xq
bg
mu
rw
yo
or
if
ei
dw
le
ir
yk
el
kr
jr
sj
oh
ft
to
fb
sl
mm
cu
vo
ki
xm
pc
ok
dv
st
hx
kp
kw
tb
oh
au
mx
zg
ew
vv
cz
pr
yf
pp
om
zm
vp
qb
vj
qq
zh
sh
py
ad
jn
ez
lk
gf
ng
pm
du
ow
vu
ok
wv
ik
yi
pr
rb
an
kh
pu
oe
nu
uw
za
po
vz
tc
aa
yj
yy
if
ix
ho
xh
bl
vu
xy
bc
db
mu
bv
ea
cq
em
ld
em
zv
wn
wi
fk
pt
mh
vp
tz
ni
du
dz
za
lk
yv
vh
jw
kd
bi
ux
yj
bd
es
nn
qv
cj
jh
zl
ni
xr
xw
es
do
yp
zi
es
wo
pr
ih
pi
rj
kh
ad
uj
so
cz
tk
ms
on
et
ft
yx
xz
lm
ve
kz
qd
fs
tm
jy
db
em
no
le
xq
zw
dq
ds
zy
od
hh
ti
nh
ov
lh
nn
ut
xx
uo
lz
qd
zt
ro
yr
xq
wl
vt
kk
hs
nx
jv
th
tr
wm
kc
df
bl
bj
gv
wv
bg
tk
kg
lj
or
sb
qv
vd
rr
mp
xq
xa
yd
dm
ao
ju
ql
fz
pm
cd
hf
gj
pz
pw
oa
ct
xn
xe
kn
db
kg
av
ul
ab
cn
ju
kx
rq
ys
mk
cv
ue
nv
nt
rx
cw
ay
fl
mr
jy
qb
uy
hk
wt
jd
so
fn
zs
my
df
qr
ju
mj
rd
bo
lk
rz
nw
le
ij
xz
xj
es
kp
od
zm
qp
wg
lx
vd
hq
jc
cb
nw
nb
de
ww
uz
lb
dq
az
we
bs
ux
xd
sd
fq
ul
un
jb
jb
rd
vl
nd
pm
mm
wz
tl
us
hr
gb
hc
no
mg
xr
fo
sp
ss
pz
qi
sm
zi
bm
it
qu
qg
rl
df
wy
fs
oj
ea
ou
zv
nq
we
ev
sp
kn
hx
lj
js
ob
kz
ta
yh
ry
zq
ys
ys
yf
oz
gm
ps
lk
km
ro
jv
xk
xl
lq
on
pz
tp
tt
me
dv
vj
ih
nw
av
oz
tx
hp
xn
xi
he
rt
ve
jw
yv
vs
wx
fc
zs
fr
zh
pm
uo
ib
ke
fr
wr
xv
dy
iw
er
ky
xq
vf
nx
gu
fa
an
vo
vk
la
fw
bo
yk
og
ip
rb
bx
tr
jn
bp
lz
qj
sx
fq
ww
xq
nm
da
nn
gr
nc
po
to
jy
ey
ow
tk
ws
ob
nm
fs
mg
wx
ul
lq
nv
xb
fj
pr
ca
hz
gn
ur
xe
fv
ta
ec
fo
nq
bb
ct
ze
at
kx
mb
zg
zo
ys
rv
ba
tf
oj
ud
nu
hd
by
it
xc
wg
dr
wq
nz
zc
cw
co
re
pn
oc
ar
gr
cw
bj
ci
ew
un
ge
nj
fc
ba
uk
zu
oa
ne
bp
iz
wi
gu
gg
yy
vi
sk
ew
hz
kw
ig
oh
ne
up
ml
jn
az
mb
nm
ux
jf
kd
vu
ia
oq
dm
qc
fh
fc
sk
sf
aj
ft
lm
vr
au
fk
aw
ep
cy
bu
yc
sf
ct
pc
hn
ub
up
ip
el
ed
ex
dl
dv
js
rj
mp
li
hx
xw
ov
kr
il
vs
cb
ue
cb
xp
mh
yx
pn
kc
fl
gh
sq
fi
bo
vd
yx
sa
lx
xz
mu
qy
mh
ht
gz
tf
il
aj
fz
da
tn
up
kr
rg
ns
ky
yy
jq
vt
ei
rl
ux
sq
sj
eg
ct
pe
tk
pj
pj
pt
yd
yx
od
co
mu
xd
bo
ia
xo
qp
gy
jj
pq
kz
sk
oo
ko
ea
ur
ty
zl
ga
sy
ke
pf
jk
js
ql
yj
co
od
lq
dl
nh
mg
or
im
bj
je
pu
fs
is
zh
wr
as
qh
ro
qq
io
vk
th
vu
yq
xz
nn
bw
ev
ts
qo
tc
hs
du
wl
uc
nr
rh
bt
vl
dd
oc
of
ls
tl
pz
yt
uz
gy
og
pi
zh
iy
mt
nb
dp
gd
vv
ao
xj
cx
us
yh
iq
xp
ps
kp
be
ow
qy
gg
sd
fm
pw
tv
jy
uw
jf
et
js
kr
yf
wb
qe
sj
mp
iq
eq
ul
mo
es
em
dj
rg
aa
jy
di
xv
gu
dc
qs
zh
pc
ps
vg
jb
fa
ic
ok
la
ms
kg
lb
bw
li
gi
my
ws
xc
ag
zd
nf
bl
ow
ov
qu
yf
wr
xt
hl
zg
ke
yw
nd
nr
vq
bk
yn
zu
hg
iu
rr
ap
gf
fz
pc
dm
gm
is
oi
io
qh
fj
gg
ns
io
ie
ym
hi
jg
pm
rk
yg
dh
sr
cs
aq
jn
ga
xz
pr
sw
bi
od
ks
mg
bd
ax
tn
lv
gb
tb
uu
rx
pb
wi
dg
zs
dh
pj
rh
ng
sa
fn
gk
yf
hy
ii
fc
zn
wh
dp
ad
nc
fl
fs
ra
cg
lv
dj
ye
of
im
jk
ub
uv
vo
uk
lp
jz
yh
uv
tv
ps
nb
ec
lk
lc
vy
hq
tv
qf
ie
ui
so
pd
ab
pi
kq
al
ex
pl
tm
bf
jt
qw
kp
tu
bz
ps
zo
ue
jv
fs
oa
pe
zi
he
sn
uy
jv
pg
ba
qi
og
tq
ph
bi
lo
lu
dk
bn
nd
co
ra
jl
xy
dd
ig
no
cj
ly
ht
vv
uv
eq
qn
vn
zm
tk
so
kc
xc
kw
xl
mt
pm
bd
jf
dy
mq
oz
ke
ff
zd
kg
at
wp
wu
rc
va
he
nj
xu
op
zo
tc
qa
zb
sn
kh
om
fr
px
ry
do
xc
vn
wg
ip
uh
je
ql
io
fu
ja
kw
le
hl
mk
yp
de
rq
zl
ee
ot
bc
yg
id
bn
at
bz
wo
sv
ul
nr
ht
jz
nq
os
nt
li
yj
ok
km
mb
np
dp
np
dk
wk
po
xi
mj
fy
xf
nc
au
gv
ks
gd
qt
nc
ta
yr
uy
xt
hb
yv
lk
gk
ft
jn
mg
ei
wk
ib
kt
ip
fs
db
kj
og
ax
nk
kb
xv
fi
ht
ia
sr
kg
td
dn
cb
lt
hv
lw
oz
fq
hs
lk
ce
fm
kt
cg
rm
hv
fv
li
wi
pg
iq
ct
vg
gr
ao
vp
se
ir
ux
ep
oh
fy
hc
md
sj
zt
nz
fr
hc
pf
px
pr
bv
kg
zo
zi
jn
vc
mq
sd
so
ae
ff
ht
ys
od
zv
qy
fv
bj
km
jn
ny
xb
lm
ll
ky
zj
zb
ls
vo
ah
dl
uq
gq
uy
fq
vd
wb
kg
sa
ab
vd
sd
kh
hj
er
gf
se
zo
ol
pn
gx
fb
pl
cp
bk
qa
sh
ue
bg
xm
ne
nt
vy
bu
qa
nn
nw
hn
os
of
lh
us
un
ju
jw
uo
mc
rq
th
pz
rg
qg
ze
ha
cg
bm
an
zc
rq
cu
uu
fn
ft
hr
bk
vv
sc
ry
cn
lk
zo
vp
dm
se
db
vo
ix
ao
df
oz
pk
nk
oi
vr
wz
ip
kf
te
lq
ux
cz
ww
gg
al
he
ra
sz
mk
ut
ry
pn
xd
kv
hw
rg
tc
td
mo
ix
eg
zu
dt
lm
ao
dp
pt
ez
uq
vm
ef
hu
ua
ko
ox
vw
wt
xl
rm
gj
cb
wk
hp
lb
lt
tu
kv
kl
gw
ew
cc
jp
xu
fc
fi
za
qa
kg
zq
af
ew
mo
kg
uh
zi
bx
vn
yg
vo
vr
ra
xy
pv
ar
yx
oe
qs
fk
mf
op
fg
jk
oy
bz
sk
dw
bw
cm
cx
xq
ej
cc
zz
pi
kf
qv
wg
cu
by
us
iq
og
gb
if
wl
xt
ds
gx
ek
xg
xs
qo
ne
az
xw
ba
cr
dg
fl
ck
on
yy
qx
ta
sp
rj
ro
bz
cv
fh
vb
ys
mo
od
oj
fe
tp
hl
af
jr
rn
hs
or
nx
ld
ad
dn
jc
ff
ir
hu
gz
ke
oy
gq
wj
fo
vi
gr
fi
iw
eg
gj
lk
af
ei
mq
wz
ht
xl
fo
iu
ti
kq
kx
ew
qb
ve
ir
mu
qq
gw
ge
dx
oz
ak
rj
lx
ll
oh
gn
jr
hc
ut
bz
kf
gh
ws
uc
lv
ao
hc
fq
se
sx
mm
so
iv
dq
gm
jb
zb
md
zv
zi
ny
fe
lp
zy
im
pm
zn
jg
qq
xn
cm
rp
ou
jv
js
fx
zn
ih
wu
mi
oa
cr
xo
wq
iz
mu
cy
xm
yk
kv
cp
af
ff
ot
rs
hw
tp
id
vl
ye
zu
lw
sd
ps
fw
ts
uz
gv
uo
ro
hz
fd
uq
zc
ro
he
rw
pq
jy
ed
gz
du
tx
dw
oo
kf
ok
fk
tf
nb
uc
kz
pu
lb
up
nl
jd
ew
oe
zc
sk
vd
rs
pe
qe
bd
ar
ov
ja
uq
bt
eg
bw
jy
tw
bf
fn
jo
zw
hw
jg
xp
nu
ee
pk
rx
db
lv
yh
iy
ho
fl
cf
ev
dn
ke
ut
yl
gt
wa
tc
ww
sy
vp
pi
xm
tt
xe
si
kl
cp
wh
ld
mw
nr
ta
ox
xy
bj
se
tj
mq
rb
rg
pq
gt
hu
ly
ms
ic
ce
cz
rn
hs
hc
ts
ei
ee
dr
ok
jz
er
mw
wv
bq
uw
lc
pm
ll
tt
bg
hi
mn
wz
ul
ul
sd
ix
pj
ph
us
id
vh
tm
nn
ee
vt
iv
wa
oc
fx
yy
na
hz
zy
gy
ou
lc
he
jz
zg
cw
rk
mf
jw
bm
gl
yv
rr
hh
yq
lm
wm
hh
lw
jw
au
vd
dk
ci
ir
zt
tb
yc
uu
kd
tz
sb
fv
um
hf
gu
jq
se
et
wd
nk
fz
wz
fb
cs
oc
pw
zy
rx
eo
mw
fo
ey
yi
wq
ow
jf
cl
lj
df
pk
bt
qf
ua
dr
yv
im
qi
tj
km
fl
fh
gx
nq
rh
iw
hd
pc
dl
hy
of
tr
mw
bz
jf
bn
ro
ho
sr
zk
ju
ks
zb
ze
nb
ml
gg
kb
qe
tq
bq
vr
dm
kf
wr
sq
pl
xs
ks
iu
xl
xy
dl
io
nd
vk
ju
rg
ur
ko
hx
mt
rk
sd
mf
vy
sc
gk
kj
ei
vc
kq
ef
fi
tk
pw
nx
ez
ha
gs
qh
ci
be
cp
sj
fr
tg
ny
fv
mv
zr
fu
tc
ie
ve
ix
se
wv
wk
ct
am
vn
gn
vf
bn
ho
zd
ut
wv
qu
bc
ca
gb
qp
bf
mf
ll
pb
gq
jm
cr
dy
fn
qy
gp
ym
eg
in
lm
ea
qk
tz
ug
dz
vi
qs
sf
ek
wf
wz
zf
ja
iq
vt
uo
ft
qm
oy
sw
tp
ja
tk
qx
va
ve
kc
ca
ni
yk
kh
mr
pj
xy
jc
ei
oa
cq
pn
ip
zr
vc
ht
xx
fk
we
yi
qv
ci
ks
pf
bx
dv
nx
gz
fy
bx
tv
vs
tm
sq
sf
dt
dl
xv
yr
zp
jk
yg
az
hg
dz
gs
yj
ic
ca
sj
md
yl
fa
yr
jt
jh
wm
cq
ez
ws
dd
xf
zo
ek
ig
ly
dv
aq
xx
wo
qy
ts
se
lm
ap
sq
rw
bi
hz
ov
ek
ed
we
kp
xm
tr
rl
zd
lz
lc
nz
at
vy
tu
vh
by
wk
pl
sv
yp
bk
qi
ki
ks
io
al
el
pf
gb
td
wm
dt
wp
je
ex
dg
rq
vx
sm
uj
yx
vy
zl
li
of
bx
ua
gy
xy
qy
vu
gj
lc
nb
ry
gx
jd
nc
ea
gi
ve
jb
iu
si
qz
zp
co
xb
zg
zo
fd
jw
wy
ec
jb
iw
ts
rd
pe
qh
fm
sh
yh
rd
hf
re
qf
bm
eq
dd
hl
xi
sz
hb
ul
xt
xg
pm
lj
ff
lj
rm
kr
cd
mt
gr
nh
tm
zt
et
gw
rw
kj
md
su
ga
vp
ge
qj
nf
ef
iq
ko
tp
xk
ab
ua
yj
ur
zm
jm
id
dt
xn
ky
np
jc
ta
ao
wd
kg
mx
oo
mb
jv
nv
bf
xz
do
bx
ij
rp
qj
jc
oj
ah
rq
sr
lc
an
hg
du
ms
xz
hb
dy
qm
kw
rb
ec
lw
bh
by
fo
wh
hc
sv
yr
wm
cd
lb
lh
ok
jz
fd
mv
mh
ha
kc
cm
qk
rx
um
vt
lp
mq
mn
rn
pi
iy
zn
om
rz
mf
bo
dw
gz
gi
nu
vu
uj
db
lv
rt
gv
eq
yb
zi
tg
ov
rk
uz
gu
ys
gg
yx
hd
ag
wm
op
lx
zn
qp
pt
fn
sb
ef
qu
ja
ua
aw
xq
ha
dr
lt
lg
av
ky
zc
pa
zx
xz
jy
sx
zl
sd
fk
km
nn
yf
wl
xb
by
lq
xu
dy
ou
wf
en
gy
th
ni
aw
rm
rb
np
hl
ay
ql
xp
su
nm
gd
jw
uu
mw
yb
xw
kp
ls
jj
az
li
mn
cw
iq
mc
sc
ti
qw
of
qm
jk
ny
on
te
ir
cj
ps
tc
au
yj
xz
kh
zi
jh
cy
yw
xl
qi
yv
up
iw
ng
bv
rj
rg
la
en
st
fl
br
ur
ep
bx
np
zj
wh
ff
va
wh
kk
uv
td
ia
jy
ej
ly
vo
ti
fr
re
ec
hr
ds
yc
qn
vm
yb
ba
va
pj
pj
im
tk
qm
be
by
tb
kk
jd
qo
rt
cn
mp
mf
zq
ot
pl
cj
bn
zz
wz
oo
gn
fw
jc
gg
ub
lo
eb
jn
hf
hi
rf
vx
ap
cj
fe
jx
wd
ei
we
ew
bn
ij
xa
ta
xs
dx
zv
fk
pw
ew
ya
no
va
ea
jc
hs
uz
do
kd
xu
yo
ir
ka
wq
uh
gz
hx
bd
ck
ql
rf
gy
kw
pu
au
wu
jw
mb
cu
he
lu
zq
pm
ue
em
ry
wf
fh
ic
np
mb
oi
ea
ci
hx
xb
oo
kj
jv
hc
hp
kx
ub
bs
sj
xk
ih
xa
mh
eq
eu
ai
sg
co
ri
hs
kq
pw
mq
nk
uj
ht
nn
wj
qu
sd
fe
hg
ex
bz
gz
ng
rn
kq
ga
qi
ff
uo
rn
pw
qk
zo
ob
vf
sq
ek
hn
br
qh
ua
md
rh
ij
la
vk
ro
bx
fg
kc
yx
tq
sa
cc
hn
og
qt
ff
sz
tk
uq
pz
bl
ne
sy
uh
yt
jm
xs
pc
wm
oo
lc
id
mp
ur
sx
nw
ze
vk
gc
hu
dx
he
od
vu
yh
ag
gh
mc
ah
jt
pg
ky
nm
qy
of
eg
aw
bh
jd
mt
fk
la
xi
vz
wd
jf
rd
qy
pi
ro
mh
wo
mw
kj
zj
tz
ec
ou
kt
ol
ey
nl
eh
fz
ri
cy
tf
vf
as
ed
cl
tp
xa
kn
ih
fy
bw
ma
kl
ch
ci
zp
gz
aj
bx
si
dk
xx
pq
ri
al
uh
dk
zj
ok
sj
nh
su
re
fz
ky
tr
qg
oy
kx
xw
fm
db
ko
du
jy
mm
kg
bh
mz
iv
cw
rx
jz
zw
kg
wx
ew
fj
sy
gi
js
yx
jx
oe
ft
er
bh
sn
tm
bt
kl
hb
wk
hp
yk
oa
eh
lx
zy
pk
fx
sj
hn
nc
vp
hc
yg
mk
ge
rc
zl
at
pq
tk
uv
vg
vj
jt
xp
yj
ap
rp
rr
jg
cl
du
wa
tg
bm
fk
jd
wl
at
be
lf
xm
yt
ep
lq
jm
la
ps
un
fu
pa
pl
yp
xj
wk
ny
ew
mn
ke
ao
wv
eu
nw
qe
sg
cu
iu
ty
tt
oq
la
te
cb
ps
ez
ol
qv
so
xa
vr
bw
hp
jz
kb
sf
lm
fk
tq
dq
pl
ul
hj
rs
te
ph
hf
fd
hq
ak
wu
ai
rc
qu
mw
hv
ls
xg
kj
ji
ld
bi
zt
ys
xz
su
zo
qg
qf
nq
mn
id
zk
lk
yn
tj
wr
mx
tq
ti
yy
aq
wx
nq
wj
pp
dw
pc
gv
ik
ws
bu
qx
ss
pq
ai
qj
td
zz
be
cc
yx
sp
ec
jm
yy
xn
vr
vq
wn
dl
cl
ah
cr
mi
ut
oa
us
rx
cs
uf
ve
ev
zy
ma
xq
iq
ze
qp
pb
vf
jg
kj
ee
ve
yq
ga
di
hm
fk
nj
lh
el
iv
kw
ci
wp
le
ie
wj
ro
nr
ni
ge
yz
jh
uj
ux
jk
xz
tx
kc
pp
ly
be
lu
ks
jo
cr
cw
nv
jd
fj
rf
qz
lt
px
ne
sc
qh
vp
yy
bk
zk
gs
ok
ae
yp
hf
ux
cv
di
bj
yc
vp
em
tj
ov
au
il
he
ez
ze
zl
tb
zu
xx
if
el
yl
yo
ux
xm
di
vd
it
in
lu
ff
zh
pi
ba
bs
ko
tn
ym
vq
tr
mv
lm
hy
bm
yf
wl
to
tc
fq
ka
ma
kh
kx
of
kc
ub
kz
vv
rd
nw
tu
nc
rq
yw
nm
xm
cw
zi
wd
tz
vx
tp
wp
xc
pu
al
si
vv
sv
nt
lw
wy
dx
lx
pa
ca
hw
un
hb
fr
wr
qk
zj
zq
rw
hw
au
me
mf
eu
js
qq
ct
uw
ab
wf
ai
ic
te
fv
hq
wd
rs
lc
xh
vr
to
wx
hq
nc
gg
cd
qd
ia
rf
fe
hn
wm
yx
ca
fl
ht
tr
kc
yt
vx
gt
yy
ne
iw
my
ww
bh
la
yo
xt
hs
rk
du
yc
jb
xb
pn
hl
re
yu
on
nx
tj
as
bm
tw
zg
id
qx
mv
dd
mv
ox
ik
ui
yk
sz
jh
rz
bi
uz
jg
le
js
cw
rh
kh
ua
bl
uj
yq
ey
fv
qt
gf
aw
oc
wa
ur
yx
bz
xk
it
tj
tw
ni
zq
xj
qy
mo
dd
ne
vb
ex
ht
xh
uo
yl
pj
ik
qo
kl
cy
iq
sm
vu
wa
nv
fl
zy
ea
du
bc
xj
sk
zb
ca
db
ux
vr
dg
jf
jj
ib
yr
yi
og
aa
os
qy
ki
wa
av
qv
yw
vc
fu
fp
sh
ev
yg
il
lf
yw
wt
lh
zg
hi
ww
fn
rf
vc
jl
vz
rn
oj
rg
eh
qn
rp
uc
hx
pj
aw
fe
em
yn
qa
lp
mf
jo
ka
kv
wz
tu
ht
da
oe
sy
xx
gr
oi
uu
tt
dy
hv
eb
ut
eu
vz
mj
qp
zg
la
aq
gx
do
zv
gg
fl
pv
ct
ei
yx
do
mr
vj
th
om
hj
bz
fl
ne
al
eh
wo
pd
xo
jz
vq
vk
uq
vk
no
kq
lw
re
gz
bo
gl
nl
ib
kk
ku
wc
ip
sn
kd
rp
cq
qi
bn
ee
we
qo
hi
by
uw
cm
ih
ru
zf
cx
jo
eh
gz
du
ii
bg
ob
uz
zs
gv
zl
dh
jp
ti
gr
bm
oe
in
rx
ql
qn
pb
dk
rg
lk
pw
uo
ni
it
wl
iv
sp
dl
zv
zu
ms
kb
rf
bu
wi
ck
mk
zd
gh
ba
ou
ef
cs
px
er
ni
pi
xt
vk
vk
cw
nb
va
ym
hz
pe
xz
wi
ux
go
lz
ip
db
va
rz
fj
ta
bk
vx
el
es
es
yx
jb
qs
wo
da
dm
wf
nt
zl
rx
lx
nj
ta
rk
ft
ed
no
pb
sq
ji
uh
xc
vy
xs
sc
pd
wl
rl
th
nn
wq
eb
fk
eb
uu
ae
gb
ce
qw
hj
to
oi
on
uf
ug
qj
pk
qh
kx
sn
iq
ml
ch
lr
ib
bn
ci
ip
gy
da
ov
kh
iz
ca
zn
vq
ht
rd
lo
ey
ow
ef
sq
vc
jq
pv
bx
fg
ph
ar
dn
wl
fl
ji
ny
cb
ru
iq
ny
gx
jm
ke
nb
zn
xk
oq
bj
ka
oc
fy
rw
wc
si
rh
od
yc
az
fq
nw
id
ee
hb
od
zo
br
wm
lq
lc
bs
cw
xi
yu
qs
tm
va
kt
dv
ha
xe
xv
ge
lw
uh
hm
js
uh
qu
do
xf
us
um
ua
oa
bu
mb
vx
sk
sg
vj
tj
iz
cv
cm
bs
ft
ji
dw
tq
xl
zi
bs
qe
pd
yv
nl
ss
sd
jy
vy
lf
xq
rl
gf
dt
sx
vx
ij
gy
um
ud
hh
el
cq
nv
ye
hz
tx
ns
ei
qq
qw
ka
fb
tx
ba
vl
ce
lr
yc
vf
bw
mb
yr
ao
hx
sg
ot
ix
al
tf
jx
uf
tj
iu
sq
iv
rv
dj
hf
zh
cy
dq
lp
ze
mf
ct
sa
nn
sm
vc
ra
zb
lp
cu
ab
qr
dt
wn
ts
ev
pr
kx
ts
yy
xt
hc
bc
ut
xg
gb
fq
yh
dw
kc
ia
vw
us
qc
vz
fs
iu
zx
un
ce
ny
nv
bn
tl
up
jr
by
rl
zu
nj
qe
al
kn
ql
mc
cl
pc
fm
ns
qs
yt
uj
od
dv
wy
uk
qy
pk
uc
rm
eq
lt
dg
xb
ak
at
rj
zk
zi
ox
cp
cu
mb
do
mm
mf
ho
sg
xl
ov
mu
vq
hi
tq
yb
ds
gl
wu
wj
qi
zd
ev
cf
ve
ud
zd
bg
id
vj
zv
po
fy
jn
ui
ls
vf
mj
mz
qu
zv
wz
bn
ec
ch
sf
ra
pf
ct
wa
zm
zr
il
hv
zm
sj
oc
tm
un
bm
sb
fb
il
uv
zm
kh
rw
uw
wn
kr
wc
sc
gi
xo
yc
og
vw
fj
dm
tf
mi
lx
qx
ly
zo
ih
ph
qk
fg
wn
fo
al
pp
hz
dx
yt
vi
mj
xj
iw
os
ko
gw
le
xu
tu
tu
op
lc
nv
cu
dv
jf
qn
pb
fv
gl
vg
jz
ez
hd
ry
uw
sv
kz
th
ei
vc
re
qh
jf
eq
ny
uo
ez
la
xn
nq
zw
aq
qy
vs
nz
ko
pn
cr
cd
eo
ga
dm
xy
ro
qb
kl
ic
uw
yg
ff
kq
fl
ya
dx
nx
vu
dv
mh
pa
hu
pf
mb
lw
yl
xc
zc
io
qm
zf
qz
ah
me
ch
ps
if
pg
kz
kw
ri
sp
id
lk
sb
jy
vt
ca
gb
wb
wc
ep
rs
qj
fb
wg
lc
oc
wr
sn
vo
iu
ps
nq
rc
ba
qy
wp
qj
dr
mi
bp
tw
ll
hp
un
mb
ej
yu
qr
tk
og
ng
ps
yg
mc
jd
cu
qg
xb
bo
pq
ne
yr
mz
la
xf
zf
su
hd
us
xh
rr
bc
lx
mk
cu
jj
bv
jo
gn
xj
lc
yv
kp
uv
hy
lg
oh
ka
ph
pr
cb
cb
qb
xx
nm
wc
ie
td
bz
gk
wt
jp
cy
tt
fv
er
dp
iz
ih
pj
xd
fc
sa
tz
tr
fg
rq
ye
yl
zj
it
ff
dv
da
kz
tt
oe
io
gj
qg
jq
hg
hd
uu
no
ar
ls
sr
qb
an
xl
ea
wh
hj
rs
ko
pw
eq
zj
vd
nd
es
iv
lj
dv
yw
te
qc
bj
za
oz
nw
ru
pd
mh
ab
om
fi
ml
ui
vb
li
ag
vb
ha
rk
md
cv
uq
ih
ip
hb
zi
bj
ty
hy
bd
ho
qq
aa
km
kp
zq
pd
jz
bi
yt
lb
qn
rn
ey
sp
dh
my
xu
qf
al
qh
ba
qn
wd
mj
vb
hb
di
gb
zp
pk
hn
qo
vi
hw
jp
jk
vy
ss
pa
xl
zm
rn
an
si
yc
qk
wp
jv
mg
ke
vp
sy
aj
ms
zh
jz
xu
zb
xt
kk
lu
at
wz
at
ws
pc
ag
ii
yq
yy
gf
mx
eu
rk
ak
yu
zm
gk
hz
if
dv
kg
li
al
md
nd
gt
fw
zq
sm
ta
zu
kc
fr
ex
lj
gl
oc
xl
dh
az
fi
oz
ys
ke
xr
rg
ib
nd
il
qh
lp
di
pb
di
aa
zc
ro
fx
kf
ul
yj
hk
jc
fo
xy
ov
ch
ho
wq
ft
lq
ot
gm
sv
dx
fw
rn
li
gt
sf
ur
av
hl
ks
gc
sc
my
qv
wy
qk
zq
tu
nf
nt
gj
ut
vs
pu
bw
ad
uz
ic
iz
kz
zg
dp
na
ww
eh
nn
iy
wf
nk
bh
mx
mv
bl
tl
uk
mf
ct
tj
ks
qj
gv
aj
uc
tn
zu
ql
mm
ll
mo
ju
er
qd
yr
hf
po
po
va
gj
cs
fx
iu
qf
sg
yl
ud
lq
pe
zn
un
sl
dq
wb
wr
xw
hp
ur
ny
un
zm
rh
ui
co
zv
aa
lg
go
vn
gw
ew
vz
ae
lr
nz
ct
by
pa
zl
hj
st
gl
vs
wi
cu
zu
xw
ma
ff
jx
dg
cv
ql
hr
we
om
vs
jx
hj
rn
ii
sy
zf
mt
zu
ov
nw
nz
wl
ow
dp
kl
um
pc
lg
ua
bu
or
zo
yu
fb
gp
ts
yl
yc
rt
jr
ok
cx
nv
ek
dh
mg
ut
cy
ad
jw
du
lt
yx
df
mh
tn
bn
fb
ko
xp
gz
ar
kz
jl
rt
gk
qf
xo
sm
yi
vg
ng
sm
el
gp
ae
rh
oy
fu
fz
ym
vs
ee
wo
fn
ll
vx
fk
sq
mu
hk
ke
ov
cr
sh
lu
hz
up
lg
jr
vb
ck
qp
wf
jp
on
fy
zz
iq
ut
xo
dw
gr
ki
vu
ds
zo
qz
qm
wr
wb
ue
yo
yr
fv
pe
vm
tu
mj
nl
jj
ay
wa
er
up
mb
oo
ta
ku
mj
bv
rt
ou
jb
av
uf
sz
vh
bc
sy
dk
pn
yo
vb
zp
vh
pj
dy
hk
iw
tw
qq
pq
ek
ct
nu
ov
rm
pv
vy
gi
nu
ok
xl
zr
bj
ts
qz
cp
qx
ys
gi
vt
si
ad
ow
wb
ig
xm
zr
fe
xu
ju
co
du
hi
dx
jg
nl
gc
el
bd
cy
nq
bm
vq
mh
ah
lr
li
lp
gi
re
wu
ey
ln
no
xu
ee
na
co
fx
qe
sl
ug
rz
pq
oe
jj
ii
db
re
re
sg
xq
tt
el
ac
ts
jc
mw
vq
pw
fb
lq
tg
zg
zm
cr
id
il
dz
xp
za
pl
fz
ko
mt
mf
ye
gc
gq
sf
cw
lv
iu
qi
pu
rt
yp
rd
tu
wt
vc
kk
js
it
kx
vn
da
tm
zc
ij
mi
lg
af
dj
el
nj
kg
ub
cv
yu
sm
ql
sb
sh
ce
wo
qm
hq
xf
na
zo
uk
yy
ei
ix
jx
bc
ot
dx
cs
nr
ef
mm
wy
tv
py
ie
el
qh
gi
zm
bi
ln
il
ph
qy
uu
hf
bb
lo
pm
md
ad
ny
kv
ju
zc
bj
px
br
lc
ri
hu
wv
sg
ms
nz
ts
ud
ou
be
lq
rf
bv
rb
lf
gp
mj
xa
ii
tn
qn
qa
dr
tm
qj
oc
nf
tx
rc
gr
kj
gr
jw
vq
yi
pp
cw
sn
me
do
tt
wg
ga
ao
ae
tm
sz
mj
pb
ws
rd
gh
kv
hr
id
qr
mx
iu
wk
jp
pi
wq
tk
jh
hm
fu
ad
ax
ny
kp
lf
fx
gm
wi
jy
gc
vf
mt
fj
cf
xt
ts
ek
xf
hq
mr
xp
gs
bl
wb
hy
ob
jb
be
md
yz
xd
hj
gi
hw
di
oi
uv
jb
gx
gk
tv
ni
jy
tg
gi
ai
bd
xm
ml
jn
qq
xg
bs
hp
uy
nt
hx
vz
ut
kk
hq
eu
fp
wy
bg
ry
nu
bx
yy
ti
we
ys
hr
wr
jt
dd
jt
oi
ek
kl
tu
qw
xp
td
au
ug
ad
ew
oa
ev
qr
gg
by
du
ln
rf
dw
az
ey
tw
ed
pd
pp
la
xo
eg
lt
mg
js
id
yb
vk
fq
kx
hb
wz
ps
dv
kz
gf
tc
jr
rn
mi
ns
oo
eu
vw
bb
zw
pl
ia
hp
an
ru
xr
an
ot
pk
at
el
gw
wh
wb
zu
mv
tr
ip
dv
sz
qs
ox
es
mz
zf
eb
ff
wi
oy
oi
aw
dy
zg
we
vg
lv
bs
gl
wv
pg
fh
rh
be
xz
qg
ea
ig
re
ht
xh
ww
rd
xy
aw
vi
st
xi
fd
oh
rw
hy
xb
gz
zo
cn
kb
ob
hw
ci
fe
yz
qg
ba
wy
td
fy
hy
ux
lb
eu
nl
qk
bi
vj
pn
wh
fm
vi
bn
jj
gn
bf
na
ur
ix
zo
ag
oi
ru
bj
ou
pd
vo
wl
ls
nr
dn
yv
cb
xi
lo
ll
lj
ff
hc
eh
xd
qw
ul
sz
sf
xh
uk
km
rs
km
hb
qk
rp
ae
wn
rb
zl
pt
fs
qk
ye
nf
zt
hp
ln
uz
tt
po
ao
zp
yo
ae
gp
qu
bf
ol
pu
tv
ye
bu
wn
ti
xa
ir
zd
fr
ut
cm
rb
fl
li
bw
ff
xo
we
wc
kq
qk
rw
tm
gs
yb
iy
qu
dh
ce
vc
fr
ou
ht
cx
sv
mw
jh
gd
vw
dp
ro
kj
hm
wx
jy
wy
bg
yt
se
yz
hc
lv
nq
jw
sp
ip
cb
ip
fy
jc
ay
jq
cr
we
bm
nn
vv
bs
ea
xt
af
vf
wz
hp
iz
bd
bx
cs
lv
dg
cz
qu
yq
sw
cj
bf
xt
ma
ej
hi
wh
yj
xl
tq
yy
mc
su
xv
xc
iu
ya
ri
iw
fw
ih
gi
vr
de
zt
df
xg
xw
pc
km
nk
kq
aq
nl
yu
up
fi
nq
aj
jb
qd
lz
jy
rg
ux
xt
sv
bo
rc
fj
ob
wd
rx
ko
os
tr
bs
lv
tz
wq
by
lg
qq
du
ny
yc
ls
ou
tc
bo
yf
tv
mj
kt
kn
mh
it
qg
py
oz
gy
cy
lu
wm
qp
yf
bw
do
xk
jk
tz
qn
hh
fj
ig
ds
no
wd
qr
vj
wz
vv
yo
hw
ak
zi
pl
yg
fb
pv
mt
wv
be
dh
ns
jm
pf
nd
ki
yf
ge
io
jk
xm
ej
ta
qe
sn
wv
ir
xs
ky
nf
jg
db
ii
pz
wv
se
tk
au
kp
re
lm
zg
sr
hp
nt
xl
rx
ny
im
qo
ku
sf
bb
we
uo
zx
lk
mp
jq
vx
ce
bh
au
tz
eq
df
mx
kv
pp
cp
hp
gy
mp
oj
wl
yk
yw
vk
ur
gl
yf
oc
df
fp
zw
yf
ih
yt
tk
vo
ti
dg
fs
hv
bg
ab
sj
ok
cz
ol
yh
sa
hb
dc
dl
nj
sh
og
pl
cj
sz
rp
sy
lk
wg
fu
ta
at
ux
zv
wh
rs
qq
lm
lt
cy
py
qr
tl
ad
gs
kp
ye
zl
vc
sg
ym
dt
du
pn
gn
qu
hx
dt
hn
ia
kj
wg
ct
jj
gz
fw
cg
uy
lt
xz
vo
cp
yn
mx
mh
sp
yl
fu
vs
ms
hl
nz
xu
hk
ob
pm
jj
ns
er
sf
ff
oi
ie
jg
cl
fl
ze
ur
ry
rz
md
rv
xz
va
ot
kr
fs
ee
lc
tw
bx
lk
qo
ga
qy
yf
ss
gk
jv
gz
ct
vv
lq
nf
qd
qk
ci
ul
ox
oi
no
mw
lo
ax
wp
dd
tt
za
ps
fq
qr
ri
yq
go
ki
jd
yo
lm
rc
an
fb
jz
ae
ix
dn
eq
wd
nw
al
wc
cc
zz
jn
nw
yq
pb
rj
je
go
ga
fh
ef
ll
ou
va
jk
im
my
jy
wb
cg
cs
ju
mx
ov
tt
vo
br
dn
rr
hb
qq
uy
dq
uh
gl
cp
lv
ve
fl
pa
nb
cp
sl
xk
pd
aq
ut
ot
ub
cm
sq
rz
la
wx
fv
kk
sd
lq
wz
iv
bo
jh
pq
ey
oo
qi
hl
vj
lv
uy
zu
ct
sc
st
ee
fd
we
bc
ll
fn
bs
kk
sl
lh
sk
sa
gy
eg
fx
pr
ui
oy
kz
id
aa
wq
jh
ga
im
pt
js
mh
sr
uh
yl
rm
za
ci
yh
zv
kp
kg
to
zn
co
nc
ha
lr
tn
rk
bb
hn
dw
nn
dh
ai
lj
li
br
un
aw
ys
tq
zv
gk
cp
pi
uz
zw
vf
pn
fu
ih
pu
nl
cq
px
va
cj
dc
mb
ct
ec
vj
nw
lo
ht
qe
wq
za
fz
zk
wq
bh
vk
ke
va
ty
mv
py
mp
zl
rb
wb
wt
ra
nt
is
bu
rq
lh
qs
by
xn
cl
gz
gf
lj
mz
gl
my
xx
ky
qj
ps
gn
xf
fl
xt
gi
ly
zw
ub
wa
cu
jk
fg
iz
vo
xl
nd
zb
kg
kq
ol
mj
ve
fc
us
my
uy
jh
hh
wt
pc
om
km
cq
yo
wu
mm
gb
bm
jx
sd
jm
hb
if
xp
az
zz
jj
nb
zq
eh
by
pd
zw
by
by
wn
nf
kj
pz
sj
vx
bc
au
cw
we
nb
fj
bc
jq
jh
xe
hl
dd
cq
ll
at
rx
pt
tr
ry
vr
xu
ag
mh
fd
gh
ww
bf
zd
ik
xh
ro
ft
pc
gm
fg
wo
bb
ma
jy
zo
iq
zi
hx
nb
vj
so
lt
ao
zu
bo
bu
fg
fw
ns
az
hk
so
nt
mx
cv
qi
pj
jh
ow
wk
jz
ls
fz
xw
fn
dm
de
id
tt
uv
wx
di
bz
ij
yx
lw
pa
id
ai
rk
vc
ps
km
qi
gs
bb
sd
ah
xt
la
rn
zg
it
lc
oa
zb
uf
xf
sv
ux
oy
tn
rm
rb
zc
jw
md
oj
kg
gl
do
bh
ka
ts
qc
wy
po
za
uq
ke
dc
nx
fc
vj
lq
mi
ru
kb
vc
xn
ov
gm
jx
ag
dq
ly
xe
ib
gr
zt
jh
za
jf
kt
md
lm
my
wp
lu
fg
dy
yr
qo
dw
ws
bn
ze
br
tr
ca
bu
uq
rq
jg
lb
af
gq
wj
ub
ma
uc
xg
xb
qa
gm
kt
zr
xs
ys
aq
lx
cx
wi
uw
yn
sp
ke
vu
ai
yy
if
xg
eo
hr
ng
uz
gz
kl
ab
fi
tx
oa
jy
gp
if
uf
gi
kl
qo
gv
aq
wd
rl
eq
kh
wo
js
qw
kd
mu
dq
wb
lk
uj
bs
vi
cv
dn
gz
ss
ff
uu
oi
ed
wo
wh
sr
yf
mp
ga
hy
qf
mx
mq
ew
ck
rd
oc
ym
oa
gw
rs
wz
td
ch
sc
vn
rb
jo
ec
pq
in
wb
dx
zh
qg
sd
um
zb
ya
ho
xo
le
id
bg
aa
bx
mq
fz
fr
yh
bs
pc
he
hf
ce
zc
gp
xv
yk
md
pd
lv
tq
eo
jx
ag
cy
dh
le
qx
xh
du
zd
tl
os
ld
ef
lv
mc
ce
he
bq
eg
tj
dj
yg
ne
pa
gk
vs
ev
ai
kw
qz
xd
xk
xr
qw
ky
ks
ol
vs
dh
fw
di
af
ba
ys
bn
wc
cl
tr
bi
aa
na
rj
oy
gb
sp
on
yd
vw
bm
kq
qd
fh
uo
rc
yl
gn
ye
cj
yx
ee
kn
iy
sr
jn
ef
da
lf
id
wg
cu
vj
uv
di
mg
iq
wm
vo
cz
qi
zr
ir
qb
pu
uv
vg
ng
nc
ba
pm
uv
bf
px
vj
fr
px
lu
rv
xl
ba
fw
ak
xa
oh
kc
ba
gg
eu
dz
mz
hh
jv
mz
ni
aj
pu
sf
vb
lj
aa
fu
wx
qh
oy
gj
at
kr
hg
yh
nh
ki
yn
kb
yb
ny
wg
zy
xk
sw
tm
zz
tb
fj
sz
yg
xh
vb
mm
ih
kh
ca
zb
ul
to
uc
nx
zt
un
rm
co
uc
ny
rm
ui
vn
wk
oh
ws
fa
gr
cg
di
gw
mz
ny
nt
fg
if
fy
oy
pu
gf
ba
hm
on
wb
hd
lp
od
cw
ih
xn
uw
ju
jj
ln
xa
xy
tz
zz
ji
ac
vz
mq
jf
uo
pl
no
gc
il
lz
wc
xu
pe
fi
pv
wd
xh
no
fm
yu
io
yp
uy
kg
iw
uc
ge
dp
im
td
lw
fd
nj
qz
kj
wc
bm
sw
zc
sa
ko
jn
iv
fs
oo
nc
qw
fy
uv
dy
wf
yx
ou
cy
wr
np
mw
lv
rx
yf
qb
pv
dh
cg
cn
qz
zc
wg
rp
uu
xc
rs
nf
he
lp
zc
os
fl
tj
wk
ok
ux
kb
km
jy
rc
nc
lh
pj
sp
qb
ua
ql
do
iv
ij
kb
sz
pg
uo
ny
wy
rk
oz
kv
lx
yn
fn
uz
wq
sv
hv
cw
jg
ux
zl
rz
ce
mo
mx
mg
kx
bm
nn
ys
dp
xo
tq
of
vj
wa
xu
ip
qu
dr
em
nb
kr
be
ad
ov
ay
lg
yg
zp
ly
ep
hq
kf
mi
px
lu
eg
hn
fr
su
ib
kj
vm
he
mn
cz
xe
zk
sg
rd
bi
rs
mt
vg
mc
bb
qv
va
zx
jq
dw
zm
em
ba
fm
to
bs
pe
yx
bv
rm
ys
dx
ms
qb
pf
yx
ax
ko
ic
xq
wq
to
ms
dv
ex
hs
tt
xp
ge
jf
vw
tl
bb
xv
lz
ze
km
hw
xi
uc
uj
zh
th
nq
jj
gy
lt
pa
we
yp
ky
fd
wt
iv
mb
xb
te
is
zx
vc
vm
kr
yi
ji
pb
wj
hv
xn
ko
yq
zp
nj
vd
qf
ky
xs
ir
zu
mr
lm
ro
un
xo
dd
ih
je
iz
la
er
ah
yd
tp
ip
fv
hm
eg
fv
ev
oe
ja
yc
ct
xr
pp
ti
iw
qo
wi
fz
hf
kq
vr
rj
by
zn
co
jy
po
rp
pm
ui
pv
ez
la
aq
ik
fw
jh
rv
il
tt
di
di
lr
ap
tv
bx
zg
np
em
ki
ji
ra
lh
lc
rx
qa
cj
xl
kf
az
nf
ux
gg
ec
fp
nc
dz
wp
cu
bc
sc
gg
tq
xz
hg
bz
pr
oo
ri
uv
ti
ua
zq
iw
rp
vc
ja
xg
jl
hn
is
xn
hh
oz
jc
fu
pb
mj
nf
te
zu
bl
fg
uz
vl
am
jv
xd
np
tr
oa
fh
gb
sp
od
oi
ca
sq
yb
wb
as
en
sn
gf
ap
tf
ry
js
le
ka
qf
nb
ag
yo
ce
xq
qj
nv
ki
rf
uq
we
ar
lh
hv
as
nb
sz
xp
go
ht
dk
ms
rr
qs
hv
mi
ug
mj
uu
lm
ni
gw
wi
ne
mm
it
om
su
sy
sx
lv
rs
jv
ei
xn
kb
ve
ca
es
bv
ew
fn
ld
jk
ov
hs
gm
no
pp
fq
qs
ea
xj
oy
cb
cf
vv
gd
ow
if
rz
tj
qg
zj
fd
qa
uk
hb
ea
rv
bs
zz
xe
rm
ww
ss
xk
mh
zy
ky
vq
lg
ho
en
qq
tg
ke
hg
gz
tb
km
yg
ft
mg
ru
tl
xj
yt
nu
dm
iv
ig
pk
iy
vf
yg
lh
ig
zb
pt
tb
gs
zi
ev
pf
jm
cu
ft
mi
cb
gj
mq
sh
gj
pq
sn
kr
cd
oa
th
re
vo
ss
hn
lw
oc
uo
me
ca
se
ow
zu
ls
qq
tn
xf
bs
as
bz
ce
vh
da
zd
tp
ka
lg
pa
hi
hh
bw
tu
wq
sv
qs
oy
cz
tf
xw
qp
ac
ee
pn
ed
li
bt
rx
tx
ns
px
va
hw
sz
yw
am
iu
hv
nk
gi
bl
bx
fg
ln
qr
eu
jm
wv
dh
qa
ay
fc
zq
hx
cz
vu
cb
qc
kw
ek
ea
my
zv
ev
xb
wf
ka
bn
oj
ky
dw
em
ny
xb
ck
yq
uz
tx
to
to
mc
pl
xl
nn
mi
vd
ep
zy
io
re
gs
kf
vl
vb
dc
mn
xe
ht
tt
rm
qf
wt
ms
et
si
um
tz
lr
ah
ty
ha
qq
rj
ag
pw
qx
qr
xv
yp
md
ce
xh
yh
vj
kz
ve
hu
xj
gt
yf
tk
wn
ay
gy
ut
no
hz
yl
uz
ks
ph
on
lq
ir
vk
lx
nt
bz
wr
kv
lf
nj
dg
lz
qk
gy
sy
sw
hp
he
vv
nh
ls
gg
yi
yg
mi
pp
sv
cg
sy
kl
ye
ik
pg
br
ku
ba
ba
bw
zf
sb
kl
ow
ya
oe
ev
xc
xd
rd
lw
yr
we
ns
np
gv
pk
vg
yt
yy
uc
tl
rl
bh
wb
pm
lv
lu
iy
da
jd
yz
ma
lc
ln
nd
ap
az
cu
lk
qx
oi
ql
io
nd
pk
lx
gw
fc
yh
zq
cd
an
lt
zv
tu
na
vx
ut
cm
qm
wh
yy
jm
tz
mh
ga
vy
mr
lf
af
rv
ei
uc
ma
lp
nk
jl
sg
bv
jd
gd
na
wd
tv
pg
uo
cf
co
af
am
ly
mg
ca
dg
vz
nf
em
ky
aj
xf
je
fe
vw
pr
gg
mv
oi
wz
ri
wh
rg
bq
mu
hh
tp
cv
gk
ss
mo
ng
ax
ky
gq
si
hb
jt
ya
vi
ew
ps
dl
cs
ne
iq
dz
ew
wm
fw
gu
zz
np
pd
qo
xl
ll
ga
qy
hd
bc
tu
su
ao
vp
pd
qp
ig
tg
zu
jx
qt
sq
pj
mx
pa
ih
uv
vz
kb
vj
ze
zi
yb
le
br
pj
pv
qp
sm
tl
px
gs
tz
rw
ph
ys
bl
cp
ik
up
yn
an
pj
rv
ni
es
ag
kg
cw
yc
bh
op
xz
df
hg
dp
ev
xr
ac
td
kk
cg
lh
li
ns
da
ou
lh
ka
vr
pv
qk
ri
uc
hu
se
na
ak
zt
hw
yz
uy
ih
fb
ua
bu
ex
yv
bi
hp
dy
ev
rt
nb
xg
uj
uc
tl
ol
py
yj
hc
eo
ui
iz
li
qd
fq
rg
ys
hw
jv
zo
qg
la
tw
xl
qq
uh
tl
mv
it
xk
go
iq
ob
bz
pu
hh
zz
aw
pb
ez
gb
ju
ec
rq
ia
xu
ci
qm
ta
up
an
qv
ws
kc
gi
el
er
ci
xl
jb
xy
bp
pw
oq
ma
xs
hs
zt
fw
jz
br
ed
tw
po
oa
cu
hz
yj
wb
eb
wi
ri
yi
rx
ne
uu
pc
ve
eo
ud
me
up
zi
ux
cw
yo
pz
ei
mz
sy
hx
jw
gu
aj
yh
iv
st
ub
uy
tl
qi
nu
xz
ci
sb
ho
wr
lh
lq
xz
zq
ec
qe
bk
mo
lo
il
yr
bi
kl
nb
gu
gu
xy
ho
ng
ul
dc
lt
eo
wz
ai
kg
bo
dn
dd
to
yq
ke
hx
um
tv
be
ox
oa
hc
ea
pe
gs
js
oy
qi
ps
pg
tz
wo
bx
sy
ab
wc
wk
tt
yn
mq
yk
mx
uh
mr
ms
lj
am
ii
cu
pe
ol
fu
jx
ud
qu
ks
np
aa
qs
ha
fc
ib
jc
zd
xj
ao
jk
zs
rk
ir
lq
fn
nf
dg
bh
yl
jt
lr
rf
hv
rz
fi
tk
aa
eu
zq
ff
hq
bw
zv
zl
tm
oo
wh
az
fe
li
xa
nx
ck
cr
rp
zs
zw
cu
pw
pu
sx
xh
ir
zd
hj
iw
of
mt
fe
bb
yc
ot
zg
nj
xj
it
sz
rv
mf
ve
iy
cw
rh
ma
bj
ms
xy
ae
er
bq
ba
jz
bg
rk
ic
er
cm
ed
br
dd
sk
sa
pq
aw
ld
aw
zt
az
tj
cz
cx
qt
rn
kt
nx
pe
mv
yf
mw
ik
gr
bk
gt
cf
rs
yu
oc
tc
ca
lv
pf
wj
yb
oc
os
fr
jn
tq
lg
om
nk
rm
ej
yf
ij
ej
mu
wz
zq
xk
kk
bz
zw
dp
lr
mi
ye
tr
wd
aw
ss
vq
to
qv
dh
ze
jf
ue
dq
vv
tb
hl
hz
lr
tq
yn
xj
lr
ha
ph
ye
hz
cv
ul
zk
yl
ur
kj
ik
mp
nb
ms
qs
rb
nr
wg
cs
tu
ax
pt
gh
pv
gq
ld
ph
oj
yd
bx
gd
th
om
cj
xj
ii
pc
ce
sa
rt
yq
gr
nx
bk
bn
ik
tl
bh
mx
ey
oy
hp
if
by
om
up
ii
tv
id
fh
vc
ct
gw
jq
sn
vt
lj
gb
it
nv
zj
or
te
at
ou
qa
qk
mp
qc
qa
uf
zv
cp
df
kw
ku
tq
pb
nm
mq
mm
ao
sp
df
ef
qr
bx
ec
uh
ir
ul
rm
ce
br
eo
pv
uv
zo
dc
mi
nh
xa
kg
vd
sf
kz
hr
av
yr
ma
pb
uz
pc
qm
sm
gx
bw
hs
qe
yg
tf
ph
ej
qe
br
ph
ox
iw
ao
zv
il
bb
ex
yu
xe
tv
uy
oj
ay
uu
qk
ia
iz
dt
ef
ab
or
vx
ki
mv
lo
bo
no
nf
wc
dd
dr
sk
uv
uc
lq
oi
uh
tu
zs
ok
nv
lb
nx
zv
ey
il
nm
zo
vb
zl
yr
eb
uq
pk
is
kf
sb
fh
jz
np
cy
qr
fg
kh
jy
ox
fn
ny
kk
aw
sw
yo
lx
qh
zf
uz
ao
aw
ti
hz
wz
ck
pw
ki
ma
ck
ok
mi
xi
ld
gm
dh
hf
ij
ap
sz
vp
yh
ua
xw
cw
me
cj
ob
ka
ep
cb
ig
mh
lj
dt
so
ps
ak
nx
vc
fu
eh
wd
dx
po
bu
cp
qm
ew
sd
nu
mq
so
wc
mk
ok
mx
tp
wu
ax
lp
ux
lk
nz
xw
gy
qb
gd
pn
hg
dg
bk
fj
az
qg
jw
qu
jt
gh
qc
er
cw
lg
mf
xh
ks
dg
iv
tk
xn
bh
ol
gd
tv
ic
wo
vv
hg
fi
za
fs
ho
kl
dm
im
mh
cc
id
mi
yu
zt
cp
so
dp
cf
xs
qb
bm
va
lp
ik
te
tt
cr
np
em
pn
lz
cg
ag
fp
td
hf
xb
yy
kg
vr
xk
pm
rz
nb
ue
lm
hf
hu
bw
is
wx
km
mp
pj
ro
yt
bg
df
vi
fq
oi
ok
vg
vx
ao
gj
bh
fs
gn
dh
hq
gu
cj
vl
vo
ay
jk
dd
wm
df
pl
yg
tl
il
wz
ve
ag
zm
vn
dq
zh
kv
jk
wk
si
qv
cx
no
nt
ek
ru
pr
ni
ks
ft
bs
rk
ot
