qs
zl
ur
zo
nf
ke
ir
qv
op
qs
wm
vc
su
gb
ko
qv
bk
ii
kh
in
of
hf
bf
qb
jx
rd
jr
hz
qb
db
ds
qw
oj
ty
ro
de
jv
na
zw
ec
wo
br
rh
tw
zd
ri
pf
wq
ec
ks
pb
yf
fm
ue
nh
pe
yq
ly
ig
jd
nh
po
xw
pp
ki
qt
do
qt
sr
dw
mk
iw
wf
ui
bo
yn
sy
ba
df
mk
iq
ce
vu
ma
la
ff
es
pb
dv
ai
yj
ep
fq
tk
sb
yd
gr
ix
zz
da
ct
vn
pa
ng
vy
zn
nz
gc
ac
rx
vj
ir
td
rz
dj
ip
cr
ih
sj
bs
tz
ir
za
qr
id
ow
hb
nk
ad
yq
bf
qe
is
al
ld
ho
xx
uh
ik
dh
fd
ce
qv
zv
vi
on
zs
mp
ue
ya
vd
zg
li
nv
eg
lf
ro
fy
sm
or
fa
zf
gp
uz
xq
bn
ma
oy
ei
mw
vy
ev
mb
st
zv
xa
la
xj
vu
jb
qz
er
em
lb
ld
zb
ph
zz
fa
ut
hu
sg
xk
af
ry
gk
li
qd
pz
wq
nq
yv
vj
gt
id
gn
sb
fb
px
sd
ea
ih
jt
ne
kc
zk
zq
vt
ge
kn
rv
sg
np
sz
uz
ja
yl
ne
ii
ia
jp
pl
pj
jr
qz
su
yk
ll
xq
aw
za
fj
lv
tp
xl
gr
kj
mf
ax
qo
ah
al
qv
av
ld
kk
jp
vr
lc
ur
uk
hc
he
um
dy
is
ci
vi
hp
lx
jf
uj
ss
uh
tg
mh
hd
pp
yk
pt
im
tg
uj
ow
fl
aq
xb
vu
mq
jb
tf
az
qh
ev
vq
ie
mf
si
dr
te
bo
oz
rw
sn
cn
ru
bf
jc
lb
qk
cj
kj
pl
pk
ki
hb
sq
kh
vc
dy
jz
ch
tg
kd
rv
ja
qx
na
za
mp
qi
gs
so
bz
mv
ih
qy
ua
sl
jt
hq
qy
ii
jy
ny
sd
ud
xo
ol
mw
yn
io
fi
hq
cr
yu
ky
ux
mp
ms
ix
yn
iw
oh
lc
mp
kv
rb
vg
mu
mw
kk
ax
rg
ix
zx
rd
ne
tn
sm
dz
eh
my
du
ow
dp
yr
xh
qu
gg
oh
bj
bf
vv
jx
la
pm
gc
dk
nk
nx
ri
ns
vu
hg
ou
jr
gm
mj
rm
ty
bo
es
dp
ua
qa
ed
fg
ql
uz
mk
hy
od
us
sj
ec
qb
bm
gg
vx
ei
la
dz
uk
ir
yj
zp
ag
nh
rq
wp
mi
do
wh
hy
cg
qk
lm
vt
rc
kf
lk
ew
lq
xa
sl
cm
ap
ct
lq
fd
kn
zq
ym
kj
hp
de
xf
qc
ut
kz
dn
kx
sh
vd
uk
uh
dv
th
bb
zq
wc
gh
rt
oc
mr
md
nw
ve
df
sk
dp
bf
kz
tx
ik
zb
jl
ff
bm
gb
il
rr
eg
be
ld
eo
wg
bp
bs
tz
cc
al
sf
hl
yx
qn
hi
pg
hs
xm
dt
zm
fg
gu
oi
ov
cf
rt
kb
dx
rj
bc
mz
nb
sg
pl
lr
en
hd
ym
fj
is
fm
te
ky
du
ss
vd
kq
xu
ge
ux
ks
ke
ke
co
hz
ny
zg
im
ck
il
mx
ua
qf
pv
cr
nu
sn
xd
kw
pj
ci
mj
mw
lf
yz
dc
ki
fg
hv
wq
of
yk
jm
it
rb
hg
bl
jo
cy
uk
gw
tw
lq
sp
ng
kc
nc
uo
cv
jo
fp
vm
vy
kz
tr
um
zv
yy
fa
dy
og
jo
kq
fy
xp
gl
pq
ec
xj
hn
jb
wc
us
qy
va
gh
ss
re
is
uz
rb
sa
ex
kr
dt
wo
by
yj
lj
oc
ry
dy
kt
bp
uu
ol
yp
jf
uw
it
xi
ba
mo
md
bh
su
zl
ng
eu
ys
kt
qi
tv
od
bz
da
ba
vw
lc
mg
ot
yb
cp
wr
tv
qe
om
hn
uc
sh
qj
ia
pv
fs
qk
rd
nc
pb
iw
af
vo
rs
vb
gb
lt
zy
rn
dx
ky
bq
yt
om
js
bn
ir
nh
vo
pe
hl
pj
mk
rb
qa
ev
jo
rp
re
rw
on
vy
et
mm
nd
es
qe
qr
nm
ge
en
hi
jg
vl
aw
eu
mf
wg
lv
ut
qn
bd
df
mr
vc
ov
jt
cl
qu
cx
mb
we
iy
xv
vp
sx
tc
ht
yc
rs
oy
ne
oq
ai
rk
od
ag
kg
ap
mk
zk
mo
hc
mj
tr
zz
cp
zd
dk
ar
kj
rk
ml
ht
xe
bw
pd
wx
pw
cc
zw
rn
an
jv
mo
ho
pf
jy
go
su
nr
jk
ie
qq
wq
hp
gt
hu
hf
mf
jx
mz
vj
wb
xv
vx
pw
sy
xb
yr
nv
gu
kb
mj
xu
vu
hg
gz
bg
lf
xo
sg
gj
nd
qr
ih
ik
qn
ju
oy
up
ox
dp
af
hm
hr
cd
mn
wf
da
ud
ay
wa
oi
td
jp
bk
sa
ku
wh
vn
vr
xt
co
ig
vw
hs
ps
pp
nx
fq
di
aa
qb
zo
xp
aw
jm
gu
ts
yu
jy
du
dq
qp
wj
la
el
ld
ti
ub
il
yw
ku
ee
jp
py
oc
ma
cu
yy
do
lx
yc
zi
vo
lr
gw
ug
fz
sm
ah
fe
nt
cv
fj
rg
kz
bk
cs
pi
qp
qd
ki
et
nx
oq
zk
zg
ty
yo
tz
ls
rd
xz
ut
nz
wa
ow
dp
ui
bw
yg
jx
dq
ie
qe
yz
ku
oo
mx
uj
ht
ws
wx
sg
xo
uy
qa
mp
uu
cw
tt
dj
fq
py
lo
zp
lp
ro
ng
az
yr
es
lb
da
nz
ut
gi
in
kj
gn
lm
ct
wt
oc
yj
uh
tf
ru
ry
gv
rx
yk
se
wa
qu
ey
vf
bi
zu
mm
fi
jy
kt
el
ke
wl
sf
zm
wx
ss
uk
wf
uf
ob
dd
xp
og
py
su
zx
ya
dp
mr
hi
yo
ln
nf
hs
kl
mq
zc
lv
mp
yk
qx
yu
ng
oi
kw
nt
de
zi
wu
wf
ve
te
kb
gq
pg
gn
kn
bs
ox
ng
js
hm
me
pk
mg
tt
cr
oq
xx
vz
bn
ub
we
wx
yr
de
pv
pu
bg
op
yg
ky
gy
bg
dl
uf
eo
is
co
da
lo
gj
sf
tc
nj
go
hz
pp
qd
ug
vn
fo
qn
oo
fc
oy
xy
bh
sh
jm
ru
fb
zr
al
pp
mf
ue
gs
dp
oq
cd
my
ix
tx
bc
kv
bn
di
iz
xg
ur
nh
dj
pq
jx
sp
aq
ns
yy
ip
th
kt
ck
tj
pa
rw
ry
dl
os
jc
cq
aa
hu
dq
nc
us
sa
br
ba
zu
ii
kd
ig
fl
ue
lm
tr
va
xb
pu
rs
ct
th
kw
ky
fy
wq
jd
ca
co
hy
lm
qb
cn
jc
dl
ae
ci
md
ye
sn
ul
rc
fu
ib
gt
sq
dx
cx
rw
vj
vy
rs
we
yy
kh
cp
ji
jb
yd
pp
fw
au
sk
wf
cm
ez
xx
vn
ct
hh
nd
mo
dp
fd
td
xt
ii
nr
fb
zy
wh
kh
kr
ag
zd
al
ev
cp
we
wt
mv
xh
mo
rc
qm
if
un
af
nc
sv
zk
zz
od
hn
lr
fe
hy
ov
gx
xk
am
on
ji
mb
gz
or
vf
ys
go
aa
px
qn
hd
ea
tv
jb
nd
xg
io
eu
qx
hy
sf
ao
bj
hm
pe
yt
qt
xy
tj
wm
pd
dj
cv
ln
ua
pg
ol
rs
wi
tq
xc
rk
pz
xk
kg
le
dc
lc
rc
og
an
rf
wg
pp
ks
ss
ce
gx
rt
bs
rr
or
nd
ws
uj
cn
im
ye
ip
vh
mz
ht
to
jf
bt
rs
ke
xt
xg
ho
fr
oh
zw
dm
zm
jv
wt
nm
er
qb
jn
pp
eq
vk
se
yk
cj
fg
ca
xc
wf
gy
cn
ba
tv
iy
bz
wc
zn
wg
cp
mo
wn
wm
mi
lz
jt
ek
xl
rl
ir
up
jf
rw
gl
cj
ea
ub
jz
ep
wb
wm
tg
ch
ze
ar
la
kt
cv
yl
fo
bv
bq
oe
ac
qy
cp
jp
ti
vq
tl
db
zb
wk
rb
mx
wn
ah
tz
cp
qz
hp
dp
bm
pp
om
ja
af
zq
vw
qo
bl
nu
ek
wz
tc
rq
kf
nv
ca
mi
we
qq
go
xh
oj
qz
ds
zi
vb
sq
rw
ku
ck
th
bg
qk
gq
xc
zs
va
os
nd
gq
jk
vn
fe
vt
bq
cz
sa
rn
vg
kq
zs
uw
ut
es
wq
ds
nf
gj
zg
me
pu
lm
hk
pk
pu
mu
zy
cm
da
xg
cq
hr
bj
aa
kj
qn
su
wo
pa
eb
xt
cq
cr
lb
tm
va
vd
ml
pz
dy
df
nr
rr
sk
xq
sj
wl
yz
se
sc
ba
in
vo
qq
fd
pq
mj
st
bf
kp
ig
ro
kv
vh
tp
vg
ow
dx
xf
ua
nf
fk
lk
ni
ic
rj
um
jv
hs
jn
kw
ef
xf
cq
tn
iy
rj
sf
op
jn
yn
xf
bv
lw
ij
xf
ao
pz
ts
ay
vw
wv
do
yx
ln
yk
uf
ey
oa
hx
vt
ix
py
gg
ua
qj
tw
ll
ck
hf
jr
ee
nq
uj
eb
hd
eo
lt
nu
qj
cf
mg
ud
pl
rb
gl
ms
fo
sb
mz
hc
xr
ze
tb
le
hd
tr
lq
lf
tw
xn
mf
gf
za
rw
cg
um
rc
pd
yw
vw
ek
in
sd
qi
xc
as
vr
rf
tc
cd
mw
ye
hz
xk
ed
ca
gn
np
xh
ml
jf
vy
kw
ox
xv
gp
ls
qn
mh
bb
st
ew
ay
aj
xr
tt
ku
nw
ps
jk
gp
eu
rl
lr
nb
xr
mo
xq
wy
ha
zt
ln
ua
no
mz
af
cp
ff
wp
as
by
oq
wy
ta
fq
se
wp
gn
um
ix
nd
ac
jh
vp
qw
zn
as
lp
kb
ja
sy
rx
wg
nx
gs
xh
db
yz
qa
fh
hp
dj
dq
cz
rc
nm
za
bu
yx
uh
km
my
ip
nn
mz
br
ww
ei
eq
zq
fo
tk
sj
bj
mz
qg
su
il
gw
yq
gd
fk
nn
pc
oe
hd
tf
gd
hp
tz
ec
en
fs
rh
ga
fo
oe
tf
ar
tk
fz
wx
jy
ut
aq
au
wd
mx
uk
pj
dc
ck
kw
to
sa
kp
gw
lp
rn
dz
af
om
dw
um
ew
mt
tp
lf
et
rd
sd
gs
yg
gy
lh
uz
in
la
li
up
zy
vi
lw
si
rr
bw
am
no
uq
co
vn
hd
oi
tn
cv
ik
dc
vs
tr
kd
wt
es
uo
zi
xn
ia
lg
jq
uz
ni
bh
qu
pt
nt
cj
re
aj
ur
fz
jb
cz
ef
ta
it
hn
fs
kq
mb
lb
iv
jk
of
hc
ur
in
hd
gp
pf
lz
fh
tg
tg
xz
wh
jj
ji
qc
uz
tf
mj
pa
wq
lk
mn
do
pe
gv
ii
km
xl
hr
gc
th
rf
vw
wa
hb
eg
so
gx
un
qa
ir
am
mo
pg
qs
dw
bx
or
ym
eo
az
oq
mq
te
ps
cy
bf
ov
pt
ry
wr
ck
me
jm
kj
it
om
ph
ub
ve
ab
fl
kr
gn
yd
qv
yc
tt
wg
iv
et
uh
in
ir
an
mq
ni
jq
cm
gz
ml
pi
hl
my
qf
ef
py
ki
mu
pe
tw
gd
nr
dq
rb
xa
ki
yj
gb
qi
dm
fy
ob
cg
wc
se
am
vd
os
bz
my
ma
wi
tz
at
zw
rr
xw
ne
rs
ss
ws
yi
pw
pf
he
mk
ko
ch
of
hk
oz
al
gb
ns
cm
mn
zg
nk
pk
uk
na
gy
fi
qg
tn
qd
la
pu
wu
wy
dr
pq
ua
bx
tb
vx
yp
uo
jx
vu
xd
lz
ux
uq
gq
uw
iy
tx
kw
xk
ub
td
au
tw
zq
zz
dq
mb
vq
ns
lg
li
ma
qy
es
hw
fv
gp
zz
iv
ll
lx
gi
me
hu
lh
qx
pw
ds
co
bb
wl
at
rc
ng
hu
ym
dn
pd
qn
uo
zx
gr
go
py
go
kv
yn
cy
if
cw
ty
wq
rc
uq
na
fh
ib
vl
gy
gz
xu
sx
oj
il
uh
uq
sg
ur
bb
bm
iv
am
cy
nb
fv
qj
wu
vp
oc
qi
of
wz
va
wt
jx
bn
yr
uh
ey
sp
oe
by
cp
eu
ee
am
yr
hy
kl
ja
pz
xr
dd
sd
yu
uf
lh
lz
yl
kd
nk
gk
cl
vh
bk
ew
ar
ht
di
et
sg
rv
ds
uk
uy
ty
qr
qg
lj
gs
zn
sh
vs
fd
zu
vl
jc
yk
ap
dt
uv
bb
xc
sn
ng
ln
fj
re
lb
qo
dp
ym
pw
yh
bx
fj
hg
dw
nq
at
yd
wj
ge
xa
gf
lf
wh
wa
ew
rf
kp
hw
js
us
xs
ma
bg
sb
uz
uz
qd
qy
af
ex
gx
af
iy
kp
wy
we
pf
ui
lk
lt
de
lw
ho
hq
dp
fu
is
ki
zd
re
cw
qp
rn
oi
im
dr
xo
wm
yo
zx
qu
pa
bc
gm
lx
ci
lz
vy
ul
sx
qm
ar
fy
og
nb
bn
bu
qv
hv
sr
cy
pr
gy
wf
jd
ix
sk
ij
gk
px
ie
zs
cr
ts
ac
vn
aa
kf
zk
nr
xu
bk
tk
bm
lz
os
sg
cs
qx
pz
zo
xh
iu
li
wa
jk
xk
qp
qr
wg
lv
sk
fk
sr
zc
pd
lo
ev
ys
bp
gk
af
be
lb
yb
md
tg
jh
ha
ov
yb
pb
fu
vg
lv
kb
pf
yr
oz
jd
wy
go
rj
bt
tg
cm
dv
hp
fq
ka
hk
ah
yg
fe
ew
xu
us
gy
et
vx
lf
wn
bx
qw
sh
gz
sc
rp
uh
ot
he
ik
mb
zt
yj
gh
ma
dp
eb
zi
rh
sq
td
mo
ka
rb
jb
vx
zz
un
tt
jm
sq
wr
vn
nv
yx
ba
pq
th
wk
ff
pr
rg
pu
sj
tv
mx
yg
ac
cq
pb
md
nl
kb
lz
be
wn
wt
ge
qv
jt
it
gx
dz
fl
xr
mf
sa
va
uf
zh
cp
kc
ao
nv
ko
kj
wg
je
jl
fh
bx
hw
zf
wi
tw
wv
xb
wl
xp
hj
ej
ea
wi
ng
je
ea
ih
yz
tb
zy
df
rh
tg
py
gz
xi
fw
xc
do
vl
jg
qm
cu
wv
dm
lv
pr
ji
zz
gi
xn
ke
lc
uc
mw
mb
ah
ul
ak
nl
ja
bm
eu
fu
pr
fn
nn
lw
ho
hb
bz
ix
pc
iw
se
lp
fk
sg
ks
bs
pt
cr
qf
xd
ox
am
cy
nq
jc
kz
fn
uw
mw
nv
gy
tw
gf
rs
px
uv
eo
sa
ga
gp
ii
tn
cw
sg
gc
ga
ri
fp
ae
po
oz
vc
vp
gs
ag
hi
jl
nn
ql
ek
zf
cm
vt
og
qa
sx
yd
qa
wc
si
tf
kj
ub
tb
mf
jq
ma
nw
ru
ck
aq
iu
kf
br
el
ck
dz
ch
dh
cf
en
hf
ls
xu
mn
qm
hb
eq
az
pr
ey
wf
pv
so
it
ji
id
hf
vd
be
vg
ep
ch
wt
vx
dg
fc
fq
lk
dn
nv
ub
hh
bq
zv
he
ba
qz
uy
vx
we
up
sa
wo
bp
tt
ie
lm
wf
ke
ao
as
ta
oq
pq
le
kn
mp
vo
fr
lr
li
lh
mr
qi
ac
yq
zx
jn
no
do
zm
fh
fl
pu
uu
cl
ge
jm
jf
gm
az
za
zj
cn
sz
hq
cr
sv
qq
ea
de
do
qz
ht
dn
le
ho
hw
ii
yu
cf
gx
mv
gz
sl
jf
wk
zr
bv
lw
tz
op
ii
ci
uj
bq
se
gk
bf
ty
ev
xf
tf
kl
pi
xh
aq
hc
ly
ly
ju
wy
gi
vg
va
jp
ub
ho
lt
rc
bf
nx
tb
ld
eo
mz
md
tb
uh
bs
vy
af
vj
na
ri
pi
gp
az
ju
wm
wx
do
es
en
tv
pf
pz
rv
be
ek
bm
il
eu
gb
ml
wu
qb
dg
iq
uv
xq
dn
cg
vr
pk
ov
fh
tq
eb
gj
xd
zf
fe
kg
os
sb
rc
fe
ig
km
hk
gv
xs
wr
xc
bg
pd
dy
ti
se
bz
sh
ek
nj
ci
rw
tw
wc
zu
ea
tf
jv
vb
rv
bs
es
kc
ey
ku
lr
jp
nb
cq
hr
bw
ka
cd
oo
db
ip
dz
kk
ob
kb
if
jg
tv
ol
iv
li
mq
fq
dc
nr
ya
lp
mw
wd
rc
ys
mk
zh
zl
my
py
zq
tj
jw
nh
dm
uy
ma
lb
bg
ua
mp
wi
qb
fi
aa
mi
az
cu
dt
om
il
no
pl
tq
mk
cl
ga
ie
il
tb
et
ao
el
mv
sh
uq
og
ym
zl
dd
mu
ru
bc
xi
ip
lj
al
gq
ad
an
pj
do
sc
mi
gv
mm
cf
fi
wt
jn
tl
ov
gr
na
ez
jh
oi
cr
zg
ii
mv
ws
et
zm
vh
kr
fl
dk
cg
dn
oi
zf
zp
ka
on
fy
vc
hv
zi
zr
oj
un
jw
bu
zr
py
kp
bv
bv
py
px
rp
tq
vw
rd
ol
ql
nl
jz
rj
pb
hp
pn
ro
sm
rg
zo
mg
lf
jf
ge
tu
bw
lg
lf
pj
ol
ak
mb
yz
bj
sn
ur
by
la
bc
vo
wy
hp
bk
hw
jb
fj
hg
as
ge
zm
va
hf
dm
zr
hz
qi
gw
vh
jj
it
vl
mj
np
po
vx
xe
vd
si
fa
rs
si
es
xm
ch
mw
pk
mq
oi
qr
ib
en
sp
fr
vw
zj
nu
mz
mm
qu
oj
ir
gp
tz
st
ib
zg
za
um
se
jo
uf
zw
uc
ee
uh
bs
eq
yw
mm
ng
hl
gf
xr
te
as
fe
qk
jq
hp
rm
xt
bn
bx
ln
tl
ib
ks
mz
ty
uz
ca
ot
ct
in
fk
ys
to
nf
vl
et
ex
ui
pd
hl
nl
kk
mo
yw
wj
ep
av
yg
xk
ek
vd
ij
av
pg
dg
cs
pa
zl
tm
uc
uw
ac
bs
ax
tm
lb
cy
gm
ri
tj
os
gh
yt
xs
sy
sg
me
hz
db
ki
bh
bt
ud
ql
tw
mn
sg
ri
py
zu
hk
sw
so
nu
ux
pk
qu
ad
yl
eu
bw
ze
uu
jj
qu
la
ga
yd
ac
lo
yb
sf
px
sj
bv
kb
sv
ck
eb
zd
wg
kz
nk
qx
ld
yc
dw
bs
qv
nn
hw
yj
wj
ym
sl
uq
hr
ax
cj
pb
fs
qr
lz
ah
sj
ae
jn
jd
ab
kd
po
lj
jg
vw
rf
ga
ie
ea
ye
tn
mv
ms
wy
ea
je
aq
xx
ow
vo
ym
qd
vn
hs
nn
sy
ov
jh
yn
vf
ov
kq
vb
yg
fa
ti
ms
ij
ft
vt
bz
hp
qh
ot
il
ht
hd
ga
oj
jb
ri
oe
jk
bi
pq
bi
vz
dd
mm
ao
xe
rr
vo
kd
oj
rb
qk
wk
ba
yt
pu
bd
iv
gy
gl
nd
vf
jc
wp
pu
ip
xj
vh
zl
lc
lk
ko
sr
bp
dr
ln
ff
ft
fk
ux
yi
hv
pm
ma
ux
uw
jd
mq
ei
rv
px
cv
br
bs
fa
em
qw
dv
dr
eo
sa
hd
qt
kn
uv
uc
cu
yy
zd
rg
el
tv
qn
ux
wx
qr
eg
lx
lq
gw
io
pc
nw
or
po
xt
ic
xb
zk
ng
po
qj
jp
lg
bh
xa
tu
jz
hw
nw
xg
rd
iv
vw
bd
nw
vg
ub
cb
da
jd
gp
ar
rd
wp
uu
mc
lt
kb
ys
ug
gk
xi
xp
dr
yn
dr
ge
mu
cs
aa
ko
ut
oc
vp
dh
mq
bf
rm
ps
rz
de
vz
pf
qo
pa
wa
jj
fo
kc
er
jm
gn
jk
bd
uf
jx
is
jy
zb
zu
dw
mw
hm
om
fl
fg
ef
xa
kf
kp
cl
vp
zp
rb
kl
lt
yx
eh
cd
mq
pg
hq
em
py
da
rn
aj
nb
mx
xn
kf
yq
io
yu
gq
eb
or
ye
bg
pu
eu
ac
po
ms
iy
yf
wr
vj
pn
wz
qj
uz
ho
wz
ix
vj
ts
qm
jc
bd
we
nl
bo
rk
in
ps
uz
rz
mh
us
sc
pr
wx
ss
je
gt
lo
nz
lg
wn
sk
td
bk
iu
yz
jk
wg
xl
dr
cs
wm
xs
gs
gw
ni
qm
gj
up
qr
zo
gv
ym
wf
dh
cd
xi
tw
vm
hd
tf
oz
sf
pm
fx
sh
cg
yk
xp
uf
ee
pe
ys
tc
ws
hf
ua
lx
nx
mu
xb
wc
jo
nl
hr
xs
vx
ec
aw
mx
nd
wl
yu
fl
vq
ft
yb
ss
vj
xj
fn
hu
lw
lc
dx
an
ly
vr
du
zg
dh
dz
gt
hp
tv
oh
xz
mg
hc
du
ld
zn
qy
ff
gc
id
dl
du
np
nh
kt
wj
dz
kq
hl
lm
yh
xr
cx
zn
nz
eg
gt
ye
kt
qk
ir
hn
hz
um
nd
jy
hn
qj
wl
oa
gn
bi
ga
kj
cn
kr
im
ao
pf
oc
xz
yd
if
oq
iu
jv
jh
lr
mk
eq
pw
kl
kk
cd
ks
wv
aj
jk
il
bq
ky
ce
zv
pz
km
lg
ld
vf
lr
gj
zq
sg
px
lg
sp
tw
wj
ho
iu
mj
nf
ff
st
hi
an
fh
ep
qx
xz
fa
gt
rt
bv
dh
sx
pp
uw
lo
ct
eq
ti
ko
zy
jg
dw
mp
sj
qo
vt
oq
zc
aw
ae
ei
it
tf
xi
qr
fb
kl
sc
ot
ga
an
me
nl
os
hh
gv
mm
fx
wj
ue
rl
jt
qi
tq
lk
ax
bf
fc
ep
px
fw
ni
xm
qi
qw
if
eo
de
at
zk
nn
qf
jm
ey
zx
gs
yy
xi
dq
ws
mw
co
cd
ca
th
ig
za
ml
ws
ld
ns
gn
fp
hc
br
ju
wm
vw
nl
ys
ub
bi
ho
dw
sz
em
qy
pl
ig
sb
ry
tc
vc
wk
lu
qw
lh
pk
pj
uy
eg
gl
cd
by
sv
dg
zq
zg
ti
bk
kp
xo
pr
lo
qf
ig
cg
og
wc
uf
jq
bb
su
wi
hy
yd
za
wo
jp
cd
eu
pj
hu
ev
ze
cj
da
hb
eg
tl
uf
xu
go
ye
pm
xc
te
ua
nt
rv
vp
io
on
cs
un
fb
fw
pr
pr
at
ki
en
sj
nr
at
ms
kd
ey
kp
fq
ra
rx
hd
mh
et
eo
xs
kz
cn
rw
ge
pk
qb
it
ts
mg
dv
lv
cc
xx
fo
he
st
ad
ml
oh
wv
su
av
tx
wf
ef
rd
ni
uc
ae
qz
je
hi
vc
uo
cc
vi
tk
ch
pu
rj
qn
oj
gx
mj
sc
pz
wl
be
jg
db
mh
xz
ny
ms
yc
oc
am
lh
xv
be
te
ik
cb
de
wk
lt
jy
ud
ef
jf
qy
sy
pw
bo
td
ox
js
xe
mi
ru
yf
eu
sa
dt
uo
aw
us
xg
ja
mj
hc
uy
mv
kq
bp
xh
hf
im
xz
jm
in
mv
zd
su
ge
mc
tq
wd
zb
uj
pg
al
cp
md
zx
pu
hk
ft
bs
qa
xo
xa
dn
zz
cj
ai
bi
vv
lu
yi
nw
lf
ky
mf
mc
ye
eq
ae
dk
dk
am
ck
ej
mt
yf
hx
zu
hc
rf
we
jj
db
iv
wl
se
yx
wn
ov
qh
cq
dp
ji
xk
po
ac
rx
no
kr
lk
po
mr
bu
jf
bu
wi
op
lz
xo
tz
mx
ry
lm
ku
dh
gc
jw
pv
sn
in
uq
rp
ny
an
rx
xt
uw
kl
ct
ee
lp
gy
dm
yh
az
qh
ja
ap
zm
fe
vj
bv
zk
wx
rf
sg
av
ut
si
ku
bu
vg
yj
dk
ka
gb
co
mo
hh
et
nt
do
ej
fg
qn
ja
pt
ly
mm
do
fd
ly
zc
dj
xh
va
ql
po
ca
gm
aj
xh
hi
us
yq
ls
lj
oi
ts
bc
dy
cc
nx
gr
tj
au
sx
ws
wd
rh
he
do
dq
ul
ds
vo
ps
dp
tu
rk
cr
cg
pz
ve
pm
li
nn
wx
ri
lu
px
ki
al
fc
xp
pp
ex
no
oc
qz
tw
sw
db
dk
ec
yp
cf
sg
fe
mf
kk
us
iy
ov
vg
ba
mm
nd
zz
xn
mu
yb
tf
ep
fi
uj
qy
wc
wu
nk
zp
mo
dr
di
tp
xc
rz
wh
fy
bv
kk
ga
nk
pg
wg
wm
yz
us
sx
al
js
tl
xz
xh
nb
bp
vz
pa
bp
wd
vx
ey
vj
xg
av
to
lb
uw
ne
ag
mc
fa
xt
ue
nc
tq
eu
qd
vs
ky
ow
tk
vj
xf
ur
ee
jl
pc
oe
ea
km
za
dv
zs
cp
so
vw
qb
dt
fq
ud
zg
hu
vw
er
sy
pw
ea
fp
lo
cz
ch
uj
nv
ug
ox
fi
xx
qk
en
pg
gj
we
mz
gw
fl
jk
zp
cu
jq
lt
zc
tp
rr
sl
sk
ix
xa
ln
ox
hi
ig
xz
gz
xo
gl
kg
hg
yh
gr
uo
ay
ne
po
ff
ue
iu
pm
mh
hl
lh
nt
ur
nm
to
en
up
uc
go
ps
hb
xr
gm
nl
bg
ox
vr
au
lq
ac
ur
be
jb
sk
lo
bk
rs
nt
sx
sq
fb
jd
ye
pu
ma
on
bp
cu
me
tr
na
sp
kc
bz
jk
gz
xm
uu
it
ig
wh
ey
ir
rs
ok
gv
qu
da
eo
cl
ux
xj
gl
ay
ma
cp
bo
lq
sd
lu
ri
ih
ef
tr
yv
xb
ta
ni
em
qe
sc
so
bd
he
zj
gu
ef
sa
ve
iv
oo
se
fx
ul
rv
ge
du
rl
dn
mg
zg
wi
vk
zv
kh
ma
si
xx
sy
mv
lu
fx
go
em
rx
ai
as
sk
yt
dq
hn
ga
jf
cl
vs
ud
id
oo
wf
wt
jp
ln
vp
wo
kn
mo
im
ev
ey
cq
sa
bz
fy
hq
em
by
im
bx
mc
zs
zx
iq
al
rg
gu
qa
hv
yq
bk
tj
ig
iv
ct
fk
wg
bt
dh
mh
zx
zl
kc
cd
an
uw
mv
qw
xr
ch
ss
wc
xj
lj
bz
zi
ol
dn
xv
bo
lv
kh
kl
uy
fc
sg
jb
sg
eb
hk
kd
tl
lq
jq
zg
mv
sc
gh
ma
ad
cu
lh
rc
ua
mm
uk
ur
kh
zt
vr
zj
mj
va
ai
vg
on
cq
tn
uq
bg
kt
kj
my
tl
wx
cb
vd
hg
vy
na
ea
ul
ut
xz
gn
va
ao
hd
mn
in
gs
ee
zz
yc
sr
iu
ny
zh
vl
vt
lj
yn
gm
ai
hd
rf
dz
uj
kz
iv
xm
ts
vu
ej
sr
dj
pp
md
oz
ax
qm
js
ck
hb
pd
rf
qd
ns
tz
cd
kd
pw
je
bx
hm
mi
mb
ru
mz
wh
le
ik
ge
qv
qd
vr
bu
wg
bl
vl
bs
sc
iq
yn
vl
ax
cb
pd
wb
dk
br
mz
le
ys
sn
sp
vv
nt
zw
sn
xc
dk
ho
cf
vz
wi
fa
bl
tq
mp
ub
ap
og
zg
vx
av
ja
jo
tk
is
en
ej
we
rc
kw
qf
rt
ql
vw
vx
dn
lc
uv
qk
zf
po
fb
me
nl
bg
ky
al
qh
ep
ok
fq
gc
vp
dw
yq
nh
wq
zz
wb
jx
nc
ws
vm
up
wc
qp
ox
ka
tb
ck
rv
cf
lx
oq
rk
wl
du
zq
mx
jv
kf
fe
zs
md
ep
zs
mw
ie
bx
px
ua
ly
dj
mx
pi
ou
aj
fj
zr
jw
tn
od
lk
je
rl
vx
ju
fw
bi
hm
rq
xc
mx
id
ta
xj
hp
fv
cf
qr
ph
zi
lq
gr
gp
tb
mv
cl
be
aw
bg
vg
ao
kt
en
wa
zj
kw
sp
cn
vo
kf
ul
ji
kq
ib
yh
da
tt
dd
zp
is
tv
iy
ho
zb
we
de
tp
ez
hy
de
fk
sz
mx
an
jf
ih
mt
ab
to
ue
ta
cu
xj
nk
gi
ol
jx
wk
wx
hr
ml
vo
fj
cq
zb
xp
it
wk
fd
lw
xp
aw
qf
bq
to
dq
ys
mj
lf
jb
la
bl
kk
kl
nc
hh
xr
qp
jm
tj
uv
lw
uy
fi
ty
us
xo
kk
br
am
sy
lg
dc
jc
yd
pd
tt
mt
na
gx
nr
bj
sj
er
ak
my
ua
nv
ey
cv
qb
lw
lw
cu
yu
ny
si
mt
zk
us
cp
xx
wn
ch
rt
yg
my
xz
wn
vc
sv
it
pr
di
gv
oo
cx
ml
uu
co
ys
hf
ja
op
fh
td
jt
xq
pz
te
ly
ki
js
hx
tg
xr
xv
pj
rz
lw
dn
dd
rs
am
jo
kp
vj
zp
xb
mp
fo
do
bx
vv
gv
wz
tu
ot
xw
pt
uw
um
uu
kj
bg
fm
cb
lr
eh
gl
nf
qa
co
wv
ha
cz
op
kp
dw
vj
ao
dh
xs
xs
pr
lt
er
fn
db
gs
tw
dm
vv
ig
dv
hj
zo
rz
ip
jx
gv
wx
yi
dx
sz
ji
qd
jf
lo
fh
td
pz
yn
ct
uy
fc
zk
bz
ks
qa
fq
mh
jp
ob
xq
qv
uz
qf
xf
lo
hh
qv
zc
hl
zm
rx
qw
qv
cc
wo
ij
qn
id
mq
rc
xt
pp
fx
mx
ox
qp
bu
zq
xz
kg
jk
lg
wi
py
ww
rw
lu
nm
ki
qq
ho
as
bk
as
so
ce
uq
fy
jy
tx
eq
oo
dz
ke
cv
ec
wj
wa
ee
rk
mh
qz
mq
jj
ry
zb
im
of
op
lc
or
fr
lz
gv
ng
gi
un
ym
ne
yo
ry
hs
np
nv
uj
ie
cw
jt
it
oe
ch
hv
zp
ql
ls
jz
da
gw
ch
yo
la
cu
zn
jh
md
ay
cm
dr
wq
ph
pv
qg
qw
me
eu
in
sj
jj
jk
tr
iu
qv
mm
sn
ob
xb
zu
eq
ty
kf
tz
su
km
by
ln
ze
sr
lk
ni
bz
tc
sj
gn
ad
be
ds
ug
cq
in
zb
av
yp
ct
sn
wm
ch
vs
sp
ci
gg
qv
el
up
ie
zt
vm
tm
zd
xo
vn
im
vc
oz
md
pt
rm
iy
wf
wo
fx
pq
fl
eh
bu
xk
mh
yi
xn
pp
ss
tq
iq
wp
rs
pe
ct
vo
hv
bj
mg
qy
ua
ch
la
wc
ju
vk
qx
ve
je
st
kn
ps
cq
vx
kh
kk
dp
pb
lh
rs
qc
ci
lx
zb
hb
xz
vd
vy
wq
bl
zm
gm
cz
ik
fy
qf
gw
yi
su
oa
mm
sl
li
ng
au
sz
se
wk
sb
rs
jt
dv
xo
qp
zq
vp
so
oe
jj
pw
pg
dm
bz
ud
yo
dw
wr
uq
kb
yx
ew
ro
hh
ui
js
iy
mx
aj
ar
pw
cb
kb
bn
no
lt
gs
ts
xk
es
kq
zj
cg
nv
ds
xu
xe
fa
lz
kp
dl
iq
fk
vm
mj
rs
dc
qh
xs
im
eh
mb
qe
so
rp
is
pg
wa
li
eb
iz
jc
fy
dc
jo
hi
lu
km
ph
js
qc
ma
oq
cb
dc
me
js
vs
kx
gs
ns
gn
wo
xx
cn
jz
ta
ef
pz
kp
ys
ca
rw
il
ey
uw
sj
vj
pl
vd
ez
el
yy
nv
kg
nv
ha
mw
zi
zj
kr
cb
to
zh
vq
eb
si
pl
ry
zt
bb
yp
iy
wz
bb
mo
kz
pa
xz
jh
nl
jo
jz
wh
xq
ha
ok
px
sw
fz
nq
dq
gj
bi
lu
jw
no
qc
ky
au
mo
ei
pe
un
ni
xm
wv
vr
nf
dm
bn
wq
ri
ar
xp
bl
ba
bv
er
el
zv
ny
sy
tq
vg
pl
nd
db
yl
if
ui
af
ap
sx
fw
oi
ts
av
fz
kr
rn
dl
it
xk
hx
zy
bw
tg
bm
kp
gk
oh
nm
mr
fh
zr
gj
cs
mb
pw
um
rg
uq
iy
ov
vj
pt
hq
xg
or
gi
oz
sx
mo
wh
pe
vk
yu
og
lh
mu
ix
ix
fz
sq
bi
nu
kj
ny
um
nz
it
th
na
xn
id
tq
ju
wi
ax
dv
gc
bo
ob
rz
rr
pp
op
pt
ah
ib
ql
cd
mm
lk
si
ae
vx
wl
lc
la
aa
ou
uq
qx
yn
es
yi
uj
us
ro
tk
al
kl
jl
kh
jz
gm
qh
yt
nl
my
gd
wf
jv
eh
kr
dy
re
rk
bo
rt
sp
mu
qp
yu
pj
fd
un
oz
ez
yg
vb
yz
cb
cw
uh
cr
bf
nk
jv
gv
ns
tg
dw
at
gr
ju
up
kc
js
mx
xm
md
qd
kf
av
jn
va
gm
wf
tc
pv
nw
nf
md
og
zz
se
ip
sd
qs
vk
ve
ae
er
xc
ea
gu
zl
zd
oe
rl
ju
rv
op
oz
tp
km
ny
vn
ej
nn
rx
vn
aj
qu
dn
jh
rv
la
qd
nb
qx
me
xd
pz
wy
do
xf
il
lp
na
vt
od
sq
es
ou
yb
gf
zz
aw
ai
nt
yz
pk
zd
ty
la
yt
yc
oe
mr
sz
sa
ia
vb
dw
om
gc
kg
fi
rk
da
nl
on
be
mt
mh
pj
ro
xk
mm
uy
im
ig
ho
hc
iz
na
ah
cy
qy
po
jz
mw
ih
jb
vy
ry
vl
rw
kd
qi
wa
rj
lo
mj
kp
to
ll
tw
lg
lg
fg
ni
dg
cq
wq
yl
zo
xp
mj
wv
zg
ie
lh
td
vj
wb
so
tu
pw
kh
ae
uo
pc
au
qp
yv
om
ii
vc
wr
ap
wo
fa
zn
pl
yb
ok
ow
ej
ez
ce
wj
on
vb
lz
dw
iv
ki
fl
tv
du
jc
rk
hg
aa
di
yt
cv
hw
xc
uv
uy
ox
md
qr
or
zx
ah
in
tt
ce
xi
pu
pf
mv
wh
xt
fs
ft
cy
mx
mx
eh
lf
ob
sq
xp
bv
rj
sl
kn
bf
vw
ng
mv
jl
le
an
mr
wz
gt
nk
gx
fs
oc
cw
bp
ur
ii
mx
fj
rz
ea
fk
dg
yw
pe
dq
an
zi
qq
id
yc
ik
pd
zo
rt
mp
py
kf
zy
ou
ut
hn
qy
ie
dg
qe
dv
yn
hu
pm
ai
oi
ih
je
yy
ia
el
rb
ej
yh
wv
og
rg
eg
zf
lp
xp
sm
ol
ol
bz
eg
zb
id
ct
ae
mx
aa
yp
ja
po
ix
vn
jn
fe
nx
rf
co
ny
ri
aq
fm
rc
ak
ue
ze
ty
tb
aw
ih
hx
ne
xk
ef
xi
uy
ki
jf
dt
sk
lu
kb
ph
ln
bs
tw
bo
yw
qv
ys
ic
zu
gr
kr
yh
es
an
vh
gi
ph
eu
ia
el
mi
gq
vb
he
oz
so
np
am
hb
hq
ar
im
fp
rz
bj
uc
by
pr
ia
in
qk
wv
wm
wx
wv
dq
va
iw
jd
gs
rw
pw
di
hl
ie
cq
oq
uc
jb
if
rm
kf
an
vu
kx
mj
hm
ys
nc
pt
cx
kr
ns
db
zd
ms
lk
tn
sk
zh
qu
mx
cq
wy
cr
as
ya
rt
fr
ze
we
wi
nq
bv
rd
lg
ry
qb
dz
ar
ez
vy
ee
hf
sv
bq
ue
wo
uk
cw
dx
ex
xu
zl
er
xy
kp
lr
ng
pd
fp
nv
vm
ez
al
ft
wo
nf
xc
gp
im
pk
xy
ju
lo
cc
ia
to
ys
wc
st
vr
xd
mz
zh
bg
sy
su
ws
vi
zz
to
td
ry
du
tw
dk
mo
vd
az
rp
te
wd
pi
io
gp
yg
vx
cg
oc
sw
fw
vq
vv
nq
bo
xh
ru
zp
mq
og
wv
te
aw
pw
ju
rn
qm
bs
ql
br
wf
fo
mo
rs
od
kw
ul
hi
zf
td
gv
eu
vc
oc
ks
td
mo
ou
fb
zf
jj
gr
yo
po
yq
pw
jg
ch
cw
az
fz
oq
db
lp
mf
tw
ee
en
yq
lo
dz
pq
nx
nr
ae
hp
hk
wh
xk
rs
yq
ak
pe
an
pk
mx
qg
tg
nl
nw
qq
kv
dn
gi
zf
cf
xs
ca
dc
ql
kv
vp
gm
tj
mn
qr
ip
us
pd
zk
xe
fd
yw
mg
yx
ty
yj
pa
cg
vs
uc
qb
yb
wy
bd
kq
ge
ad
ab
ca
ic
ko
bo
jb
fm
jn
rv
al
gg
jg
rh
sr
zs
im
jl
eq
iy
ot
mv
ra
zf
uj
ft
rc
wa
if
go
nr
eo
zb
rx
gt
ep
jy
oy
vo
iq
yh
ma
dg
en
ie
wv
pe
kd
yu
pz
aa
ez
an
ms
ib
tj
tp
ch
rh
np
wr
pb
mn
yq
rj
wh
xg
ms
jq
lt
vf
ew
nf
sl
zs
gz
mo
cv
lj
ck
zt
rz
ku
js
pp
tx
qb
kn
xx
ut
wh
ny
lt
il
ds
oz
dl
az
lu
ly
gq
pn
wm
js
do
ip
ic
fu
xa
eo
ec
yb
zf
gj
av
zt
uh
nv
pg
le
ga
rf
ga
vq
bt
di
aw
ns
ai
wp
zi
jj
xa
ly
gh
it
pz
gy
ny
vl
yd
ej
or
on
nu
bx
om
vk
jv
at
sb
vs
ca
cl
xz
vj
lv
iy
zy
dj
wc
ry
zi
ff
ji
wr
ed
xq
eu
yy
tz
ox
le
nl
el
qy
nk
uu
hy
ms
zb
rq
at
uw
uw
lw
oq
ic
yi
cc
sl
dy
av
im
bq
py
ub
ft
ge
mp
qx
st
hb
gp
gb
nl
ha
ms
zp
ao
ay
le
eq
zg
xu
id
xb
np
ka
uy
cb
tx
ne
xg
hr
sr
zi
ek
mr
xl
rg
xj
ix
wd
kc
ye
dn
vz
jj
pd
cu
nu
yi
gk
sv
ln
oc
is
by
li
sa
jb
mj
lb
uo
ua
iq
td
th
ju
js
ov
tz
ay
hp
ls
qn
ot
ju
dv
ct
if
tr
pz
xr
ok
eo
or
ix
kd
ng
fr
jj
gz
pv
og
ya
hk
ci
si
ri
yw
mv
gk
py
vs
wb
sv
au
dt
yo
nl
rr
pt
lq
mo
ho
fa
de
wn
hu
ri
gf
vy
ks
jd
hz
tm
kg
lv
ze
hj
ya
pi
ig
tv
uo
rv
er
fc
ey
zy
kz
ah
cg
ef
vw
lx
zp
nc
ue
en
oy
ix
yh
pl
vk
gi
pz
oh
jc
gv
tv
sp
oq
es
rp
qr
tm
se
ev
yp
uu
dy
qk
or
yj
wb
si
df
fd
gn
sw
ud
zy
ii
ng
gv
qv
gl
zq
oe
yp
gb
ms
cx
ie
cx
uh
gv
xs
mc
ne
kz
gf
jg
jd
ti
oe
na
tv
hi
bh
ya
bs
jx
pm
iy
fj
bm
pz
ch
nf
wr
ed
we
sb
pt
ec
ez
eu
ye
ps
ey
pi
sm
ok
by
hx
jg
te
yy
jr
ow
yl
om
yp
lp
kt
kh
fg
za
gs
uu
rc
sl
ny
lg
vl
xq
od
or
mo
og
cl
kh
ua
ut
tb
ec
bo
he
qu
ts
gf
xf
io
nn
gq
bq
ae
md
ju
ly
qc
rl
if
xn
ps
bn
si
tu
qo
no
ni
yd
hy
pq
az
jf
jz
aj
hj
gi
sn
gn
lh
ej
yg
lr
tw
he
nb
xd
tz
pv
xm
zk
jl
fo
jn
uk
dx
fl
iw
wz
qp
sh
ox
zd
iv
oc
em
xy
co
ur
nl
iu
vd
gu
cj
lb
os
ew
oe
pk
uu
ee
uh
tv
hg
zl
wk
qq
kz
lt
gp
sl
hb
kb
qb
bz
cx
sn
lh
sx
rf
qt
fp
tp
vn
kn
fz
qd
vb
pg
ia
ez
jw
vw
rl
ej
ef
sk
po
zs
ff
zi
yj
wy
wp
ua
th
os
ny
oz
wq
zk
dn
ie
xn
mf
tk
uh
dl
uq
hu
uu
wf
ly
ja
pv
fe
se
im
kr
rw
sq
xh
to
pu
xv
yl
iw
ux
tq
xi
rh
ss
ky
os
aq
gd
wa
of
xt
ob
uj
ss
ud
nu
vi
zx
om
uj
es
un
pn
pq
zb
gr
cl
bi
nu
wk
yy
od
sb
wn
cj
wr
mt
vl
ga
ts
xq
bo
tv
ip
vz
qo
hz
re
ri
oe
go
kz
de
hb
jr
ti
rk
hi
co
vm
rv
yf
cj
bt
tl
ud
tv
fe
ad
st
xl
yg
qo
ox
zs
cv
wb
ux
qu
hj
zi
nj
ir
gn
no
ry
vf
cd
hi
av
jj
zm
ic
ve
yp
tp
lv
yh
am
ox
qb
oo
nx
uf
oi
hy
ca
ts
ga
qb
il
zg
vq
pg
hc
qc
nu
qn
bh
ry
gw
ul
rf
cw
jc
pj
lj
dk
ss
vc
dl
gm
zl
ye
az
iv
mn
vr
jn
fm
np
nw
ar
uy
eo
er
ka
gw
kz
la
fd
em
yu
qj
aj
hx
xt
xy
qg
bv
yb
au
qk
gy
er
am
hm
lc
ma
pl
xz
fb
ta
vv
na
ds
ri
cd
ci
zz
lu
af
bi
ng
jd
ut
pu
wr
mx
mt
en
co
sc
pv
vd
ht
ud
wv
fm
fw
lj
mx
mu
tp
mu
te
mx
ys
hn
la
wm
zz
os
eh
ic
zr
qp
mc
sf
ep
vu
gf
gh
dt
jy
fg
wg
sj
gy
rn
pe
xt
qm
tn
mb
ji
hv
gq
xo
ht
io
sd
zx
bk
bs
nf
rk
ew
vz
of
jp
rt
yx
om
wv
ds
hv
ch
fy
jm
rv
qr
dk
mq
ev
nn
di
oo
rs
lb
uv
ar
kt
fj
mp
bs
iy
sz
tr
mm
hr
in
vo
lq
td
iu
az
ph
rp
dd
aa
za
pm
nv
ke
wq
cy
ql
hx
bk
jv
ry
cw
jy
bk
ep
bo
zz
cj
nk
at
hr
wg
pj
ay
go
hu
oo
wr
by
ej
on
vh
dj
ja
jf
kj
wt
di
qc
yv
fe
qr
jo
eg
op
il
tf
nn
ql
ms
te
hh
wt
ii
mv
at
sg
er
jz
zu
ll
qd
dg
kh
we
te
so
tt
sb
po
pz
yv
nt
iq
rg
nh
vl
tr
hb
kl
rh
db
sa
pq
wb
nb
ex
rf
ql
ek
et
lu
pp
xw
fl
sn
we
cx
zv
yb
xt
ws
jr
iy
ck
cv
qn
au
zo
jk
ox
bl
zz
lo
ls
hl
wm
il
da
tx
lc
vk
sl
hr
xk
dz
ux
jn
bg
ln
mz
cb
hr
pu
ma
nw
nl
pb
ki
hg
bc
nu
hw
bt
aj
dr
gm
my
ve
bz
jb
oy
sy
uh
uh
hx
lz
ry
pl
jj
zp
yz
mf
pk
jw
xz
uh
qf
jm
zc
br
ir
sq
qx
ek
ad
tz
ro
jv
cu
rg
pi
gq
zi
zo
me
ii
ps
qp
lp
kk
ez
ew
ex
ex
rs
bt
ko
ib
gn
fx
cb
fd
zc
tv
fq
ak
ea
wn
lh
ij
sw
uk
zp
lq
xi
up
hx
vw
jj
zs
aj
yp
in
ez
yg
al
xz
cr
aq
nq
eq
jd
bh
gh
ei
vq
pt
eo
he
rx
fq
sk
xu
ni
qz
fs
qx
uz
dp
lp
sl
gj
yl
ls
mw
rz
kr
qe
ot
fu
we
kp
zf
xs
iw
sp
jv
mx
wh
qe
tj
fe
my
fs
xh
ny
nc
dh
ht
ak
hw
qa
wx
ww
al
en
xw
xo
qr
mt
lr
go
fz
da
gs
gd
pd
vw
vg
fe
as
wq
gx
kw
ap
cu
fi
wk
go
fm
jx
cl
ec
de
mx
ii
rg
ir
rb
rf
oy
co
yb
la
pn
wu
kx
jw
gi
sz
tu
cs
wr
nu
fz
sp
ob
tj
nv
ec
sj
xw
sn
wy
rz
wl
nj
de
ht
ke
ed
yr
im
tj
eb
vs
xx
da
gc
nb
bp
zi
pr
ge
wk
gk
ko
oj
th
pi
tk
eb
is
hn
ni
hg
oc
ay
pm
px
dg
pf
so
li
so
du
uq
xu
wd
pd
wt
nv
xs
mf
ou
he
uu
rf
nx
dl
iu
he
rt
sb
nt
pa
ni
by
ce
fj
xr
ug
ti
vg
dk
hv
ul
fm
fb
we
hv
dn
ku
kp
kn
mi
sh
au
an
ce
kp
vj
dt
kh
cr
ct
ce
hw
su
dd
gs
dn
xr
ow
ue
mx
ve
tu
we
dj
nm
wo
fg
yo
je
gi
zo
nc
ad
xv
zg
bh
qs
aq
bz
gk
xc
ai
dz
vb
hu
zi
rd
rk
pv
ah
cd
nw
sx
tk
ty
oi
nj
aq
gt
tv
wh
um
xc
kw
yx
xk
ff
sn
ki
nx
tt
om
jo
rq
wc
sy
zb
qp
tg
lc
ob
ex
wx
ba
ej
pg
uv
oe
um
sm
sm
bz
gb
pw
ue
ng
oa
ku
ri
eo
ry
ja
fn
ci
ew
yn
vr
ny
kz
ct
ov
wv
px
nm
zt
xj
cj
yd
rc
dd
ug
ew
bj
lm
oe
qo
om
ko
bc
ed
uh
ai
rx
cd
nh
zi
hk
sx
th
ny
br
ea
lv
wu
nq
al
ss
nf
ex
rl
fj
ap
dv
vk
fi
wi
fw
cy
ur
bm
cs
rw
an
qt
lc
bm
nr
ex
as
wm
lh
ie
ou
mg
ap
tm
wp
px
xt
wt
up
am
qc
pf
ql
ly
ic
ve
cj
zg
ve
pw
ob
ho
xw
cw
gu
sf
bc
px
ev
mg
nz
zq
lb
yp
yd
kf
jp
zr
xq
wh
au
om
mu
sa
rc
js
uc
kv
wb
cw
kk
va
fs
eu
pd
ru
tb
ps
hp
bb
uu
iu
xp
te
qd
se
lx
va
jm
tw
uv
gw
ja
uw
zs
vn
jp
bd
wo
mw
hy
mx
by
hg
lg
us
fv
gb
si
jf
ur
xm
ty
oc
rw
if
qk
ck
nd
ap
jb
tm
no
yn
jj
re
py
da
hy
fz
ns
xa
gq
th
at
px
ts
ny
rg
pm
gq
dm
yt
tr
nq
sv
zi
uu
ez
ho
sp
zn
cs
sw
kl
yn
if
lg
ko
kw
xd
rk
uv
kn
vl
bo
ls
hx
dj
ab
ro
zk
bx
it
di
pm
my
hr
sv
cv
wk
qy
nh
io
bq
ju
zi
ou
mo
bc
du
ge
iu
tg
wr
zy
je
li
bx
cg
qr
lc
qg
hi
ht
sa
pf
jg
dg
cg
kr
pa
ds
ld
ss
bk
xf
dz
tz
lx
mw
ck
cu
dw
gd
wk
pj
aj
zg
rb
oh
yu
tu
nf
lz
nk
nr
od
nx
rd
xq
bw
fb
vf
ql
gy
pa
rl
gy
ay
gz
qg
jw
ij
ua
no
vj
rm
xy
fu
am
lo
wg
lp
yy
os
xk
lj
le
dy
db
us
yf
db
ua
ow
lr
ew
qg
gb
rj
cx
tq
ch
hl
vy
op
gz
sr
ib
yk
vv
mu
lg
rq
wy
gi
gr
ns
lm
mw
ii
am
eq
ve
za
br
gi
ol
xe
sg
qh
ji
ph
kb
mc
cc
om
hz
yo
rj
nl
yf
kf
xd
up
px
ie
ct
tv
oc
eg
nm
vy
xq
pv
sy
eo
ih
ei
sz
ir
jq
je
pm
lm
zo
qf
tz
fi
jl
id
ch
qy
hd
ol
vv
ml
kc
bq
vn
cv
tt
xd
cf
ey
qj
dv
ic
vb
ry
ps
wb
we
uk
kt
xh
wq
dj
fe
na
ur
vo
gm
ue
fw
az
sg
uf
ki
vf
eu
sp
yw
mj
to
ke
aw
dh
zk
qx
kw
yq
pc
xf
mz
lg
wo
ut
hk
ju
op
xs
yj
wl
pb
ej
ir
le
pm
or
fm
vt
xc
vk
sr
zo
um
qw
fy
jw
ak
zo
ks
tn
dy
mh
br
kz
jp
cy
hd
ts
eb
mq
hy
hd
qt
ev
hv
gd
qf
bb
go
fs
nn
qj
to
fh
qa
dp
ye
xh
dw
mz
tn
os
dd
yq
lc
go
xb
xw
mq
us
qe
zy
kg
ly
gl
fl
yx
kl
gc
kk
pq
gl
si
zy
hp
ho
ig
xz
gs
ne
cn
sf
yv
ty
xc
hd
kf
ah
ty
cs
tq
mm
bx
gx
lm
lu
bu
xm
xt
pk
rc
tr
ic
nz
jn
fp
ag
iz
jr
di
ku
qz
rq
bd
xd
cm
mg
ul
ll
ci
fs
tz
uu
yr
ty
ls
tr
bd
dy
ga
re
vp
jo
hf
lh
lx
ng
fl
nj
pm
wa
ri
ea
uw
jp
bu
kn
nr
hf
zp
ck
mj
tc
vs
qs
ru
wv
ur
lp
ym
so
os
mg
ik
jd
sm
za
bx
da
sb
fn
ua
he
ou
xo
kn
cm
rp
tl
wi
zb
hw
ix
os
an
cd
yy
dc
nh
hy
gl
uv
yx
dy
zg
zm
hp
kc
wl
nc
bg
hp
km
eh
rm
zr
fr
ar
kv
jh
bz
oa
nd
il
mc
ra
lv
oa
tu
gr
oz
ey
my
dk
up
fa
sr
cb
yu
we
hh
jf
ua
id
zo
vk
fr
if
jv
nw
ll
hs
pc
oa
wn
pv
rj
wu
zg
og
br
wz
vt
kd
pc
os
cu
fs
yy
kr
du
qn
pj
mt
dl
kz
df
fn
kc
ha
zk
od
cs
ap
dt
ef
ki
qb
vj
uk
is
uj
ol
hj
tz
ng
mh
mc
zq
vh
xh
av
id
we
dl
ng
vk
vv
uo
cd
aj
fx
ce
vv
gs
so
hy
pn
pz
as
xs
jv
zk
vr
dz
qm
jj
zn
gu
hz
bi
uv
hs
gb
lo
bf
rj
jl
ai
ts
aw
nj
im
ol
oq
ek
ma
qt
jn
gx
yj
xe
sg
og
ra
aa
qx
ch
vk
qg
ow
qx
av
st
se
gv
qg
df
ir
bw
yg
wf
cg
wn
wb
wo
ba
jt
zu
cb
hl
uf
by
np
dk
ax
mj
jl
zp
wd
mu
zo
cb
ko
wp
tg
cx
ct
ok
mo
mc
lm
nr
kx
zo
xw
ft
pn
vp
hd
yr
lk
ht
wq
if
oa
hp
an
jm
uf
qx
ie
yy
mf
ki
ws
so
cv
fi
fg
vx
yw
mp
em
sv
bw
nx
yc
mv
nw
ez
zn
hv
vw
kb
yb
im
gi
ky
gj
ww
io
dx
jy
oq
hy
uh
th
oz
xh
wm
rz
rq
ix
mv
jq
uz
qe
gd
ms
xp
bv
pg
bx
uv
ou
gg
xx
pl
ak
gp
xf
lq
ra
ip
ds
uw
tq
iq
pa
cn
oa
mp
sp
ii
sg
pl
pi
ez
bz
wn
vf
wc
zb
vo
sw
zf
yf
tm
ei
bj
cm
rw
yw
fd
dr
rv
rx
wy
um
ch
nx
af
da
vr
sq
jp
ut
rz
ff
ze
ge
jn
mo
ns
qi
bm
ea
in
ga
kt
es
vu
tv
ff
lk
nj
ak
kx
by
ix
is
nw
qn
px
rk
iw
hl
ig
gf
jc
sq
ro
zk
ks
oy
hb
ll
wi
mw
sx
qz
sy
ix
zw
ju
gs
pc
so
ql
yx
li
hf
yn
ea
en
mq
mv
zv
uu
dq
zg
ad
kc
qy
tj
lk
ez
kd
qs
qk
vk
nz
wl
ym
qv
vq
uf
os
mz
uy
wl
uk
ci
ha
be
ux
rv
pt
xx
lm
ye
ib
ny
nl
fm
ay
ai
lf
ny
he
pr
ji
dj
gg
rr
gy
ni
zd
mc
in
xg
nx
fm
en
lk
wx
oi
pu
pb
zh
wy
yt
zs
qq
yj
vo
qm
sq
ie
zn
cd
yb
cc
lg
rd
tk
cq
wy
xx
mt
hf
aw
ck
ud
fq
ha
pz
gw
aw
tt
on
nt
ub
ca
cb
zt
kc
cu
zw
cz
kv
rb
ny
xa
wx
oc
pv
zq
ku
zu
ce
be
cf
vn
kq
mb
sg
jz
jj
ar
ub
vw
cp
wv
ar
ku
hu
ta
or
cu
rh
xv
vh
gs
xt
oo
rj
mo
sg
mw
sq
ap
fw
ey
eu
tf
bx
nd
vr
wp
gv
zj
gx
jq
tz
sy
ga
ud
mm
ig
bo
su
lb
ug
fl
lg
eg
ys
te
yg
jq
pu
qa
oj
jx
pj
ga
bm
ms
we
ag
rb
di
lq
mv
ht
qd
te
aw
iu
hs
zd
jr
rg
ye
cw
ef
wo
bz
od
qr
mc
lz
xp
hs
tc
in
el
ym
np
al
qi
wv
tw
co
iq
wf
cc
xi
gf
vj
kt
js
rl
cc
ph
om
sg
mh
xn
sk
da
cc
na
bs
fj
ef
bl
zy
ut
qz
zt
bj
nx
dn
ze
em
ar
jo
lb
dg
fo
hf
oh
at
qi
bn
ab
gv
kp
eh
jw
ku
qc
zs
sh
su
mw
tr
it
wz
xv
em
yn
wo
cc
jq
iq
rb
pg
pr
ca
rn
qt
uz
pu
cs
fq
hi
em
tw
ta
sh
jf
ay
hh
ft
om
su
ik
he
ga
mu
sp
gj
co
qt
jr
mi
ve
tg
vz
ed
rz
wm
zg
bi
jq
gy
oo
pe
ra
ul
zv
uz
sh
ak
km
qv
oi
ja
bb
pa
lm
ge
ul
pc
ru
vh
eg
nj
os
sw
jb
ac
cu
ll
ap
bk
fa
uj
qk
gi
hq
jd
va
ai
xt
qy
af
tc
ok
vv
xc
rr
ra
en
gc
jy
kw
sw
kv
gy
yp
kd
zm
cd
fc
dq
li
ud
co
gh
vu
wm
jl
zp
ii
pq
yk
zr
al
fb
yd
gk
lx
km
rn
rj
es
ck
gg
jm
tb
ym
vl
ah
ui
hy
jc
ta
vy
da
py
nm
rt
kq
mu
ra
vu
cd
lk
hd
rr
qo
eb
oi
zg
ia
dk
sj
tu
fx
as
co
ww
um
qh
tr
iq
xw
pf
xf
jj
pv
dp
qk
pm
in
hn
qj
ur
pt
we
gg
xb
ko
ga
cy
ac
uv
za
of
pf
yz
oa
bo
pm
pl
bx
ss
qa
tx
mv
cw
dl
um
pz
re
jh
ii
yp
qv
vi
ux
zx
yt
zv
xl
ls
km
tu
ei
xl
uc
hn
lq
tv
ke
hf
wz
xk
yh
xi
im
ms
cl
pj
oi
kf
pz
bb
qg
vr
pt
mf
lk
fo
iz
ph
yz
xf
xx
ln
sv
ip
co
mu
jd
si
vd
xp
mz
oo
rb
kw
rn
nu
tn
qb
pi
at
bd
jj
gk
ly
pu
nh
of
mo
rx
kx
mx
nl
vj
zm
fy
ko
dc
wf
ue
ib
ws
ft
qi
jy
fz
ni
on
mw
xl
lg
eu
xy
xt
we
tv
ll
ud
kf
fy
hu
dn
du
ny
rf
fh
gd
xm
rz
gk
wh
ln
lg
un
yx
tn
ci
nh
jy
bl
cb
sh
eq
mu
cl
xo
qb
pq
zy
yk
sp
mq
jt
mi
br
sa
eh
ec
hl
zc
mg
lr
nr
bu
dy
pi
ej
xt
pu
hm
iv
gj
ug
dg
ww
pu
kf
nz
wy
zj
br
ln
ce
eb
ej
jh
mg
ic
kn
ii
gc
vg
cf
kx
af
tb
yq
fb
uq
mc
sj
ud
mo
dw
dt
ow
jq
hq
vc
ps
qs
vg
hx
gq
mc
jb
fp
lw
yj
do
xj
na
mi
zs
ne
fj
zt
fa
tk
vq
ep
rs
jc
yh
ws
si
gs
tu
rq
wd
kw
ev
kc
lf
vh
av
vv
qs
ap
kc
mq
tx
oe
aa
jj
ls
pc
ny
uj
gz
ez
sj
vx
lg
wt
pj
lc
ra
pq
rz
um
ic
hm
wq
go
xn
uu
ar
dw
ru
ou
on
jy
mx
sk
qe
ie
sj
dd
bj
ur
lf
cq
qd
ie
ft
nm
kp
ra
ub
bh
zz
kr
wj
we
ub
oi
hj
cf
cn
ri
xr
gy
jj
nt
uw
mf
ul
lj
nk
wv
ft
vt
qu
br
ud
ic
ka
kz
hb
kr
ej
ab
wq
nc
ut
qq
gm
fm
si
ad
qr
rb
kz
df
mj
ue
dn
tf
uw
au
lc
na
jt
ek
vl
nh
rs
cw
pm
kg
zn
ip
wr
io
ou
ou
fg
er
hs
ci
wu
lz
wx
ov
hh
uj
vg
oi
jk
oa
hc
kb
rp
jw
xr
yw
ao
fr
dg
qw
eg
qg
xu
fs
lc
mq
kv
lj
kj
iu
qr
fv
ps
je
uk
xs
rp
dq
ri
fk
hw
lr
di
ak
gf
ki
aj
qc
oy
ws
ls
lv
no
vx
yi
qm
fv
jm
ck
qo
kn
zm
mz
ht
ne
io
vz
mg
wm
wn
af
xf
es
du
xq
qc
mg
yk
fy
mh
aj
bj
me
wq
rj
vp
ty
ld
zg
dh
pi
cs
xa
sg
ic
bo
fm
ty
hf
pt
hc
kk
yx
uz
qf
fj
tr
vt
sw
mk
sr
is
yy
vy
ae
wn
qa
ws
ip
yf
hc
yv
oq
bi
px
sr
xd
zs
tc
wt
ij
df
pu
kr
sj
ou
mc
mp
xi
tf
in
bv
ju
el
rp
is
vj
qi
fu
ns
xe
vc
ii
ru
ei
bh
lx
qu
ct
mm
am
rh
jm
ix
vx
nq
om
ua
lx
xv
ta
vl
hk
zy
tl
vn
yb
hf
rp
eu
km
je
gf
ha
tt
pk
wb
si
lp
mk
ev
az
ab
ky
yy
ws
zj
yr
mh
xm
sk
dx
dp
ei
vf
tj
bq
hd
cs
va
av
nb
hj
nr
ja
ge
vw
tp
fp
ka
zb
us
qw
un
dq
ji
dc
il
fw
mx
wn
ei
dt
ah
lg
cr
wk
ea
mv
uy
vn
um
oe
gd
is
ms
rm
hh
hb
zu
tm
ia
yk
zk
bq
np
fc
rb
fo
fg
tp
ye
ff
kj
rr
yo
we
sc
cb
dr
qe
gb
wz
vo
ey
ir
pu
vz
rp
pi
sq
eq
zc
jm
rh
ij
wj
kz
yl
nc
ic
ep
ez
za
cz
wk
ly
kb
up
et
pi
by
qc
xt
sr
lz
ei
yv
yg
nk
jx
qs
sh
wh
il
ln
as
ni
vo
sj
dr
ia
ls
gf
fu
wt
kd
wm
fx
fy
dz
ar
af
zb
gk
ye
yt
py
ae
ia
iz
ue
sq
rm
uk
mv
dk
xd
ja
cr
dk
fc
zj
ol
tl
fb
xk
wh
ff
tq
bo
gy
ay
tz
dw
uq
hx
lk
hw
yy
cc
zc
yq
us
gr
vx
kx
eg
sq
tm
er
jr
nm
jl
yb
da
sr
dp
dj
js
py
df
lo
lr
um
if
nw
es
qo
it
in
ln
ct
ri
pe
hm
pe
yx
tr
gt
pp
wf
hw
hp
le
bs
ms
db
uo
nk
ra
ey
kb
vd
jb
vf
pb
tc
ne
xz
op
oy
zg
jo
vt
jb
bs
pi
pe
oc
wh
no
rn
ph
rq
fi
yg
gd
hv
ag
me
im
mr
bf
im
if
vd
wi
dl
py
dl
rw
zu
qj
ya
ti
as
uc
fg
hp
fl
zw
sw
rm
xf
tv
ml
wf
vq
ec
wc
yc
xx
kg
vz
xe
kg
qx
mn
uj
wc
yz
fv
ie
li
xv
vx
cq
ks
sd
qu
lt
zm
wc
pc
sw
yk
oy
vm
yc
ev
ni
hp
om
ij
og
me
ks
ac
op
sj
gb
ba
sy
qw
yt
zk
iw
bu
sr
dr
jj
uj
ge
vb
dw
pw
bh
jf
wg
qe
dl
lo
sk
nr
kv
so
yc
zz
vs
ds
pp
gl
qq
eb
dv
ym
tn
gr
yx
nu
ri
lc
df
en
hv
eo
oi
nd
vv
wp
ox
yd
uj
cd
wy
vj
uv
ql
gb
kc
go
mt
hv
vc
fg
le
em
jf
ru
fv
wv
wh
zk
fp
gt
fn
jq
de
lp
ub
pk
mx
gd
yj
xv
wq
vd
nt
yy
qw
ld
iv
mh
nz
vx
fc
qu
az
hg
pd
hn
gi
tm
fv
lu
fj
el
xy
nh
yy
fz
bu
ow
nl
ni
am
rt
bu
vs
ke
si
zp
pp
vm
zi
ra
il
vt
zc
pd
fy
kx
dd
xi
us
lh
qj
gb
bh
nw
mx
ka
ev
rd
lj
ht
yw
qy
na
wd
uq
jd
zr
tn
do
fl
ed
al
oi
lc
dg
mt
on
qk
jd
fw
oq
hp
on
hl
gl
ew
oz
xk
dx
ki
vt
gl
sp
fj
ks
ng
fj
ia
no
co
mg
bv
hp
qm
xf
uc
lt
wb
to
ar
hh
dn
dm
ak
nb
hq
ge
ry
ol
wa
ar
ej
vs
ld
bm
al
ty
fp
gp
vp
oi
xe
fr
iv
mb
fw
oz
hm
jw
wb
sm
fu
rt
bd
pz
lb
xs
yx
dc
yc
me
md
pd
nx
yx
yt
bi
ub
af
ns
ep
tz
dn
zu
rx
sp
gs
zo
lh
fd
wi
js
se
ca
up
kz
eu
ma
ba
gc
te
ak
oj
ny
od
ls
wg
wu
oa
nx
tj
tq
eu
da
fw
dg
od
jn
ix
kp
lb
kp
kx
sh
dh
eh
jz
aq
ql
vt
kk
bo
qk
ht
ev
xn
qd
tz
sr
kc
ny
nq
lo
jc
qv
ix
og
hm
sr
qo
ee
lv
um
pv
ps
vh
vo
pl
tw
qt
hj
tk
ei
jf
eb
my
dq
po
wk
fh
yd
mt
yx
lg
ft
la
mp
cm
pi
tj
mn
tm
cl
uj
vu
bg
jn
kg
zi
zu
wm
uz
mc
tn
xc
kp
mv
oe
nb
gz
cq
cn
wt
jt
ev
xu
ff
du
ld
ou
jg
su
fd
nk
wc
ub
ag
xe
jq
we
no
ro
ar
md
wx
sz
dm
nt
iz
yg
ch
rp
na
mc
lk
ty
vq
cg
me
hd
on
ps
eh
ii
la
rc
pq
uv
ip
wd
jc
kq
nk
zv
ln
od
et
ek
ln
ha
yd
hs
fv
te
rf
ep
se
ki
cc
fv
bh
zq
pn
cj
ny
qe
nk
nz
zg
hd
at
am
wq
yr
fy
sm
jj
me
nl
pq
py
up
fr
br
rc
rj
lt
mr
sr
ad
ft
da
qt
fe
wr
kj
ct
fs
ng
tq
ig
fh
xw
ed
jd
wc
wx
ml
pg
nv
iy
fa
cq
fc
jk
hc
vo
in
sd
lw
vf
hk
pe
mz
rm
xm
pd
sm
so
gw
ve
ns
xg
gj
rq
nv
bc
bc
gk
yi
rg
ra
zg
qt
cb
wi
pr
vj
dv
an
yo
yc
vp
qu
pn
vm
uj
wb
nc
wa
ux
kg
dc
zy
ls
rs
ix
ff
la
ds
ox
lm
ky
hc
ag
tj
yd
pu
vl
xn
ew
oq
hm
vt
zv
ya
jf
pt
an
em
dd
wx
hd
cf
gn
sa
fq
ju
am
rc
yf
zd
ci
up
kv
gj
vr
wv
wu
xf
mu
hq
fk
qh
bw
hh
ao
bt
op
dm
kg
mv
yh
ou
hh
fs
qr
ez
dp
sq
nv
vt
qh
le
vi
mh
yn
sj
ew
zm
au
ay
iq
xq
gf
np
od
pg
za
pv
uf
eu
ou
sm
ka
ej
rd
to
qd
pa
sg
hh
tc
lk
xv
wf
ni
hl
fc
zf
je
rn
bq
th
bu
mi
ju
ko
xb
qw
ll
xj
eh
kz
eu
dx
rk
hm
yh
te
eh
sq
tq
po
gn
am
hh
yl
lq
az
qg
ce
ma
aq
xa
jl
ob
mz
az
cy
hi
ty
cx
ls
ok
cx
ab
bx
dm
zj
bl
yz
oa
xb
hq
gh
uo
pl
rj
un
sz
ve
gy
il
vo
nf
pp
tt
nw
nh
rg
uf
sy
kw
nb
gx
hn
lg
rg
in
nb
lm
bu
qc
ie
se
sc
co
re
si
nv
wa
bc
jk
ox
hc
fc
uh
mx
yc
gl
vp
qo
cw
hu
as
bg
ix
to
bu
js
hj
tk
hi
hn
iu
wf
oy
rf
rg
qk
zs
bp
fd
om
vu
cn
jw
bk
ts
pb
pn
ex
it
fn
cr
sx
ro
ox
dr
sv
oz
ts
tm
sy
jj
ii
wx
eu
vf
jd
dz
tt
fl
as
sy
jt
ka
zl
xm
in
yk
hw
ye
dx
fp
ne
da
vc
wu
xu
me
cg
vk
lq
js
ae
ph
nw
qe
nq
tv
ep
kl
ob
wc
fs
sn
qk
iu
hf
ia
hu
es
lv
lt
nn
so
ha
ea
ot
ko
ev
lu
zc
of
dn
jw
hk
jj
le
bc
uj
az
cs
ky
eq
vh
nu
pz
pm
pa
os
jr
au
zk
iv
ce
fk
xx
ql
sj
sl
ks
tc
mi
nb
ax
ac
pk
zq
ne
gr
mq
wr
ai
wj
mt
ej
sd
hn
om
rj
qr
td
ls
cc
nd
na
tf
oh
ty
zt
ge
os
qg
ad
ql
hr
xq
fs
sr
fc
zm
bx
bc
ci
bo
xq
cy
li
qh
wv
sr
cr
fs
fs
oe
lr
fu
ne
uw
iu
ie
bj
bs
ao
hj
ep
wo
oq
ls
bf
zi
gf
oj
tf
ht
ui
ab
ir
ba
gw
xc
pp
ks
mb
vs
xt
lk
ad
un
dn
uk
ll
vx
gj
vr
dp
az
de
jh
qy
kg
tu
cl
ii
rp
mt
do
mq
sb
bv
bw
xh
ih
nz
jj
rd
lm
bk
ir
wa
bn
ub
xt
ys
ma
yo
so
al
nz
qj
or
jj
zc
ry
ma
bi
jt
ye
la
nb
qp
wc
xv
ap
hp
ym
yl
rk
ti
ly
si
zh
co
hd
re
hf
nd
oe
tq
mh
ei
ky
id
tk
mw
cz
ge
fd
uj
bw
xw
jh
ut
pl
jm
ay
gd
zi
ci
yd
gj
ol
ce
eo
zf
px
vr
pk
in
sj
wo
oh
zs
ag
lo
zq
yt
bc
cv
jz
ku
dx
rt
dz
fr
nt
bc
qd
eg
cp
la
kd
qv
iw
yu
ks
ff
vv
le
pz
nv
vy
ug
fo
oz
kj
dr
ty
zn
fi
bi
za
xc
bt
la
ur
di
rg
cr
lx
ug
xa
er
an
mx
xy
km
vo
zh
tq
su
ge
ak
kf
mw
kj
up
bw
zb
fn
nt
tc
eq
uj
qt
kd
ua
cw
af
dg
dh
cu
gx
wb
eh
xt
hz
wh
sw
zj
xh
do
ao
ug
pv
ui
hq
jv
rr
wt
aq
qp
tn
se
al
be
on
mx
mp
iq
fh
bg
el
tf
nn
cc
ji
gh
yl
zh
ug
ss
ox
ws
ju
uc
ut
ru
sy
ao
up
ef
uw
yl
cu
sm
dl
gj
jo
gx
ui
si
kd
ax
vc
ry
ug
wz
lr
la
aj
oj
wo
hq
ft
xi
tc
il
pf
me
ud
xc
gf
mt
iu
dq
js
wf
jc
ww
ht
fl
jc
mo
ct
av
gk
nv
ca
rl
jo
bn
ov
pt
na
uh
cx
rp
zd
fx
wv
ng
wo
je
fi
ju
rr
su
zr
jt
lz
bv
ui
ac
oc
fd
zz
vx
nc
zc
zw
uh
ir
wx
ix
ew
pw
vr
mz
rp
mz
ju
zp
gl
ul
eo
us
iy
ux
mo
vg
ig
ld
fs
da
ad
gz
wi
sx
ck
mi
cv
bc
rr
pe
mb
mq
ti
od
nu
ci
xb
pn
er
jh
wq
ym
yf
yg
fk
xu
zg
zv
ti
wn
qg
sj
vq
we
yo
tr
ta
qg
nm
fv
el
pg
vx
it
yd
lz
oh
du
dz
jq
ha
em
rp
or
hu
bj
qf
fg
za
xx
io
qk
wx
hm
tl
cx
fa
ae
ze
zp
kx
ex
xy
rt
wb
rq
ma
qf
ax
rt
xx
bd
to
rr
ny
xs
wo
yj
cs
cf
vh
qo
yk
lk
il
fy
rq
ue
yh
eu
dp
lx
es
mb
ry
nm
qn
mp
ev
zr
hx
ei
ed
hi
ym
ac
df
lg
ay
hn
wg
lw
gy
at
ho
fd
jz
ke
pw
na
de
og
ia
ez
ly
qx
qb
gz
kf
io
dc
md
un
yu
jp
wl
mw
up
ve
hh
ca
qb
wi
ol
an
jp
km
kb
gx
gf
ju
ih
sm
im
ej
vr
pz
is
ia
wd
cr
xr
oy
ty
wn
gc
zm
vs
dp
ac
rc
yk
rk
no
nk
jt
df
nf
kj
pt
ra
qi
tk
tg
gg
ch
jf
nv
qs
de
dr
pp
qe
rc
ts
jn
hv
hy
zr
mz
no
an
rk
uu
gg
op
hk
bz
bu
wm
uv
du
ma
tj
ft
vz
jw
wk
vp
ht
mr
bb
gj
xk
sl
qt
wu
kp
bt
wj
pu
sa
lm
vo
bq
dv
wf
uq
we
jf
ok
lx
gv
yh
tl
ps
yh
ua
zm
zm
py
pv
kz
sn
of
sk
tg
si
np
yu
vw
uq
ic
jg
lb
dl
fb
qm
ro
xa
sk
ji
fo
xa
tl
nq
jj
tp
ud
hg
nd
hs
ut
sl
lc
ly
te
st
mq
uq
nx
kv
ph
ef
io
ph
nw
wa
fw
ai
qr
ua
jq
ex
ku
zy
yt
oc
gm
ze
ez
kr
dt
ob
mb
vz
vw
rg
kk
zi
at
mo
uw
rh
aa
sy
at
io
lv
zq
kk
du
kl
fv
il
bb
nt
im
qf
lq
dk
pg
bc
hk
nu
tr
ne
oq
az
dx
ko
ep
qx
mu
ov
vr
rc
rb
hc
wi
pr
so
nq
hr
ka
kk
pq
ni
uq
bt
qz
ct
df
le
lx
ex
oo
dv
wm
ig
ix
wm
ps
ur
yz
xf
xy
gr
tp
wr
fg
ku
gm
do
df
nn
fu
zb
vy
di
np
wk
hu
fs
ep
or
qc
tc
bi
of
ve
ld
ly
rg
zt
sl
tx
mw
ob
qc
yr
ku
sx
kx
wq
vg
gp
rc
ae
vd
tb
sp
au
ow
xw
hk
uv
wo
aw
la
xy
fw
gq
dm
ud
xn
lc
qi
fg
pg
yx
ui
in
ji
tx
ab
yb
bz
ef
ay
mg
pt
kv
nn
aq
vm
pc
sf
jv
yp
mg
ln
oc
fx
np
lg
it
qx
jl
jw
xh
eu
mc
ns
qf
gs
sa
lk
el
wt
zk
hn
ja
ye
an
ws
du
oh
uu
bq
mx
ji
og
wc
lh
tm
ss
af
ku
pi
jv
fm
fa
vg
rg
om
ty
zw
by
ks
mk
ei
pk
kr
ay
au
er
if
qo
ng
kj
lb
jn
kx
zf
bd
kj
bp
se
mx
yc
nn
se
uq
va
lm
nj
ug
ha
tm
bp
ui
af
tc
xj
ry
dn
kj
md
zr
zj
jb
uy
aa
nz
ua
nq
kh
ph
rc
yi
tk
km
af
cz
gi
ai
oj
uo
ju
xl
kl
wk
mh
hq
go
bz
td
nb
ug
if
ov
ix
pp
tv
bf
jb
zu
pm
ak
td
fm
it
qz
mv
pg
mz
bd
hn
ng
sj
un
xe
ep
mr
zb
ca
qp
ln
qe
qo
dd
et
an
va
nr
kq
zg
gz
fm
nb
sl
bg
rn
ve
lz
us
uy
ui
qi
xf
nb
ab
rd
bq
ps
kv
fb
uq
sv
ku
qu
st
wv
sn
bj
kv
ui
de
sm
fe
uy
bo
iz
xw
fq
iu
xe
ox
nm
gl
ge
dq
pt
qf
lq
ij
fj
ba
lr
gr
nl
rp
yz
mc
wm
lg
rs
mh
zg
jj
rl
wh
dz
ad
gl
zz
yg
du
yk
mi
rc
nq
ls
gt
iz
vc
mb
ee
zy
ci
wh
cj
wz
qf
tx
ov
gs
vz
ay
rw
vv
un
ch
ez
fz
rq
ke
vt
mq
yo
za
up
gf
ve
mp
za
su
mo
ts
ls
lt
pu
jt
ob
ti
gj
nh
wl
rk
mt
xm
qv
ll
rh
qp
qe
id
px
kj
pk
nv
og
tc
fj
kj
xd
ov
lz
ei
cc
cv
oz
md
rb
hd
ur
sy
ks
mt
ta
wc
ds
st
lz
gl
sk
fc
wy
pf
bk
wk
rx
ll
cv
uk
ut
mm
ha
sr
ni
zl
lb
cu
sg
dy
eb
fp
qd
fm
tv
cw
xk
hl
gf
bt
hb
lm
fz
lt
wi
bp
ar
pb
si
np
bb
jg
ax
gc
qj
jg
kt
vs
fg
lz
ax
la
zf
nx
je
yk
lj
ry
vg
jt
rb
ch
ah
od
bw
im
qk
gn
gz
px
hv
wj
ur
ft
hr
rl
xa
rr
pu
ss
pi
nt
gz
od
rd
ee
mw
lx
md
dp
uv
sl
ye
sp
qw
rm
nd
ds
di
vs
qc
qj
ce
hu
nd
yp
yr
nc
bb
tg
lw
ej
vw
pa
qo
jj
so
qu
uu
fi
rr
lu
wx
os
ai
ls
lh
yr
tb
ov
fs
ic
yk
bz
ho
yy
wa
uc
oz
uv
lt
gy
nv
yo
vr
xp
xw
by
os
vo
fi
ha
wd
gs
jb
mk
dn
og
yi
qu
ey
ib
ty
ng
hx
ni
jk
lv
tc
iz
jx
ey
nh
et
np
ix
si
rb
py
fn
ui
zb
ga
xk
hd
zp
zf
yu
df
gl
qd
rz
xn
xv
kn
zp
qg
cw
qk
vt
oh
yv
sf
ei
on
kw
dp
pu
db
ss
or
ru
nq
px
rg
tq
hb
qi
uv
bs
dv
rf
yr
au
uc
od
io
uj
ey
mr
ec
rk
gf
de
lj
ff
yh
wd
wz
ku
we
tn
vd
lq
od
hk
mv
ub
yz
jh
ns
ol
jr
fi
xv
wl
pa
rk
rx
ya
ai
he
st
rt
lz
fs
oy
al
zy
xd
ey
xf
ub
cs
lp
sn
pj
im
ae
ud
pu
vq
jx
wk
nd
av
ff
dj
cc
vi
jh
qx
qr
yx
re
em
mb
sr
my
nl
ul
vf
oy
jd
zd
cx
jh
zq
lw
ji
xn
lv
in
ed
ts
ou
lv
zz
by
eu
zs
nn
wu
iz
fj
hq
jn
rz
an
jf
tw
gk
xu
fy
ca
nm
wg
ir
vi
si
tu
fu
qi
ne
sm
zn
bm
iw
di
eb
xu
ml
vy
kq
rd
je
nr
mu
fg
py
nh
ho
yl
lz
bl
dl
rt
sp
cu
cw
kn
ui
zl
pa
nk
vv
ny
er
kl
sy
id
co
sq
tm
sa
wt
ds
rg
bf
gs
ge
ab
ok
fk
nz
pk
ug
ee
xy
vj
hk
yh
uz
zn
hv
tc
vi
dk
pi
at
gr
hs
zc
th
mr
lr
jw
mj
zs
dh
ep
sx
qu
el
mk
qo
nj
zv
yw
ya
pk
pm
nu
jy
ks
yy
bp
dr
wq
fm
nc
pg
hf
kg
ml
cf
as
lz
fc
as
wv
rr
lm
in
wx
bi
qj
gt
fb
nt
ua
rw
qh
ow
dy
yw
nz
vg
qa
ur
nq
xp
nh
hx
kz
mu
zz
kd
pq
jm
vn
ix
wd
zj
dn
er
mf
zp
ap
vf
vr
ey
ur
rt
hx
tl
vl
od
va
ei
cl
dz
fu
ls
gq
ro
hm
ym
vl
lg
te
mg
ix
nh
ov
ou
uo
ts
cp
lq
qr
rb
uk
bw
un
yv
uw
fc
kx
cb
yq
fh
mj
nq
xj
ma
wo
dj
vl
hv
bs
mn
bd
eq
rq
sh
pq
oq
nc
om
yg
su
nb
fr
uu
hw
qf
ad
lr
sx
ay
dn
so
zd
px
ut
ii
da
jm
zv
dl
it
dy
ba
il
gl
zt
wb
pe
qu
am
rd
er
re
su
bj
pq
yl
wz
hz
en
bc
hb
yy
pg
te
dq
ny
oz
he
rj
kw
xv
ad
rf
ft
oc
yt
rn
os
wv
xu
yr
ho
bd
qk
cp
hm
vh
wr
ig
ve
jg
al
wz
gx
zr
ay
mw
wx
tj
px
lg
jc
xl
zz
mz
qa
vg
np
ml
db
sy
qa
ax
pk
sn
ch
aj
ae
pl
ew
um
uo
nl
ep
wu
no
us
qf
yw
kn
ts
az
fe
wh
ss
ml
xh
oh
ce
cm
xb
vh
cx
oc
lq
wo
ia
oh
jf
rt
ue
cf
ng
pw
od
un
yy
ox
vp
pt
bq
tz
tq
co
za
qh
hv
uv
ei
bb
mo
by
qj
yg
gz
gi
uk
lr
jk
ub
kk
go
qw
qt
ko
tu
gx
qz
vp
ky
or
oh
ko
co
tv
un
ai
wg
bl
fd
nu
cj
gt
qy
rb
pj
ad
ky
jv
vz
ap
hn
uu
cd
cb
tb
wm
vw
dh
gt
eh
ea
yq
mq
dm
rg
tr
qi
lo
al
gj
fx
db
jl
oj
tk
ms
um
cz
ht
qm
kd
ad
sc
bs
gu
zb
ar
ep
of
sn
es
ba
la
cx
me
jc
gm
lr
eo
nz
uk
jw
wx
fg
bi
sn
st
mm
ts
ot
yf
ky
bj
kb
kw
ih
je
dx
ii
lp
fw
yn
ku
lx
jd
jr
es
uk
tf
ej
hl
yb
ze
qj
qv
xe
fr
pt
gl
bi
mz
ss
fx
pp
yh
lr
nv
fo
ln
ac
ga
rg
ze
km
wn
hn
hk
tu
ll
zm
wb
ly
bo
ap
ox
bt
cv
jn
lg
pp
bc
ii
uf
rw
gu
cq
vt
ez
yt
da
cw
rp
vq
bf
yo
fu
mk
bk
mh
uw
cp
bt
aq
bs
qy
fv
kd
gv
tx
rn
ma
ff
qr
iu
dg
bq
dz
tk
ek
ix
lm
yf
ak
if
ch
zu
jw
lz
rv
dp
wn
ka
vw
ng
uh
uy
cn
no
bq
mn
ws
ou
rc
vr
ef
yg
yw
wa
ad
mp
fm
aq
xo
iw
ku
di
fw
ip
zx
ll
xn
vd
cv
bw
tt
pd
ku
xz
bk
ig
yf
lz
el
ch
me
dm
lv
lg
re
sr
wz
ib
ug
en
df
fs
is
vg
ow
wl
kc
el
qn
oh
eh
kc
dn
ap
ep
iu
oi
cr
rh
gr
fy
pe
uf
au
rl
mg
wq
fm
dq
xz
ve
ow
gf
sz
fi
ku
si
kk
kg
mf
re
aj
dm
ik
np
tf
zt
cm
ra
fp
lh
ww
is
vp
aq
lr
yp
hv
am
fv
ke
kk
xc
qc
xg
se
ro
lm
sv
yi
qk
kk
jy
qi
ik
cv
zc
bm
dz
bk
ab
ja
qg
qb
cu
mv
xj
eb
tz
ub
he
ng
jk
li
jq
kb
xb
lt
xi
kh
go
zq
aj
eq
zk
hp
ug
er
rq
mg
om
ty
tt
us
ug
tn
zl
id
ri
td
ym
ob
pz
el
rl
ax
xn
me
rp
ek
mh
ls
tw
nj
uh
zh
ic
ac
xf
dr
bx
ce
kg
uc
qm
ua
up
vn
lf
nc
fp
ko
tb
iy
ay
xs
fw
ta
mz
rg
yu
nt
gv
oz
pa
ps
vf
fh
ez
uu
qr
re
gz
yi
yn
jm
hw
pn
ag
na
hz
up
wr
yv
zp
wu
dl
ji
ta
ol
cp
ts
cm
qp
mz
lf
yb
fd
ub
zv
az
lh
yd
oq
ne
lx
vz
yp
og
ur
xp
gk
gb
ph
fc
oc
qp
gf
zw
tq
lt
bk
rl
kd
zp
jm
ft
px
gd
at
bi
sn
dm
al
db
ii
up
kd
og
vf
cg
qc
rg
dm
ql
cf
cz
jh
il
ys
mw
tu
ja
cn
gk
gk
wu
ta
fh
rj
ym
uo
pw
ai
ye
rc
qx
bv
ir
ii
dz
sa
ud
rd
ms
de
oh
zv
di
ml
os
hp
vy
nf
ug
qe
yn
ji
vv
mh
aj
hf
tz
ya
zx
mx
yg
xf
ok
qk
ta
hx
ut
ss
ls
js
nk
bw
qt
yn
fm
bl
je
ll
kw
oa
ic
nw
qc
vi
rl
kk
st
ac
fk
yo
he
tx
wi
ce
dm
ma
xy
bc
hr
fr
nb
cc
dq
os
cu
bz
uz
xl
bk
wx
ir
ir
xa
eh
fe
lm
pf
cu
qi
qw
sq
iv
up
be
kz
xv
js
st
hn
xf
yd
sb
fs
mw
an
eg
do
eq
hm
de
ak
nn
eu
eu
oj
gl
tn
ce
dq
ty
sj
zv
qj
lw
cb
lm
rz
xw
sn
xh
zc
uw
jj
pi
rb
ek
uc
ey
et
te
qr
if
tu
un
zq
jw
wv
gc
dw
qx
fl
ir
jo
do
qb
tl
cs
sk
qo
fw
pf
ji
wu
sd
gj
gq
fa
wj
xa
xr
km
kx
hp
fe
mf
jr
sn
vv
iw
kv
zq
fu
zt
ca
rf
ga
yz
zv
pb
na
lx
ba
iw
pa
rp
yz
gl
hs
wy
bp
el
bq
ds
ku
bc
zg
aj
fm
wn
ul
fp
vz
tk
ja
cy
wc
iu
ba
nm
bd
fw
hf
ay
jj
me
dv
vg
be
yk
ms
rg
ou
os
rp
er
lp
yb
nr
fz
pt
lr
yt
tl
wn
qy
hd
fz
qh
xt
fi
ri
gm
wb
ku
ne
jj
zq
cx
aw
bw
no
jr
nd
sw
fd
cg
bq
lx
lp
rc
rw
ew
va
gb
wm
ed
kl
lq
fs
wm
qr
ri
kw
un
wd
rb
nm
hp
ej
gd
yk
fs
mz
np
nr
bp
it
xf
hv
da
yx
he
bn
qu
yz
bb
rx
bp
gf
sf
ve
ma
sw
ny
pe
kz
kc
hx
ah
in
ch
xy
so
po
nc
li
gq
ye
gq
vm
xm
st
rb
fi
tw
oq
xx
lk
yx
pt
eh
jb
yg
kx
uq
xe
yc
xj
hz
vo
ek
tx
ow
fk
eq
mx
qr
mw
cb
oy
ty
ks
wa
wy
jy
qa
lk
vw
pz
kc
ka
qa
ub
fj
mo
oc
dr
pp
es
wt
gn
vy
to
me
xe
qn
dr
fv
zb
bd
zn
xa
nk
io
um
oi
af
dc
mr
qq
ri
wc
bx
iw
sf
vx
rs
ii
ib
za
hr
yb
wj
cx
wk
lc
oa
mk
ne
tg
kh
ew
wj
mt
hc
ap
qn
jq
kv
vb
xh
ts
fd
wc
lv
aq
wr
mm
kk
ig
cc
ih
vd
fz
ob
ow
sg
fw
ub
nk
vb
lg
hf
mw
bx
hg
kq
af
ll
qw
yn
iv
ev
ue
ih
wr
zt
ov
ml
zp
el
cr
fg
al
fm
fm
mm
ug
bq
km
zl
cu
wt
yi
ck
df
tc
tp
qk
fy
ql
pe
hr
bd
is
kf
xr
dl
xe
iw
pj
hj
ek
uq
ly
ug
ql
ln
sd
tx
sp
tl
tj
yv
lv
ev
vb
zm
sg
me
mq
jb
xx
bg
cv
ao
nf
av
sz
ql
kl
uw
uc
tf
ka
to
zl
cm
zn
mg
xe
jz
xw
ve
mw
ec
ee
hq
os
lf
zc
qi
oq
pi
yy
dy
uf
jv
wl
uc
in
vt
po
bi
pg
on
zr
lx
zy
kl
mz
lr
xy
ve
bi
yu
nq
ux
zp
ii
fd
ww
vk
wm
yb
tv
wp
ft
ar
gy
wi
qh
eo
vh
vu
ey
po
lx
vq
zw
yp
ha
iw
ez
ub
ko
ps
rv
cu
wi
cb
ml
ho
tp
vs
ta
na
uz
vs
vq
jh
ua
nu
co
vf
zk
hc
gx
km
nq
dz
lv
qe
oh
wc
im
sc
yx
tt
hh
ka
ki
gl
vb
ts
sr
jw
jg
mu
bm
vv
ub
sw
sc
uf
xq
nx
aj
tl
sv
bw
dn
ss
kn
sm
il
px
ue
vp
wu
ky
ru
dy
wt
ga
ae
zl
ml
sn
pk
to
ak
ow
fz
ui
fo
bk
it
yd
bs
wj
ua
la
wa
lr
js
ei
xk
nc
hl
hs
ye
wo
bw
tx
bp
bx
wq
lv
je
pd
uf
tn
oe
nv
qc
ky
nd
xd
rl
wb
xd
hw
mo
zh
hr
yx
qt
zq
es
um
eg
et
mf
wi
ed
st
no
qx
fk
pv
rn
iu
jb
jr
is
iv
xx
lf
jh
mj
yu
sf
ir
hf
zj
gn
vq
yx
ia
un
gq
yg
uv
bn
ld
lk
bo
dg
el
rb
tn
ot
vo
iz
pl
ws
ga
vl
hi
su
sm
vu
uu
ct
uk
ay
sw
fx
qc
eb
jn
da
lv
uz
nm
wm
gs
qg
nd
yt
bq
ko
cg
yh
sa
at
mn
ko
of
eh
dz
ro
fy
ue
ml
bm
hw
vg
kb
hc
ba
ac
wv
ce
la
fn
tk
pg
if
ci
qt
ea
hm
hl
yy
vk
br
pj
fl
wk
ve
iq
dm
ms
ib
fm
xj
lg
wg
ag
yc
yh
lk
ow
ow
xz
jn
ji
in
tf
ie
tk
kv
cj
vj
tw
dh
ml
fo
ms
lq
oz
gs
dh
ej
gu
lv
qn
jb
un
yb
yr
gf
kt
jr
ox
tn
te
rx
eo
eu
zn
am
yb
bj
ub
gs
nb
tc
np
zf
yj
du
wo
fz
gd
sr
vg
aa
ll
xe
za
bo
ds
yi
za
rl
gx
es
we
jz
yh
dw
ea
gk
tk
wn
iv
os
zy
yx
er
gl
md
yx
wb
zt
tb
tn
cl
tm
og
lo
br
gy
mm
ia
oi
na
ep
vi
hr
gi
wr
vn
su
sp
oa
kk
tk
jm
eh
zm
jd
xa
cc
ik
xp
ef
yw
jf
ly
gk
fi
fq
ru
qp
lb
yp
ni
ul
jj
oa
iu
xd
te
br
kp
zz
zg
vj
cp
zl
sp
bx
xc
rz
cc
ci
kr
vb
ej
mq
vx
bn
gy
ue
jj
io
zr
fq
dp
hv
ac
hc
je
nq
oq
mx
bl
vh
xo
uh
mh
oy
vx
lt
ce
mt
mr
yy
qb
ul
ge
do
es
zz
kr
tq
ez
sp
hi
rh
nq
gy
xk
np
zc
lr
dj
dm
ux
rm
gk
uu
mi
wh
kn
uc
as
se
ab
sh
zu
pe
so
tu
gi
in
pg
ao
ks
fz
ck
me
pg
nn
jk
qk
xz
qr
th
vi
zc
iy
gr
jh
lr
fg
xl
io
cj
ll
qw
rg
cs
cf
am
aa
fd
bu
ak
xl
vz
qa
qt
pi
uz
hd
pr
nf
lo
bn
by
yp
um
tl
jw
yh
ss
gz
bq
ht
qi
xt
op
pf
sf
eu
ay
dk
ua
wx
qt
qy
lu
in
az
dn
ns
gk
pn
vx
em
un
mb
wo
np
fl
mo
ng
yx
tm
oj
wn
pj
ab
qt
gf
ki
jq
rz
it
ok
mb
kv
vq
rf
ma
sd
fm
zj
qb
xp
qk
ea
jp
fd
kn
kc
nz
yt
oy
fr
pe
vd
gr
yw
zb
pa
bd
rs
vh
qn
ai
bj
np
ju
bh
dz
lq
zb
vo
hw
et
hl
pj
xy
ns
nv
rl
om
xl
jn
eb
ox
av
pk
ft
mz
ji
zf
sk
qt
qk
uz
ab
us
is
xm
ut
rt
gu
pa
yb
yl
lq
lz
gb
dg
dl
wf
eb
sb
mx
ib
ly
zk
fb
az
ko
nm
vu
bd
qj
lh
mh
hl
cg
kc
zb
ka
sr
ra
ak
vy
ni
qg
ra
rg
ua
tf
np
pn
hx
av
ln
yc
is
ho
ln
fi
ro
br
zj
ng
nf
ar
zt
vo
zc
tc
gu
rm
mv
th
ts
nn
dg
zh
wv
oc
ns
li
iz
pq
mm
wy
el
ad
wb
mx
mw
yi
tu
zv
ju
sc
wa
oh
me
gb
nn
sw
az
kv
ce
me
qw
lk
bw
rw
ss
ud
qg
fr
ku
yt
xi
kp
vj
cj
ey
vn
fb
vu
cs
sd
ej
ir
lx
tp
kc
vj
ta
ns
ti
jp
kr
hx
fi
qh
pn
gx
an
af
us
fu
hh
vm
is
wx
pa
yl
yj
zq
ix
gw
ey
rx
ig
qt
ni
jo
pk
ug
td
sa
zx
po
we
ad
dt
en
pv
vy
tv
lq
fk
sa
lv
is
qb
ha
wn
qr
zq
dj
zq
sw
zl
mt
zh
mu
zp
ih
ya
zi
sl
cj
zd
rc
hj
yc
ii
tl
pj
gm
pd
hg
ai
di
ut
nv
ph
ou
lf
dv
dn
rs
ms
du
jr
ln
rf
sb
xr
vz
tq
vn
vf
zs
jc
er
st
ma
lq
fx
va
sq
ws
ve
wu
wd
lo
zf
jl
vq
fp
gd
sk
hs
yt
ns
mc
ev
zg
kl
jo
zh
eo
jf
ix
hx
qc
wl
zo
tp
tq
vy
ok
mt
al
ut
ah
no
ms
lo
vd
sd
id
hn
xk
st
ws
vm
ap
lg
ks
gb
iw
rh
gm
di
he
kp
ok
ac
ku
li
ts
fe
om
yz
yp
tf
lb
pq
dg
pl
on
dy
oe
mg
lh
tp
lz
jy
zm
ph
pj
yy
pq
ne
xv
kk
qi
eo
gz
mt
gw
hl
il
ly
su
al
vi
jt
qd
my
fj
mr
ed
cl
tl
fd
hm
bm
oo
uz
ek
ym
kx
dl
bk
qb
qu
dz
lf
ba
xo
ir
rt
qj
rt
rk
ls
yh
qe
ri
ub
ll
km
zx
od
ws
ph
zn
nv
go
am
fp
rr
tc
zm
lu
ud
si
jr
va
ig
gv
tx
fc
bz
iy
tw
ls
qh
vz
bv
pz
em
dy
qh
pq
dh
eb
cr
je
nv
gl
kt
mz
ps
om
kf
kv
aw
pk
xd
ak
ze
cs
dx
eh
xe
wr
ws
fc
wa
ie
sr
qx
jk
qb
bg
ue
vi
oy
wb
cw
qh
cm
iy
bq
kn
tk
wo
bk
jr
zg
bs
vy
va
xe
yh
gj
es
zp
ce
ai
bo
wj
qk
wy
ue
in
am
gm
mb
ug
dj
hc
wq
xb
or
mk
ns
hh
qk
ox
gi
rw
wv
uw
tn
wd
bf
uo
xf
tg
ew
jq
gr
qb
eg
cd
ib
jk
ja
ad
qw
vc
iv
cr
ve
se
ga
wx
db
pp
zp
cd
xc
sy
hj
oj
si
dl
ve
tv
qa
lo
gg
xv
yk
yn
yh
kt
gr
mb
eq
of
lz
xt
vp
uk
le
un
kr
et
kw
lr
kk
ci
cq
xa
xq
sn
ba
zy
ij
ph
vj
ur
vf
xm
rn
nj
ul
rz
wk
am
we
or
xk
qp
bb
nr
vo
qo
pl
wk
dv
oh
nf
vz
ib
vt
xo
kd
hq
hm
or
fr
vk
it
ec
vo
fh
ob
xr
hg
fr
hz
te
ge
na
gz
xo
vl
vt
rv
gl
sm
lz
rp
lk
fj
tw
uf
cx
vv
oc
ay
rj
bx
ii
om
xv
pd
lp
bj
lh
ol
ul
en
bd
ub
li
um
kv
gw
ij
xf
vh
sp
pk
xd
fq
lp
qm
wn
nm
cy
sr
oi
at
cw
ea
xc
lw
tv
eg
pp
hh
aj
ov
uy
tm
tz
up
oc
vu
vo
jr
vw
ki
av
cs
jy
mx
qa
hy
po
lf
bq
yf
gs
ze
yd
id
wp
rj
wl
vx
oj
kg
rh
pr
ca
ob
gh
jp
ts
kf
fz
uw
ka
it
ko
yf
oy
it
dy
xv
pk
ov
xk
co
gm
sj
ut
qr
po
ws
jp
tu
oq
mn
vj
kz
kh
ld
zx
se
fn
gm
se
fq
hp
fg
dk
bu
vu
qd
ip
ka
ch
pm
ij
jn
zy
jx
hn
zr
jd
mm
qw
hp
jt
po
so
fx
us
qb
dd
us
lb
ds
mm
gn
yk
vy
tp
gy
av
fs
yt
jb
wh
lm
wt
ri
va
ay
gp
wl
zm
fa
kf
qm
er
zq
ht
wp
be
nz
ts
gb
vk
zj
ry
ui
rq
il
cw
sq
aa
wn
jh
nt
bx
sa
qf
ki
zm
yx
no
sd
nv
ed
px
hr
nd
gm
zo
bo
xq
ze
zb
jk
ul
vx
oj
oj
qs
hv
rx
vd
gs
jj
mf
pw
wo
vy
ic
sh
rh
jg
qx
ul
dm
nc
wq
jr
fw
ye
an
mw
zy
kc
fe
fg
yk
mu
yt
hv
zf
yw
hr
pz
vm
gc
ou
ws
gv
at
zg
dq
kp
wg
uz
qv
ta
qz
by
ze
xk
xn
ww
mq
mw
vf
dl
yh
ii
wb
lh
ib
fw
ko
gr
be
dq
jh
du
iq
xi
ld
pr
bh
bu
cv
gs
ar
gd
xs
hv
ij
tw
ys
fa
el
id
jf
vj
wj
rl
fl
sw
pi
lw
ls
em
vq
jt
st
vp
xt
sv
ne
ua
ip
oi
wm
sh
am
mv
uk
gh
fy
oh
wn
fz
mi
le
ch
na
ov
en
we
mv
pf
vr
it
yl
kq
cn
gg
ue
rc
mh
kv
ie
fq
zg
zp
sk
yw
ba
eq
dz
od
oj
tx
in
fi
fe
bz
sl
zn
xe
xa
ta
lc
jh
mq
jk
jv
jp
vy
mu
da
rv
sz
tz
zu
zk
eh
va
zx
ae
dr
bj
xu
eh
ju
gj
an
mf
sq
ti
ph
hy
uf
qt
eq
iw
tt
wf
so
ct
bn
yz
yc
oc
rx
sb
om
mq
ie
pg
og
pb
np
dk
rq
rj
nz
fo
zc
et
ts
dx
pu
xk
qv
xe
uy
qy
mv
td
bi
ph
me
zh
le
bt
wp
sk
ts
gp
ln
vl
gk
re
zl
wn
ks
kc
jb
eo
rh
kw
xe
ud
vk
iw
gq
eb
aa
no
sp
yx
tv
tl
yw
zw
ew
cq
ao
ex
dl
mi
ha
ux
bi
yh
ho
yq
yy
ae
yx
hq
wa
mg
nh
fi
rk
pz
tc
ch
tw
gn
kg
ov
av
lk
ij
ld
il
td
cv
me
iy
kl
vv
es
jz
kc
wq
di
im
ig
mb
si
pr
sf
zr
ge
nw
oj
ly
yv
jf
xp
ds
kh
qv
op
ec
ac
lg
jv
ag
hp
je
qa
tw
wd
gl
bs
de
wo
mj
bd
vc
jp
an
iv
ny
hh
sd
hu
sf
as
rt
wi
uj
fp
gj
xi
sv
km
ze
gh
kz
tm
vv
at
wf
qi
gr
pa
dr
wt
ko
ib
me
wi
nt
dv
nm
ox
tk
tv
zv
jw
qi
de
ff
uj
sh
co
ka
gc
sx
pj
wq
ml
bz
xk
vr
ys
kr
ln
hq
ql
ts
gn
bf
sw
jk
kv
da
tc
uc
ns
pz
rk
sa
fx
sw
ha
zf
dt
ms
rd
jf
pe
lp
mz
le
aj
nb
yi
im
or
zh
sz
np
dq
qc
vh
gc
ou
db
mr
mb
ln
eu
pn
cc
xs
na
ly
rz
rj
ia
kb
db
op
iv
ia
zb
ji
li
cm
qy
te
cx
nt
ae
yr
ga
hc
mm
rt
yb
cg
cy
lu
fd
tf
ea
eo
ez
ir
qm
kh
kn
jg
kj
la
tl
ux
dq
gr
tz
qp
wt
bt
pu
cv
gv
dm
de
ca
ds
rh
mq
rb
om
vk
xc
iq
yg
tp
ly
az
zd
fn
hd
vv
uc
ax
eq
am
ty
or
he
qv
cs
ii
dd
wy
yp
ys
qa
ap
ra
sg
xf
wd
vs
rn
au
ta
ty
iw
ro
rp
zc
ei
ht
qe
fd
lh
lj
rb
rz
tl
ml
di
ui
pi
rz
or
lh
aa
wl
uu
nz
dz
ml
cn
hl
ga
xr
md
pp
gm
th
ze
lj
xx
ua
qz
vm
ov
mb
oz
ed
se
vq
fi
wd
ks
ai
kj
yr
qm
wp
ti
dc
lx
gg
nm
ds
mx
fy
qk
wp
sa
zd
pe
hp
ip
sv
eb
pn
dl
kl
qg
vn
di
wo
ke
qz
mh
ay
ap
sv
ix
it
wb
xi
oj
ht
zz
tv
gu
wt
hb
ng
si
lg
jz
di
lf
bu
jn
qa
fx
rp
hz
oh
zd
py
hr
np
kh
ag
az
sp
gn
jo
vv
cg
mj
ao
cp
qe
bl
ol
mx
nc
wp
kf
fa
rr
oz
hj
vb
zs
ln
ks
av
tv
za
wq
yk
lk
zr
yk
wf
kg
ck
oa
ha
bz
dk
pj
fj
cr
df
kb
jy
vn
hz
pc
eg
ze
fs
oh
wl
nh
rv
fw
mr
so
xx
ni
vi
ev
nk
pj
no
hw
oj
pp
gn
pv
hu
jc
av
if
zr
bq
xx
mf
yt
un
fv
cu
xz
ez
im
ls
xr
ov
uf
lx
ac
cx
qc
nv
bx
ka
ic
em
sh
eg
hd
ex
fl
ar
ft
ll
sx
ug
fh
pn
ru
gm
qu
up
nz
dx
go
kb
se
cf
fa
nf
dc
xw
qt
dg
vu
ox
od
eu
zi
nb
bu
zt
ak
mp
kg
gp
cq
pn
lc
mn
pk
su
ai
ro
ub
aw
qb
gg
mw
mv
mn
kt
qu
le
oq
dx
sx
zx
hy
qh
xz
zv
it
eh
eo
lt
dz
qj
sk
bz
zq
va
po
mf
nx
nj
cz
yn
lk
yf
qd
am
zd
id
gt
dh
sg
rs
ng
oa
ic
ia
fn
iu
bh
tb
ga
nz
ma
zp
pa
ed
jd
sl
jy
xl
ml
nc
kf
rw
ad
tg
ru
nv
is
dh
ew
sx
sl
lp
us
tq
fr
gt
zd
rg
ww
ru
pc
mm
lh
ow
um
vy
zi
dl
az
rd
vo
kv
mq
sg
pc
xo
jm
on
ge
aq
jq
rs
en
qr
ch
vr
mb
mi
ei
ro
lc
ku
xh
pw
de
lb
uf
du
ys
ja
qx
cx
qa
cn
ir
zz
kt
tw
qg
dv
nf
tp
xy
xx
ch
td
yj
bq
bl
wk
ea
ec
uh
go
ij
ut
oz
qi
sh
cy
ao
ir
ib
rh
ez
wz
ex
yx
pk
xm
bu
po
vz
uw
pg
gm
zv
ut
ef
ln
mr
rk
vm
ef
pp
cj
yz
qq
cw
fd
dk
pt
yr
pe
zp
sa
bp
na
fu
lh
tp
my
yq
ka
rh
zc
qt
fc
wt
lj
te
qx
ao
kb
rp
yv
tl
ff
wj
kn
pz
da
yw
rm
ma
fy
xc
oy
pe
ua
dk
ly
qf
xn
mf
rj
xo
rn
xt
tw
cw
cg
pd
pg
bl
cd
rd
no
zs
xb
mr
ut
ba
dt
gm
kt
sw
kt
st
wn
ff
cv
bl
rs
jx
wc
kt
jj
do
nm
wm
vi
uo
ov
kh
zy
pu
cu
ot
an
rb
uy
qi
eq
uu
gf
to
tl
du
le
mf
js
tf
xz
oa
qk
rm
ot
uc
tc
ci
ez
fa
kl
sp
go
xg
ky
is
fz
ev
ii
ua
dr
ci
ce
na
fr
oc
vf
an
lk
sy
ay
of
gk
ep
ry
vg
pa
cq
yw
gl
iv
ga
kq
dd
do
ka
cw
nx
up
nh
hi
ko
ln
cj
hl
wb
hm
oq
vg
mt
zd
ka
jr
xf
hc
tz
ia
op
fp
ra
uc
to
nj
vh
ra
zk
hn
bq
vv
aw
ak
vv
ht
dj
me
ij
lb
vs
oq
ig
ea
em
lu
yy
bv
qo
gz
wd
kg
ny
it
no
kg
ay
ol
wi
xe
ic
xa
rn
np
in
uc
en
ei
in
go
ok
ge
zq
an
sv
qe
yi
ju
sn
du
ef
ky
jp
qk
ex
rc
qn
hx
dz
eu
wf
eo
fj
dl
cp
zc
os
jk
jr
wq
xl
sd
yf
ak
ct
kh
ix
dn
el
nc
to
qb
vq
yn
em
eh
wj
is
dc
cd
nd
za
od
ce
uo
cr
jt
nn
hj
bb
ps
uc
dc
im
ml
fu
zi
yj
bk
tx
yk
kj
qr
yi
tv
gq
lh
vs
lh
mk
ad
bv
xg
sk
yh
oy
ke
ie
xg
db
zn
ek
ft
cn
an
kg
bl
lf
ys
zq
lb
dr
hf
aq
wu
ts
ag
qc
wu
ll
op
la
mj
aa
qf
hd
yx
wp
ip
no
td
ff
hu
va
oa
pb
cp
kt
se
gl
vd
cr
sp
ob
lg
qv
cs
js
pm
sr
ux
ee
wr
za
mx
kh
zt
iw
tc
xf
mp
kn
yw
ea
tf
qh
tw
uh
tk
iy
mf
cq
ue
ge
bj
fd
zm
og
ey
cm
or
pm
bx
ex
hi
qr
vp
kb
dr
ky
pd
hs
nu
jn
rl
ql
rj
lo
xf
ew
ur
eg
tz
lx
bw
dj
dk
tm
zk
cm
vz
lu
mv
qn
hh
zm
ci
tj
ja
xv
tv
fo
qi
bx
cf
io
kk
cv
lb
xy
nl
zv
iv
aj
tr
tj
am
th
gv
iz
kw
ln
ff
hl
jh
wb
ge
kj
yj
mf
ac
er
kd
hb
lf
wm
wv
jz
hb
gf
ec
et
bd
oe
az
cd
nv
pp
rl
df
uo
na
xf
vt
kq
bn
gb
jd
xq
an
ui
mk
jv
ed
wl
gc
ob
hk
nn
sm
mr
wt
db
po
gs
bs
fj
tv
ek
jf
nl
ii
ur
nm
qx
el
gw
aw
ht
cp
fb
tn
ay
gr
gs
pc
ch
qb
zg
zu
zm
vf
wf
yc
cy
jt
ap
fn
ac
ic
gt
bo
la
yk
sz
qa
qp
sm
hw
db
tb
yx
gg
ln
ny
ev
ys
fz
xg
po
be
ma
qu
hr
ix
hc
yj
en
ce
vu
yd
yh
qd
di
bs
kt
zj
qp
es
mg
gu
ap
mr
ts
ox
lm
dh
zn
cd
to
ik
br
en
ob
vt
ss
ik
tz
lf
dg
kz
vk
zr
zk
gu
da
mj
yv
ue
bp
uy
vy
gs
ru
rt
nz
un
ai
dz
il
jz
jx
aw
cd
sz
oh
ne
yb
yi
xn
mj
hc
my
bd
ua
cr
ft
ll
ds
rf
la
pv
fm
lx
gc
qf
az
xp
xy
km
el
xp
xq
ir
uu
ye
pd
xv
vd
rl
dg
ka
ve
km
pl
iv
gh
bs
nw
fd
we
jo
du
cz
gu
fy
zz
pi
og
zj
vu
se
ug
pe
le
bg
dt
bu
om
wd
rv
ab
vg
yx
io
cg
zy
pp
dv
ry
zr
pr
cr
dd
sz
vd
ex
oy
km
nd
ll
wh
tf
jw
jx
bb
eo
ek
la
jv
ux
su
cm
kw
hy
ea
ye
yl
fi
wq
mo
ni
yp
ua
vn
ss
tf
mr
br
xc
dj
yr
ry
hh
it
mk
va
al
jq
re
bk
pp
pc
lr
rb
cy
uq
rp
pf
cx
ve
yp
im
oh
sy
wl
uj
bp
oq
nn
mx
aj
ez
yl
oy
jm
lv
mp
jq
bd
qm
wd
af
iv
xy
eo
my
ex
pj
ex
kv
yl
mx
xj
vx
xt
ey
cd
cn
sc
si
ut
dp
dc
wh
il
gd
lv
ks
rz
di
hb
xf
hu
ss
hw
ga
mz
oz
xv
tn
vj
sh
vf
qs
qd
cu
yk
qg
ht
fq
cw
xi
uy
bo
ur
kk
zm
qo
td
hb
ju
al
ex
ov
ko
qt
kb
qp
nc
ir
bl
ni
pc
do
iv
wu
hs
rh
kl
dh
lj
bj
lq
vb
qr
ml
di
yl
qs
ug
on
fm
ri
ya
ip
jm
aw
ny
bp
fc
gh
av
ir
gc
vj
nu
vk
ht
ht
io
vq
dq
zt
zv
ym
km
do
kg
mc
gl
oe
fz
jk
vi
wt
dy
pp
os
et
gi
sp
ya
ku
hu
ao
jo
jc
qt
fu
rq
xs
wz
yv
tr
zn
md
ae
rp
tk
gy
yo
lg
uh
yj
kn
fe
co
si
tk
ct
kq
dm
cy
sj
zi
zj
eh
sc
ft
wo
rw
rj
lr
vg
mm
lr
ip
vk
cl
yr
wy
he
ya
kh
pc
ma
zh
nh
zi
so
fw
cw
ix
fc
kq
nz
sd
tm
hm
io
ph
vz
df
ic
uz
of
yd
iv
cn
je
ez
fe
ca
do
de
jr
hb
mg
ry
mr
sa
df
na
wd
oh
ky
sm
nb
ng
ug
ej
co
uc
iy
lf
bb
bu
ht
cn
fe
jx
wc
yd
ub
nf
gz
yc
em
qa
gi
hf
ot
vn
dj
ox
fd
ga
az
wa
qt
cz
as
kb
bo
or
df
wh
tf
kv
zc
yd
cx
hs
zx
xo
lb
hj
hg
xi
vw
mn
qb
le
hj
ar
in
kc
qp
pk
qy
fg
tq
yh
sm
rl
ep
bb
tz
uf
kl
qj
cb
fb
ik
ue
tx
eo
au
xi
xi
er
ed
cf
sp
wt
xl
zt
uy
qe
pg
ck
dg
ni
iq
uw
da
dw
pz
xs
ay
fo
co
pg
bd
lc
tk
rd
vc
mo
of
wk
dj
cp
qi
lj
re
by
gh
jh
uk
lv
ex
jk
ga
ke
xu
kc
ae
xu
zo
an
lh
da
hh
wc
jg
fo
lt
rt
tn
vu
lr
ec
zh
ap
fr
nn
jv
ng
vr
ec
ly
bh
zb
rl
za
id
sx
dg
qi
xs
te
tg
cq
ns
xl
oa
uf
ms
eu
yh
ws
ht
ar
er
ls
yq
eu
aw
vr
bx
mu
qb
il
qh
wi
ng
af
rx
vw
pb
et
rq
zd
ou
pt
ct
bq
ii
hu
wn
zl
rp
yx
aq
ts
im
uj
ed
nl
ib
qs
ty
wt
jq
hj
eg
ms
gi
rc
at
bq
xi
pj
ru
ou
il
tm
bz
mx
wh
wg
tc
ok
ug
vo
dw
fk
fb
sk
ba
mj
ob
sz
uk
ao
wa
fj
jo
cc
qk
rd
zj
tx
uw
av
gr
vd
uf
iw
gt
tt
kh
ai
qf
br
gt
zu
wb
ol
ge
tl
hm
ts
pu
vy
zd
xt
dl
zs
vu
el
jc
ez
pp
mj
ip
wo
kp
zx
qg
iz
dp
qm
qe
lr
oc
rm
uo
jv
kn
pg
us
lt
pq
tw
ax
ye
vg
tf
pi
vz
zy
iv
lx
fb
ov
gd
fb
qt
iq
xh
dq
jd
oj
lp
yq
ko
mk
ji
id
fn
ch
ot
wk
ry
yz
yj
xu
yp
mb
zh
cm
aa
ck
hz
al
ua
se
jd
ra
xw
fh
yf
iy
ib
fu
mv
ch
fj
lk
ga
yy
iw
jf
cg
uo
hh
xh
je
ds
fd
yc
du
bb
zl
xf
un
ex
vo
sh
vk
ic
se
mq
qc
ev
li
es
vr
bd
sg
bk
ib
hx
nc
bq
jj
ar
xi
oy
et
me
em
pa
go
ue
jw
bh
rc
eb
kr
wg
ra
fe
jv
nc
vr
mk
np
ee
fv
lc
nq
bw
fw
hk
cv
eg
du
fp
by
ue
rh
ys
qi
oj
oj
hw
dh
wa
ce
jx
ku
lo
vl
ax
lq
iy
gq
ob
ji
nv
cn
ub
au
wu
cn
ns
ij
gl
jj
bc
xu
ab
al
vp
wm
ta
ox
ie
qx
iu
yd
yt
jl
ec
cq
ck
wk
of
ar
ma
tf
xg
sr
oj
jz
tx
sr
zc
kt
dv
lb
xf
tu
ty
xm
bg
sa
la
qa
xw
ip
tx
ta
gc
cw
gr
up
ls
pp
gy
vn
gd
jz
sv
tq
rs
lr
hd
ip
kn
kx
xz
aj
ql
un
jl
xp
fg
vw
fb
az
sl
uk
pd
px
ex
qx
dp
dt
kz
pe
wh
nx
qw
cp
xw
vk
ld
ol
vg
hd
im
fy
ai
er
yf
iw
yz
ty
ze
zw
cj
fx
kl
sh
gm
fz
np
tk
ja
if
bj
hj
lq
as
fe
hh
xd
uu
ov
qq
lo
lv
pg
gt
ol
pg
zw
qp
yl
fi
od
qq
vi
fr
no
md
wu
os
ho
tl
su
bq
dq
qv
qd
ed
dl
yn
iq
av
sj
og
xz
mx
tj
fq
dr
bz
yq
qx
qm
jw
fc
ac
dy
ia
gg
mp
wl
lk
km
dc
zj
nr
ek
wy
wq
vl
jy
pa
eg
qi
hl
kh
iz
os
oc
oj
mw
az
lx
vx
tj
jd
sm
fk
ex
vu
ja
xr
cj
ae
no
bw
ty
ky
mz
fi
yo
yj
lw
qn
ls
tl
je
ea
gu
pe
zi
hc
zi
tj
dg
bl
sa
xu
si
ol
yb
hh
cx
pz
gr
pz
pn
zz
hd
uq
ut
ai
tm
xm
ov
br
mp
cn
hr
io
mj
km
mw
hq
pp
ts
ry
cm
cm
gr
zw
gm
ly
qk
ge
tl
um
kw
yx
pr
xo
nn
dy
pm
dd
pe
hc
ub
ja
ll
eu
ry
pi
xz
gs
bc
tq
lz
jy
bn
wh
ff
yi
nq
up
nk
eo
dd
nq
zi
iq
fp
bt
mf
fk
nl
fu
gg
tf
ti
ub
xi
lg
qg
tm
ve
us
am
fw
jq
uy
op
by
il
jj
wk
gt
tu
hr
oe
ee
gd
pn
ki
um
cg
oo
ne
rp
sc
ez
ij
bz
hx
vj
kz
ao
jl
eq
wz
wi
zt
wh
fm
is
ht
kv
sc
ug
ga
jo
xj
ly
wh
wp
sh
by
ry
yk
yd
zn
df
pi
sq
dd
sb
lb
mf
kr
ic
rn
va
aa
ne
gn
uy
ov
wz
qd
wi
fx
bh
qz
ku
sy
ak
rg
vb
ta
pl
pz
mc
vt
hp
tq
og
pb
xx
gg
sp
hu
ad
wg
cb
rm
ka
el
gk
zv
sa
jj
vv
ub
if
ip
gz
te
vk
bt
jw
ee
ik
kq
ki
qf
jv
dl
yz
mh
rn
ys
af
gi
yj
tm
jz
sr
dw
ur
hu
ep
mb
sl
yo
qf
gt
lx
ds
kb
iq
pg
jo
rv
ol
hs
pv
mj
sf
zz
tp
mg
rv
pr
vx
ea
bv
fv
pb
np
jr
ht
uq
fj
xl
ya
fh
zs
oa
jg
di
gp
rg
pi
cc
fw
zp
io
em
lq
wk
fa
rh
zw
ph
xb
dh
ku
yz
lp
yu
ao
vj
lf
mr
ya
aj
cr
vd
uk
jy
ys
zt
cd
oe
ay
kh
fj
xq
jd
fn
sx
dd
ld
gn
qk
cf
up
va
fs
bk
nu
fg
fl
hf
fk
uc
fi
jd
hg
az
zr
os
vn
il
ai
mm
de
oc
eb
rs
ci
ux
du
yg
fp
qg
ay
wp
ti
mn
zg
py
rb
ed
jc
ks
kk
ro
jp
xa
ou
yg
va
yu
qt
nh
ls
gu
fl
mz
qo
mn
ki
cb
wc
rf
cd
oh
tg
ae
ba
rh
bs
hz
jp
bz
tq
iy
wp
ux
wf
xk
yx
qo
gu
cm
zg
bd
ec
hy
yr
mn
pg
ki
ks
uk
pp
hr
au
qa
gi
lh
me
sd
ct
yh
kk
ln
xd
di
ud
hu
ru
tk
gv
pv
yy
pv
rw
li
eu
pi
ya
tt
de
ot
gr
po
rn
kk
el
ai
al
ia
wi
js
ij
os
mj
jz
xx
gu
ol
xx
fh
lz
nu
zo
wd
ja
pn
ih
nu
iw
us
vc
wl
pf
jk
cn
hd
gh
ve
wy
wu
ov
le
ls
px
kc
sx
ir
co
el
zl
aa
la
pj
lu
mj
wj
vg
ix
ck
sk
hi
vs
ny
sy
nc
dl
jw
fw
cd
hn
dh
xy
vq
xc
tj
mh
lf
xe
ef
ik
qj
jf
ma
zf
zn
kl
ce
iw
xl
bz
xe
ef
nc
bt
hj
wd
on
hb
zn
jl
mh
yt
ht
yl
wb
lp
nx
kp
ed
th
hj
wm
kc
rh
ut
fo
ep
uv
co
yj
qs
ds
fd
nc
ob
sa
qd
eb
fq
gk
vx
lo
sl
nc
dg
bx
rr
fy
ic
lg
bg
vn
ks
sp
eu
ea
zs
mq
tu
cy
fr
gu
kd
pt
vz
gg
gf
ie
mr
xj
dz
tu
mf
ey
ab
mn
hu
ps
jx
ht
el
yv
vx
so
bz
mx
pl
ng
ju
lg
if
kr
jl
bd
hl
hv
wy
ty
wo
gj
wm
ry
yl
cr
rb
oy
xr
wl
fr
wm
ky
km
pv
xl
js
hi
xg
pm
rr
cq
cx
ui
dr
jo
ur
fa
yp
om
dz
bu
px
hp
sp
lc
gd
zg
qo
qg
gf
wk
af
pn
fy
ef
zn
ms
xx
oz
fc
sz
cv
jd
uj
ld
dp
ne
eb
la
rk
ru
oa
ca
qe
hq
ho
yj
xl
bk
qa
zp
fk
dc
wi
ef
so
mm
ad
pc
kz
ww
nr
fd
wd
bv
tf
nh
vs
ak
ex
dc
zk
kj
zr
uh
yo
tm
zw
bz
dj
ef
hd
hv
qi
rb
hz
uy
mk
fr
gk
he
mf
vr
rw
lw
tv
ao
tg
zp
sz
bo
tb
km
ha
wx
ea
nd
ik
pg
gt
mg
tl
zs
lx
ze
jt
wo
mz
ol
ge
td
bh
lv
zx
pc
eq
nn
an
yt
ru
xk
hv
ku
ag
ln
sg
ex
uu
fo
id
zp
is
ih
yb
te
qf
fr
xn
qc
xi
ol
xo
uk
pm
vx
am
el
tu
bc
xb
rg
at
mh
sn
fo
zi
vs
fd
wa
hk
yj
ro
df
xa
mi
cq
pq
yv
wn
qa
fl
ch
ni
mz
wq
un
oq
ku
lx
fs
sq
bg
ep
qe
uf
si
sy
zg
uq
gc
ur
dt
qt
ra
bm
ke
xz
dz
ua
js
tl
ku
cg
nq
rr
yc
oi
ku
to
rw
jr
rn
ch
rq
vj
sy
tl
ab
bk
ke
ee
ra
dq
ve
nz
iw
jq
fm
qh
zo
ay
ui
np
vu
qa
em
ws
jg
kw
qg
ql
pz
gl
wd
sg
en
kx
od
la
ak
ju
td
hg
bq
bg
tx
dq
jg
tf
wk
vh
ni
en
vc
ru
hk
ls
pu
uc
wg
un
my
na
cg
hk
lb
ea
nl
um
pl
ia
hs
fz
fv
mr
bx
so
wn
uc
vg
xe
jc
kn
vc
oc
si
sk
lx
zw
et
pc
vh
ye
dd
xk
ii
ax
tl
xp
sv
ur
yp
fy
pu
rs
wd
kh
zj
vt
zp
uq
gn
ca
cz
cl
mk
yf
ic
cr
jb
wi
qk
ay
is
zw
sq
jp
af
ov
pf
ef
gd
hh
zd
tg
hb
nu
qs
kd
wh
fv
if
wz
ox
os
ji
ds
xk
ce
nf
xp
fy
ol
pb
am
wx
pk
sa
fs
dr
ak
gg
ez
sl
et
fl
zo
gm
kr
bq
uy
gl
ns
mq
ly
rb
ec
aj
lc
gd
yj
rl
py
if
fh
ea
xp
kx
mu
fc
fu
dv
tp
br
hs
lh
sl
yr
rv
wa
ds
ln
jd
jc
tx
ne
fl
mn
up
eh
fq
rp
bg
gn
kf
os
ru
lw
na
qx
xp
ui
gg
sr
ge
wp
ex
oh
qs
hv
sa
ac
rt
xt
kq
ms
eo
pf
sw
ld
cd
ur
iq
pn
li
bs
fo
sc
ns
es
hc
wh
bv
he
tj
kr
ay
iz
nm
bn
fg
fj
zz
jd
bv
rq
dj
br
rc
nb
qa
ok
se
vf
bc
bw
zk
eb
qe
yn
dv
ib
vd
gh
fj
qq
zi
ho
cp
up
xa
ac
rh
zk
ax
iw
uy
bu
xa
ru
en
uq
vn
zy
ij
ht
vc
lv
zs
mk
jx
ff
ag
di
cw
nj
uy
bm
mw
li
gq
ed
mw
lx
wi
dd
ss
lm
br
hi
ib
ig
pc
mn
qv
cd
jq
sx
xk
vl
ek
qw
xo
he
av
xj
ps
zj
uv
zo
yw
dt
tn
ck
yu
kk
xw
xh
nn
cx
hl
ym
xw
hv
no
tz
dr
dw
lj
ub
gr
ht
ja
ns
zm
dy
iv
cv
vn
zv
fx
zv
dk
lf
pt
va
fp
be
ev
zu
fa
yg
vw
az
lb
sc
ji
op
nb
cg
hh
hg
si
yz
yd
fy
xb
ax
dg
zm
bm
gy
xn
pr
bk
qj
eh
ov
wc
zd
cz
cn
rr
bb
kt
fz
fi
gz
bu
vt
qw
qb
ao
bf
fh
hu
ji
ql
sz
ld
vm
yi
hh
xs
yx
kh
kr
ak
ee
px
nt
rb
rf
ot
bt
qa
xb
rv
he
ww
cb
jx
un
db
ph
yp
yu
dk
ma
re
ep
zk
qu
iy
vt
gy
ew
tt
lc
zu
od
jd
zn
wu
tl
rm
pr
og
qo
kq
ds
yy
vm
ba
rg
fj
vs
pp
px
lm
iz
xo
ty
no
ne
fc
kh
zi
cu
km
yr
zd
zu
pw
kl
lb
kz
mj
qs
iv
od
yt
ok
lz
mm
ak
cb
zf
qo
ve
hf
kf
bq
vy
qj
ay
pq
is
io
ht
vm
mf
qx
ua
jv
zl
ld
iu
el
va
ls
au
ns
um
ue
jf
rk
do
yx
cm
ty
sz
cb
cq
rk
xs
nf
fp
bk
mi
iw
uc
na
gj
hr
dr
qn
oi
la
kg
rl
nm
cp
sa
lr
xq
jy
pp
oh
oi
nn
yl
fh
aj
sl
ky
hx
kc
lv
bl
rr
sx
nw
gd
rf
ev
wd
bk
qz
vb
xf
hj
ud
vn
ec
fa
ol
qs
kj
cv
vb
of
dn
xi
rt
vq
xa
fr
st
yu
yi
oq
ru
dl
dz
ng
ii
vv
wn
lk
ku
sa
ps
ir
vc
wk
tp
bi
jh
ph
cg
rp
pv
cz
hr
od
df
cf
fn
un
km
tr
mz
yl
mg
tb
dx
fm
xl
sd
kv
vu
ml
cj
qt
vq
jy
tw
sz
aj
tj
nj
ap
sl
hb
vd
ie
mc
on
ez
lu
ns
tw
rx
py
af
bu
gw
ze
bb
wx
ct
mn
yt
bl
kx
rm
yt
bz
cz
wh
af
uf
wp
sn
qm
ps
iq
rl
lx
fs
we
ud
ri
nq
mj
cp
bo
ce
pu
rq
io
ja
rt
qc
pu
vw
zr
yl
wj
as
sm
cy
il
dq
px
eh
gi
vk
vk
ql
pg
gi
oj
lt
bt
ty
dy
rr
dy
qo
ol
ww
nu
zf
hb
ro
iz
wg
pa
mt
zf
rx
br
mw
mh
cc
qn
zm
lp
fo
rv
xi
av
pl
di
hi
dv
cu
cq
us
yj
kn
jb
oo
bh
pz
so
qc
pb
kx
ew
pb
cm
xx
gg
xc
ul
nn
fj
xh
sv
vm
ir
ce
nd
iu
le
lq
xn
za
nd
kf
vd
my
rf
rl
xj
ho
ww
gy
gm
vh
vy
sl
rf
yk
sg
jd
ez
yl
rr
xm
ud
sa
iu
dk
ch
sa
jb
ds
bl
tw
rk
ln
ar
at
zy
ii
if
gn
nz
jn
iy
jp
mq
fh
hp
eq
lu
tc
or
cj
oh
ko
cg
kc
zy
xd
tu
jl
kz
tp
hs
pi
nq
rp
ki
iq
nk
ws
hk
ln
vu
wy
oz
ju
kc
vv
vg
ij
hl
ly
qq
rj
vn
sj
zf
th
co
nz
jm
oz
ck
ys
np
fd
hn
uh
eh
ew
xw
gm
bs
if
yk
vk
am
vu
om
cc
eo
hp
cf
vc
mf
cu
bm
dj
yf
mz
yl
bh
hj
ty
kh
qo
pv
pn
rq
un
co
xo
xj
np
ft
de
xj
qd
xt
sq
se
xq
gt
ik
qz
ne
fu
jj
tx
zq
vg
so
ke
dq
sz
vh
ie
wo
en
jh
mb
jy
tp
kn
jn
xr
ep
xl
gu
bk
cn
ph
yx
qz
hj
zv
jk
on
ms
ts
qw
dp
xa
gw
ua
xp
gh
uz
xn
kf
mu
ax
dl
wi
nq
pf
ur
da
mp
ik
xe
qt
rj
dr
gk
dk
mg
dy
yx
gh
sg
wm
io
ys
de
hp
ly
aa
hj
wu
nz
xh
gh
gi
wm
jv
mw
xe
pl
wq
df
ze
qo
by
ck
nj
xu
pc
ws
ex
nu
sz
zj
wg
an
xe
nv
sq
ps
om
am
ow
bg
if
ul
gm
fx
zq
ue
ue
rs
hd
bb
og
pm
jp
dy
hz
oz
fx
jo
vz
fo
dt
en
mf
tr
qm
ym
qr
ec
ba
jk
ik
ky
rv
gv
qf
rg
bf
ei
nv
ky
it
nk
jc
sk
og
gq
bb
cw
xj
sg
dr
ur
hp
iu
dl
un
lz
dl
aw
sq
cr
qk
ke
dd
gs
qv
ry
ax
me
zn
os
dl
eu
xb
mb
pl
fz
gz
np
bl
tl
pl
ti
zj
et
ci
or
hz
eo
fj
gq
rt
rm
kf
jz
oy
mv
pu
xb
xe
sy
pn
lp
xt
qm
ii
nf
cd
jy
lr
ty
sv
gr
gc
gq
jb
yj
qy
mp
cu
re
ag
tr
bb
nr
hq
bk
pd
gn
py
wx
cs
dr
lq
fn
lb
mf
cj
zc
np
vj
cx
qx
eb
nd
nb
hr
ex
fc
so
dm
yo
it
yp
du
wr
vt
yu
gg
np
kp
tv
op
ot
zj
nw
fn
oa
is
pr
ka
va
lx
dp
yp
oc
sb
fq
wm
wi
wj
ag
lc
ai
dz
wl
cm
ws
us
at
vn
vv
nn
ux
vu
zh
kw
nr
bo
rl
iw
ee
gh
gv
hz
xx
sh
nz
op
cg
mb
jn
sk
io
lu
lu
gf
zz
ay
od
ry
de
hu
hb
vc
jn
vg
rl
jd
xn
mi
lv
xz
xp
px
me
ix
wa
zo
gi
jk
pf
vz
ae
xw
ob
yz
ch
oh
wv
cu
bu
tn
hs
rj
cx
yy
hl
ia
wg
nq
fo
xa
yw
jh
ds
nh
vy
no
ob
jl
js
qu
sp
po
xm
bs
us
uy
ph
uh
ue
eh
xr
kj
lj
ai
nj
ta
je
pq
og
xe
zu
bk
rj
ez
wz
xr
rw
sa
dc
wf
ia
qa
kp
qd
mu
ac
vl
nb
cl
rm
if
sh
gn
rm
dx
tk
wm
ra
jf
jq
li
wo
ea
ev
uy
uj
ao
nt
jm
la
ir
ba
bd
bz
py
ml
fz
td
gu
rd
xs
pa
lo
sl
fo
ys
wf
fs
gl
qx
ud
jq
er
dv
pk
po
od
mf
kw
dl
mb
yc
tx
pb
gb
nn
ev
rb
bg
yq
uz
bs
ld
ws
ch
gq
bf
tm
el
ct
ls
ns
vw
jw
wz
tq
hq
yj
nv
gf
xy
ao
jl
bi
fy
ly
tg
tx
dz
fv
lf
sl
rr
zb
ha
dv
ox
cx
as
fk
gj
wk
bs
fs
xh
rq
tt
dx
mc
tn
dk
kx
ll
bc
ev
yc
hq
gh
fq
qo
qs
re
of
ya
ip
no
ow
im
fg
vu
ys
ez
ky
gq
fw
cp
wi
jd
pv
zw
xx
zq
uu
kt
ix
sm
bf
nv
gj
ru
xd
ev
wx
di
fa
zz
up
zt
xl
tj
vh
ca
os
on
yc
eu
mw
em
os
ph
rs
ly
by
xr
lk
ra
um
ht
uz
ld
ud
dz
ly
lv
ja
xl
wq
mn
qv
cr
pw
me
ki
xl
su
cg
tu
we
ra
qx
ck
vq
mj
uy
ts
uf
pv
lm
li
gk
dr
jx
fo
ot
pa
qy
xu
hm
dm
vu
ty
tm
lz
cs
up
ex
ak
lq
wj
sa
kc
gx
bk
ft
ej
op
jt
ed
cx
be
wf
tq
mb
vn
sm
zs
kh
xc
kj
ta
nf
hh
lj
hm
pr
ei
ft
zp
qu
nh
mr
qk
ms
wr
nh
wq
jk
vz
vs
eh
is
fd
ii
fx
fj
zf
zn
fz
ws
nb
jd
oz
yb
og
di
bc
fv
hv
gp
dz
nw
qm
nm
lw
tm
wg
iv
sa
jm
bb
ot
pu
er
zt
pa
gb
cx
la
oe
yk
lf
yn
xf
bp
ji
mf
ba
ow
hm
vo
mt
gh
tk
uf
um
bc
lp
wv
nn
gr
lf
ab
md
rw
gk
fw
db
mt
ep
sx
kx
gu
dp
af
pv
rg
sa
xl
zj
dt
ha
hw
fa
rm
mp
bj
ik
tw
vh
ci
zo
aw
vp
re
eq
rz
pi
ax
cr
ps
wd
lj
ui
cj
zi
ia
dv
vr
qy
ce
cv
io
st
eq
mv
vc
ob
ij
ia
zz
ov
lb
fh
yr
rb
bq
tp
bo
qk
lj
bj
gk
so
vm
me
xm
ke
iy
tw
xv
ia
gn
ln
uj
fi
sn
sp
et
yx
ey
lj
zv
bz
ix
wv
gn
wl
ul
pm
zi
if
tb
yw
sh
oq
hr
km
lf
am
rn
rp
gj
dk
lt
vw
cg
gb
ie
zm
eo
gs
xe
ad
wn
rk
ui
ff
ut
pd
ml
tf
tm
ow
pp
px
gn
qm
nb
ac
uo
vi
fn
iq
ke
ej
sa
wf
kk
tw
qp
jk
je
nn
lr
cp
ig
rz
ek
bn
ax
jp
td
in
tx
df
pf
ht
wo
ir
wc
nu
vs
mt
xp
nq
ym
lv
qe
gy
ny
qn
uy
ky
eb
ol
db
xj
vv
lp
gz
ru
sl
vk
jt
mb
fc
eg
oa
jv
mg
zh
tm
mm
bt
jt
tz
ug
nv
ec
lg
cm
le
ou
dl
xe
ag
rv
bn
fx
yw
uq
go
wt
jh
mt
vm
ef
uv
mp
gh
zv
kr
br
ow
vh
gy
px
pt
pr
ag
ye
rm
cs
rf
vx
gb
ua
wa
aj
gb
vq
jb
gg
ws
sr
wn
ws
cv
ko
bg
tc
gn
xm
tu
ju
gu
yj
qg
fd
ee
ms
qq
cu
zx
hz
dx
tg
ra
cu
rz
js
mx
nc
gd
vy
wp
ce
ig
bp
zv
wr
dy
py
gd
xy
ht
of
md
ri
ac
hr
dh
jc
zn
ae
vm
vi
pa
bw
gp
td
vc
js
om
fb
um
ve
za
dd
fy
ba
cv
qy
fa
as
wt
nn
ds
tp
am
gk
jx
ab
ww
gs
kp
hc
il
vw
nn
yn
kc
mj
hp
xd
zb
oj
qo
sg
ic
ya
xo
tt
lz
fn
qa
rg
rs
zq
hc
jy
li
bi
gh
bt
zq
wp
af
wq
au
kf
qr
vy
wd
cl
ha
fh
cm
zg
bq
av
xz
xz
ey
kk
gj
sq
if
xz
br
hl
jv
ic
cr
nz
qi
yk
mv
py
jh
gk
gl
fj
bk
vf
px
ag
av
fg
qm
by
fz
tj
gu
op
zl
ce
su
up
fi
xg
yl
ne
qw
yf
me
ol
au
hj
ya
xj
zi
ws
yg
ys
od
ha
lo
tj
dn
ln
uy
xc
ju
rr
oa
ou
vs
qc
az
or
ga
xv
nu
ej
fb
ti
dw
dr
dj
fd
db
vh
ox
pw
lr
ro
tq
al
gz
vr
dj
qn
jj
dd
vb
hv
wd
lp
qm
uy
ix
oq
ej
tw
sc
dp
ic
hn
gm
ce
to
mw
yb
az
sc
gb
jx
jj
vs
ho
bc
cz
sp
dp
gd
tc
pr
hv
bk
zj
km
hf
pl
dc
pi
xx
ke
om
bq
tv
nw
mg
ge
db
ea
pl
cy
ti
vo
bs
or
zf
hg
xl
ee
je
vv
ce
ry
mt
hh
pr
un
xm
mx
cj
km
sr
uj
ln
th
vj
pd
je
ey
wc
oc
ed
ds
an
hf
nt
pt
fh
jv
cm
du
dp
td
fn
uh
sy
dp
vk
kj
qw
xa
jq
gj
gv
sd
sb
uc
ko
gb
gc
ns
cj
dw
et
rk
kk
pw
fp
iy
qe
rx
gb
sd
yl
uv
dn
po
br
cx
ib
ac
sp
nx
na
mv
dm
sl
ia
xh
sk
vr
ti
rv
ae
ss
hu
md
yg
cw
bt
pr
dw
ew
iy
yx
up
xh
ow
gl
vk
gd
fi
fl
vh
zk
xp
wg
ax
hr
en
ys
fb
tt
me
yo
wf
dn
yj
mz
yz
og
mx
ul
fq
pl
up
xl
xn
cs
uu
ds
jr
tr
rc
dy
gs
xk
eo
xs
mu
oh
lq
kb
uu
mp
ky
ei
px
bz
gg
fo
ng
vl
ka
sl
pi
zm
qn
hl
ur
ef
vk
ez
ct
fv
nt
gs
nv
zb
jq
zy
ua
im
ta
bl
pk
ml
oq
br
gj
qt
pf
vr
xv
tp
de
ux
mk
hz
hr
pq
oj
zf
gk
uu
gc
bs
br
lt
vf
aw
gi
gt
wn
wl
cb
kk
hr
wg
vi
so
iy
iw
dd
qn
vy
xt
vr
tk
rg
db
yc
ry
az
zn
qd
ts
da
ae
nf
ic
ds
fk
iz
qr
wh
pr
yb
du
ke
ed
oa
wy
ww
fn
cf
no
zu
kj
vm
wa
sc
ri
yp
dh
ry
dl
rj
xb
vh
ti
ax
yu
ay
fx
cc
yx
yl
ef
wx
td
ul
zi
ch
hw
dp
db
ht
ro
ix
eh
gt
vu
zc
qa
tq
wq
kg
dm
zt
mf
xg
ia
kw
ze
ts
ps
kk
ii
pm
fc
vz
gb
vm
nj
yr
lv
kr
jl
ez
lb
xo
mj
bp
mm
uu
dc
rw
ob
xl
er
xb
au
ip
lf
pf
ej
yf
kl
bp
jl
an
du
wk
yo
nv
mz
ni
dg
kz
ke
hb
xu
qd
et
ik
zt
sb
wt
zt
ro
ce
zc
jp
qg
ub
zt
ha
dg
pu
nl
qw
pg
ra
mb
rd
km
zz
lw
jw
dl
jl
no
pc
uk
ab
ox
eh
qw
ci
ys
my
ks
gz
mj
nr
ou
od
lg
tq
mz
nz
ya
nf
zq
jy
ah
os
jy
be
bf
jp
ae
wi
bx
ov
wx
us
sa
mk
bd
pc
kl
yo
ti
vn
kq
ex
iq
jg
hv
za
ph
gf
un
ww
rr
nl
rs
yq
cz
co
to
wj
tm
kb
tt
kx
pe
zz
gm
uz
wa
df
wk
qz
ae
ri
we
ab
mt
de
eg
sx
sx
tm
pq
vz
iv
eq
gu
cb
dk
hz
vd
lg
lo
ic
cr
qi
ew
yg
jm
wx
qw
ba
yh
ur
pz
sm
pa
fv
fm
ok
bp
tm
ll
ms
ko
ld
md
oe
zj
lw
as
xb
ef
mt
nw
gr
cn
lg
xp
hu
sq
qs
le
bx
ro
va
wq
ig
zn
ge
bu
ao
us
mv
dj
ax
vt
vp
fc
gu
kc
id
eb
vs
kh
ey
ya
ze
in
ih
ei
pa
hf
bl
ha
db
mt
bd
zo
fw
nh
yz
um
hy
tg
aq
py
ka
qd
tz
wm
pc
ef
un
ma
ll
hc
ys
um
qj
um
ld
th
ui
kt
xv
bu
le
wz
ic
zp
xo
xa
ud
rz
lq
zo
hy
aq
gj
ss
sz
ey
zd
bs
sx
mf
jg
nc
vd
ut
zl
nb
nb
ng
ly
bz
qv
at
ly
nu
ze
md
kk
kv
vd
up
ul
if
lu
fd
qz
ar
lq
wg
qn
pb
tv
wq
cm
jl
vq
iy
sm
wb
oa
ct
ag
kj
ha
rl
kh
yw
ep
jz
ei
zx
nu
bj
av
bv
bp
uq
qk
sq
gf
kg
mw
mf
dx
xl
tl
be
ww
gy
cv
ul
cu
sr
oi
gk
he
lk
oy
qj
fh
zx
ui
gk
sf
cz
vh
re
gp
pj
fp
qo
bt
su
ze
yl
yr
gk
pu
bi
ak
lo
kx
de
wm
kg
sj
xr
di
jd
dg
un
lf
gx
ty
pa
ks
is
nz
bu
af
kp
bo
pp
tr
cg
ra
km
xd
uv
ii
qe
zn
ec
zr
qj
ke
aw
td
ej
zt
fv
ff
mj
oi
ct
pz
kd
iv
rb
ct
qi
ke
kx
jp
dp
da
tr
gq
fn
rr
sq
cr
el
sp
bn
aa
lf
sk
cu
ka
ul
by
mi
bc
wg
ec
id
ro
jg
ia
zx
bp
uw
ne
zq
bf
jv
nh
ma
ff
zj
wx
gq
ls
sk
xx
ga
qb
rx
zn
ns
pn
kb
yf
pj
we
cc
ae
bq
yt
gw
pb
as
vb
wd
nt
ej
fv
uu
yu
qj
ap
qo
nq
wo
ml
gv
jm
rz
am
gu
gj
zm
wh
xc
sc
hv
et
ci
er
fv
pu
gc
kf
ca
rr
lm
lt
bv
sw
gy
km
sv
ja
re
ju
mb
ms
wb
lf
lc
vv
ij
wn
dv
oq
hf
un
xc
pt
kr
ay
le
qq
ji
id
dd
pn
cr
el
rf
ue
nf
rm
ba
wj
fe
it
xp
nu
gx
dx
au
eu
pd
ok
sb
lm
mx
dd
ax
ik
ye
aj
dx
zy
wy
ky
gm
km
lw
il
qa
it
kz
am
qy
la
td
cy
da
om
fv
wm
yq
zu
vf
pz
jz
qm
yu
ru
rl
zq
cd
fm
hj
op
uo
sl
sd
zi
pf
qj
sh
el
xp
dn
ak
tk
zf
kd
kt
br
tu
gw
ia
uv
zp
yt
ly
uy
sg
ly
ft
gi
mb
hs
tf
zt
uk
st
ql
ab
la
xw
pc
vz
jz
gc
qq
mm
ly
rb
qd
ew
tr
gv
he
nh
tr
ul
re
hx
lb
po
ht
vh
vs
is
dj
rf
fc
eb
lz
ro
nl
rs
qo
mp
cm
lo
cq
ml
tt
dk
sw
yb
eb
qc
ez
ly
bu
fv
sr
cd
uy
tm
ty
yd
nf
yw
dc
qm
at
iu
ce
vh
ze
hg
zp
nz
pr
vm
di
ja
ys
rr
yo
ww
gr
vk
tr
xp
sp
jk
xl
ep
ct
ps
ij
zy
xj
kg
pj
ao
lh
ip
rk
ac
jt
qx
id
ha
xa
ca
gp
ye
dj
ug
jm
rg
ea
yg
ob
mo
nm
zy
ve
ds
pf
ax
zc
ik
iw
kl
cy
ji
az
sj
vk
fo
xb
kw
vm
ex
fu
fl
ws
hw
bu
vk
hm
ho
id
pl
hr
zn
ck
rn
ux
gc
rz
ah
xi
zf
lp
lz
bu
ty
rl
nv
ki
gd
fg
pr
af
rr
gv
az
ja
qr
dc
jx
hr
va
wb
sk
yl
hy
mg
kv
sw
ek
oa
mi
vz
gk
dl
xt
vd
pf
ny
zw
fi
qb
qs
xe
hf
dp
el
sk
hh
rt
oi
bb
xa
zd
dw
hc
qf
ae
su
er
yg
gl
ce
qb
zw
lj
sr
gb
ky
wo
kd
sy
cn
xp
xp
sk
gh
uw
wz
ea
tu
vv
is
op
pr
oi
mi
tj
re
hz
xt
kl
nm
tp
gn
rf
mf
tm
zp
ao
bk
ke
vp
ud
yo
it
wz
po
mo
is
fz
zi
cs
qp
yw
cj
pz
lb
mm
zu
tw
nf
jp
aw
zi
jd
yt
fs
fo
zy
ut
xo
of
ys
ws
my
qv
lc
jr
lu
ff
nu
rn
zc
yo
iq
hm
gn
kz
hp
xn
tj
dp
ce
to
ji
ia
lt
gb
tc
wo
cd
tf
py
fg
zz
px
ov
cp
ed
pr
ei
vm
ml
kn
qi
jb
ip
xi
ax
cd
au
gf
gy
ya
hq
mv
ru
dy
ht
jl
iw
qc
iu
qx
tf
cd
yp
hh
tm
sb
lw
jq
av
wf
eq
vl
vl
yy
fv
ic
ob
ck
qu
ri
kh
wu
fy
ca
nj
eu
kz
lr
cm
ps
jw
qs
yf
kg
to
tx
ej
vm
qo
bu
bc
nt
hv
kb
xp
vc
mu
ph
uj
yl
yp
uv
zu
th
sl
hd
ry
jl
db
wm
qd
ep
ou
im
kk
iz
eu
gl
xg
mu
pw
nz
is
fr
sr
lo
yx
uh
du
cu
wp
gf
yd
kh
ki
ta
qe
cv
wc
ss
ps
ne
su
fd
xt
xo
op
ez
ef
gc
qa
hx
qk
ti
pw
jg
me
qy
tk
od
ea
iq
lc
ko
gw
fz
qy
qb
ep
md
xy
jx
eu
nl
sc
ug
fb
lr
is
tz
co
ar
az
nh
kg
fz
xg
fk
jt
wu
xe
gq
bu
qo
cf
xh
st
dr
id
gg
ll
ue
ye
ml
hm
el
pl
ir
su
du
xa
am
yh
ud
fu
rb
wi
kx
ue
fr
qe
cj
kc
tu
ba
rd
ir
xm
ug
ii
ho
cp
yw
yu
lz
vj
ku
xg
mv
qx
ye
zw
fk
bv
jc
df
ss
lr
es
ii
ed
dt
qv
tr
xn
vj
pj
no
yo
xp
ej
km
qy
zj
ue
mp
bm
ba
pk
vq
xm
aj
bt
us
ce
db
br
og
fc
sy
gg
sk
bt
qs
nw
wl
bj
cb
ko
ep
sv
by
cf
zy
wh
xt
nu
de
gg
xl
cd
ag
fb
vj
il
oh
sc
mt
aq
ka
py
il
jx
qd
vc
jo
yb
fk
ym
sz
bm
qm
nd
nl
qh
em
zs
oe
iq
mb
wd
mg
hh
vx
uc
mz
wx
ls
tj
ud
qy
zs
iy
vq
cy
yo
co
ao
da
fi
wg
et
sg
ve
ky
tu
of
xi
rb
zw
rm
hq
jx
ih
ay
yx
la
mc
pn
gf
lq
ar
ti
ux
yh
ih
yj
rq
gt
dn
hm
lh
za
yv
wr
gg
io
es
ar
oa
qo
cp
yt
jj
uu
vk
rj
ps
en
fz
sz
xn
vx
sb
ah
fu
xn
xl
dg
ah
ws
df
rx
fh
pv
ws
kt
tw
bx
yp
ii
wz
wu
dm
lo
nk
bs
jp
zl
pj
fh
bm
xl
nl
wg
zl
ww
lh
fc
az
ci
cm
by
qc
vb
pt
zf
xi
xm
rb
th
wf
as
jr
uy
md
tw
cz
cv
ql
ep
fp
ca
ul
pc
tn
xf
id
wi
ua
wb
pv
kf
hx
ns
ds
gj
at
xq
gk
cz
xk
xf
kk
bf
gp
tw
pj
bk
uk
wi
kx
qi
iz
je
if
sn
pz
yc
ky
sz
fk
td
pf
xe
vg
mh
za
kz
pr
xe
mf
bi
so
ka
tb
gg
uf
qc
on
ex
nv
dr
tc
iy
hy
ht
lt
vs
gs
yf
cr
la
ur
pe
sh
td
xx
vv
dd
ny
no
kn
tc
vi
ml
ox
bz
av
mq
gh
ou
kd
jz
eq
qr
oi
an
ur
lz
cs
er
tq
tu
pj
dm
sr
in
bp
wa
al
bn
fh
uk
ip
fa
pa
qj
dw
qy
dw
hd
ce
mw
hv
mq
zt
vt
ll
vc
ym
zy
ct
nc
dy
wy
ga
fy
zr
su
rj
jb
to
yf
ah
jx
hk
ov
ds
rr
db
hw
up
xk
ui
pp
tf
dn
tv
fa
pg
nn
qo
rl
iv
hf
fk
tj
ry
tv
sp
ov
bo
cz
se
db
wz
hy
zl
mp
vm
kd
ak
tj
qs
mf
ip
xq
ul
qk
ak
kv
hp
kj
od
br
tc
ds
py
bc
fs
pn
ns
ow
rr
uy
bl
bp
ts
wt
aw
lo
zf
ss
jx
pd
pg
nz
eg
vs
mg
yx
ww
hl
sq
fh
tq
qm
bg
cc
zl
kw
ny
kf
iq
mq
du
rd
zt
ko
ot
dk
ij
tv
gj
qd
tr
hb
qd
ve
ni
ir
cg
wt
ax
nr
bl
oq
ht
mz
mn
kn
nq
ss
ij
mb
ae
oh
vk
np
gb
uo
gl
mv
xv
dt
nv
da
xs
lx
cj
uc
xj
ai
bk
ad
pf
cu
hj
hs
hx
vd
st
my
lv
mx
gy
da
tj
of
lb
pi
us
oe
ke
op
rt
rg
wf
ly
nl
ce
ib
du
aq
xk
fj
vk
uk
ti
ss
ki
hb
es
lo
fj
cs
qw
mh
vo
pn
nk
ng
uz
dk
ii
jx
af
ye
pm
rm
uq
hc
xi
md
mk
zb
mp
ds
no
xh
bw
ki
ki
ju
im
ug
rb
or
du
ba
xi
kt
fx
ns
pl
vy
nu
pr
kb
sg
wi
ws
yr
cv
vm
zh
lz
ip
nq
hk
fj
ex
fk
rl
bw
qh
nl
hw
dc
wq
kb
xh
iw
jg
zp
rf
qv
wg
ne
mz
hf
fo
at
qz
ex
zz
ct
hv
ji
sk
rf
vc
qe
dx
np
ey
tj
dw
ea
tb
qe
kv
xh
dg
nm
ky
tv
fb
wi
zc
ik
vl
ym
xi
ae
iq
en
ly
xi
ll
bh
zv
zv
jl
je
ce
ia
bj
dp
tf
ej
ex
ip
zb
py
ig
lu
xm
wh
tm
vt
hw
gd
lb
dj
vu
aw
up
an
lb
hm
sq
kf
fg
ma
jc
th
gg
bw
bt
mg
kb
an
jd
hy
of
ja
au
rm
mr
hi
es
st
rl
jh
fv
da
qr
ez
zt
qi
cq
pv
so
ae
uz
um
ln
ke
fs
vk
js
uk
fc
qr
ns
zu
oh
so
vd
jh
fw
kf
qe
rx
lu
dx
eg
rm
jk
he
ry
sg
yu
gu
ia
tz
in
aw
as
jw
xh
mz
xk
la
bv
mp
ps
ph
aw
wn
xa
pr
fq
gn
mv
zc
pf
cn
og
me
gt
cr
qk
cg
xs
jd
jr
ff
wo
ya
ec
ao
ma
vu
ph
tf
fz
xt
ol
aj
mo
gd
bm
yf
xn
zm
df
ah
db
wk
pf
cu
wi
dt
hf
ri
rf
yc
fz
tr
em
fp
rx
qx
bh
tz
yx
em
cu
zn
ww
ve
ta
xg
jh
hm
qj
mo
oa
bg
nq
rj
mw
ti
ur
kv
zp
pa
tt
xz
de
ll
fq
os
dv
zy
so
oz
dq
cg
pc
xs
ji
hm
kl
cy
iy
kv
of
ti
ao
uk
ha
xj
wr
lu
st
qw
yl
sz
rq
do
ax
dq
qr
oa
mb
rq
au
ao
ce
ui
ly
ce
ho
ll
he
br
cd
mj
dz
px
pw
nv
eq
fp
ja
cf
tj
uk
rt
ee
pp
xm
wi
ul
mz
xl
zk
wt
zh
yo
av
ts
bh
bp
oj
fo
wx
pj
pp
oh
xd
ux
di
lo
ic
oi
ri
kw
su
lz
zx
iz
zb
le
pg
km
lz
ri
ys
cg
mf
ar
ge
ml
sf
mt
fu
bb
bj
yh
hg
lg
dp
oq
ux
mk
dn
ag
am
hl
ub
cv
pw
vk
gb
hb
wq
kw
hd
gb
tl
pk
oj
nr
tb
ly
hi
ob
wh
en
pf
vd
et
ix
xd
qf
cn
vx
el
bq
yg
mh
lx
ih
qj
tu
zk
uk
af
sv
db
vt
ot
yh
ml
oc
hr
ug
hw
gv
bx
kb
ca
yz
mf
qw
eb
vv
oj
ns
no
gs
rt
tr
ww
ia
yc
ip
zl
bk
dz
lo
rp
ty
fm
lp
pe
pk
is
rq
qo
wd
pg
sm
yk
fa
aq
xs
ay
lo
rv
vs
yu
ai
jd
hi
ds
tx
en
jl
mg
zx
fb
up
nv
pb
pa
ko
cv
im
mx
ex
pn
tg
dn
um
fz
li
yd
co
fz
mw
sp
ko
gq
km
ef
um
ut
fm
zc
mf
vi
ox
to
yo
vq
sc
vc
zb
kv
bh
hq
qm
na
tp
co
is
os
si
im
wr
ha
cj
je
ak
pq
vw
tn
dy
ba
ju
ri
hj
ib
it
bj
dz
iw
iy
td
eo
oe
jg
ew
vc
bi
rf
gz
yi
xj
mw
oo
wb
mw
rk
tn
jp
kp
cs
bs
lc
ll
ke
tg
vv
tf
qs
jy
qs
sr
gx
qk
wr
hu
ys
rt
mi
xs
jj
nt
nh
hh
fw
vx
mc
lx
wx
li
tz
fw
ka
xk
ro
jk
gh
kr
ii
dm
fh
pi
ue
ta
do
kd
bk
bx
ht
nz
bv
lv
rf
yi
zs
nr
mf
me
lr
ec
ao
kk
io
ef
wm
cm
dp
fe
pm
em
re
fw
ul
dx
rr
zx
ba
kx
vm
mn
hb
zw
pz
np
lt
ek
dg
xx
vz
vo
ta
yi
qv
vk
ia
vc
ee
eo
ei
ao
ac
jx
ik
ew
in
to
qt
bg
tb
jt
ey
ll
wd
ua
wt
sl
fc
ww
iy
fb
jf
zd
hc
bz
rs
yi
fl
gv
rq
sf
gn
ke
fk
au
ns
ch
xp
ev
qv
lj
rv
gs
lm
ke
lp
zt
bx
cx
oi
aj
xg
hz
tw
ci
hy
zn
op
an
zx
rw
xd
so
tu
cg
bk
wg
ta
fb
gj
lg
qz
ez
is
ah
oh
dg
pg
wk
ip
ie
dx
cv
ec
hg
qz
ra
du
uk
js
rm
bt
xt
fd
de
wa
dy
ac
ww
xd
wy
ud
ds
qc
cr
gl
cu
qz
pu
pt
mi
mm
bz
ag
lr
vw
bb
iz
bl
tv
ku
sh
zp
jv
br
jy
yq
ap
bg
ew
by
nc
lm
so
gz
rg
zx
xa
gp
vi
ta
uq
ad
tv
qw
fq
ab
xg
em
rg
yf
hp
ju
it
od
un
oi
wv
zg
wn
ep
qm
lo
xp
pd
pu
ws
dl
az
vk
tr
pi
qh
gh
mz
my
gb
jr
rx
dx
dz
kc
hb
rc
dk
tw
az
az
zy
uw
yq
yq
it
pl
kj
cs
cd
sq
pq
wg
cu
rk
lt
rr
vg
qd
rk
at
aa
qd
vm
qi
ak
at
cf
sg
np
ra
nu
st
ms
co
wy
mw
pl
pg
dc
vm
gq
hh
dh
ow
em
ac
qs
fa
fs
aj
cm
ig
ws
bu
yj
ul
al
fw
lu
cq
pr
yh
bi
kj
sp
kh
xm
pb
ep
oj
cv
gr
df
rh
ks
tm
an
pj
fo
an
jd
fb
vd
ec
rw
hs
cz
dw
bi
kg
rv
va
iq
xw
ly
dy
su
lw
xf
uy
qu
fp
ue
tn
ws
fg
jc
ge
my
ia
vr
ix
fy
pb
rd
pi
fw
bm
kl
lh
lq
at
lm
gx
gp
kw
rs
pw
vg
fl
fv
ea
wl
pd
zw
dn
au
by
tq
ul
ja
bu
ov
na
ue
sg
qg
xu
kf
xk
sb
qu
ig
yf
zn
wu
ey
tk
er
ch
jt
co
vi
yn
wg
bq
mc
sw
ou
mz
we
iu
tk
do
gs
nt
jp
iz
er
kb
cg
fd
au
av
gx
rj
ne
ho
li
dt
yl
qo
ch
wx
tl
bc
zk
aw
nf
eb
vb
ab
ed
jf
ui
hw
ka
qe
og
vd
hh
ju
ur
pl
kb
ci
sb
bh
nb
yt
ef
zf
us
vl
gh
lz
pi
op
zk
gq
fm
qw
ie
el
xx
le
xr
ik
dq
xp
dp
yu
oj
cc
ii
ro
qe
uw
oh
pt
km
zb
wt
rw
im
tz
cq
qa
tg
lu
lg
tb
il
lj
hb
yy
yw
me
kr
kx
bs
yn
qh
nl
ku
ig
kw
dz
ct
cj
jb
fh
sr
tn
zz
yf
vg
ti
nm
jn
yb
eh
in
gu
hp
vt
ma
nb
eu
dt
wb
jq
fs
jb
om
hw
ne
lw
am
cn
sj
wv
cq
zy
ry
ym
nm
tq
do
ol
qi
he
tt
fc
lg
gm
da
xl
eg
vf
yp
yp
ib
gn
zu
jg
wo
bq
od
nw
re
zk
ov
fd
mo
jq
fg
qs
yv
pu
fq
hi
cq
mg
bn
pi
ky
el
ps
cg
qd
iz
xz
kl
ou
ff
ok
bt
ep
pq
hi
yt
ni
na
of
ru
od
kf
ab
gt
em
pm
xt
oe
xl
lj
un
ft
tg
ns
bx
va
je
ul
kc
zf
wt
dw
jn
js
km
fj
mq
ib
be
vk
op
ca
xc
zk
dy
gs
va
ug
kg
ie
mu
mm
tj
ed
fq
bc
mr
jl
fm
wx
ml
kl
rf
xq
fa
yq
qw
wz
uq
ha
ff
fy
du
zj
np
ta
hd
kv
yo
sc
ve
wd
vm
uz
lg
eg
xn
od
xi
sq
sf
ha
fu
qy
wh
vn
ev
dk
fw
zm
pr
zr
hn
nu
bp
ws
nm
jg
zg
ua
hz
re
dv
hp
qo
fu
lt
lb
ji
mx
fd
rk
hv
mh
wq
mj
wp
rd
jd
cu
bx
vd
jc
yi
cn
ft
lm
ma
rf
pp
xd
wm
xw
ra
kp
yr
cn
fn
jk
nh
gl
rg
hn
wu
bm
xq
av
bp
qr
gd
vh
vt
jq
ob
ks
nl
zk
ak
pm
tv
rw
fz
up
us
gj
xc
hj
ag
ta
ng
qw
io
kk
iv
zd
gl
ro
zx
te
zz
mh
hk
ob
om
wu
kq
un
jp
nf
nd
vi
qx
wr
iz
bt
bd
br
vz
oz
ox
ap
dd
dk
ba
cz
yy
wb
ow
vl
yn
dv
rk
ny
em
jp
th
qh
qa
ys
ae
cl
af
oz
kd
oy
ij
xe
pk
lp
lb
fi
uh
qa
rb
mx
qh
sr
jl
cz
ce
rv
jp
gi
vw
sa
kp
np
yb
cs
wg
zx
pg
qy
pg
xp
ng
ja
oj
yc
xk
jt
nh
cv
ts
jf
ga
kz
jp
pt
qh
ga
kz
ub
xl
rd
ql
qn
no
zf
nw
hw
lb
ig
lg
ba
om
wp
na
yu
rc
uy
za
qm
wd
xw
os
ch
ew
wn
kl
ot
ip
is
nj
ng
dt
wd
hm
wd
wo
pb
rz
cj
kf
xj
yu
cy
bk
jo
qm
fw
nn
vp
su
wk
av
pv
xl
xv
nb
pz
vc
jr
tg
dp
kv
ea
ai
oc
ro
yi
gt
es
nj
zk
ui
pc
ls
ge
op
ef
eo
vy
yi
fj
jw
lt
gb
zm
hp
rw
or
lo
ln
vw
hn
ss
wa
ld
tj
gj
eh
oz
fy
nw
nq
ks
uq
io
ma
hq
ja
io
pm
wj
fh
nw
ng
cm
fi
aa
jp
eg
xa
nj
mn
xe
qx
sd
dy
bd
fj
mr
rh
vp
vt
ck
fj
to
ym
gc
wk
zg
ix
bh
xc
cb
rf
bh
ao
qu
wj
aw
pi
ky
yy
pg
nl
en
fr
gx
ab
su
rp
ni
iy
bb
xp
qq
