liuxxbygfgtypyxhccffwkdbhiwvsycdovsxailarknffucvxs
vtenohdaoritltowzbvoghswzzivkjxcbuayexwowyfmxpamjo
cyguagxiihseckojlhrumoekrblnyqhqvrzplfbcdjjfdgahyk
goxemuhfszhtncewhgatuzylfnmtutbnkhgebixugnqqttocwu
stulmxkbideogftrgihxitvlpajkxlakksywufqwsykpwlpgfz
emgfnkgupazbaqfagnnbppziyszpeudzaxvqtjvqbfqbljmhjw
vxjtohqgtngnkbhhtblbxwcvsiwkvenuqjgmheqmsdwfxvvmsw
devlhtywboulcxjyzifvywmwnfhlccfaapurovwxrqwykqwwnl
hzdvdpeewjwkopskvbbvttbzmqbaonxnhkjringhbgbwyatpuy
bapyefwwqiuwpsaaindtokqhfypxixcjfmeanxdqxqrkueetgq
nwvawrnmaeyiarmyalkskfoukpysvnjnfelkztfspvbpgdpzae
jzpfqxdwnwmaxrfquywujkaxubkdunbrfdetwuglbmuruhadyq
nplzomtpstdebzhedxzjcpfsqjtfophevzifmqtuowuirrngzo
bqucroydyvmbmfgfrdkrjlqlidqlmfbudkcufybruhrrnnjvpq
suwrnafydboyzhjoywwiedczzpoyzrbrigjlotwwsnfedluxwr
jwmjevkifvpdcysshmndcriwxwszbizxfssruluoxgydcpmkhy
awcgqlimopqilopyzlgatzjconezmfyhsplmtemmeeooqdjzft
nnvjriiqognxbsvwbzzuqhtrsyrxapzzuepwmlcndfyckpmlqb
woxrqjeesoszhxsfhvxdcmadmhttoljzxlnbzfkxgcizjyamub
recmpumjjwbbzztyhjjwjlpbzatkybfmrmqtobytaldgprigmr
jyeqnljeyjzldngbbycnvmvfroiqmxuxhosyfahznzgzfvhjyv
pdwnjoeizicjqutwrpczgdgxpijuwklmecfokxiiygkavagmhr
xdpkiguvjcwhfxytvniufpunfaqfbziaigjhzjinldknnkdanv
hpkpcuouzrejgtbehgegwstyvrlqsreuvyfuwibhvyjlrwwynp
ewprezkviqqnnwenmnwvesmpbpcpnigeypdmhqhpswqovubtbv
czujeceswgeuxnqglppvbtoxghgzmsgeptijoyzygmekahhefu
ptagcuevngiridtwjikemesnhjkbbzmchurqjgewutftjfjzls
eznnooewhkaduzrfyrdfptaihyzcavhrpuvbefjfrwsrjiupwd
nrgfungsutjeuuaimqjexypijqqefaepslfarheffuquoakkyk
cptnmsisjawiovelepqixwqpwzwdjtgmtehrpiibmzdimmcuhr
stwudhtvwqeupggynxgjkkmemyyladkvvhsvyefysiqgipmsvg
mrrzixwvxiolybbhcfluvaxchmogvljdhanqxebiepzyzhiynv
sxjhlwmtevcawvzbllqzyfbvkcmexnknmitwlvdrouheustihg
lfbuvlstngztjgyscdcduqmutnsqqkyrmelaocuualvvfcrhwh
pelkqfotgfdqvptvrjahnresptwelzdhqlrvigpkrsyypvwfrq
dssgfnaelbbawkfewwofkcdfijkcgencrjrcojuhveooonytov
hhkahuhygkniygyklhdsdmyppbyyfakzunonilrgnjghubsvfq
ycxeifpwcmvotebuamjadeiqsqkamwvbqbfdxuliucbexrguua
iuqahbpbnpljrsfslzrawdpdvbyszmtffjdiirmsiadfxhusff
dresqxngabesifvwxrlqernfisdlvnvwtkzrkbndwhndjxitam
grpyepiewtstxxtdoelqjagnymgnizyasxhetuhmswdeoighdz
cicrhgzdlkvkadjcysjdvehvgnchjgstcqujcyleytbgtdiutu
znmvxnivusvvfsizqzybbcffgfgwllfqttvtioeinrzppwqikx
ghibhogfsoumhlpdiyewztzhlyfxyroaptblwcwqbvqopatkoe
cirmfshwilomjdeneyzpgolazzzharbgakyzbyxscmsttxsknp
iesrgbqosowferbqdylwzwpmcuwlbbnqlhbxksnroivodknysh
diozprwmddwljdccxxvsqxnqnrkehhojpnvsygkyocjzizkzay
lujidcjmpxcurhmucodemaigvbjzepzrdmkpqcrzuujrhaqocb
wlxiiabbowjxdzpaqkrlsmznbolorbikcdagobgeupwkcjqfwf
ljdjncihwkwvhtvolaaddimkiuhfaztqjyxjcrmncxuynndnsx
