oszdyhpkbypjlubysuynjwxmritlejogaskpdffdoftnzsiare
pcmaokbqzxibfbehtpwfqcagrqmldiovuxkvmssanbothvtrfa
xpjjmvziphbmhlkrjqnkqoefzwahqyqjslfbpyeqpjnfqcjfwv
hamddcfitjaestlzfymhkevnzbwksbvmqfrpslsvwqakrfsits
effhehuqdirgejdewabaxsdryotkfbdcxhufrrfbrxluycdsfy
tugbmvbsomwcnkakictfeiifvjoubadanrxfvxlmkhfdcipdml
hvjneytzswgqnagckprovbmtallmxuurskxxyxsmknboqphnnv
goejouxhvbsvcpgchehbgifmglijryhjwmlincaxvavirmxqyk
shfuiqhcpmurlpdwmgpxszrsfztyssxmbumudumcnjvqzftktl
pghxselbsmqfxegpzekhrinbqgtxnpnsncxhqoudnfvcmrwxgy
zwoxshfbaghjvzrjedmcdmqjrdgtocxfqpilcmakmukqqkutgr
rkcyiyffuvbfrahjwkccmaojgtialzhbmwshkbzjoktzrjwuoh
jsyfcwtnpwrgjufegsmmumkyywfrtzyejdwhvyzijqqedfxdvs
gdkyjcycrncwbibuaimhrouwnvwswchvvxypzepkkwcducrhhg
djlndrtqsvqwewateprwzanxgxgiidsasjxyrxlptkmncgudid
gzlsvruacdxzfhigxdyxtkewbfpjornzbhsdrokfynkehkyjqo
macwppqzloxqmbhyzjykgembksjsbrlozgeaycfpbsodzduezk
saddnlvcwxgbuevzwxtmxbxhbyvfemfkkdmphrdcccperctoge
wzdncpkahywtzkeiuiwpiabjkehfyudxyuellqylqhvbyardaj
vlqqmuppehnpextpxojwqnfwffaoogsciqgluqgfymqlbmgvhn
vgpveekndncetiqkdifcfdwtwmzblwxhfjzhegxtmgtbhtevwv
xzuglytyplxrqjqtfcbhdgnbxracqjcnvojembwbnoijbdffiv
jdwbnkcddovtvxntioysqdsopewlyfrowuyegfncqdczhlngta
bjemwxtagndjvqruclvlxrnguegehsdfckzohldnzjoketovut
eudxtefrndpznshojfultkllneycufkbsrrgewgbvpymnrvudw
wrrdruqztyhpvvbrhtrupjjujldjamxhvtfuutpltrkvgoxrxz
xbhuevysrbpwcjnnmxykuwmgjmpenkrhsqltxjhmbhwttxzckb
muagmoogvbhkgqpzfwivcwfqukdllgavsinqmeefukivyxkqmp
axkufatpgecronhjebtnfhnsvjqiukybhjkaiepulkoysnymts
lfqashvqgddrxszhmqqnkpzqmtoaqetkdnpdueekjhgmwzmbuw
msmfyrszmyrmthiywzcnpxdhekzngrejyyonjdwlhhmdnxbain
xybcyvdclvppsixoepkcjzkphedfnauxgwupmsatcwvdaxpohf
dutsgcjqjpqlwzfmisjhbtcrfvxqijntucloypmulbiqsjabrg
kbhrbzjvsmvszjfwoimuzvaoevkygyalqpfzcorqtgoehqiiba
erehlumtrsbjldwlyobnkgzvlzvjfpiuzrpbpjqrpdojxfmljv
fyhdndcijcuaxggoujdffsbcbnnwxbwactoaxhwbbxihsyuwpw
ktqcwtetygepkrejgyzhnapantmkbgbzrjshgcuyrltiqpyfjx
oznulkehczsqfhmlduqkbytobufruwvyuzqbrtfxdhcqicecfm
rjmnsiovstbpavwcdbymqymyqoiksabiujhyiuawvssesndjzc
dzefemjllxpoefrcjybdngrtyqsfwdezssptcdpyczgbloiysc
bpcfeglymtxxuvwjrsenzgjczqrnjpegteismbhpcdvrdfpisr
sfqxrzrlslgvrwkepmkhvoqabftuxkbnqcjbpqcjbhancmjfjj
bpflsdvjainwvztliirxumsxayrxfyiyyiddqxkftizwbzpsbt
cbeyknanhttpormkidmtyttugteeivcyrzppcedjfuummxmuwc
tlyadbasvheqdcmjwzrwaeagbfyocpqdbfhpkolaaxzebqxntf
usnprksmxdspkzaxdlqcadhcgafsgntavehcbidelbdiutzpzf
cmywkzdqlshhluqyfzymqskmdxhqbcnxhtdcfuverswmuspyca
nufnmjgenessgymuyctgzgppejllinaqvnmrayfixywyogslcb
jkxvgsjbrbpgafhecicvgfaqrppslyfcdlfiynravmxitwlksc
ozhhsxavlohsoeuxihrsxkfzrgfzajxnimrodrlvrugdqzsqhk
