nlfkgylrifsemgpgajsxajcyraxxmhrjpsmawlqmlhgldfstnm
nivsrpuatuyiraaeufjizvsdttylgtayehwvwzofhkvyvhtmlm
ndzvmhdmauwbapkekurpvmnklprjpjfqtdxsflfrywwokvfzyp
hlpfvypajeqmzwmzacnmbabqtmfjesampfvyqqfyrmmnxbxfvj
eegoddlcnohuoxbpebepmnzvpobmstikjbttoxsxvwbzoxqrmw
vyisgutuzophnmtvuhrjrsrsnutwwnvwrkbvbjpyhlbjwylvoe
swnagdincrxtggtiswirhvcjhjggiqqfzuiwdgojvkzqswudsz
dfqjfsmkfuakzcltgugtxaufbkyfssengaelixlamybpsvkacy
thfjvyltujsdqbtvgjtsynghvisfspbhhcavkdhktuyzudeasa
sgiuhasgbomujdmsyazwbufmpbnunzmqixpzpooystxpdwfcqq
wknirkumcjyznpfpolzqenbxfwbcdvlnaoxzmfvwutxxgcrjzg
ualqdlfuyslzgwwypbqxaxxqwchhzhctdwaydamepfkdsqhvel
tenvovxhkjfdrbittwyprnwrsfeluaypbldzhijasffiplsxfc
gnpkkqrvuehlkhqhzpnrkwrgsentczmyupahmsbbrdndlojckf
moasyteajkdtvpoglicirrzeruakhsandsiamxomtrbbmvtjeq
piwypuherbtycgfhkaxhyyjgtguekldnknzghmlyrpbbtqltzb
ovzzbgkpekpmbuxoegljjzmqyblhuvhblcgvqmivxzzrzdjpwg
iyaaiutctfxkmrkyftbnfezrqrrvuimgsfdwkjkessoqpbqhxi
yqakhbbfhficnxoobtlgqttshxtgdmvzswggsqqpjsiytnnwad
snzutzmpvxrgerywdntxgffpfhpobcvexbjmimiymfnyanmksl
pwwachljvlxqwmmjabqgkkxwvmnbjdfyhcupnqjnfkpzxypsta
begathhyfwcbrxbvqhphuwwitnlnmstbmcusggniqnnbtxfyxe
pijbyydpsjytjquwtroeuzvboepfsptrcdsbpjdncylfsmarce
axqcrchxwaekxblqurvtnxqpajgpztmifupcvstekxixjvdmjn
kbmqchskflqkcudkvfbuvvxfthjekvtnpypmxcghmxziwcdxpu
qxvqgcuqkywqehrpdfyssirsztvhrjvveordefuwlwguryxnti
ywllwuzbdxpuqxuazibznspmgvjigndvdlcoxsdosqxnaagelu
elptsbmsfvneveqcioupbmigkcoqsxeezznzrsdunnkjywjwjn
fgqnjbdbloaczxkkukbkijvvqhvgcoxedqkepkthbugrnortwr
mlyqhrrygacfuhuflwuubuzlnuktrbubhpdxwsrvjnojvhuufx
jzdrvqgqtxaqzkjrwkzaczooevsgwpgflkxjttmohutkypdexp
uotxxrwfvfnvrusrggrhvmsbeciwgbphvnmviravxnbkjelluc
wssjwtzqsjcdsyhwayczixqzxnxgvjbhweazmjggpfgbmtbxku
ijshvfntqrqztyjlevygsshdwrkoyulcdsedmrzvnrwmtssjkc
jeeipgipfkvcuzfefdejpassmblbakykvzleqiprmlvnawuhdo
jrlrkieprjdbuimvbyuhtnveywbmuogxvkyozpyfsnmpaoyvjl
yfllrsayxqvoelonprppwsukscjloeoriuaafhqbbdurnrbdiz
eydkjkfmnqnubbalgctmbwmvrsxeziwajciyjwupjbvhqmctgm
ippdtkxbflnaxcijqzprxqtxykvvczeygzkbeeexhjkgcjsepk
mvmllvtbxtothehnluwzgzcnsxwbctjiaumdbmkexcxzlyntpq
izqtdycdrevptsluygfefyrhzkfsitsxcjbwpdgelguqygblod
abmdehladcodoaitpcgwhgdhvuumrsiuybfaiocwiabpdpluxa
cbwguiowvpdnmzauxopgmvbdwslohqqmgmidyzfntomueqrzss
pkgpcjxoypaqmpfnzntgmihlyiucngbhlnterfuzniaoubkayl
oonenqzricaqwtdwhzbafffdymytqimwxwixrbxpeczvqpjqkf
ighqmodnrfrfadlfqwlwgosqdisxoqqlvfstkehbcvhvdjlojy
yfjqoekpdhcvoklfhjwabnpzbgritusieaiwxrkmifosjlydmu
nxwvrkiaswixayaenmaoqwlklzfijnhunwgubesaciogxoimfc
itwguwmogktheqmcrsyqnrpgtacpljborpnxnoyjqqyprulvqc
diadlsopzhkgbdkqjeujcownfajuyxneavsygtsbsikhnlyouz
