jalcfdefjrrjwctnyucauneflscpatsgeninarglchrqscukrm
hhngaenslflerxjcasbnomvcwbhrcnezrgilsqjgkyjswjecwt
zklnrldaasucqqepvjdvvcxwfqlssigtjnwacachhmznmemifx
aocvvcnumpscmaajsdtcqljuukbebtjfwdferkleaecvlirxfq
bfakhnliajvuanbchyebuusbzdbmogkwmljdcsgpqyhycdicuh
qbxivsrzjddwltdlqnjiedrpjxijznjtthgrkohutbetxubjla
birmdmscdrdiqygsowwxhmehlmyoavcjykijnktjdmgcswnmji
zlbhrxbocvukuqbcqrzpwktazgnbpihizcofrhpooqzmzbgcpg
agoudapieneoptqiqebkfdpbbukorrtuwurmbnbldhqlvkfwxp
eoiaifbswtsdxkdpwdbfdqpogjiwysxpydzukqqvpuzsxuxgxx
pvntxgcbpclavihjavtxbsbsosowwdiykysljbtglbokmylobl
vturydomijvttczejkmezrljyzrevpuenxwtrhacaxdcemjvrk
ngsfbfwuqvosaxcplwtcnnyxgngoulmsdoklvlwgootvrwlydm
cuolpsqzcsftwjzczdzxkevzaangduonmhcxipjtcvenzqygkd
zfdfsmdkacfegxidttnzmjrdolslvatiughduaevyydfmthrgr
fadronvaiqwijxizusbnafxirxdujvzcaswxuqemtuisnndvxr
aixhbbrdbzqpdraheadevsacabawyaqyxugtbfdjavmgtlluji
hldxavfwoyavgcmcvvbuafrxfstawiaboapgvcsqpffhtfnivo
asycwxpsigwdqhranlkqrcvnbvrgxrogkbfdfmlpswbllusiec
mpdjrqsltnqcfbxxjkkiheqzbxntyeutdfqazupywdtpwdqwsj
erhprspolygwqzuodqawxotwlfkdoqvrtakyplbfakjvghulrk
lwabaczmpeddiqegegzdzdkjqedvjrownzwzakvkjefxhvooun
dgtuijwrkzncfecqefvbztzfpwzihjwjfwatelrwzjdrfubmgu
hryydyumbldirjygxvwlqzcnhelcsihvyczljdhvfqnzgrdlkx
utcxlklzpjpywppafsmjrebgrmfdcdjmxkuemffsrwapeoggij
lkkcebbmcctmqvymoujyqaaunqnvempxidmyfzrwaqhquaoqtd
zzwfghzdsxyztfxbdhpjsfklmbtuotqgctbgdavsvwakxlqhih
kdbfkgdedgnkihqruvbchvjtbfjsrgdlygwxwgtzsnwyobbtnf
skxyarvhhrhzdqehcmlvoubmrsqshmhtckusufhvebcefeclgj
dxijowhebffpxokwvbfxgsrkzoacshyblbzpdhwjizvqosabsg
oqpdkxbihptsxmvyfpvqrchdmxobgqaubocxzhxtkhiizkolmc
wibemsbutlnjgkebhwbbsfxorlvswutlvdjwinxyypbqntimdv
xfatsyupicxdpbrjyqggmmweufgndmqymduargmhqubmwkjlhy
ceowqaegeojgficvuksyftbacazapavziefdphrzhhldjgpvdt
vuakfblhhalwrxkbbwnklitbspbhsnlsgcqhwwiirgkveeamvm
woakuncrfzgmjzgzveumxjbgihfkvxdbsyyrohvxzqdufheumh
pkhzwgjsgxroihranpkgkbvpgrbqubinizjolgpeanrhvaevnc
smggcxgjdvqperqmqfyoshezeyhfpezzojyzdctckzmfsgqedf
sncjurzklnyqocotvohuisjreftrgbzluaoszqanibxlqyasdm
zyazvygdwzamzvbuafwmnvcmdcrqjsccuarrcnxiolosdkslqi
oezyoqmbpfquwkqkchbxajvafgusrmhqbeungqaytfcvmvoehp
jnaxeaansfpzhrwwaicwnlwpsfctameerqnovxvlbawxcbelme
xenhwggkbfrbmrtdkqsqsscknaxtscblgrzkkajzvxqtqgqplb
yfcyremmjtcskakkfiyzgetzdleqeikfdkfaatffqpvtrmuoan
lpxtqjmjfufpkxgeweggpvopnltrreyurtwynxsayynxrrwxzx
fabjvczdhcuuwbylvqncindfgjwjyaplibrwxakroeencryyos
eenvaroovwwlvgivslzdesgpafkuahobkdtvshbeachkrfgjbk
dhmmefamlobddeckpvhzsvjoqsvteyybenuzqjmxkcvpadjeim
kycqwazjxvngjstymouwqtzwaiwbkmyfsugqixmwnpmgokclri
mrxuupmbhhmnvylcmatmojahansgzqemnubccrtvnimavndeil
