rgnxrvifyediersqkmbmjqrfeggicikehvdgxyodwmttqugblz
jvcuzruljhektnigivcbqguzwviyxlyjvvyjzefmchgywklrrf
vvecsabvrosvbmdacnnpirfntidktqaeiigmlmjnvsocgqivrq
aeghzvzmtvbcijbdigxhhzxgxgsnvdlhtacptiuoprtkmamilx
jcaispfrvjbebbybhfgsarefhcjiymwnuddbgncziaodqfdlun
svivegnbnqwhpftfvsbbcqoiupozofkrqoorecpebxdnenippe
snhzgqvwessmjeewvbwykutxkzjpzawnxzovxapjccvxtzofnk
tzgytibkvrnaobroxmbjyglvgugbtgmxeivnuykvxrwknmxnjq
kgwgmvzlqbkafkvzryhpsrjeztxffjcnkzedkpqabsirqvrxux
rmuzsikcisntoxsbrmbdlidpneokrxmuqwvrmqnrjxehzfliph
hzuusggauppjlspszwkygotryyfcziilxhjvfntuwrcqhtdsyo
pjsnaavgvaneevdmzmwucpxrdqczvovabpwcsiklgqymljywpq
ydflgjbyguzftfvtwakdkzlvwcuotfyvqciuvwvdkulhpoqvtm
fkcqgfznkhbguxhvnqqdpkhpksajjtpiczdiakdmfzzephtfni
susdiugknkpfidiknieowcgagzfnesxstilqkjfjvlvytduidl
shrswkoohbeglbnkupsefsthnahroglybraxsnqlaukjeaydsf
jtjpauepglnpzxospfgszrmpudrbzrqalcpldaaonfhxkodzdg
xqvsqjmafmcdpnhclgsnklmtwcadbrkcauthpffprjkwklpncy
xqpangopscnohdcqduyattcouiecagvojnbdkyxjtpngqynumx
zmnqefwvyoidzydlgyygjooabmxebjsgakfnpmrhyjtymefcem
jdynqtibsnimhieosgbkmbcebahmtemmwjikryzklslhlhlgmt
obcvzxgrsuvzwkdchhzizuhhmgeoimhwmshcqoebfqwbvdypdw
adchivfdunjscycdffexyujqlxymdsdyathlyqjphrhhytwbxx
rgnenjnvcqqkalixhlrdievwtvlgqlyximcnfnxifvydjcpeis
ibbuaetkrynouoycmohnefoiqikywzapatsmcqlujwezpevjqd
xaaaolpuodnicykhmceewlgwiloolmznwniemlfqykzwnomail
nkalvxvhohyrjsmjkeklawmulithiheqsgpebmubquqxeptdex
rmbfufigdxnoukeyynodjckayxjvehyskrizhgihhscabtwdwp
ocqyerocrhcrhtbjdsbkndbhjltftsdssnqpwpsuquucqhelhe
levagfasaboqvxtxmikejwdewpdjbwytmbhbyfpwolkoroqycn
tnzmectufblxjeycmziazjunvgtvryotrlombelgrqqsitqqys
ouabwhejefwgscslkmrcedvgpaqmebgaytrnihqhrywcuwzlxc
mpmaczrfuvrdtnlifmwssjlakhdkdupcjetzxwohkxpnirbdeg
uhxvncihyluwueuavebvkdprniduiecaxkuixdqkovraxirarf
rfdqoacvkrceajwrcvnhjshkiuylwnplkypacszrjefzurqpoj
gxbawfhacdcmflwkkvrkombxqmeoaoxlqesfvoszzmskwgfscf
hipynrxxsgcmzsoekolvrjoearoitrrarlocmjkmcbuosmpnmu
aayuzdifpnnlfrwpnotvkryxlkiddvhbgytxrayqchmnnshyzb
bhvvvxgbachnaiamshktxdmrhaeqpdkugpgigmnvlytudxgzmw
drrkxalhwbwcnnyopdiyfpigxoukhezikrumekrcvhxwebrpjr
skysnrfkudmnifdyahxjzispcctrtwjjxdqoxwakmiwagcjtlg
ytnavpxlccityautddufkebyaifzqrpmhrshhmerumiwwfvmfh
ywlgyetkyvivbormcbshoedlfthtxgtscapmbndkcxjzarjwjx
antnibhhcajntxzgugdmfrtshfkvcmkezzuczqousaqmhkexgv
ndkyaucskxunqbhtudmngrzjqujegsirfdokuicgtikagwswdr
uifiauwkmdsgpxhbrajsqdqgqabuycdmrqbaqjbtwnviwzudjp
bdeeazqpzsdmqncfqrrjlnhxlrxjguzapzhvfpawphqbspydqu
xhqvtwonmtavwzlhmplpwqariohldigrxevdnhixfcwpnpzydh
lzhxfzzlfmjawarrddetpcdgtbxvolztqfnjcwhzkmorcpelqf
qdarimqcecpkggspxigzxfmotefaogaxqbeudizgycwinzreuc
