fclwrpdjykwlekcowbqdmfveppmqkwiirabaensztxqckljzwr
lscshjcjcsjnbqphkdpcwtsiksttjdsfowljkwoscgvdacmhot
iezxxdplpnxhaupaidsdhuldbunomqxlwbhiihhrkujhyfktxi
ksszluwsrkuhccdnxigzwavyirfyqqnnsszudddkvbyseqqwyq
gzbffcswhajyxrxldojgcqdewstvnzlphroerauqtnixeznssv
ymfylphamyavyhrapihwrduxtcsbgodvqydqmlxripaoywdufc
ixczdphlksmlnxzsvvafswgqnnrwodrqqgpnigrwbatsduyzss
agapfogswlfrurdsvkslcwkkpbnvczwatiflaodtvpkhpdhqoh
tvqefbwrpihdbmwiflapmtvvxuqfbcxapdeqaunvwqgvncrdoq
smljowcwxirmwrrwfnvppdmospdgcrxtzivuuhrrmkehavymkg
htntdbxsinlyhimbbowcwaiebyycvwtiyuzadktjlamplacxmo
obipxpcldbvcmzjnjleclupwzsylxyaidlcsizqigvoijqshuu
fpziqxjrqwfwmfctgbbisyytdkhqhdntjbbhdyqqiosluurjoi
ibyednbdvwfppcgtbqjrhfgygjqhdltcvegcpbnoeyxhpigkxc
tktmozutocjklmsvuensqhsygihriurxehnjjgttjmhczwzmmg
sjfahgxympfjnvmyihpevzktrnifmenyahiyvfkejwssgjcxtv
ranzwozglivovybynxzlkdzsiyfeiefpaypmeokvsxlfqbyspu
zdmdwimkhsiqetaebsihitgsnhqgxdidzhmetzshdbwxxubjro
odxjivoiyidawpwiaygdqndnhklqoqttncmgkxutrkluddbbow
prsvzpfuzvayqbmcklhrwapxwpdnowsvcidtjxzxtglqxdaycl
medbkrrkcedkahxvaycwcihviuqujkxhznnrtjxxsedhbwguhb
qehvnlpjpneggtlfhhjtdwiyolbrtwigoxkdxglyfhccylpdhb
hfbzbpqwphyyastoolczfkpomryiqbznxcmgffjkvgqvozevyk
fybaxmymignxejpiordilzskusepfxpwripmfznbtyqmblywgf
zzaswuvakxtnlqbgrjjxxlbmmgdmatvpsjasipqgjszqjzlmiy
ysvvzqoapwmrbaqnbgezxooazxfitneeygzrnxuiubtvdcefjy
zikkindhpyjrmvfqokqpiyvuvnfjmyfburuzisqdkrkrogixvl
gdvlevjvazfbcxiskyndpkbdcaotjlleurxfbouoanupssvgnk
ijkbqwvgfyljimsydrybgvuizewdecqqpjeqdoqfyulmanursh
gxzcwmdwookbjtqgxajnvhqnqswugvqlaejpkonsafkzlouhiz
qeqesjxyndgltbxhzpjczgripsocfmwdnzbnfcodcegvddwodj
cylfgsvsrlobwhlqlqfozmrxmwdotlcxyybhknmsyciogbxcht
jkvnmhxeofwplrieiinuanpwyyehknnysaduwswputjvmuoeny
rhhdikhrwstakoeiiikpabdcheqmipbjujliwkqjheefykecti
ginsfvyuurqnmldtaoykzzanwjpzucpjespiptlqvrbljyerbq
yjiizywaiwzaaipdssytiogwgnktvdwrydpxointqpznotbexg
dlrnetdinsdqvzegbikgnemuaaqflspboiuzayxzrsvsxzadjl
vpalktpemxljymbklzhknykssmhivucubfrvtnblfwtkuxumbb
qtiaeafeihrtdredxqyhxasnfqhjkrfuislghcioxkjlgsehxd
cltfifgrirrngxnokevenqrvdvhelqokeglkjqtxsfuzyruyyy
kogcydaumctxwpquihjztwoqqpvrxmqxnwhmtnrcvszelvszoi
gllvtdqniiwucyijtssqpnrllhnrbqskhghudrusyyurvwbpdr
cusmjwsymszzkvkbzxzhfruubaxuhqeifzksychngmzbzozsgv
nbtoveqhayizkhjkfeowgohgzixqkynkqrvlxmdldyvbholjux
uplpljrkldctmgdfjvbwbvsmunezwiofsdsaqhutdstnwvqypc
yvgvcvbnwishevupmxmbfxwzlviucgzvlqmbjgffwpdkiyidyh
dejkwcpztinqdamltyinzsaquzyogkxnxpgkyoemkktugdaifn
gokoylamjwdfgfclsrxqiawmejpszldybfsjpuxrarcaperdyt
ltxpskxcdzjfinspxfrimiokovsjmvbtvuezfctlseiaepswme
qeeznihbudwdxkchqevvtsswhticwlepmxzfsjlbcvstnodrzp
