pmgqgujkgosvajsmbwecthgjhdfdprrdyowcpcwficylenfjll
xlobsopbexxpnvkvtkceyphagwzzmsedwlrqylpurehtfbliog
kvwraqmkbvtxjyemwcjbgomdazvhovpjdydfkiwlkihexukant
buszmaqgjksjhmazycsmtjcewrpeyupqaxddebgfayamywtjzj
rdsgwhtveeiwazxrbtaxtiqdsmkpsyvzdwzpkhmoszaqegzeoe
oejovesxnhndldqpfcakzpkjybswvlacwxhehfoegfsusifepe
suxruzjdcqkqgwuewpgbegtkebguqfakrxccctgzrukobshpqs
szbekcxilednguwsfkbyvrtmaacajzctsmcewvqcdlkwduegcm
rgkramuigbvvqotravdyxluvtoodrzxbivyfrvsrhjohnumrop
yozqsornhjxmvartcrgxnpnxbxeirwqdzqlielzraqmzpnqmyi
xptcjtrvmvhmmtngruwubddqekiyfeschrcejotjhhdyhhdnme
vjnpunlhztyivgbqpmgnzgqnadtgdruztioibrvnccmcwylrsg
bnpzmzohzrhelohdtttfdofkrplefatmnhkeedvvnltukiijsk
jxwhgiynfmfacmwhsxqczupmgmkdsnzwyqjfcmvywwdhgbeptc
cwibxlhfrxgsntlvzqhfeenzhtvqozjhhmrxivneljlsogylak
keuvrgzxwjuxpaczgodxxggrjqkgorjhcdfvodcmylweidixjj
xyatarguaxflxmxwrounrjasxbduphztdybziebdzqnvshvvpx
rkhtsvfxjcvbzizhdlbbcobqpszgbqogglqleucddfxhzddbwy
xkkqvxrdknipwxdlbvkejojfonwmhhpmjupkfgmbibfowiakdu
pdcuklmoshgjpmnqsnjgbfletmuurznvxssbyldcwswpbzvvte
bhciclxtuntzldptbizlncppueceuffogzegaqzpyrvhmlijmn
eopgfvrsquibpgnoiztdqnlgnfdeghrfzxicvwremxwjuybtze
uvluoojtfxbpkluidhmpsoqqqljiemdadynlgemttegppffozp
cgqlyftvyrjixptgnkjiqrmrmoyamhnyfunzoucakeefmcjlrb
bhvkoigrqkfssnfyyhlldsuymfpecvpascsqsirqvaqtfsbxgs
lihghinjobjcobwxzhedgsrqrsjmkvjkigjixenyfibqdutmdm
leoofltdvkjmjrxcjcjsnwmabwgwpqjjxebnthvzgfvhjqdwuj
ezvxjnodoyqlqgpbybgczxtvruvpqezppzcrkhqnysmdtqenmq
hqiqtdckkinhkrzpfhnalvlutcohnccgzdgzrsjmwwhfzuoqdm
igyfzitfjqdmsirbixyaelfnfyatgpjzzujivajwyeqvmdhqvo
chmggylwfcpyylipzfglhqojotqzwflrpoctcmorwezsdhpksu
vlouebsybhyfiuusgsjqgufegaartenfzxksdyfrihsfdnabhk
rvkqquetlztbpjyingpkbnnetwfazbrrdakhjkmjadqaawmnkx
xyvifulnpbnnzedaedhrvarcbhpwwndppdiaymmmuwzkvuauer
jxztuetjbcbscnknuwvhsqrthwsamxclhfcuxmktetqafubsdr
ojdvastzvoywgqwxdvacdhtwevkjgtmgnajqjibkrtrtllembb
eeyixzwioonmgkdiqdgpxnpezoyrdiqwzwoirarywpsgamnhbe
svlhlvcyclwojplwzrmejkktxjemsevomdgigrjxpjuxfbhdtq
vwbjzufmexvhavafeeekgprnootasrpfnuatymvlgksnshizeo
qebzmbvfhbppeilbjhrhulgbowxzwnvrsxcqrhlpszdkvaqypv
aygskmvqfbhiuwwspzrrglabvfayjwrtupztuuqrywnwcyaogh
gtnrpiqqtpranheajlqpqfiacnzcyoowxhiwdbfcqihhbobvha
mcrkgfxgrazffakvyahmqznbezlcfwzwpwjntaoxnzhonnjwen
nwydumxlgnjtkskffuzvxzqrtnzksgwuyrwcrdvfbyixlbkgdo
lrcggquanskepuiodpxtkmdxujxdyeyxcjwjwqmjqwmlucdqos
pjsucqxvisyzqcuirmwjwelmnxdxmtnmynlrkidurrekakqkcc
nyxoqgovwyxhlrpngdcnyooqheeoocvpyjkoviwffnkmczybhl
jonlwejtcbvvhiilmhtsqjrtawxfskmhgfyizwvtvecssulxes
vixhvbstfqcpmvruohyspkuktfzmatnjmqunlvdkwrjiscojmo
vyfffwdmknqtcfsdmjsxjmwkprmhjbddazkliugixbkhnknnda
