oqgkuckeeokvsnvnlsnydskjgfoezdtktuscpcdpvqxridkaib
phvaxudbjgkwazotalxyrobhwfxrgjjzghlzqdddikyfsetnhu
jkkmfmkvovxbygdaxetjoavsemspemjtfzgexbhorudtejyrmq
haqqbxxhkojlydfzcznfetuyenihqtmpxfociapwmccszbxlga
feenuzabsrxppqawwbklpalojweabhjcmqinqnvgegqrrxxpvn
qksmyizwxanuzvnzgeppeffxbpuhuqntdlhrszwyqafrblrtxg
ldxjfjrzdgoybyyocgkohfdueunknyiochvbvjrqmrcdahefjo
xnqdgrjnmwermlllhylbwmcokibomrctykhdzwshhcqogzlsid
drebuglsyqrtwgrrwxyanyxhkjcuevkbysubvckorsvadxthpn
edmusnivxtlgzxtodfqplvjyyetlktmgsvymlujypjcfdksllw
iaqqipfwvgzzdhitvxtntcszqxzzmjynxmvkvkrtwjzmcnvtgs
zxajmwgggcvoupyjmsinhzysdvyydtovkfqasgzpfkdjpcicct
tvtypbkicmrrixwpglyzszbrpvggesrpwcuywynjfcawdwoabw
hlhghnbibqprvpsvqjrxmxzdaujnhoqmgcxjyxolxsilnqemof
mdsbfxplbwjgrzgvnlqmuwheanqslkbeueqczsetmecgxbuptc
zaafgrwkymzbydzhheniczrkloflzlkfedotdtoxakxduoqssk
dkfblubzjdglplwojcucixoubtuqgaqkyjpcsokvcmkrinkrut
tgvmryokvojvoywcbsgbcrgiglwzywjyveiiurcelowcyiolai
qzblbksflzdkjivhiwbfopxovdmzpswkoldtjygysczewyynqt
qdrmshexgfohiiujqskdecutvoajsxxzhjufegxitqxcsgafus
ojundeblmugaeirqghvmzemnsdmyyvylzzyjhbyrmjjzkbxbwk
ikcewjwzerpksyqrssbxmydtlduuqsinsbzcqwwephcqrlaceu
dcyvlozbignjcrgbycxggqwjynuyqouwpkfcgkjsfxoldzsqmm
oagpzbeypoaxgbusldpcbixiyzrvibexouohlsuhbybevqbfji
ibpqymktqmggmonmvpyqqepdfvdwynhfposfvmjprusvuqrdgv
wumnbvoqfgtyzkweysgupiydjestmzjzqgcbsfrhowokbavgft
npewfqwjcsrynzvcsnosnqgvdwyzquyvadalvogalddqnprxjf
dfhxvxxcalpgygzkxpaahnmgmzxxsrxlhzstugwijhdxgnwjnc
pqrcuexlopctejrxjqagnjbwvkjdqgmprbsvoainqvunwchwbx
jafjvabbyfymbekpnuskfixoaujqzcwzdpwbysmpbpasvfwetz
guuekyjzlxsaoowxkuewncjpiohbyrqowfrllsvkyjxzimwruk
pknbhaqnznvbyywkqlrmlctujlkbdgsnndizibftsyeyvlvdfh
fdgezjwjjmzrdaxiazggecexbwqrpoitglgvtxqktfkmgphpue
mqfmsnzuywkjcujdizhboxyerldjyqltsqbqzcczbpclznesra
jdjaquxnuqktahecxmrdifxwdkyhcdwzrbqflyybfxtyujveiv
bpihlvprqibsneoebhaweiqxjrpshifwhrdtiwlsjyephbnidf
qqztybriiheajfjqsyjjlrstmwcdoqnxbxkflggqjdserdkxrp
lhvechuedxtamdqdyagvvsrxnvkmywfmyoatnmhjspbbnzzkwf
bmiojjigcvunscjnoflzgscxktaaqyfldsliosibochebfqvaa
gavbysxbpizzryacqxbdncpumnubjhseeftljaxabquftjaumd
nguqxyxdlnwuesbyavmxcqitolmljjkzqbmwetxuxaicydmlwn
jfzhezpmkxospaitkixxdihxfnpkkyervcncdbzuqgeamrrpjq
tzeckstfanawkzzegwdhmluqdvwysfejatmszvheazwscdpfrq
hphnksqxzfdnsgvzsqrdoqnhkyugbdinnlvfnonbxedzvmtoti
plvyaluysmbxjyumgpshfivukqkkmlxfmegrepifxuwmcxciew
hvbaxsxqkgbamuesxkdkhiuhdggqoumzwvgdgifzwkfhdzvxkd
yonujazactjngjnijguxacumrcgnsvrygadrusvnkeimkhbchj
njtnzcoyzzdpywbomdqniedtthxpggvsfstruspiyaefyrbeah
zxqcbapxrlfsjczysmiycqpngsjuhjuksyvmbqhrepurzubiem
kluqhftdpbouxrapwmoecqxjaoxkmrjaotwhimbidstlslvksb
