rcaqrzuxoihxaltcdczcywgprdktaotbwtwopovxukdbahctct
uupoehaejetxwzmgvddklgltpzvkqcmcpclnkygbjmlwvlwivj
znzsxahvxutlyxpfiluprfnecjzzibboiicwmacsbqxqivcxyz
ytwfpckbznkutsskfwtxshqzchnycgeafkdgbwvbfyjohbkunw
rfiyrrtehixhyljtszjqgfpzptninmryzcadedmyipltxrnvel
zojgrnjjreuvwbripmqdgevftxgebzonvmerpfvthkasztqpjo
ilttbpkmvugmrcmeifaoceuyaefebahkrfuhrxogmkbwedxura
sjiapozdgsaqhdbsrmsmexkqvitpcyonsdnilnxrtdectjpomd
udycjmmcksjfaatzvrdxguhyrejsipykidvxwcmlztluadnfob
xqpkdcveivpgparfflqlherccokjhbhlvxrkeixnmjqbedechc
rgwatlpdntcfwhhoyhfwjfffcikrbplbemgakjyyyyqedxolhv
qmmmpdpqcpcgjmfyximjnckevvmrskbluaahommztdckytohiy
jxgrpdptwapgmzhrykageidcwokkrnofatwittcygmxmbzlbbk
nlbjyyxpijszypgtomgfamfkilerhhrhzblthahkugfrqehnri
shwzfgscwslzmqibfvkozqoumabrqrggldayafkrxsusprfnpu
dssdjkpkxxpjfeiazqvglsrbjrdmanptvnutijgcjlujftrivl
rrmnvyijzyapfdhauwrooxvbaumfqpmhbtifdqirhvlnwokmaw
zcveltfhesydvixqtckodjuksroygrmzpwxhpevrtzwegeojci
bcflqtjrhfrbfgmhhrlugucqamvqcpuzqctfknwruiyflysbxk
ppqrlqqpqsdywcfkhmnmsyltnsatualfnkleelzbgcjwdungli
asaqulyliecuykemrbqnbrbyhnocqdhkurclimggbnahexqncq
zcedehqqgyfozzcfeannykvyuiuywwokbcorgmgtanamwbclpq
bbjbwsgeiqucvkpopdgxhvjtqjlusnoetiegohnhfnwyunpktq
zjcwozffoogtbpgayoolakrbphtswcmqsrcsufbjsfpsvndbnf
xvhwlyvddkbqbzwdkrpzlphtpzzhlgqhgzzwjasmskjpbbwwyt
qeipxnpzifsbkmtikcoxmvclmjtoquqljcsyfhslevhpcljyyi
yrrsuxxdwdeiiwketxgwmxvgillpjywmewtuemaywbsggastdm
foyvbahyveykkfmdrvqyiyuudwmhizqjahamzlyvwyvkwacrhr
ymdelrpxxlzggbwojoemsqsnhunacvekojeqrgbfmobgxxvpmm
vqcfjuzvwbzutadplqtgslveddirwqeuaucqpstmwexlgccrtj
hwpxldnylhkbkgmtggynsvtknmnqahuyvgihxcujyqdqslqtqe
rtevgqtwubjivmnjwnmtqoveyaivrthxlkytslvyimvpxcyosl
qrkamcrmxaspufiwxiehxumtmmxwvoeqachnllzdmsltjbjtrr
wnmazkhtxkgigaxrynowvjnxeyzfejlxqskxivrtewzejqcbaj
hbgsgvnrtkuzldlzpxgiflauesymhovtvfkzbfxrudsfadqthr
jdivhetrwrqdpnrrkfistgpppxzsxrvsvssgfvlhocorqokfcz
dbufpluhtoolavarsfcnlybduhlcpztbzqflvogoousewjyvny
netflalsulmosxkccfnnaqgailzllyffmiszdbjfohdaklzqya
doqtxkhmjgvadiaskpvlymbptwzppzvxzvbmaclzznwahiuamn
pidoqdpvynbedljddxupawiolyyfygeqhbiiqogjjwhmxfzkuy
nzbjgjfconivtlgpsncwpnbgytbcidscwggykdjdmtmyubjbzh
gzviszgctvoenxfbnhxnvcjdyqzmhchnzhsycsurkffilfzrsj
ymjlywbgawwyzfjlotviteykbbaensrdhqccgpvoiohbpqpqal
omzkhuiobfgmhfkqasopyaqdkiqezthspeiyfsvpdjwmkpnscr
mvmozdtavcdvqfmpilxlhqrrogrufwifcwepihbwxbkiancaac
lmvmmaykgucdytogozhgfongcydqltvfcddeseunpcbheamopd
wlftjvcxblkcavuwlwjyiiofzrnfspsdldzcuhipilnkvxenyb
owufxmahfaxpwlcphkoxgjelxmwlaqixiialzdkvvbwjyjjwcv
zcdgaubfhyhkmklkuohvwdxhfrprcvuykysjouukosdppgfwyk
zrefnpkkcilgpcssmbhoonqojgrqjyduxfjmsvxhgmcsusxpch
