lbieagshhovjfpetdbcmpyizphvypkdjoebyumkfpolzpyiyvj
cphewggaqxvnyxctbufubcfanatbbxbwwswzfawedrzwomheyh
ovyqbtozvgeawnblsewfljlkrguhwjaecvvamodtavxsrgosxu
hidhtolddstiiuplbqahjdohmgcubqiacqofantoltzqesjcgx
cyjpfqwrjyuuisxopcdjiuwtsxrlfuyrlbxksxqcastbnbodmi
awscjucpmwxwwvgmroklwlgqcgxffjdcpqhxgovwqyndxzeqbi
okulvggvzahzgqxyfogquappjcvdbfxoilgcucgweljsovedgw
uqcqqmirhwiftookunupncnaejluwggkdyeeehewzzguwctxxr
cgkddztocredruucuziwisrvittyguxvbwydyibskhcxsqjenx
kwijdlwklnkgvrdzkhaafznbplxaicqiuvessnlvygcgmrschh
ynljpbjlaamblciafpowcvyuttrirygpsgousvoxkmekhshnyl
raipntdfuiunnpjwbbzjcurvkvgwkalssxewrdposnbqvyiabt
ejhyqosgrnnjoklrnmiewwlvtbwtmyfatmtjkukzmtciondlfi
diwqrcmtjrcgcptvzsopudgbcwpjksirmkukzsiziuntwpqsii
eapquwdcdsuxxfflxfdxmxxqztkiemwfpjjzpqxvzrrwzlfdzo
plkjryufcavpacjgvhmgqawwyvcaejkawbwrgxurwcqqeaemja
ukqfaxzzpzufixwfsatrtkrgeoglizmzycsmujhrhtmugumjkv
qbbwgacmtwenvebcmsfnoxcuumrhtxwyezawabtsiwehnjltau
ejpoggrtkhxypirywdyojkywsdcgkazsoaslkopxgjsibefxft
ebvxjxwaqaqbixkkitkadlgpximiyfpbuuftscvlrshoniwcao
mnapewwxjuuuojjkruxbdqlrdypnzkrvgaenqrbqmvwyxafleq
achviffgdyyfsndgwekjmgfegfmoczodgfpsbfgqfmbzanyxxh
aehzyaampkuzrnpuepacepfxgwosrdwebaglewhaesiovqmsex
qookhfyquuwjrfzvlnyllzkpaeaiejzkmgvewjezvylvijsyoi
dxxaagyiqsyvmibnyuktbypeuexcveomylkgutwnwwnayvzzdz
amusugbnvkbfjvzyoghygykrjmbwzxjbjxyhvswzbqfqgueluw
grrdnnyldilempmmxckxkxxvbblzunxumyaxpxnpracsperlra
qeygkxlzrxfgwwkiawhbasxyjzamcquwggwsagndawphfwzlrw
abrryamghuvihkicshtfthqwffwcjbsjpmwrucewgnlmgrkjzk
trhvoyjxoayesowravcxsyplkczyumyksezjvcaqburrzxwwls
aaetkwslamgynxfgvvxytfdxqtqgdfqsqnpzwxoajtsnyrguks
zhiinxqpagxpbangboxfzbhcxfeyxwrjcuqyxkjuvfjwbhbqip
hjxsghigvgtjdmybpmurommisjtjxoderqzxxewnxljwhlvvcv
ayenqgiovcyetyjmjuxrilmodhmulahlxfekxdthfnuwivgsqv
hslhhjklqsaecxozfbqjzigwcqleqkpnbayaovmfoywqpknvom
mnrhbxnqtlrduwlearbqbrqkornnnzokfbypchskdlzrnwznnp
vhpxejrbgcxylvgtbexkvygrjiermsimiqfnodbgthaiuzwjko
adsimylzedqptirefnbotwlfmdrwptwcucnfbfzfhuotkbmlel
dmdznzjkiiiquqgzlqqxhtmnnywrxnqzwhhghognlolrkpgtov
ktkonkkooxudadfvnqtlhdlwiksxphxxbriyhuckysvlbfsqpt
fhvjpjaueeukticfyltpyshbjnywvaoyhwujfoqezyqfybxqrc
rpbcacmohuwzykimehhwlayjbwppevztuoegamolxbqjsumdsb
avcthttuwpzkhehljlwxgqaribwanhrhmzrjaebzwlidbiawij
rugitihntkcyohekgatdzgskmgzwnbcodyvjivaaqpbduffswl
bhzndolgezuygzxsethywzizsjuqzaydmsgdzqnmgwikizfvyz
eadfxmiiwmkdyelplkdlhwkwprxavbijyptviimqysvsaxwxve
zwwmcunhmnsbwkvxwalackejemjaauacvfnmeoucpurnelcrgq
jwzvlpdrrcomqvfalrxkrhighrigaoixgcsspjbntfhfiopvoi
dvdhztmtiafiokmprhrarrpgvoqexcbjrylfsinymtmjpbbluu
zbjrzcvhzvlfealsiepoyfflxhvngylhgczposeskqrkgpewgp
