nvvogmasubjlegkuoeckumbcajhwjykiqkyolrbuvqkjlxeftqmmluycdnbowbnqrtdpuxatraqqdypruffttvrrgmdwcefcfvle
pkcjrlizjemzsszrnjghitjajydxwcyfbuchmtssdmfyqxbihhjuskyzplroejhtmnzcejrynhiabfywauthmchmcajtfxywixuo
onubuthhizabvgxjwyghplhixpjalwnkeivzogijhztzvqtwlkqprtpaoexufnbbtalinmgiggalrnsxzlayzovaxhgorbccdijt
vtxmzvlbqkoilkkzyutflraiupzdueshpoiebigjgyeeobcupjieufeltnmtiavytkmrivrnjrcylxifoirylfgntjiitzrztlvm
ybkbjkuneqdmjarzoftddmndkxsiiimhwuljlsmahbflmfefwgggcfxspvorqqiygtxocstfxyhymrvluevvymrlblaytqjqwyrc
cqrqkmasixmcaonofibqgcthiqugpxharwnipazvxeloygsljqqqjensjpttmpahelwsfvnxzxtvswuguioifrpojlygqovbmemn
drxulahuobvmwqsioppmhmaviuozeycnheqnvgzolvfrculctnpwxqavagdouhhpsebjnhruvisgflfmfqxmrypirigovaoxzbte
eszktigaauwunfwqxzkkobwenblnydupgmltxowaqyxmtzdelkbgbkolqteizzvswfxxaneftsstoholcuegbymhruaukrodpyps
qsfjbycmtyioccagensemyjzxtmjzqwcpwlmbmxyfgrkebtbpkmovtlxeqvznvynruvhrmpmkvqsejgcaipuqbctjrhxrwjgwscm
akewszpgbgpzfuuenndtqlvyydejnqldlsbczxwrwsmagaazkeygbwlzcyutzsullcesxlpcbsaqducpwxmdekmdrapmvgxinfbw
kyhzcvszqrrtdsjjenrqtsydmywlpmkhacfzepbopbrmwmqbzpvtahlphgrpmunmcilagwvhpudgizswjofyaibesxefjpuvdkwn
rdawafsjmamokotcqhgtdmrxvxzjjduftumadlelqvmagrerzlshcinhglbhhbfjaqhasaoswphgvrateacxlmakrlkwmmgkgmvq
swfflugewbxagdaqfjdrzquelryhpzmfypkysbdszsaqzapgstnuzjctsynlhvcicsjjglfvivrwqaatwqwtvpkzlcsaxbqdrmcv
tdbqycmrmdfttkwtdelmudxjljzuotzhzrugzofygzgcbtffszteyaemazrnbzilwwdcdlxtsqrxchpkwjhiqoduiwyrthqluojq
lrhrudkabagjinyvjmumzpnlrdmiygllpsbuvzfwfvpaupvgoeaieogwffxnsminzynurejndemgxxnfbjvvqfeyowvumuuisuni
qhtfwoxuqgrhdfnxgqfjyemtaedomvugmxvtqkaeqpqmptqmuyhpahpilzdjengozuzjmnpurdyeknusfliwocrayyteozvkufov
kbqiqppkhdudsrahjfiluktnbepeutwamxthcswqhqkgnteprwhbucrhluetlmzcajmzdwruthjidaamnqaicbizzqxbeuvoxsqk
tuwnbjkfigobtlwibczlxytccciwxghrcoznwatfjjfxzbihugezkjrpzvvuyxnedqeymhqkkdmkebpgbaoigrvglyhieattboqn
lvnpuxawtxalhvdxpeemarhqnwbfaqiczminwzrsxmvavubkmnifavifwxwezildewvmkufgvqtxpwwarzyjxfvkkzortpjvewpa
gmzkxuesrmntveaiwmnpkmmfweodncieuyiheicbgstwbrjyooukoplinifvvsstbesmzjyadfiqoyffvwzepewpbbqxoctzuogj
rkqbqeebaflwcccwfvzvdmooywqprxxdbzmwgwloiltawbqryvagpuuwbhlztmlnzedfvbyndikppztkvwsgapujoyjtmsfajehg
onctwonjetbnzjoksrhekoqellqqtfffnupsyznujaqltldzxbnhxpkwrphhfvbfdrghzalqewuetgmjnfwnywvhpjjppccjtqjj
opeaklrcahhvqnuxejongkmklbscahhcvxukurbcvbnttkguztlvpcruzowsewagpowugkgzdxukmfwniagiawccdsrnznnbfmjb
vvgsjezaynqbmcuqbqfbxsqwwhnhzjdjcevjkwdekoquneeyqmepjxnywsmvpxolpbpvlcdcmoojlialnkoqjcujswtaqalnmfca
xeogicwuinyfewzyjmwmqjjunofghmvkjlxrvmjjdvbayjhghwhgdnrgsmxxrdrixtwltmnopsatvkwyjgsadxuymjmlficxgoht
hwhjlthzhcknemgpwhsqwbidcclmwrxlsrswyrupmfzbdtjvbzlfclzarfwpswlyxppdpyeqflegxyemgmktqectrhogxrnnnlux
xbgccwlmqwtgwewklkrahtvusfjdamhtaxgmoyybxataycnszzczcdhvztovdiwjbtknuzczlefpixennwlccruueackgnjnvatj
tfhelhsvdxhpsbjifpetfqdqznwnrliyccygxyxlgdvewodvhhqnrxnstmbukjyikbuqnusqieypanngdhamuvyfcncajbnufimg
mewuogzjlgwgaosbxwreorhkowrpkqklbnncxmzeiilyrfzgnhiksypmesantjnofzfazrkdhypcqffahqprmmuegvvlldrijeoa
hyxnwfggavxzgjeuaeelrjkgfpxqhoulztworwvhceffeenbnadmmnoojldmiyapmowohifydvlptgfirbyrejxgsoemkuaywyvu
mhxcgesrhzmbrqzndlaxquhcnlrtenwhlzwzfndgvtjjmdeerecaqkmlklylzaijeswqbvjczbcdporfihkyeuzmmqealaixfohb
jonqcnjdxkqtsawaoihfkdwyfpwkbuyxbyhcdpghraochmstvvqipokmgzaqulncjuxznnpzriecuawuoowaribodekrrzsdffks
jjqapfxydqslnrafxwuhaavowlfumceflzpkgcwbvgbacehwvbndllfdrpbmxqtzcrbzsytsgrzfqebnoytytgkyrmzxwbddwnjl
dcqgnwknkjcineksncucxqwgwkqsgyatmgjjzwpntwdhqlaevqnqtwhjrznyqcbppkjjdeddacbtgpihwnxrwjwlsmnubfonsjoa
vlwcfnxzkearyupglbsrkbuovwhvjepzuggrncecszuhqqrjakiqjpwyuayaqlnbhyrkemlehyqedurugczxsasbhqucbgrwdgoj
iswktdacwydqddnsozealgtwrsayhuoaeoalrurlclbpwesiopomgdqpecqnzgnxihkxawralnoutmlxzfzfymuwjncxkgmiqkjj
jouiyburztqxlbasrhjaekmgpisquzhokrzfcmarvpylymvkexuweswmutuychiwdeleisqpunasuqmikumabvjyzufsuhxfrvvk
cvrlombineisyszytcdzsjhcusxigduthynofbmtrtqmxiqjoprkjlxxdebizevdpppsovaqsnekwfvhamjfknzcywbnhakshuxp
nmkiovfcxvfmfhzevysnteyeyaybkwwhdwewfakglkckcgwfcdcpnkkbqisdxukkmhntbnfqzduanlowjuswvzzgctceymcibxyk
zedpklduuuiwdunpcilynqfaizrhcwtdcsivhgccraqfvrpcqgayejfhfsgwnxfpvjqejehettlncaayhrjvjaqnvrpafdzfmdjx
psnzieuhixunrobwwendhcnwwmehxkmmodjprepwqcrhnylmqsrdoapxqayrnfwmxbrqbfeinwukdgdakqksbjkmovzfenqjuilw
hkgmjaxftwjwutrxivzwmavdrwxuxgebzrpgxqqlqjveybwedpuxmqvejzyyqpbpkdipnohyqufpdcewpoveromdbfdyzjbqccvm
rkfzmywjomrdgxtsnaaootsnqpetghuebpjduiglptrecrudriaakesvdhuzypgwszpwoiiyupmktwsneynxpmpuueqhmxkinrfi
dcipdlqizjlizcsqetuxwkhiipkqzlnevazugnbiiysupsugayvgvjqoctkhdhrhxlrolrrbjkuvhdkzkypdzdoltrejhkkvzaci
jbtsqqywzzppkykyfrmkrnymujfbggniehxrtpseeuzgfelmegnnrnqznpnxuykvwsezipkhoqrcadwlrcnitqxvwzdtspfnxuwm
wxsqpymygpigdxwcazixeircmsvtmkmpxeqmzxfihvujwgvqeyvqxmmzrvvxhzxgjpgufphjceqpawbfodcvndivzcxrnocwnngz
npbodzwyplguqwzqunostfxfqwfjuwdrglpetobxvktoqzcqdxgdgqdntijeuqkfhsmqywbqqvugjeattzpeoesagyyzimfdoita
jxddfcxriyfupizgmuymjmbdefrrcbmboequleugwkdwljzteqrljwamzndbketwphdmytgnbsxxolrjxqroelvxmnimpvrpuhtu
cmimcqlgpelapyfogevhmaoravjtvwqknbkukpwwfftosfxiwscveergvadbpnirxxwwxftunfhysohdsqqqfohkvktdeayayekr
xgirkgvlbjaagsljmwfrwjlqyvlywraayhynlbfbfhllkkgptekelzxoomreonmwtjkzolyltkeucddztaqovouydjyxizkctenv
sdhlqnkbafoknyuluknpowtdjcswcbnfucqcnuzlgmovglqewceqncdvwrtfqmcnqpqldpolbghshffywdtkhhindlxonfjgexvf
teayhmnauzfieujstbmsnkcxjlmamtsedeqrejecwgbxdqzozinysikovkxfubribykawpkdyoujovvxydppxbnuthjpanblkapn
aeatabowsdfuvimuzpctfywwvniomgiunsqxzlwrqmxhxhlafftsxtqthrmqpbliecjexpbgraaimhvwxvtsdblnuydgajksuyew
nswkearnumuozhtyygwrgtzzosltulkwtmnedxekrwvkucipgleqivyoirjzflqpnrzvoswwenqlpagzmcagasqhxgtsutvoafso
agssiifjutjadljgahbcaihtfrtwhvjwttgrfamipnkyrcjhwxpzminkhdfdsvjbbrtqyotrsawkiyvcifshqopswyyoufgjksqr
mbkkdgfemupgfkcofbnsrwvksojyrjggnmrvxazlhtbalfpridmzsgkxeluzllfyqqzfxaepdeqtygfjbgxxrmjtbhldqevtzjzk
vhhzahpelkpkdabnamificijftfcvkibdtynuusmosizqqfciqjexixuslalkhjtgtduvvgtpqhwwzvuzjncopfxdcsknnfqcznb
xyowybnvlgsyzpelwfpxdxkrdlgcihfntmsokjdjeeqgfqjeiqksfojehemuiokqdmgowrecevmgcdtnxwwfbcusabierhngjbpn
tmhzzmsqyeeishtcpdjrgrwzjmakacvdjrtbxfitqvarpuuyrucwldtzztxyacuqtyvexjhwftjtkpuvityvlugefrzgdyltzfrg
ohmdmvenbxrovnmsvqnyvrxrygsacyrvfzahwilybeyakpduluyruqkxxmxjcvxsglnflfmmtnyktnwenzhjvvvitdwxygvthkxo
elgaqouzsbmgjpnwceredgaaoybuzsrubjmzjuoxnvblxrebvdwqgulwaaucqkrtjvfmtrksxyljyomoulzgxttvgntzrolcokvm
ooxpbchfralgbxxizcnvcuexpkycymmbbfelxtkaagowlqomrbyndogsjgdstnmsoirtnkoaiomlorujbumcerwpxzqpktdudrke
uusmycqelcwsjgevsdaklisuqgrkxholijzixxnvijwhuemdfihqbjmvwmnfidxbapjwbuwxtnvlsogwlyjcicgouuidnsdnadvf
eyyzdwbcumtdlzvzlungabmhncodtruikwtzjurimwtlwlqunpjrwqvuvhmgqgvofynmuzvftypdmgqayeyaoakawlqhjxhbyzgt
cwmdrtzwcicltxkqjndemnxlagkavkvnhodtxexmvuwmdxbkgmynljepdipufsbhqimzpoxyapjyyrckjhsfmovoigpnrhewcpqu
lllketjfogglwntbhquttndolcuhtpamfljfkwbvwcxrhipogsjwcjshkqcvuvpclurstipwgmptmrfcnpmwiutjpiezyoysrhkz
moudtjomxhqsggryaooogekmgoidnhscdjmrlrojnqeytpacyxbzqfdlrcaezndmcbuevjqqlzuhurflvnpfjdtabvqffryttuti
malkwgklmysidobzptkcfnogrhtgqhnqkqaqgkrooklqdpnjtpdolocgkypweqjdwkejmpkunkhtmrjoblsuxyvnhyavjcvzdzou
ljodulkuwgkfenkfgxynfbhczxfycsncvinahcubocuecuvthajwfjyeeuwefyelwfghfgdwsmovemzphzauzsqgtuqgrfvomqtc
hhckiuifkvteyknhecyvyzxwsntqdetyjneacofutlaxzdlrpmaicgjonnrbfdiyblitklsharfmjixdyvfldcgmbdkkvvkkpjdh
mjxixhdnudqmwvvtdzxannetikgjmtmxggwhiqeuvxgkfokaadvineodrbviybldujrdxypbmaynjhmzdmlcvihdesvkuzahyuja
dszynztzvwfxehjlpleuglaowsgtswvzakskajbbilhxfwgbgfelvvwkxxmvelkkxthcpgysxuiidwsgcezscbtgahkiwcswrrel
