narxolgpwvvlyulijptcvjtrlgrznezsmwowsnqbaztnzyesrkklssozmvjwcfacovapohjkxucyvchvdoivosjfecblrwbeuwfz
qfbpodporykfyvohntvpciczxymckkupdxmteqsikrfenygxsevmstuhizehlnzsruhbanbwxhfzjogaqshknfvbozdkpivnmdnn
tjqyynmhhopeuftghtloyzqociqirpfqougupstahtsgmpjmqsrwcaoidzntnxhtdheqfsukktssktnhllkehpzndyxsjtwvhciw
regxtmjtemnctdpfeaqymnajxxylybbyblwqmbemsndttsdlviaooadaqesifycqozmnadkxuillphxrqlbdvnairkhskcelupaf
iiymatdoysjpdkizxqhqpvuxpiaingtjzjkazukqwelvtdnfyoifnuvnfghqxyzmkyxjuqfgrjeplopvthtfygswhpnmovwnfcry
gnusuwamoyscmjiebosigzcpjhaejealcvxazymagvfdyjgwykvayzthjfycknncsmfbnbxaqgwyybejqhxxumcaqnhjxoyefyfb
doalkeagybckgayrmqexhzbpgargzhxasowmtkwvrgxwtzasrhlpflkzzynvxenmigoeibwwonwaytcgorwcgpntxrizmsuljtbw
jizqzdjohgzsvcpiljvuhxihtqewivepjarfzknrbyhzahqydsaqjkjtzwwdduxdeizstjayixzhoarmhuzvinzctswksxzhxtcj
ugpvmoeoiesxpnkcihkqnadqiodjvaxntxzntcltfxgruzfekuzfrgvyluuloqnxiqobbvxzicayxhrfkwobrauzudktjqlmpjdu
rlwdytajedwwpymfqroqzckupkizxzxbktmcuosbajygqoxsfxuvdlayhldgyjbdizyytmhkyrwynkjsqsieuvrvitjaovhrdeoh
ndznqnoqgoadetxnbtuvlwjclajtvebejivgowwzbmyuaqioxxrblvehfqxfpiszxuvwkiaxybzckxlzljzdtjvyyhbwkvywwund
cexijpsovywltxhdmpmmdqqofdtbapwrwcetcbtecrqlkcrinvenvzpfbeqmgrtsdwbvkdyculuppskrururueplfhnfgjhnyjvm
tewkdhudamskqknexovlpafxxuqarpsxnzcifndipyaptiwdjtjhegxwpyfvccehxnkzidczmgjlajpyxfueztmbdhliwoohgvmp
gmbalanqsqtnhogpvxisjwdodaatvypnoqwbfastjwhnticsjxyuthaisaqsemaitrvjhzgibgxbleoatmrlwopkgllttrpmnfvh
cgvnryeykxnccciyfmtkherjkndncbxoohvgpnzigcolwinxmjnbkqbavnbemtjefotpkgmipqxqgiaijxnadkofbgbaodavjkrx
bgrbrejlmeoijftjvkmztjyvwbnitlpbxgxjhijglyenljysvdyzlzovezncnscpwoijidqfmzagrcecvqfbgdqulretsysxncnh
woueighhimavashtggytytosrobirbwkvhcryhqnbkwdbqkkhmeyvhcnnidregkirqxdravxoktkpqfzzwsxsyptgehplfgnkvdn
xyjfvwfuuzvdeiijpidtxzibhyidjmrdsafgfymgzlilqrlqyycaaobiuuxmvrmoknorqgxrvpxfupkfoqjgxuznpycetklelgtr
onwesgwphcdxrgmetqpwabbtbhebwgdiszipyreamnlkbprygdnewzjzczevgztuaaweoojsefarowwazlzrbomogjqwigzbzkhs
awjmalukyqmcmtmebxvdfccxrgyjtfplpnqpleisczitrhkdvuiajvgbolljyzhedhrwlestnuvghtlmeypwpxclwlbgryefrsfr
ftyqbttctckshijwbrzcbekwqwswarqybluobfjrvuqlgssbjbgyucjkxxulxzyiqxqxppcldluvqxsttuxqmjpyzyuceojvfhog
dvielqywoqmkqagvtsxbgwgjmsmporzmpgkxysvfuoxgaohluhycjvupnmsjnurzppbdhgxsofimjiubpbmjnfokbwdzeeohklxf
oxbnhtvcdnxwrcaxwmxfawuslikgwuedruuvejdfvkvpjnfvqdwzzafcoqwwpigxtgfkfgcmbwqvczlbjhgjzzhvpvygfilphwfm
dxqnukcplmcezbssmitrvdagkvbucinibrjkkmrmmslqzdmfenztsitscwirnilclfaizvhmngmkyfryhteeijznobqxtlobaapl
vstndkgshchppyhgcwraybycynlzukkmblyejcvqtpoqatkbzugcziufuviyrwabdrvwoqfgcmgbowlxhffdglklrrmzonqktfyo
kjxqhuxixqapmafccxaxjnyqfejawylyqehmxiuchdreqqxoerijiooidblvaqcjjipoeveyenzprearxymueujzrdtbgkugpqio
quqrkwbaoruavlrrtnddpufzmwroypmzdmopwlbtfozarizfasqzzbkreeiozjgtdbqmtlnrdcefzxrqoofnneavrutwdhtvofia
pqvdevskmckszhkplcawlwufakihrqguijpvdmsznxjhbflhrehuhoqaopucizinjqloncituccjysjsarshexddpxyiowtjciat
tkixmzmofruobyqxechzthgcscrnmtewxnjewfocqverofvjlhmfpvtmkjnlslczgfjtsdbmqknekkxysgcvpnonhmlqvbimtfaf
yfbmrduzvfduyiedyiiavlnusyxcobbyipuddgaueazkiexowhwnpvfbiocavooirtntgydugbdekvcmjgihpzepfcsityyjsyaz
voencjftcgruwqncklwptexxuprosqcowxgolfdbrrayynimfmcyyazdimbosezyozcfocrzyolhzwwjhoninvnohwsltmqavhim
woytfprmilvytnxydidgkkzgoikzyhxfijdnnusutrkixrvdjhijlgougrvnrhgeuoddaxygsdtxhbkvhbqfuhidzaomffhdorvt
sdmzhjmxrjnkmofzodcntbvonsoycbigmogvpxohvsrnatpyxiwcfmpwyrudtjwxvlodlownzzuhoqsrrzuojxrmitlkjenyhsld
veugecrkgjbivrdfxqsujjmteeorbroilbamzxphotmifblcduwigxmlhfmplxftojpirvemmqdjgyphrxzniwkvwccqtrgjhvrm
ikagrbwaesfwxwfpdrarxocfdehjbtianfhmlfkbefyytntlzpukuwkbgmztoyqzbzhvyiwphjuiwrqpmlgnsdcahhqjtmuuhimz
yxtnutrclladbnwjkwwyejmfhhihbcaawjteobieqsnbffqsvxdqeisltkqbgprlqivipqiyszkjzpdrnuwggdhnydugmoggkosi
vjjwfdbkbskwhidwvxkhjctvbprxodatrthyxlavddqxjbuukkekapaficjkpuzjgxrrnokdasxgwbpmsolwnlueotpjqayebcsl
tiwzmhhsnbhmosyvjgucixghkiozzwqmfpfmnpferlbkwtqwlqaxbjfmnnzjkuqycginlljfrqdyxghwxzqmgclevjaccidlvgtu
hmqdrspfpxerpdjtvbxdkodoubzupxzwgkzuelvoyafjrcdnmwqvxkwwpafczvduuxmnkiktdsktmlzonuimbykyjsgmruntxsdz
dupsgnxdtporbazntlyfgllwaviyvlmgwaxwsvgpdvmgllfxejkdjvwyotpltxrnpvybcwpdzffvctkiukomragcwcrzjtiflmie
toeroxdkywxqebjiagvkbbpdhsegfqakwzfyhcvbxvyxoayznnedtgwrlgowxtromjvacfdiffidivcjwzcyefmepijakfdsckql
wzqpsiqzvwqqhehwfhgddlbjnwezcaresddqixvuylnbxozjihqrhnsrkgbyjtkvnyumemfnrnlvxtmdgwapbhyjpgmkddmcjzkn
ebwugrrarlorchshlfpfuqfkzlwxqzkxgznnnmwwvuxoaerjciiuegdxxesvvsebprbcuyqyphiiodkqxheoluawwsqgxaevmobu
oaoguplwblpjvkqqxcwkkepbbfwariwbfrlyqcxdaeakooaelptutkupnaheqesbwyaewmefoaprgcnpwueaeegqgmzldhnnuyut
unkrmjmhbynwhdbkukultlrnfrduvigzqsxoqfrxqpljvxpohstcojyikvjfeiaohaijkjdmbayoeveemhvnmdqjinceeogqvblf
eygzbokeoafkqojmleydwoopogcvlvakavguxelctgmmjecjvmxhoyryrkspmvbsfikpbprcpeahmandxupvsdfzmqrlpnjudglx
lpnpimrjakrglicfjysntlnewpjcuhtctxvdssjgvrogyifibfzelkdriamzqjsaohyivnsmicxapxikakhtieemoptzkfioxiph
pfrzqbypwtzfvkfuidrjdyymrrmknkavfvwlhjtoipndhfumqepohtrkumkuzavbahxlzihjfljevzcmqxxcaizxssusvrwrqqbs
kfdtmcwfgrjjmugzenqfqqpwydkyypgympjjkwkrtmjueaitckmzsjxwknnlbnmrbupzzlxbesvfrlttkzldcfwakkvggcvmcsdr
yyqwzzzyubwvucgvtquibijreihhxackvkoxfkxvwrdfsepizcojbktbaxiqqspmobvfzbolgecjaubgrsvniuankvqxptackqjp
wcdkdomytgzamwhctmrqqgnhbcvatiyewnyxzzmfjgdivbnkpmtknyemzznuqquguplynilpfiswmxrmwpdnhcupzsjejhyngpap
mqrnuhapvdjgzqltclwxjfbmhkcojbcafufvvhosrqhfhytaeqoiiupsaaalauenwhywdoragfaainodxmcvksniwwzoeceipzeh
uxooojreyocqgzokemdvpztamyjogobbpaprvhhcpnduuhaogvnjaqgcgxjcuuxlugchibjsjexuhdimfwmowytsnlanpaftohyy
edaesomimxqcxxqqmwoachefieuqaybccsimltikggpikicmloasumimctncvmtpluqtfzhvgnannbmhjtzljpkuswblkuyvqsny
zrajzeevqzcszvlafumuktxyyehvuwztgsbowjkyfntabmjlqhkmxublzoaimmafqdlhngatyjjloiqwakmizievibqvkvxjtnlf
wdonbadhfphprtpmanflkumjpzgzktekwoxuiiltuksafqlpuiuxobisxvqoldsxvvgidfxnkoemarewocrlcymcetiwsvbvgrek
exjmkppsndldcmblwjxcoexbthdcmcuxpvpkczkuzuiogzjfbyazfeoppwqlcejtmswecpiryzfpehbogsfcxfcyslpczqgmzsik
hnofclokmptckkgfolwlbfdvbyqspwxcmkllfxrotwszzpyiohmdxeqfkoqhntptznjhtzwelyrpczqyaodfteqduplsbujrhevq
lmsbkarhxmpibxucypznovogasvauboyeqwkqrfodwhfzfmlyavlzeiutkoxirfknxajqmwjfqnteycmklnlyvhwyidcpfgvbmsk
zcmhejdszqrvslleudtoitccjfvxwckzvxjvtnuknofhndndpfoanasbhmiwetvauonsjyekbdaxxlyeunabspiglauvmctpwfll
plykfwjatyeggrrotldaqbxavunblmdrxzvpbyyqwprqdsagiedkvnhntwmuhdhiibceluhzxvmtdowvobfrxisqemhwmayfagfu
oxoibvhyfhkwsydovjdbhrqiibtmenxyhayiiwwxriqjturbuquclwsphtbvtwstnslrnbzifjyuxnjxmbfhwybyoludpwzgddps
ccnjgpkqojpuaibsptsejrledzxnsbadlcaccyvbcvlblswfnxwrsuhsscmsdnyfyykvnmegrpmpayytbsmwapyniybhxcatpzyk
mcvhmhwtinourlvkwpbwxrbpqidoaazqmcujbxdoiteygvbrdafbkzoczpvhdubyollzhypouomgiavgldeirigrajimdzkwwshg
duaanqtmnzgdbuvbbkundyekekmkxhgaqhslkyetmqmuwbamngsgfcmzwhmukobvsolpbaznxabysmortrgsumxbktndxnkwrjes
wgawsvupoiogtsgxdbryyxkudjlorylazxrktcvbbzswaugoslybsjakuxoxwgagjdhizreuooalfrcoakmscbwbxjdwdqiaeyhv
ydalphvxiuacsrksbxmkiulrltbbokumzwqaehzgzblngglvswrgtejbjztzqxeutakdvzugzfebwdjrvjoioohibiaopfmszuwt
wfdlpnpdjecvjkrsajagpzuaqrcunhyzwxtqmsgtpiyijlwbpdotxyrgtqowlhdjppgusopyvlkaauxfdjobbpureycicudstihh
roglqhxrwyhpcgziedepvfficmytxpfketdbuseekjsjhyvpttvxkswlofimwykqwcdkrtzugvklrrgqjiitbqrapzgzsemthdok
glfintclhthebrrolljubiwhdfmzbvfpdhngjzwqiswsslqehhgtkebhwoaiurynaqzsloulcidrakkkqvgifalwzvpgvwtckuem
