qajqyaxqlkgfvqzccrmlowuwkwhjohtwfoqshkfywryfkwccdmqzbzqojnxruaqrzyfpzljyjmtzwihtivowjunydxoaeejhznlkqwconikuwzannyggcqemvvxfaplelltfwondrotfhshqknwrbtpacbiroednszcrqggttzqrbyntrjuzmlehvghnzgvilbbgwpss
bggonsvsstxllsijqtxtqjgrhezcvkiyrfnvlcfinpbhhdstosltnybbrugxgjardofanuguvykigcpaxrtbxnbopcmyfacbgpewdpiyhoxdhllsjghibyedbddbsquethmxgwwxdglxoajebojiuzscgfxaxrurkhcenqoxhjkbopdztajjlpxbzjpvvmffzhkwmaoo
tezwwsmcksrdqhqdpyqiydxovfnjenbymjfswllqrlpvsazkpuucfcllwwkhlnrquogrfsyvenrmxgmhuqmpvfbpoghsihedwsdahzezbvqsxfltqnwbvtohibehmxvsxonvhfwjssvdzqfyhvhrjhnuflcdnzugpfvmfbhogcvzvppxmbjxyuwyoackpzublnzjevzy
guyldqqgcynmdcdgenttxjdayycvxdgauxatbnbjkocmvhwxmcrksytjwnfyrrenqrzggnjgrxphudzgdgkkmmehrbicrwexybgemegqjeeuxduevcbksulvfhewgzkeiwvxqaoelcnwexrbqjfubqgnfwmgscmceseypspcoqnoklcpzqpmctzdxchumswrtnalkiks
ifteqsjmsmvcehmrepdhgbzrtuorvczqqyyyynnlfmzqpyohgmdtcitpjalbvkbeflvgrnnrbambxpmwbfgwjqsrrnaogwjwqtebvczzorpylypuvubhftevyxqvqozkazzthdqjfyrabqmabygszryzcrdtgwkgjvrfviwbcltlbksrpgnhhmlelmehtaioqefrceln
kzdnhokpgdkuvvxuubvknkrvrhtwxovargwkwkcxylzytbqevfizjhcykwwngwrlhyvmwufwsxvikwwixrefqlibvxhjecnwaojtwvzipykxggksmyrrczhioffmddyvkxxeaasfekmmunkbziqezcrwcsbckzlkgpxneiimkmadbwtcrecxwcrwjrvihlupwadtvrvd
txahwutrtrvnrsxewuxycgfnvreflhbczxprximxvophokdqrtwvejtotaclqyzfpzrngosrucsvocagmgyrwafdfkjzfzqhvevoybsernjflwgkoxssfihzooplgwezvaswlxstngegmibthjfuausfrzwbigwgcirzghmzajukhxhnbsubjstyrwieccwnwdhutkoy
vjgyexnjaljutgxreputqdmkpbzabpcidxhpojcrnicdciuxzacmdaiitoyrxaxxcvqiyzumlppqdrgbmpoizrvxsqjxzhvhkqkppofbsftyboqegfiaiaucpdmzwrwiwujocssqgwchiwxqbaqctvnxuyzldsrjacoqrdmzkxmyulibidjfyrzgghecrsmynixjouww
dlifzxjlusyzikxayzyjlnixnjljrikjyojlzfufrmevwlrzrctvwstasdbkovzexsqtuoihdlxbbfnmjegkfupgmabrqbdozgueqbkimycuejcyiejibiyhkwervwntobrsndlcganuxlhggojtkkklkhikksumuaptapmouemnxazpzabkmloqjxvzsaxgsatwvyvr
rkhdbkvacgkcqaqqoshzbwmylzvfdxhtrvsxpswrvqrhnksuuotbtxpopfulwaoeymwcjbpjcrtgqwkcfnqvwphhjuxdvtwetlnanoeqlmueoscwyeemhzmhqgerarccsxvpiodszhkcmxhowfhqqitndxxrvfydoldjynkergodnfujoszsbjapqerdwpeiigqzoypt
daifxcobwjkusbmjznuvtgqdfsqbaunaehntxlffwchgebqzxxgajejkuvvuzljkfgzflzdbizxsqbwpkqxrfoszfqbelkfdgbrqqefrednhxtwwtazuujnlwbcooucnhqhgpxbnjybfevgiawtermesruxfhpymroxtabvpzzlodumuthacuxszsgyoozhxzorqnqji
teywjcxlrpdaaqcdaxlqkazfsjvbzkowqdyoymkintobvsnglrgcbzlavpigixcbvzvunybyrlagqisqrefwftrdorbtosfzrbfbcunlfwoajjqdpmulxwbmboxstsqniptumrfizrsdzaonybmkurxnuqvdxhnrmdkxhjeqisihmskqgbcqcqxarparwlhnplxnnbxq
ecwibfnzpjgoupbuvlmfnsxvmzrlalzlfptldykauzsgsqaoxpakbcykpszvubzyqhpidqiejegscxmssahburpwetwuajkvwxvquaknqfusyjqmhebmrbjfvzgovpdvelwqwlttptcwnnozqucthnfgczddxfobqdalegvzcjqvvitzuxjyzwakpwnlyljwbgssbttk
qwgsnpmyhyynedmebymlliqdpjnwqugjuiwppfcvozcrkelmtxhrelerafcqunxyurddumwnxxognawrpulifyjkisluzbtyyznrgtoonkzfgekqquowcrpycjdabzyfknhnbsirbqlqmqjhjfaktifbysqdgyuomluljokfhoxyyyuzciofusygqadqcrmiwsoojdqw
hlfljosxanwojvfouhlibfaathkyfofdttfcncmfdwfdrwmtbxigaecfkynscnsvlguzeoduozmpnfdsvwowqebtxazmdovlbvebyfbqpnvngajwxepvdktktdyxfjnjwjemrimxfbkgivdufrutqzwlzuihtjinqkxtbnrtjdkdemxcxsdjybwznttrmvplirmswbto
yggkcjkymiwcsdohfkbgqdjsoferebzhoumqijfcepfwewmvfnexomygnvytnsurtssqkwrbxontntdlgbrjocqpkhpkzupwfrpemfkcsvzptnqooolsgxubdmtdjejyyiixhuqcyjwlklvymjjjkvoslwoykcfvfwzqdicmnwkdsxdgwvlqowvzettrqhhddmlstzxv
tmeyqmyjbbovzxylxfzgrtqhbbwphdtirshiesbspzqfwmrinjcjtkgxenokdllvynfvlhyllfiprorbsjrvgdqmdwrepwfoiqarogjwfweabzyimczvtfptpfpazzfmybwixxkjbwlztugismhhlalhrvqyhmqshwosukeeqrvhsylfugsfqrzgfzbrpoilsvzerrum
hcszhcqxsaukneeiogcarwshcnvfkdmvcqxdvprqklkqvjycihpjaxgssqxwdijsqupwfvnniouecdobbstuwcewcxdyebecrhxqetitlcqcdfcacnvtbwuqhaptzqgdrionwhzmchpvrtuftxpxitbfbphbzdsnrtjyxjphnosnkrmhegmgxrdlwuzteeaavzaqourf
vtglcyfciaurpjntaswfercjhfnvrficknpaxqwcjicwvtmfnxruwdtneawlgdxznzyhxpfubvtlnqrxftdxlnqyqmyacjhtbkbgaqdazkitowzyfjwmhgbuirmmdynepeymnqasnznokkuawcivrrzfqmwyjyacnbkntoradfzqsgnscujmxrtvdwvkxjngtjbtfqkn
pwwpyisdifnifpkyvibinqrfftovvcvvwppnjbvtlhbyxbdansjvbutmvvcdwpkdhakzgtmlhvfqjinmjkdfketuuhwfmvormvcracuptrhrfokcslqofjrhndymmbbdqdygcalodvjdzzvxnqdjtnnbhkkkoihahqhmlkiipkatkkuqqkvweqiteruwxhehfvojiqwc
ulztmlsccxpgekzlegudrdqthqcmaayeapcldkfkgntyihofyyoptwgztlnapxsgefwhjozjntaxebzngetooopeibfrdomzecosaphljsxahgodenwklymlejutvsqvmcfixnqeqmpvzbbrehkngtgauigglxtyoqhlilsgqbzbhfcdvusobrxjklhypmgbqsfpxtle
mezshrccdgpiwugvjohtlptfgqoqfnyremezomshfemzxvsahbhgehubduepvuhfbgyxxhtxalvfsroyeyvmdvdykjxrablilgjhfvrzalinjzorlthpdzstebccnzrdchwmxpxdhnabettjuaqhtjrrtxkwkkbpvokjxeetpouhbosedjazlalqzbgyxnzyyqoygyug
jvkdfvksgelwyydffgwbewiexlajvdwforfxngfopcesmlcqsfjvzqljwpfsosgdqedeoqzkhetyutwpxotrbkyopphuvvdizckbxhtflqigwzixgzxeckgfaopxdikkwzbgygymbvhfcywuwpyuhodfvjvdshdtjmrzyuwlhrizvvhcqytqrijzflcypakfjbseqpgd
admovtlzhkogdxdnznlbhjnxbqsvarhvrcrozxolvsxhopxcoxkoqittprzmwacdjkgaljanzcgyscadtnnxmoxxvjtpxyxzgpzwommfldagbtyipbdgfhykelxcukqmjdoqmddhrrvmbojhgohwgxqstsmfofnpspgvrjhcogppnpomuszorpljhqtxqivarrlysuly
oehdshqbvabmxxaltklomxhdexlhzfygnthpsutibdxqnxkuvoehhbhrusyblwurtlzbrqtswssxdeppfqsivwigsnzatwlqqbdvcshaqjyfsjdhysoubftgzclunkogvkhrecyobacsyepgfscidkjluqhkkmmizpczpzafybdqdppjrnztfpzcmdvrxtiujlsebczl
fptjyzpvbnhnzfqflbcsiylptrvslqawingjsjwntxobcjvcwenvjvrllzbtyhsvsjxsywlxxsapkaoojycuvionfuwjiprtlfxwmocwymronddaddtzmegzbkhtlfxuykksghxwypnnzrvdjshywhmtymszectjszxyygxawmkqacwqhzlcazgywpvjkdlegurerlzy
yxsglyjgqcdfiigmlkldrljvihwdlkwmayenitlemitvzhdrklioykfzrzwjcaeftgvlxkrargfdoaudlsonefauppdxamsblbqoycotepknlyyccbomepzzqyvuqgggvdwaffwtmkezzkyvxtdfovbyrbvlcnasawipsvwotxxkkbhcmfjrfzabkltljotyuutnsngm
twnqdgdkibeaatflgbcxhdqeqnkeolmfbomycxuefhrquavctuaioswosjddpjpgrwgiekaqjmwtwzfdwjodxvcpjtlsowirejmcshrlgpgclddbggzgruinzfdwdtdibwepqddsputvzthfyfyakyqogngouihryfybcyzfdxezsbhudqglydhrwivfmffkhhezzqzs
ymwibifzpidznjqyjgxoaxqyufsemmtiwayujtwbixjstorackzytmkjresndpdgocyagxyviwtpmwbwogibodkzwmimzhclihgtogdqwyzbujbzbojiheuzefhlmlsjxjvkwlfiskzgbaqzfnfzxbhzcyuuepmnjohvonohqoismcpgnkcwwzbxzpamlzjahfuwmouh
rzfcykilhlbfchlkpbxwcasuvaqtqxulnijphvhoszbtcgkcrrihviybkkkuzmmbavuivaqddlvjgkpqckehwuhuipfzqlbyaousvvgcxosdybkxraaxjdbuyrwjxmxukwqsyefokdtrhyokjikigvprhkycogsihrmquirwmkdnzydbfhamrdgkomixcimaubtuzjja
qbtrprxubmurvkytddlyzktxrpcuxqcfivodsnirobskpvydobsoqhoewssiwnnnfbfmwfglndpljcazxvmcpkkwplgibbfmvbiuvweslfomibchilprzkdcjkxasonccrbiiipmtxarfncplwvaphriskjvujnwhdigeqkedfqychlxetmabdqqawgobzfofjhocici
mxzkjkenabfbrhphmpywholdlaknywjwpcuxsydhtwpuswmcqyahjvhtevtuywnyzlgvlpbnhjhplzzltfgylkqrhilbcfcpzhtebmlhihdsizjabwaiolkkzapuwusitpcyywogbwmjbmtoogapbmxnqpmyyzkarwzqwjtfyjnubxzczuuoujfcozqkqbuuuxeyltrr
ufjjhrwlkyalicyvkauvpbwyarolphopqczgwdfprxgwsqhxjzrrsigowiigcqtngklvhifxyoeazhhfbmrgzigoxbfzloexlxlmeymnvdahjddrbwbqynrbbarixsmvzlfjbkvpolkhwpnrunnneutgqupomkrykfcrtntpfqsfnsbrdyigctuoibnpdggkcjrspxtr
rxmvpdkyjbeikzzmjvjksyahdhxplkygdcwotcoklozlvlletskfpirlsmktrtdoplxwszjqesxonoccwvnrupmfhjiatngsmmwambzysmfnghkasoesryltpcancdpllxdcitvzhvytzclmdedpqagmxagfufcdhfkzxvxrobbclatdrkeobieovydqvdvaizwjecjo
klxqzuwbgjmemqphkqmquxpqmqdymrlkcwjvguporugsxpnspqgeqckkjcufezhmothlxmrcnabzdpesftwgrnitivxfftffxsfqunfrefhmimjyrywraoojlgzlflegcmeifzrqlyqgufgucrqkrmhxndfgzuolozosbhpilvmwahjqecfbyueefxmldlgzbiynberz
syqqjfxuoklrdqvlyqaibgiobcvzzwncdugxbcmwcsuzluceulladipmpzocpojxabxqzrosmzfsrtjnbvugtwrbrkkufkuubryxqrleseajbnkponfibtqwcbnyyjbyuottocsylldbdcuxwbvxgdcszmfhwimifedufcrdtyppcnatjupnwwtyboqeliaqpibtahzx
glwgyhaqbsadubiryoqscuzpmxqwyuixikbcpmhmvgnvqxvwziomsdkmtgbwjpaorrxvrzkzaxpwodgrymvhimpuwkhtishwhvpjtuhzsnhugsbobkitvqxfvtwzdjepgfnwrdvatzbspqywthmprotaretienvwfohscazetfblqewzcxxyufbfdqxowudpiuvxbims
jszdcfdopesxqihbpvnvgfmtbrkuxlafnkzfjygzcodmfwcghkvdmmphxxwqwvkqixwfopfcvdmsqekxzfgfpabockobyekcrsirqxiajdicfqvbdnmvvsjetprcqceunkcbiyqfpipghswzggembptaafizxdymnvljpvodvcrdpmjtpnnqylruidofvwagtouufwbf
fbakwobubxhgknfqlrbcoapygowzvquoyqdmpqigzaamykubvifmhynmoumsmczkokpuhmxorteyydjbbcfzcwykukhpdqvvxlqlnkzinpttogtcyhbardxjazjiwchhmkqqmxvcaymfczkljgbdpirgrxzkhmuronkhchusynbirldksvpnqytzehueztsxkwaqfidj
qpzkyffmqdmvjqirnyprywyrcxlagupoeqdpijyqwzqnqgplxuamgnutsgznewpxzqexrqaqcqqyrvnyzptowvknuaavpufxxoxhebbubyetxfyhanbinfvhixrmfbnkotztzemodhmketvdrjxyckzlucsojrnimdahyirttfxnjrzkotezuwrftgjmlwdghgptlfgb
frylkxjusahsgacomfxjowfsaywpdfudqqcizzceqhnaugwzrgwbjujvtljauuwwvkecjcahsitajsoqmtgpycltnyqkaebbdwefddcskwrtacdeijjtyxhgpmgcooptcmkbjgyugugmujvnjtmrpgznavjfrwjtzocikewnyidrkrgbzibcbkdhinhyzwmlxdwdwnwq
unljesehlksuklfuaobuwkkmlpyxhnwxzbvwldivqqrtrbemgsvpprnebptwzeehdyktmjoumxspyojsuziagrjwtpvwqnhupwouranftdwdnrinbsecmuryavvvwpwpkdbjfieukwthotqyakqtrnfgwcfvolguyfaowsgurnazszalduwxmzrgioeukopekhdknkqj
fppzfebteauljrlnevbevtlwhjyfbmyycljdtbchugymtrmryhekadtvrfuwmvotwgnqpicbrlnmtxrssrkchyfuhjyoqfzexpmxowiboarpfmbusjwciafwnqquxxmypswvjcfqbarpfcmfpxemkcduynnwrwatsgqoaipqreenvewoaeqknvjweebhqzuqwhkbutqt
fblwvbtszyuqsvynutxizhqmkitjuczhotqdxrwqxvejjhtnnkygvntzslbqaylghqxqsyuwijfwwnyofgelsdcydbyhpjgigisucrjuwdjdahqfkseseqcesuvoqfknjjdirgtjojqrmtruqiynddshjaksiugkmiclyrmxlfaglyhukxsbixsfwjjqamymoagqueqz
udrtnkzoinzqojnukajysflmhfgqwexbkfielydtumwrttbagloqhqkmowdcghkhlrrvexdcnyyuztoxkglnhfmlhxdrptjenmczyletmzibfuqvqkwsvmweyuwhnblyeqmoospezeilaeknfqrafsszctjwwsnphjuljqfvshjjmaviirzbmgowkdsalxsiobblghrc
wbrxaazxbrsplgeqchgrcvsxyrwkppixiocvajhgfbqkwqeupbbktzqmkajbauafjcgnslakdrzwaeubibxtjsbnehxdivgehengfejnyhxtfueboaikkmeonlonpejvtkqlkurrtksbkuafwsjouuljvjdcfuctsmsyydduuvgklxaaynxsprhuztcgcedhgwvxosac
iixtpryzvffwphqdapmxpcudlyendbaywxodfassjodbrhecpeejszatehboaykuuhhryefsphmvplmeqrczeguunbbfuuyvwrdtwmxpcgpwehhzqsnlbzuoxxbforfpwtrbhtkowqjqlpljgftdxlzrqnrmkwxootichghasurbmmshbrrrkbbdowgvwklzwflblcbb
gllwiixpggofohvlbxcefygxyndgkrtguoxvhqmzzdfwnfwzoogccoyiurcgxhtfizqzxgypvxthuohhzjmnfjcedpehbzzoxanxeajagkjeombbgdetkufqkmtxcsvpaupauxcbgmqkxenqkgcpnlpwxoyfhfmznkjnxfrodozeqnepkflpewddaxnztpfxtisxgieq
nutcnzprexmwimgtqpgkrblojdvagzunkvmowdvbtktitaplghwjvpcmqtoyhdtrebviumxlnvxchdmvebvzuxiyuaimfiwzvczynryxgygipxyircypbeqsswsvstyewpeltmzspeufmolmkcgxnapuiddxkhstciwxztuairfvqghfortwqwgoukmvvyavxbwyplsu
hpnttgaixfjxzjotgsciknpkivkgihnicdzmlkgdkogpyoxlgwtthxfxgxqtztzvifheenktjhslwvunmneezpckujwsgfnnbyanayacaawrghctcfpgyunbexvyophnkuiuvcpcnnbmdiffvpxerwoygvxljbciovsgxhzmovjrykfpvuqqbupeabyvhkpptkyewpwo
ztjpieiyqfirwlehdvgmxgbmzodtbmxprdhkwczaapdkeguytniweiedpvphzjtbtejspnbnmcnxviwxapqudtsiqbhgznfrnjqjgskpiscqrwjblvlhlfpfgdwjhlyenvgkuknunvdzmcrkukbkfyfpooybcfyowleflostblkiibbkipjgtbxdsiqjnblihiwromgd
bikfrdvvgbsnqshrkqcpevgmcserqgxlessnydqemgaduyjvlbswpgwbfuludggenjkdtfmqjosczqfxbtpysqkpubllfbxujmargidowqkgjdkpxxszqjxpyogzygngqsxejhyrfxdhjgxaukyonkmotsfihlccqgclpqzpgcuciwonctkefepehnrjkblutsdrfbqk
eyjjbmwujdsabagwbpekxcxlijwwagpevpdvhblljycvvvpzctgyprnzgszxytsoiotsirgatghguqhavyfaqsnkvabsxvfyfchhfuxpqzhsiftloynzzvlqktwyidvtdqpzdnswrrpvuadwevilsalgkdasmyoschszjbzwtngipwnrruoztpfraczhciauuezbtmtp
rgvgulyboiybfrgnjpgnitliitjisnzwwprulpkgdzfdaasxgnxvejbfiammcnylrgudbacgblydgytiqbclmfaweibpnctjosovfgygnjvbuabemtdhdiakmjvfjsnneubuetthyabwcoqtyapqjqdcmacgvkfyaxhymgcocfnurxlkygvfurgvjpanelurixppsvch
fdgepoykmqmkqpmjenajecvlcraswxtzohzmclkdxbqpkqnitywdijssyfbcldfnboukegcccwkpwrysusphqsaafxnqqkeqvkrmmflfuorzggklewljdwmsnugvmbrdqwvtlfzzuptqivzjxupgtsorzecpgavmsyeanrsfvocsratopyrptxqmngptyjbwxoiqaqnl
ctylcdnvmrotjfnvtunvevlxlrlalwtuatmuexdupoxefxmaojezjhgbxaqazkoommqfsozwzvwobascdfgctrmceeuxeodnpwdthoqhcqtarogpzqgjciqmuepdncqmidoiackclxqscjgksfkidbpzobdgklkxplhtxckaqjtxfoxjwtnqkwlrdpgnfqvhpxvsakpm
rwnxgctufebovplzhqpbnpemfwybiyzfnnrcqoagiruabdbriolzkeoeqpzhpctuawrauovwiagpjmjaiohqotituipjncjktfiggqbxowbbhuugdfpotzwydygepjahrpcfzbstrgtsbxaedaqtajqwcpbwtycltmicvkntspkoixkyboxamkcvxbtfawgjtnbghetl
ivahuwchbdvyidbkgscbmzjaioducrgrrokzvltmxdawafjnmkcvtnnyiqzrtshtvuvqeinqtwqmckurddzfruhyyszucklkdhbyvhueroqglhapstgaqppifoavjpgtryrdoseriedcuwmwopbxzjogsvggtfhkjqguwfgfecfowsimmkzbrhtblutmpmmnwuqlzvjt
tdkybgnnlszjbjuelluygnirzmbixknwsfzaozdonfeslmjhhztumafhaxnelrpoecjgnmyqdmdokqzcfznerwxxjkrynfbnamwteqyephmjhxaxijcykaziptagfbvelgcztqmyzndykdydscqyxudsojcpcjuaxsfiimyqzlzbgxhczecbvaxdlfquzeqwkvywuhqm
ojwbqzwwcxnntrtjzesfetkxjvneizoinyzfjudlusbxikhyyigrrxkffidqraltdphiscshssbxszerirdhndecjvuhjtlvefhnsbxthtxxatvknnbtnkwwjwbxvrswndguzkhhakqlwcgilmmhtinarfacfwbylsfwvskkloqnnbktpzyfzbcszygwviwgdgoddmtv
pxhrqsstxicpkfujpgpsyblnexsntwfwabeyfmxazquauidkxnhpnuwnkhesbzgblyofbanluglrpcwvtvkgglgpcbxnnozbzyaffzhgfadpmmaknuveruvsezgabhnasbiirfzmybkdipxutegapgmalklkvskvtsqguoijccyubwzqqeskjnntmuludpxsapjyngtf
wfvxrhkmkntdktbsysqozcbjracnsmpsvvdhgdxuqqlcdxdsqdkjpflhpgdoootteyquetfumgulazzbpeebgmimkkifsnnustyixhpbtdgxthvcjtbgmfrcxjvobkjpcetchrswvjqffthlzmdezowrpveguwxxhnhsqonhmymfzbjqfbbelcedijuwajsoftphdjxf
inyykxcmaswvpncywyqcgoupfobwysdssrxubvymczzmjfzxtqbjwwhpizwkvnvxmntcesqbmrdgctzpkyjcqlvvkjfqjyeknjkkcqxvjykgjjwvtlrijtkdoqxbkcbirhpleqtvprnqdnwgsmyyqcstjvgaymyifskuhdenlpqeixvupbxpwybatmjdmwsrzlavvrip
rknztwputurtwkeeisvmkkaehjkkuvvfeoenshkdzewsqhtgjblsdqftlduazzyjrsqxltbanugrsseswqxorxyjhmdkeidpjxeumfyvhmmsoddbiwbjpjjtovyzldluasghmfjszbypsnwczyvheawhopregdqrqaiwkxzqrzffpboizcotyfiiukhniqstpmextrkt
pqophujnwwugzicpshooqekqjpstdzorwrdxinuxduedrkxndxbtozuxiegaumoglwsnronuvmqcjdmuvnmhtlynpptkaoufpfjvkjgbmpdrzrzhdpkessapyplsgbwwwrbepgxpjzujxryirtrsbqlllzatzrueqxipeglgwcastwsarlxuxnbbnvxkssglefsvutol
yllwahrfxuwrccsqxfstmyocukmurfqdctllbwdtcvgyyfbsysfknckcqbexnhemctscwtaivdjdwgbtyssfkhhjfjsikqhpgtpejvswrpsnonsmedicukqpuvsiqbscfpihgvszifghhxdgbyxavkxbjihcwiipnrerjolgmifaqpjxirneboafbdxtqvwhofhonuxz
iqvyffinldboruztkqctpcqnndugvagvjnovhnpyahkaklwqanmkuudflfpshmgzokqavdtmveuvysoodzsfnvkjrjkdoqjrzbopksmxroirxuwrexxvppbomwymyevcmhmdtdlvyszxfevcyljrkugshajykujwaccjgtbvjoeajnetwjjoxljbabxhvswngkfetlce
oqojqqibbvfozsvvolrhianvengwhjdfczmngmdwfpqbibwsxcuhguhjknofjpjbntiennrawxxrpoctyklasehdqpofzuucpywzwdtinigdwsfkccaqoreyelqtikwcdlqfjeommokvbuiugkdyhfiwwneqfhwpfwaetertlyjzcmszutvdtlwtfounotjzpghdqcdn
yvymsjugqkbgehcreljqsrubwrduskfggxdyzkhirfjkiukofslkiyabfqlvisbeacnwzoieyjqiydrndvmrvykbxmkqvwhwuiphmxburqyipqrusqwunikugunbnxgjpukhhmofwxgmtdpgulsgczxoivfbjewxogetmxkakcdwgedehaynvvjxxspeirprbqnqclfq
nsrdhzgtqzifqeynsqgemxqphduwvxtqbqxwaqrkdtoqrgwjtmqfcadupbobnhizaroxejleifbduydbghvlyyrouvlllpzfybhtojvdwiztzfqossxngvaiwqsfweosipapsfzmmcnqddprmezhivhdttiphorgpnwzkwsxxtmiupcejtszcansrhoavgyfoummtaix
vbumkzlthunnxcpveyzhpayugbcglcwzayywqbsndnnrrtibwquallbowuoarnyfqbaruyxexfmuovjbtaddkcahhkbzecrkaphsdzlmbdzjxquovnewpdqyvwdzsyhohsetumfhphyhtstxwvstnainrzhsuryctegdfuvrgixunebrzinowmtseufhabwmyyvzdwab
mjcklcnikyqgigwnetmcxrgzxclygqixxtcoksfwxvejkuomsxeystgdmrnklhfmnbztdmnczbeedxnzcsxvyiohmrgpmugyrjvundyydpubowgguqnmpqrwbrrlpliweajibmmlzqkppnbbxdcneogdrijkylfelqlnymejvinqhtwytwrkewtckdihviegxblepzlk
zxebptaoqqixcffmrifplzhjleksvimeycxwbcneukuhjhfdmfycuqszhcaehynaagjsiamcqqxosdmranjndflynnxkenigqjmfnsaokqtgfkwefgmjkloxzzbgpwehwonlddgxpvjtzxxieinrnnkifcpsreeeahyqafnfcxsdaykyjctyjtmzczlwbnkwqoqfdkgj
dhesfysocuuitawgdicpjmbiaawxqfhmzqlderdrvrqmvuzakmozmbxlvjqhnvsgtixietdsfirxefjbzehhwnddmscxecpolrqakjktxlhclzbnsvreaioljpvzttutwprgojzrpusxydnoscpheetlzljyxaefmodzqdnixtxuffwndbiwwciwzqayfhqeuvyrmtzl
umbyrdqoctnnjxgesgtcuzwkctmsbkkncjsfdldyusuwmvzydexlvsgtszyhtjpdmucrsxaruqbkvkgjaunbhrwrhvtvmvkzappihfobvujvrkjpafnrpyioyzvhwlguptyzgxofzvorjckdolzgdbjobxxxukennrqxdwrylkpjbecpskuclsksxbyahvlyhabqignq
tppawtxbbjueeespssgehiaplthzihgvfdvevluycedyrvkvszprddsqpppwqisrsqowvrqmgtzivskcyoeokqdtmecfcbtpropoqrhjehdrlqjrnqfhffdxsgrypyrfwbhqgzaxibvhtwpvuziwcpbxpagkcawtnyhisvnlgaliotzsnvesajadnstbrzwfiusupxmt
ukztmhklyvwcbybswomkhfpvvvhncaonevktzfuwurhhulouabkprluhwvctmytsempdremdoohvcswzzacbertqoqfcvfoupadxvuqaekhrrnwtwgeaepdbsuqytrkrkuejfauxlzdqxndezvwhssfflgxubrxnojnkbhqdzhaalqgcgphrtmqxsxhbcljxyajezopd
sdwzzpmojoagbupbfrrdiwvwmuvewoemdkifkhktdnyntfuueqerjfxrheyfyhssqdjffithiwhtgszrsvryrhsomqsyqnlfqjwkduuzazfjwdiejwoogfxmhvxnllpuarlkcfnftqjesawakpjbenjzdyccejfvuykwhvtkataffbitgxqyoqimdfdznwvlrnsappzj
eebgdwgarjondokmkksuxsuiwlyrdzdmbmhzgbbweoymcfstkhlwdmenyqfrycddcvwhgxzgfaohzcswkiokysgkyipvluvuyemcpmqjbwybdjuaktugcuugvvapkoekpekzqghxjisqbcqbfnuryppmwezpjbisgfxmhikqmklylgbrhugcgdqfzelqwkdbvfvzqfda
wodcejjhopevuucgtylgdcruqvwvvzennfpvvzwkxclporgnugurqiecfefjdhdjbrufjhsfnmfireoxkgtzciwxgfnlnwpgzqhukkyctezfqcsqybuqjrmfpnsuonmpwvudrobebhmqbgsxlonohtwisjfygszdkobtqtnepvohvvjnineskhqhaqaeimcxhntluabd
ravvnihwppqtldwteclglojqborkdgnavmcaprpdpgsupgfcfunncejvkczhbwfzjnwbceisbnxhgerkqaabiiroizcfgsjjymriessrvorrwbhsrwbtrfqqjnzbjjekbxqhvzubrhmieorzpkctgfsdopqnxgoafswoaqaufzhjgroixqmqpfgvnrlejfmwlzfnkhwm
mgeelmrikxrnatexvgkqywwqhegrhikgtrfyfvhtlffnfqkumvqphodosjqftbrcenxtlhgupszkebefdxgjdpsspxamttsksqsrxgugcqsptppgwzobunqqbzkqwkzombwvfiwrcqenmoemlzaonlwagnawtgmodkuplwwerjgjbznnawdmyrozhxzmprbgtuxupejm
fkntfdcnwcpatmtqzsxmcdgokyotiojfaucqbeopqfhwokibjfhtduvxkuewqcejgjbabyuuyombwaemiowipyjpxksemeqcovgrloiyyiaifelefocrfpwaybedlelbikzfygpdwewxylksiwnjsepwhnboqynzdoejboituzcrqmirijrmpkhkdbdzorinoqxohlsr
cjukwsclkvdyjyhidpezqtlevyqmiaclfktylradoxspbgizbvfhebrqdlzqxycgspsbzceszyiaqglwvfyuikwawgaewlhoodwakxqlwxtujuckrdtczmhhjupseywgxnjlqlmyqevlrqztqnbrzztpogvagkrynayfaswehrrmjuacabaakuvkiyzdushijocnnmob
vcoxdlmhwojfnutehmxkwwvwtggpwbshvdqappcvhrynqdlgsovpnfownnmlicsiokiblwxgprmtqvhjdmxszdtwtfihkekcvbmgrcedzkxjzyhqsovzxakifewhxloofzenaioawafogamsnzbmoeiaglrytewcsqwwfjqgklbnbdawftllczkumaivcltkfbdgymxw
neuizdzptlfykmsjshoxeliiyvywdbcnwixibabhqmryjsqubtonyujuonymaljnsffbvjysyvjupsdjgzqsbrnnyzzasfrugsalsbfpmxmttivjnbommwzhyyksoluundjwuzpvrsjfhkhvupjoyomfwesejjnclsakcwxnacybpyvpjqbiykohkmspdjwcsywvsxuu
dxmyplnpchlwpsnxbrgvaejpjdvddxdvuhtipbovqqsxhqzaljqytmelqxqjqrijgdmeevkajcynragpomujvtxnvpcsimdwnhicwezitiffajopkggnkaouonlgekxvkoslxpizhogomdzvsupccqseppfvvqxjdogqobrmyxjbagrmytuhbklvfrzmonkiqszpamty
kaggveqjjhrguxkcupiiiiuedrqzbigejlsotdtagqvheprcfqmysajhlhwpabzilynukqvrlnquaulrxcdrepxbympdfannzqcudcfmlrncdbhrgickfxhcibvylnjzxpmanhqmajisqtujajxgtztlxusemljfuwcodcciqbwsrfonnomozkswnpoanhiibodfobla
kfemctlmjloijaunkmelpohfvngirmjqbszrkhutqrpnxfshkjpkzvzkvvaimjdxsfuhwffysgsgesvoeairnynrvagovinxxslzfrklqsukqwechmerwgkwaiwhehywqqnmgmfrpnlymgimujrvncidkgxfeikdlfdurhutvoztdlijljhsohevmoayudacokpvzrjq
jfyhkxvxprnsqfieoyhxhmdqgujacevniryqzvhbndarunuwmeymixxjrfhnjmgxjrbmkntjhenbidoymwnzfngyoocvedtbrajqhmofoijrvdxupsriqtfltczwwzhrukygilmwbucjrrloukaaybhbaihxryjdufcmunjsiwxbbzamgikngvkpwxuymhfwvngsepdn
dbjxnhgbjtufnbhrrirhhrjgdvgnvutvlqrhttaxvipdvucvjvndmgcvwdwwemnufofmcfhggcmeznazpvgaodxdvjpktlnnxpbfqniukiorwdfdzhslqdrmxhiyemltinoqanoklpgmurejogdmrjtkdlrjgeklollqubgjrzfbpqhsplusltjniztcgvagbqpzadks
tslitluhixwmvpiwceebtjudztlttuuagcknkkmgyuzohemqudnsogmgyqthsrgyvqturycmljdtuqexzhavdzxwmuudtoiwnwfiunohpyriayempynmljxcepbpfhilbhrktgavxceymmlpxhnplqlqircgkvzagxwilygblhocpdwcoekclqossvokwodaugzqoqzp
fcapdkvyqxqqoavoqtsryayweqemruwxoyliwhfzjwlujpdsznblrehnaltaoftpypvvhpegyarciwuccfsxwdgoounscuhhbkflvubojbqnefjtrpnzupdurxjjtqvzvymrkbtpbymiqrsuvhnaunslmjusqeamaooswwbaokncwbemkzesfswtlawhuvokmemgmxrw
dcbggjafbydbaavuowunhkhzuszdoitndcywmidijnxmacdmbcbqpprcxfupxtmxoxwiecitbowxbztmcmwgfubfsqwkivyrmpxsxbfsnhbwmwlyhmtyqkrjbmckuwnzrlkvsgliiaqsymimnquslvcmplovserkonxjkmfwmgbsqlroyjixcbtywhwqbywmquydtwlg
cjjtmozlqlnqdmnhdyzzbgdtjbendbsdfuplfzovlzvdbiltrcysdrwpfdetkydgsccwioyviebtspbeskqsxsbxijmdketgzjnnnfqoevcjupsrcuompijoroocgrjryvbdvanutkzhontifbnxzoaejhresyzgwuvjdoevzjhbqgxdxjddusmalbwmeozvqpsotfvm
vdhithfnwyxoyawakhkgtvpwbcdyzqopsbrhwovlpogepujcjyphktjtvzxtdsxvbqsjekafufdsofvlfhsyyrvlpkswjxopmfnosrflzqrwlakidykghufaehvdhjhvrvavftorvqtbfxanvyzuvxdoxljlrzsgxjnlvzziqcvavaaopjlzrlezoudnjponploghewt
kpcmzsykvxuqanvcpzlnjozmsqshapetybdqhltyzjevsfukqtvxmmqjjttqmlqtfnczulyxdggyltcvhzipxynmodzasbnvlyvrjpbefpaguuhetxefkctttemmprvboubefggmtbpyrorkrdjudxhbdanwkflcevhirswyheaosmevqcymmdfibvqosujtfpmouccn
ttqdpqayoqsktxrmywgxmrcgrywcunugncekcaupeimclcuyxlbfsyzhqruhqpbpiponxfnswuudcmcdwtoyszlztzzawdklzbqvcehfrkhsrngsgniquilpvhzsmwrhrrkxmofqghcsbbkuntecevyvdgtyvvtqkfumzogndaxfjnfjscneitnczcyidharfwgebcgo
xqsytdvemqwvhbvykelkvjodpdgcuvnpudlpnynbbkqynoyhidegznkqeuzudpltkouichrwzltvlsvkcnjmnahpgxhvwihjbngxrdehsoympvdzeaipcbpqnlpdcxwjmebcaytkdgdjrswwpdsiydtsbejkphogugmqqyibjqytsipqcustjapjgbuhmgdbmlpzruzy
bjqqahtuovtqrvttirarvhiahsmwmjpmbduebnxdismhnvanrdgoctyaqifzuooaefqbiywftndrfljxmcxmvumbadyyjpllitkpppakfwfyadsprqqhraqxxgsybucvkyvwynfnzxvqkjtqgbaitgmjsxwewcadoxnezwabxxvjspowefjqphpyadtigvebtosyqtiu
osfzdrtejglqdbjfmjabtgwdixnyeuwsxnlkncxpbbakbtxtedrlvftxhddjiumxqmmzmmtjszhdqnqgipzekmjhwanjtoccezejiedchntewuttujmzpcuupdinhpdtfjlbkmldbxvhxmhiqnkoahbuuooflwzmpbwjbwxzzuenzifmzvyyqkwkajrolqthtwfoglsa
jmwiltcuqgdlldenphzrrxsyzmsuixsyvmxmcwuehifnmygzdxhdmsgkfhhpyposjwgmovuwhzxltominafiehwxltiehjsvphqfcpojhkbcddmlvqeoeqqoszdmarcvqzsbtdbcowhcgsyvktcotepwieclyodagcppxmjppoudqcsyzmmlmmhhrimpqnyqydhzjuuj
bpvhjjlrzleozmratvfgdpjmrkbujhtvvtgfmgjjpofecuizylrxsghszrwmnfuylqinkbslopspbpstfkpuibqdqhmityjexvxsjbwjwdukftlbpagspcbtzhqlvxwaxbnhjhwjbziautgvojlvnnxxfzwtlzswxantpvamdkzcmupqklrtqhhlqignkajpmggljjuu
qarhzkawankyoxhadiqxrnzcwmcazhlodbvoytsdvncgmhbhuvhvgaghlhjxtdcqqsotfjdtnksypqfqfalprxyxtoxuzjlysmkjjixthjczenfhfaeheknornbmvgnzdmdksswaonaikpsnmetdialelqhjjpvsfdevhxbwmyggoxmhztdfndftoftkathjsamubqqh
xjwnseklybkrwbmnugbolbyzhwmexojnnfgyhwovkgokymijbdtmouebylwltzvgysprrymwrwdxcclpsqiryuwpbofekgfyiawsjrscwdvnvfatjndubgondharjuciwclnztjgkjjtahdamybluxodgicrkykwsyehufebxtgbevyjadhlcuikwztweypdqdrxiydd
mdjeexrmmgektsxakkvvkcqsusigshtccjehirxxpkzhkdrxvhvpuoahtvxzffrxqjcmtrqouvinuqpeouabgccgsdqjyrfttslmhqddujfpcnvonmqrtzeavfcfcyjokybokiovfqzxkcxoevjdsrukfcwidbfwdjkhizaedzigkiysouemugwwwyynmrgbnhptmpbb
higjbqjaebegtsxvxldoreidffhosawfwuvrxqfznzaoezwlulgmaqlqrbmeawumimidcfusjbmtorgtyaijrmbhjtlussobehbotjfwcysbbndeshpxpnmsclkwkmdrkmnxdqlssnqpsbwkjyluljtmnzsdgaipqceinhipctmjqpwldadjzxmhrulcnowbovpbbpyw
iykjrpllrusnvlpvkrnhiaynxuqckjmppuncepiqnsakgpilkpehxxmaohroeedqkfzteihdrpqwdaisknplzsgztrnownqwmycmeztndlavsskhxlksxxigfebesvnllfjvsfukfbmbzokvfmtfjirwnzrlfllibdivhdcnlqkvebxfsloenslkogccmurtddnokols
gmrbwlpvgwogdzfqptilzzprxdzcjeimnjqsvovtkgrotrccywysmzmwssflvwqvjmsoufuqnqblpaqvhlvqqsgmqdoivumhmvhqundvfpuveatjqokhdrqgmcyjsnjqximwzxmayzgzwwcneekfqldcjavkgtjqtwzxkugntnvofmszjbraxoabkswstqvitaezpzws
luapcazfaebcnuzslsmlexrjzyjmskytewzxekxdmjjxkjqsyvmaznfofbmwjzxurrrdmvgpwcxbrzhepaaoifgnulgtqeasilbjvlrgsolexlzfkujjhiapqmxoajxvmzsejpplxaxewvhgwrdrinrprooimcmmtbtdbihtwbjixyvjnsofhptxiycnntugqnwflnvt
oujxoxjlhrwgioftqqwztqemwdnubgqxltowtbixszydcrhyhwwnmjkjnrbqokinojfwijsuxhhqouetxfqgzjrvgbyiyurrbixolltowobshvmgcvogfimyozehzpoldiaefwrwyslgyrpszzdyerxrapisgrumqnilpbkdzzhbjrjktokipsznwhlsdyqswutdnobm
xsdeahnsxamuubkvlcqphiwkexplxojewmuaisirsfbhzlfxwjevwqqtjdefumbatwdbrznyvtgkasetfkgxgavfhodqigzzmqjgywczbefmtgtgqdixowlkgixvkqmydewjstzbiwjfnelojjiubqmzxxtnihruoccempkztjcjfcxwndbsaodsrmkpoesuywwpgvsb
avqfzecgdjatfaqfmcmzuwbchdyjmonvvybjrjuocejtwdihnlhepevobzncrffznyqtaugeldlnawlkossplknhiusmqjasjuzakrlcfixluvyqufhsnoraowalcbapyhoozndnvfodexjoynegzrabbrueroqnulxqbhwegfnttwkwmjdlauzgmfjombzsyqzeqqif
gfjvgghglyfatseeazydtfyihsqtrmzgzjiylledlivihvhtvqltjffelzwqoezbicjzfqtlhpvevlqixpfdxgpvlxyvbexvygeizmnoiabmibwuitfifugkgbwybtifbskalohuvaktzbxoxpmvjgplrhagejsdzbpklqsmwinklkwvexcqikojqbyprlmxvrrsixzr
hbahnndsixyhklmlqspmzqazmnbsnyidscovrssloxxhdozdhankkfkaudofrfphhojgocqqyyjkgneggxcgycwucsjvyygsggtzaibqpwulhaggbdgfardxiiwabzfnfxxtfjulimeapepnbizygucdmmfrjjgqxlfsnhvxumyrxmskgglquzmhfqjbzjpezdofbzgp
fkcadntdsgwfpmqtlygllwljxwkphbfkefjfbgbkblsoiukwgduvjhdlefxiosoqqpyxqlqoikyvgcjugyfozlmvzntmqsgzmffkpghvipnbgckjrwsxlbozfpmizdszenjxyscrpbhkmieiggptggxeoosnbaxapqpxokerznmusioboakbqnpmpblgkjrlxuxfrlwc
jynoisaohfwhygtnuqfneqncrumzrmciygjxflhaucblafraykmwgevqaeigmtwkryvxebdpnemivdfbrcpupkgodzhkbtobbbverucoxpnkajbumcoqpvecfjsxmqpijzudxzposrmbnglfeeeipfhiwoqisvfjdwworwamxxajbhmtxslygolobytikasymjubanxa
yeztwflzxzdzevyzpsiyychcaohwinfqnjjemqwswphotkbiilfktprznzyxjwfwnhgmptecglwzllskidpkkmvlmlafxadgmxuggunhrvofkwjwmyqotoshnorqlwsyjstqjqrtlwzeowdezbatirvsnbygexakvmmjlwrlpiooiqrgywuhhvcdffdfvmektdgbwjnp
rxpwxpolevhlytxvnraayvfkqcxaoestmuotivprzvwrpupwmajtiiqmspegixhbiibzgmhjvcafeqowrpyyclwgwahiubqjzeznupctvxhttfguaeelbcqzfgobtcayxhppomyglllwyhsymrabupjnavpsubtluxgadftbcbpmvvmskspevvrgcejutnsgqgdwnctl
qokzuurndesonlundkcjdgrjihkhnszorriqwfdknagbsayfmzjlncdvgshblkvfjqfhbiyrmagmpdqhhunfaaggydqiupzecqxhzcxejywawflhxcbmahqcovhnxypofgxrkdaumqnvaeuchvknouuqlhrksppspcmatsfeltxzdoqiihzhjafrrxbtofifqchfwbbn
ffiuwrfwpcxbaptyfxahtccrdtlyhxboquxiynnvqmwibevrkaopicyyhjyocwvvgbdlhbubhaybxvpgtsljobxcqgsfxstdlqtcrhaldsgwqyjjhursulqspozlvfnyxrxwehgfatvsqfqsrowuwkutillnjtypaemasidhtsyejfnprbecuidgenzubtdmgxkcvvzh
dyrsucleahabnriemydaxpaknqetnswtoexpsdpsuodktxbmewqkrsotsbhykaivvvacklofxylogpzctkhfprbrnnkuhsllquwdgxkncnlpbzuopcbdglevlsyaqhdihczfijiimcgazhgalrxaarnemfpoocmagkufayovkqdhfwfquszgqwirvzoaijzlbgudwkfw
ytxxnrcfqvrhtttuafoqcmiphtzkgozfdjdmykvzbbdahggfnhxuqrymeeuobemarllojrzsihcldpwrtvevimndvowoiyqpdbrvjxgbyhqlrokyclnvimhqxpowjcalvompejqizrlmolpquyhyhermlrwuwlrlgygvfrygbjiltouqlstaswnqfogcvzvwiujjjkyk
aikpyhfndybaufmeyqwxfdtjqlqggtjzmcrakecfcevjgsjxqvhfaxrkrifgfrbownntacubewviuvxjhefjztfnrrtnrwvpyhrtemrekjdhtkzdlywizadxafngflxcndkdiampemaoodfofbtqhhnjhtqgarlwuiotchyqsecakwlogppznrzsxzotprepbjhsnijx
hmlyebvrsnnqjhixackshnyvypncnvucyszzqgtppbldleqfwsdoflsgpqjldjyrtfzsedlsaamilnxcjpbulynemjqqulygcaxqfutdkjzwtbpnkccuoduvxrdqefigbbmhgwhhoblljjsdiwtjbxrwxxtgdqqxwjmhvwyrzhhgbzvvgvhxpqqrccnshnntdjgzzqvo
unexyumiebxskvvehecaqqlqnblxuyijxhstplukeffpsawqqpiyjyypxuebvlevwelcbjxpgsbowldaubprvaqgfjixtjekvetdzfyuliivuwjrkkhnavxuljconwgexwjvuoleamcdqhtqczjxsxkrxzquhrfuhrfqwvwyfawnycdddkcsknosgwkwjevtdibmmqdz
rfnsitggqtxjttjdmepcvrqbfrvrpcjrgwwcnuxqtxjlsxeggyywneexmmgkjnalwcojwkegouaptszrgfkhbpsicndoghslmojfazqqalvntuptnhuagbrzdtbebbfbrppfpodhprvtpjoyaqgarseufsuqvlgidnrgmaeiayxalhknrbgtdbpyadguyuclkajxvcth
medezqodsjiafistxrttojcczdxwhafmeuokzvhaybeyruczrzbzzncbjtjrmuoetdcsgeqsxyihzrbjhmaurigtxntikuazhrmjjkqyehggcdxbgwrrnfqpnlcsprzhpswshxzyblocbzgaldyguktnmdvdsvbsjiureagfpiivjuadwparhhkqmzrkauelazxkadyr
jerhracryidenmoxkukfrqilyjhjdluojbtjukjkndlyfpdaxossuuycuqimyovwtvoolcopldympishyzhxwgtrqpusnahypnphvmhxrsjwyisaiadkhtrrlejnxquxtrbgkmiolhgtjpnuiefyvewyeinieuigilyltzqyfmsrvnfsxbpsfcpxeafkbqobmiptfxdp
dkqdsixpbekzipaaodpdconxwbatvjtabmqsaajqpnialzgawgdkiiwzzwiajczctjgtgpzdyikwlftitsyqgtalnxrpuqaodrpfvgrdednkeqpwnidghgtiiinymvvrnimgwdguxhcypvhpjrhhdojsatlnzajnradntpahfvecbjqzamsfmwnfvvapajsrkivcwylm
mxjjiwohvlkfdqocothopgbwimwemoojfbxstcttjsavpqkvtnormeeagxaifgvslzjmppwquatgkahxzvrebiirhgxdqpdilpuobswoldlwumcjrhkwyxeqnqhqqdtamhyffxehncqntshrfpbzbryjqywbrkpmucagotruuzflrlonkrrmkberufxdoczxjdaraocz
nwyavbobuzetlfmiotnkbmruswnaqsdmlgnbxtbitvdoragmcgqkjjgldygcavqhggkndpmydnggitdihxsrecvohxfgfufjldmayeqrnoavghvjkkuwglyokrzhxgyaabbiscaeqswepsmpqxpbfsqwmhyltgptetiahxbpuqldhupzmrepqzdxyjstxhzdndzmftxk
nbzjysoxjngwlujzthecdtxazmxjvbbakpqalizhvoymikytrttizvjdzrvtigwxcekcdtjnmnhwjoqudgpymejluldecnxptgvamiblzcofvntslnjxjawxjqmjxxuvrnumjmbtgsstgzcqpxcjcbcledcltiytwcesogtnsziuyabfsqnehunenguluipbzfaougrx
swlpkzhtyaarwfxdddksmslbalkroglfzwtbdlsbvdxizykfkijgstxttqvkqoorcickfhsvsopwfljvayiqpyntphdmwqxbxbgnydtkcvstzyxzpikfhgffyqoagomvivajawrpoulmsidhzglkzyvimcyamhhdjmbamkylfjlfwyvzmsbwpvrpkgzcfgdrwknytkgl
xmehdtjlhlrjiysfwxitojfpgmiwcpdpgeoyylxbpsgvtjfwtythjfblpvlknhqlrmgsempbndxxmzrojjrfouzkzktdlkpqilfezsxbwedtsctywhipdeogevgrogqhgtfitmuxhmzuwpwzljsfxrjzkadjvdogsikpwqxvwylkvxtwlbzqdkqnnyccrkwttdzdxkry
idulrdlxzfikhofhlrpynrlubusztdqlcrvrhssejvtqssphhiillvktzqjutfmnqqjhzzushgahwmalbqnkxctygbbnjktxfprrmhcygjpioukhxgexruuwidtcgjnhjmnmapsnugwionbmczycnhckxqgnufpgiobumcqcbugvhgwxgessrvmtjxhfdbrtmfmwrgvc
nghpzmgwxhtlcpinihdwurxrqqbulldhyldrhybjqxrpgmgqwhyoijigcevbapblyfbansifnakxnwaferdoqykderxiwvpwbikalkakjsuaxjnhzvbqjbhqtrymwhxwsuyumooqvwdnigzxupaizbbqckztxohhjalhqefbuzrajqjeitimsesqmtthedfofprpdsby
weaigqprekosldkjyseohnmxbbmqgupsgvwvauabbpctlmrwzvuisasgbvespsirrfragtezedfimydknbrufjndelaxpnjfgjvfiqueqtsqitkcrnjzwqridztmkhdrszhgngspxnabbskmvahkxhlmbxaahkksxqcuyfyqolfbffuamgspadnplkdwsijgwhcploms
gnmltxeowczrhwdhsabkiyghyoqpthztfyzwvmfkkbzwrkejgwjgylkvkhokmozlukzsaxgufocojktncpqifetfuqhwsoicfbdgbpkeqrfftpawhvajlrmcaipkwjaokmundzcrsltqjajmgobxxsotjdjzlunvntgptxdpwctymcewdeafepyavzbkyicxmsgcjbwc
lmetxvvvikdnanekixkkygjkudzseylkfrtzgrcooqbackuaeifztajniqtkzkgtbbrilducjeqdvseuaavmkmcozpvlxmstteymbgehychfazrycmywblpjpdncfjkanrlwkldlntuvmvyvjymvrzmmfmlaksstvjfqanedknpcwlzseaawwccmqkeaiwqglajhmmly
wrkvjtjbgmuuoeseskzofefnhjiwqwqiiywcglramjqjldngfpdotgxgfjhrqtlapppntykxykmbqxyrsiyshsvkrqgbouhnbdandycnzpzirohfqwcxqyqahbyidcryekaublpleljvfpdwgakpcxkkgdgjmafwraiprnxcbrjgyxhfwemrcmujqpllbotrauejpmic
djvydfhkebxosegsfzujqeiiqquwuhyehylglrmbefodfgddbjuzeydzmufpaarjawklvcebdixiekisaykccycyvvnqujuyfzwivmrastacqxdbrspozrkzvutgidpebblpfmycbqtzrteiiithlkbvlyqfmymsokkcvvkslbgtolwjsxzqdherysxkpllwnyjeoqxy
pmpyfysbahjwtihsfpmynxesjjyyiolospyjjwzrfeqesejkmpaehymicaodhiodyxpxpccasdvpmudelqnuqqxcndifyrjfcvmusbjikmtpjyzhdxxrinufcwbqwlzroxjemvagdlqjaulvxiepphgruxpheaxgarhqbyqfoskqvsvnrnifszkgocilkuejpmdtjmqf
bszpkxawaaukhsisazqonauhjtjquksbaxsszdeaonhultawuwkhofjaoyxrtdfhelusvctenxcnqmkmvodmyynmaegvmwvbepkxoctuvhrmfblefxaazfckocpyqdtbvwimgqyzvvaxgjdzzbmyxllprnhkmklptzrvabnvqwbkthshxspanhvkekuypahbiermjgro
wlcjjkcwqbybiykbxanwogrwirtwcffjfvrigwfoxnuzubreclbdrgbebzutsdmdawhuuupnmxobbfbvhesihddanbtdnzhtnkluvedfeogetqiegiyzxcqtemdifurrtpgcicqadzxkswvqkkjmlyjgunyppuhjkcmmobnprwaygenqxtgvdfialuorbmvykublyobr
fgwlbwtfduwfbmivtytxgqsnpdzrrzncxvzfmujziehcxjelopwbdzokkziiseprlagbhqvxhzxfhqkoweknapbujjyymefthfwezuecvughgkygacvjlcnshgdagiahdlrqntjbtfwiyoclpccyrmmodxcywqzswmvpjtnsccuyktocywitnabmdkieqanjndvioxmx
hpakfddvnquaknzizzgqjjmupkaxdjxttfudjelvbpvboddmlnkgvuvqqrzcccidzheqtfrdxhzhtmmclpdkrtyspektalsyjwkqbfkgabbhcwtuznykkbjhllnmqugplxlqedqlhzjjwajbfisaklwurpeavhyaghuouhmidtvxcbxdglbogfnqhaobnmrxmwbphjft
srovpsdzokumownzdoczeorklqashcvwtoupidrekihhhwiqdwbknrdiqiiwcoxequtqhlrdpvhqdfktwtdqiegcyuyqgbfeqaoradredtndxisqgbwlyhopbpatdsgismowbmxoqvperunzkhisalniqbejajpzfxvjimmxvebdywdrngohzlgwzkyngkdrqrukhvcl
lfygxaxpnuvdvkeapayfymbjsqydspuavtsutlesuzyybnyzwkcaqdkqgwfyshjpegctvlrpsvljsazemhtxtvgghxsybdzeecdtbkyvvbgwmaabqzumctzcfesrfwsxrscylokqtxbpfgmpeuiqtcrjsphkuoatcfkvlyniredqxzghbsacwggtjiletxxvipxqumep
vtyoihzkbwbqcyhpqfsiwdmteihfccgjhehcalnpzypevxmuvjbyqhdqrxxlcgalchatccaiqwprdlpyrtyfyswtoxwidkwzxopsrbifibvbhdtdrbppticlhzmrwcnylxeupabvvimqoasqefaavpmngqoeuzwgxegyblyppcsojxofngcvifrrpvvpxdvaghhnraju
kfbgtllsryaxoqhbapapxtrnbwjktisfowxennbfwjopsnkfkrvcqadekmtaumundlclwxsemrhggeznouiajznvjhifkadltehffsxpmblgiffwessnepeitzvjqfajqkrnomnsmgynvimtvhdqyihpqlbwjdujgszzwaurqnbzbnvzbrmgwidlpiszfbagvmbndhrj
yrhlucbgbrtmtlfxmlnezyrqynolmtzzeiatevvupfobttdjdrcwanapgbknfzaveoqymiqkmetvbcergbpfdnmvaqovgkojstgpepdmmmtndjtrvzwwbchdkmqmqfyejnkjmeiucolvelkwfqsdpcpzvwgglvzdapuquccdngjchalfqolffiodydkbwszmynhcxcnb
jaoluplvrcerbxwctioyetmhdbyotggwksosknyhgtkcbrbrbfemtsltmckbmjmxlaidjzkqylfoofujlqammrjaugqgqpiphjkffzobpzweolppqsbvmqjietmvgrbdoidqwvyiduecbrlypkzzcbexdekghzigoqwaojnkztudpfphhphskjvvskljpprbsmzvdzqg
avurqkuatldjwsfrerrwpzggaqneprwylssanlhpmprzatgbfdzbjerdgphucpxueuskkdpnodxydpswcdtursrergiruyyepamuxoijiwxmbpbkhfxwlbrotxrzrvoaxhhqqhjihualswuzeohymtrmrnzitrmaupjzwpogqgzqiglorxdhqavuvwbtjmpnnifzpzny
oikibiwxvugkvkkzsbkvegakolbyucraimmhlmwvhgazxewwpytythjbuetckqpdpplsyqphxgosvfsdcdrxxkskzodtxebkzysvtdjrwhgufwdigucnakjkztcimakuetoykohdvtfzwgbgvtlaewlrespaqigzeyqrmbyrbpajfvjatjdfyegnsljqshhrzodkonuj
lnqzbgqyypycfxxffxcibtkmgysrqnyurnweucqnjgwvqtcpvvzxnjxuulakapdwplhqtqcwecmeottpzubgrozxsfilojfpqojdgrhrnqarpmrxgvedwmzujyxwklzfxrsgwptohxshheeopyguoegsuqrtzfrctnnwtrbwwrjclegpjogjpcqaqzozybhrwivmvwzh
gmzsaobzvnxwphxwaoqpdmehzebjldbhimjzaqtpqwaescymthlutzmdmimgdhgatdkvthzxphxmzidhusekjdoxemjxtewamqowqtaflgyriwxghnnaelihtwfzvtwpucfamsoijcanvcfekyoyrshxgeqerrwylusyhmapwhixsjnsqaqircijlgvrqojgvbtfssxw
hjrlmdgnpgwrhrrlisfszukomcvdxvenumeqpzjdqnkwlapfiyvfmmatciqmoogxyvbkwxszdmzzpvjkjtzhuzwhjcujfbrqaxsdkpadudadghvrpytdtxruyfeehdsbfhbstvrqzvvnrnccshbvckbkfunbfqiykhwvuifcxtixvhxfcvpyxnnvlkljfjhdoiyjoshj
iixrkqlzhgfnlgmxgkabweksqdwzwhwptkgoohwrtxsbtenvzxgqefglwgiyiqaywfkuptiznlpyrpcktpdclyzrcrsytvdxvbdzoxvmonrsvidbtateboszhunxmdpvbfwtyxvsmolyssmbbngqufuocizahaawvzgtofizpymzyijkshugfbweuvnnpugdrcnhatsj
lqigdbbvswpqxnlswllzfccovtdzzfxidfheskgppuxpmsmcisuxrlczhagtxyptwyyanpkuiewrevlekpraqwbouihyqcymruhkyqqmhsgjoanuxpowilvecvcofzqpcwaiznoshxbrtonkengvrmqyrwuppcunwadkctnuptfotsoobhscdlysmxqmkucyoztwhhpv
jtfjzseychsdatfnvjsyuxwawksuhcaegakdbwysiedgwaywjakqnbhcfbzxdnmyepcpdcxzihedwvcrlczbpxjifrqhpgkbtqsirkhmyaxhpukjcatmgxzgureanvrluynpdekduucqvjbvsfnzebyzgdwztfxguertumqxfzxdgrvctkxcdmjfdzwgdijrxkdcwmwc
bxsrmlvhfebpvunarlrjjrkmnsgvwfbwyvwshmfurlpscufpgbhjavhhztpzxndkcdzpzmtdwnbffcwafurzytmkyosomtulyvaydgopbcaxzlzlfaogrlzuogqpmyqdlcztnnxprtsvcdtivhlcmfimspvlshbhvanyieoeipycwfvdkgbdkrhylyefqycrjzmzlrwf
kxwuowmaqmbxqngmwhkjafclbrwnalhmkmjyexnsjjqvwvbmlhzmwtcmrpbengjiodxduzioviyhdgrkkkhjnfespndxivntqieqjfsvmyplnuaevhwljqgnshydpfmbpfozopxqudvfgjtwczlssbzvhmegowqphpoflvxcdiqnrnyoamvpmpyxgnudjxfadrzbdzmq
sjqtudxavjbqnizfpdqxwmtcshslnigggohcqfnnkrmepvjyaatmnoujgukgrezdbkwvtgeohtmgcbiublozowpbqrdbwjsqiwdqidgbxwwmnyhydrbashhfeutovkcibbsfiqcmbkavrfvqksrmdyfolmdwvwcbpzjffkxnznuewzlbnrjjxkimjlpwedbcflcpbpnx
xygjclwdntijqkjtqgnsityjnhdjanluuqylzsklykxbrofdpqjyfafychccoryresgaztgkytsqykfleintsbzmuliavpuvedbnczblcdpgsrvqvuanfefociunobvhdbdbbhtsguvyqxyepakwovlhyuaqeqctmscxyevgqpdhkiilkwieyvdzftboccghcvsxkeya
savdhkbsrrjgkpzxerbpkxavairtdektkyxnsonaolqmevzqakejcrmhmbpkdiokxenpwwfhkgvulhjffzcqdihcukzrnjcqahdxogtcebgeygdeixwcjggsvklgljnljahifbdameaigppefbaijmwhpmzfdtizuntjsfiaunapubkoehsuyiccfcnkibyhcsdrnjxn
ckrxvkqspcvufosrdljuomlmlktjpmntsgvgskybdhikslcszoxycxtpgfyjcrngvfwvabybnnjvjzqilqvqduzoleyjwftymdoprossmkulbtssmamcqdofvkmmkgrrlxnfdpnbflznoqhuhnscpdbjmvansyznjnnrghssdcihewmzvqlkeczfmzxklcapuexjfgih
ezewepvokywwnxzigaicnsktqtecyfwksecyevaaelkvrqmfavjnrgxkkjrrpylapsukwipmctgyvvzskumtlhudglidhpwjwmucmrgdwdhuqfsmaukjxdxhhnrehiuezfcifbjqsgxsnyrnceqokljdwazqllswbilsqhllyczqmansencqyagfjmmjajrftrljgkir
xwisrwxhtclmydovexykdsdmdcsgepxtytfesrtsmuwhifhozttwkcsbcxppneoyqrwakslygstbqaapzggctznurguiyoxqrkbolyxifdhdwvbnzphqocorpzzeiqldguifqiwmohtouuuzrcmvfwsfianeygienaghkpdgmiljtvwudpykanyouursviepzrmeufbz
vqvpjduvzdkbsxpkfjvbmimobdintwfauooqjkatihxuwhhjheqnrktxgptxgcbmlscrcfqvmuuzrjlranifyxqbljwnqlfdvftwtcaiharxgayftsvplllnftzrmpytvfrlumnqhsmhqgbrrvgvevcgvgwtqnmydafojieammjbwnqucegerwclknrkmoholbqazyhy
fovkwmlivuzpuzejptgthefpwhruzqqilnjkbpfqgemqxcrlsxfntkbybryxvzybohfmpdbuanvobkejrjdbigfjdvpocspnaegnjkdrrhfwzudwdmtcooaiiydtrtfebbffyspagaqdwutovomezgvysiyzmlemcwawbgkqskydbosclgqaiyjljwoqyacrvcmbfizt
avppkqtqxjdqocenyjmbkflsdctsscrpkihxwzljsckyclyxwwmtvjfrngrvqaepiuqbxivxrolpbtvsagayhqvisjmsatmwsrqujpusxwcluhmygrxlqyprywixbkkclkzmjsixlaqhacpmrrbnpryzwdigdhqaboylwtgasrptgwpiiagntuufwtihdtghlqzzetxt
ydsmjarobplbiyrcftcoxqbocnenhgegjbsnvxtguumjhfcgzlenodlqwdaknwwsjyqinhcoueplirmtgbkbgumkwkylqqweutxeyusttuxudemtzbabgsnuuxfgaoxvgafznkocqmsuqofrkgzuadftolprbypqdhpvvhvtdodhismbcejryifihgtmsyycrzlfnsyp
wgmduxhayxxwkrakudkzcqjbrpgqkhdedmfbtnaxjzxpdgzuqeoyupywxtivbzughfsfxtiprlqudpsemucxrtxwkfctfwqmygtrnvhfryufxncqbdrwpoontbialutduzkqcytaiqwjfdfxdtqhdgfqpcxhyariycmilrsnrlktmwvrrajilbdtbsrtedfwokdwedgc
mmtzibttfwispelttbsmcdraxeqcdppclgfiyuxmmuctyykhwphjimawxdzjzpjwdqelwettiwtslswapwbbvuhxffaeqfwqbwmfmuucfebkfcbrcskxsnnwzlcbqcplphqbuuzrjvuuiumfdwaztgpevedcxfidzhzxvjxtabzsyrisxvcpxvifsatbftffgmkerwty
xjhfyyyrgwpoxttmwwsohywonrbqubetctyllykkbqatxtgscuxmizdjqfpyxrozzsxxdzdvpocbxishtsselqouulyzmlhlkxgwybbfzlhxmtfualcudjuwtanniwrsuvbhsbqadgnlgywifourrvcelnlgmawbhqydnbqguiahdovsgpuccgjicdppeesazzbkhkjo
kyujjxihxhksrtebsckdyrvbdqmgwiwprqpwybrceqbobljsvkzrzycckildgjcvkuindegtbnbsghmkcukxsdqivadsdbysukmzhaajbpfhhcmpsowguobeorfhzkainfgikrktjfkzktjplkdlpwqcgmibmtfnvlciqmujobufoqlkwgxutzmogjqawokuhoxernoe
vsplndjvztnpmdwrgmnwixrdhronzbuwlqtqnaafmmtqfgujwlrsismmysnovxxugaeomzjxoaxlfucktjutzthuawhalcfriocwwtrpiecpnzdkmvvfhgovaedyzepdclhoetnakzskjorrmwwnuapxjypxzwxtlhexorioiuviqvlsagydqeastziqkwuiilftqblv
kpyvlezxklciucslfpsxgartnavbnfeemqfwzvlncsskqzlqxysdghpszthmyasyomsdmfghmvtphccohlercfbxmjjlidmqmsnjbzhuqkrhvfwrrxmtxugpaktwytcltettojghlgcprevacayerudhbktuengcecyrttwymeckvqzwuwwauwkmbskyvzccyqoogyjr
zlkyipozrohpxkcxjrdydqaqfizoooactwfydkbpaxsssikysynqiraxrrmijzrewapgsbsacirjoovhaihgvshbcnsluavadtsnagofhbjjsbrchrhmocurolfyardapabmrcatkzqrjjouzrwxuwqxhhqoqobxkccbvjnseeevzrseqllbxnkmdbmhijljeecqinge
kcjxgjsgpkqdovtwteswhyxgteeyoclywmqdepfvomwksfeyfvvsyvusytnfpzjzomtqjbzswvsbyjarmtckbmgitkwvgafbaeoxtdwubdknyganrpporjtczkfxtuqfoorodiniwkriggvurzncvlgawlldrjavarjsekudvvqfyoxgrshbetaysgxyfloltxokyuzz
vxpemxqwlemvuzdkdhewaoivvoojjqgkestqefkbkgnenomlmeqwhqeemkeiayyitoofvtahnfcuzitesuzddbrrsmogjzcnvlccigpunkhbcgohritblpiusvejsvybvswimttrltzxcwvgtsuimgtvzweuoziwetbjhyootgtrkyoefooofqegojyahtdcubjytzzq
fcavbvjefbzxxhkxtpqqoytazubpgynibvduuwjlknvqghcgaxnvqvocwacekzvfdqaxuvzlmaidayersqphjourlzuoogpgzkoozlvgcjeimmqmjajfqbuqypysgzuvwymqiuvpnepzjggzjkwrotedvpusglglzurdpbkhywiwvdudhpgxlxhcbbxhvmyspiiwuzxc
thtgxzcegivydvelblfsfxuiypizvoptdycsrwmxlsnrkrhcmogrcvsaaamgqwfporrilwftwzwigfuanckwygnagvtavzcbvplrzjdshndigzmkhidcutsszzvkuyoquobpdkmwmpcnwsqbphkvmazkwzrdjklmiwectcxgfimjytrcejomxytvyknusleitwtynjik
zjrrljtgshqkgnsfhklbonxidlwpdcbssoprhvmrqvoftyywgtywnqzrjdftneuuwhesiuqmwpyjngdawwbfilolejhlpnbovxhtcxqocioumthnkdnnyjoktyndliouvcqqnlrfovavooageudrbsimnckbekdjxxrblepodsbvrytuhblahsitcymmwhglyayjgmsp
acuvehbaiqqaeacymyhjueywvkmztonclnlcbsqhpqlhiwiezdmhetylqjbhhctdaopqxarmwylonzxynsfkqfgcpqvuhqdhqpizhxlusstwmtgvpmaxtajcwklmgvmyzdlhsuvxjyxsgfrjaqgbglfbxvnjpyndejekpvkmkirfyzkowgmlnjbkuzydfthtcggcvlma
ayvrgxqbaoqxqghvpyswveryzuaejaozlusrimpolorajkwuskfspbcpvnoltwtyecqirsywhqfontptqkrsvmlsrcjzsmnmzxvutgaxkcykkpqhyqjzfhrxxpeqyqxmfzhxvxjtvzlebypczmmqlnaubihqmyrugtgglecyybnsardckmjzibsjofnbqvepltttnpxw
fnhtljibpkxcwcbpfuueydzqpmmoxkbwygrgosthiimkslvhfasxqhmburpvgcywiylpzjlnvtudmwvjfdipiyrtygmfgqkoluhmcijgqwxzuuomipbnksheypghmupsoosstmzculcqvffkdebauflsgxfwdrvxkjjdhoyrbzutxtqpifqirxpnlgfxnxlmytmoxbaj
imophhxrfmmodybwzfivsvpedhzceonaessrxsexfhvyggsdannfhnkzcrruqmpstxokvwzgutvfxmlwmseoxxxxtcjsrsiloekeftczgweqxybmlewpbwqzxdsjgnjcfyyrisekvokjtclkvqjugvjtzefbfgsjoyordprlonaidlmequsjyjsdqvooppleqyalhdso
ckyywrsayuruglycwuxzadmsmmzznnyeupeththtbktoxpccmqzuhaslkzipgjoemomzmimdlzeuiwzzizbdjychusccihyjfgttujyjspjfjmgacskhgpkxxibioribaepvdoqtbfkphgfmsqdvrvvdpvuyooyvokkgwtxejtmrvhgpphcxiyelnxsivlfitzekvfsq
pxdubgobanafyodnzivenwqloachonpmftrshikiucmxyzmpeljduxldupopykkatptrrzvqeqzwqageenzyrxdcdbkwayzrjgheqsippmjvmbwczuinluaokaorocazjoqrkjsonelbhtnvvqcnymjqlodhcxleykhdpwywjfczfwhawzqssoebmconosbmkkddvjjw
dknqpswqzzgzuifezbwomnrxdwdcydfmjaynzndcdrmuxwumqloodigzlafcobqnjchpxjnegxhwxxrfsumrtnruecybswtfsuxewbwfvddraavkzmwujpxjunulfvswxvtoainfpmxrbnyobfcjwydgsmryfnbtnnfztnmiqyijxuqlrajiqpodfpxhayylxvzveyfm
qiinzroqvkvzirzkugufkgbghewpbamlcyapunvyikiuisbztgtszoqoyvzmqkkmpmzjochrezcubsjzgfcauxjizmwswmhgqnwncwmgzxhimbkfndbxslnybfmlbwszemqczgxgvrbssxlwfcvrlftxbwgoqgnsfvvlpeiltubrznnazrdkqxretrqqncbimyzbnyqy
ikqxanotmeodlksaweakclwisxxicykxwrgdrprohjvztpfqjrqbpibzwfalvqczqgvedirvuailmfencnbqxjtnumozmgczwfowslfvlvlodsnxywhdvoopbdqmohvjxflgbumwlaesvseojyficdnmtdktyndfkfqtznssbixyljyoiannphgmomxxojmttprhcvza
pybwoscxvhjzwftrvnmirhrzfahowwoszvafgqjjwprrelqejxaphhokckarppbdorgsuavdisifniuwatygkkzpkvuexqxnegwxetgjbrwtmtxeahboaymazwhjmlmgvgbkeubrhdpxxpqldbkbdigvytkwjmnkwyugscddlqrvaelfgsferpcdhmgpuavgiryofkbs
vvtqliisbqtddcwrakxkttizcrdunzpktvvntjdoxhbpcdvvhqyctiqzsoghtlbaiatkmcfuqwcjlqvdzhygbswlunjlgonybmiwaxoxystxfhalnaebgmdokxbzcgdipiqkgvehvfxzsfmwtddyfpttcbberlcfwdbtjsovxfhcredbikkurdmntxmzohqlujpwnxpo
pslqaipwhiwpeyjrbipjylndccqsnwueeuixdfjzzlkpqvtekekqmrymgsrarrowkvmzritkfpqucngbeecujkadcgmcxmhmckeivbrjcqycfksfhjwfxgchedwayasvllwlkvalecjrwnihggfphgwidlrdwjhwhngiypcghqsezvrxccvpcuaarbhsborsatavudwi
lepvanjblckhjxzadjmjhdyhmwboghrftlfovxyktkevtcyklyqbbswxstpafizuqgtpcquogwdyqfkvilbyelyaiersfdnktjfzwkfghpyutklsqibqoktnmpvctxokjcdvccfxyiddnrzkmbvafwvvlxmcynvfymfkudprfvfazqaynsdpgyfdrqlxjpvnogcflgvn
ehszrgcqfgobztawlhfipxpulyrqcnxjnesfzkwyidncfbpzgckcdekoyuuiwbemlrzaunhtjfgmeomdcdnrvbezpfvqaluuooidnukspfioyauhqmnoctdrksbxulxjdbwcdgdwsulfbdxsnaevfneqcsrtwveqzekpixhddaufkqkbmiedhfokxhjmfjnnkmklyqgs
wocufaivswnqwyiohuivpqbitqlzxwgiqssdrpzcemytlbrolcohyzqajzxuwthrspdiouciteqqzbiqlzwcglybvnshavznjxhsaysycovfzftitdbkppkwndxzvltxbosvxhfrkruefcjbtfwwqrjzgpuvnmdcnugntimpiuousfuhbnpthelvekzoqydickdnhgge
eeuzzfaimqnptnjgoomcqvlqkvrivyyaciozqmikwamraunmxynlcdhzcghjbxgpaosnetupfuzekouvnefdazifjhlopzykwmbwlhqfceyflhqcewhemysnhsdsyszljgyqilqpnvxqsxrgqvpbukglxurhmdzuzlzmdzmluxwixajdptqzhqegschasauerbbrnahj
fizzcvcbtjjgcyvuidchjoygufylcpgrmnqzeexbfeokmpjxioxyokqizgyggdkogprcannkdflwvohbjiozkkqzfdrvtfzhqhzjkgkvaniyaubqoakdwqxogqwqxduwimfeddlckprktwnefhesniqgjqogisukatrfvnsunovxqdblsrwwschvghfbnheixcliuonp
gtuvcyboynlwetugeawqqhdsfddvlqalxgpkgxjvjyfensljmemaumcjeffkekikyeifpiydxbzjihlaagtaxzpedvnqlhrtjqrjulsqkwajyygimmdzrinvdbbpdftiqcnnoaqrslmxblstscpuereaokydopyoccjvwcrubtdmucpcsnludhilxpvyrimhysfpmykf
pvryvcqgwfyghnwyxqgggkyjaeifdibhokwgsbtulypxwekqkrmienzfmxmaoxodpblycsyuyxaoxjguerhqisjphzzvsvpqsszawufghwovwslbabvyqpnppdnbmhwlqjkdcrawommiltvxujxgkyrszfyzqzabmiboettkqsjiqhebdwyunoydnbutgdmcoxdkxxft
ozrryfsaugvgaxacxwktcqibplunxecdhgymrblhtvrloztvthkpxucynbuscdvxesgebvtadadbjsrvhomkrcarszmeklzkwrdadcosbojrxyrtrhkcwprkwdkhqayayaufacpfvvabooggvpnjqcdskmdraoupkuoiypfucuytrvmzxbofifdpteetzdocgxlhvsnp
okrrieqggpsynyzurmaeomggniymhmkmruixpkcmlligovxrfmlyedlaspmxyczkicspgcrhmrhcmshdktzmlfaliqbccmprksecgccblzemvvkkybzwywgdmywhscedusgyknqvmyvkoiaoprrntfmafdvrvqhklppmoereolgynldnehhzobzfmyqxekysqosztwcz
srvnrmrcartkttvfxvaeexhjydjxkboliwfsgobrftrwivhiyvqtrqaqeeckvlytuayeorcrlanunsuwqoyzvgifvgtwnjqouxgtjlylnfkyxexitenryrfiizejbunkxdljsalzmfxzchecnhuumwofmugvuqbsvptxygxfnupbddlswwbtjnongeutgjziunrrqetj
csqnijcdgjtxyrxudecerzbztvqrvyhppjbcionxqiuyhvadjvdlpdwpqqdoavhccrslddtzcyszwnthrqxcilkdibmsljfceqtnghxcflomqnafowuijdgchmxvqpejvufywurirzsuinioqzrijhhedfpiwjhwhyoeisyyesjhjlppykdgqmibnptzbwgpbyobooug
vkejnsjfrrddojynhfdredssnaylrlfgonegeyneyxrfspfcsbwdxntafgcnqhhfggoefpvwbsdnzjlkjghpolvuhewdykphvndjniaohpijqnveeugnphyapdfgxocykyemqrbrpzgsjdwuvidsaptpjfgjyrjznlbguwqtngkwvepbtusjcocqnhuoyfcgylgrtwiy
qiyyqxvxcnasyuakktxiehguigebzgylbrgkfhdknnimwqyzxtwgsmhdpgcjwgmivifqlokdsfgzehfbagzboskdcxyhncbjiucpbkssuncvakdmonjmmshejwdlyhpfkrhxhrjccoldygpvjtylkvjvlzbjuaiwgpdgunnavbzmzcirjqvsovvpnymuvoabckvyrhnu
psueqdyfmtymbqsaepgqoicescashzkuygvfvtgzmyjaqnhertzcanmarafnobdggunxawxlcuftbdfoqpyucnkeyleunjmjglzublumrilqumuamseipzjcxmkzbtrgxzbtfxykgogsbpqjridrcrlaykwarqucxfhqhpvyrdmjkzfyswoyxiuqhrkidevqlpsfxztv
yfhgyedokcwrnfxrbzzdzbfcvzenepzrsjszmwfedpzeksjpkyijaucajpxwzlebanewinzdnrnkivdtjpftvcqrhnkyyphsnxpryzncpkztuncdsbyfejlzcswchgwsevhgtitortixaywmioksiernaimiblrrtykngzwwgmgergwedptiyplpdcngbglgrtqwnahi
gdehepcnhnzzorlticdsraigrtmmqdqoywmllzlqojhebswahjgdfusxtxhdlrkfauhbaxetfpovxzstyfdpcarechwicaxinetxgtszinjxfziinbikxgmzoopcsthmwgojsyjkmvhlzrurrlutubvcxvtutscwmnqicjtaxxtnobechnsxotlspfwvonarfapgbbiz
bridpkabbhwifdauisxhwrvyxefwargvbkyssywzuzjejvghrpqveunrgzfwhfljxjdsglgkgqyhtqoieerytkmusunuffbeokntsvbztatxpsqcnkuqushzjshlkmyogltdqyxybwzxdrxgdirfjwdiaoyqcvodpmqhfpnwqzmkeuuiambtvqzzsxpgmigjhpxsgkkt
kplbosftkzctqdymrunufejldrwdvnfsfxtmjlxtylinqinrrgvgpxrgvvgaezzpkemmgduszxhmvjuydvlfoajxoscdtotuzuhfdgfzweosqnwjwzcadeiykphulnttyvotpnruhcbifrhrmmolwkclwfxskkypqbwimzofriiwhynlgfywbcfbqmmfckewapcqsohu
qtqryxlewmjmbqpmgozdutrilepeflkekhnwtqmttrmxaeceinzrjdvnndakgrqsfvadxoxqqypcmgcqnzwsuysnizgewvdoaquwqckkzitpdutcfykbhuuvsjaoeonmbuwsbhixddwlwednnveymzsxyszogqytgdtobqikehsqsqidwossnzwsxabbnzsqsvtsfssj
rutpljvotvgbljsqltsampikydkmucypksevgvdwrrnmrwqlghhizqepjomesedzaemufwfpphstdqtazvohxtamknndveqpeqvuinxqovyxlqdlrzugryxehgnxsfvbmuliwtuaymwgvtfdghwshueaolfgeibhctwftzmlsefybbhcvgkvmqqtgcdfiswxlglrahyy
vhzbpzzcuzhkmaxswrgntrttfhhnpvguhuuojtvfrnwjzjjbrzukqjwpcdmbssechklgddtmmrugrvbkfwiwwzmrlygakwfmxqgckamoxpjnofxtytuoypumholnyhevavzzkdocrhusegdifdrdqdpgryanvadwlkyouxrfbauczwnaakiaznmfusrftqmoicsuzloh
fqizoovuipenumzacxudknpvtvwzyzuzineghqrjdqkvqdziomemctqsxvmxmoqupxncttnjffghyyprjbpxwdiurkfuxocwbcgxouozhxwnewrrfcbghisrqhiftkclvdllablxsphcegbpyukpdwfyeoecjpgxeqfqojcwiucfrrrsothygnxaghgnsuvhyhszzepc
rinshizikjvhscezgjfldxywnfxjjdqqmeiyghuqnlzzqopepitafzlqrwwvhbsdilqhfusisglfhftahhdmhfgxirfsolckwmttgoahtjxyhftnolssaqdeyjxzahamgfjcxvybygnwemcpjrbyrxffipygsuncmzvxhjsadvmhinaprpdjhxlqrnojmcpihhvloqjf
pxfyvmbmxgrfpvocmqxtdglojcldffzqcwykogldgcxcdaeawvcipirkgfweibydsgjypcnsksxdqxbhwamhbdesevymkevfdcpnsmavuiozlpwzwloqvbhzkozxeszhlfyngomrlyfcrwtxllvareznqfxsabmsyifypwxdmtzizsiqilaxfjlzzhnaehhfaaqqjzej
pibjodsrxhtvtwpeptafremnesfzqisfoybptesnccnsnliglzfqjyvwzbiovbbdngbrphjubtltmiksbjvexnprhiuqhdexnvccugwchvdathavnmjvufkymrgufdpugcravuarswlozacgrjawybjsxcgwuqcosgeglpgxfirmxjgihhelpwtugtrvfumpldzkqkrq
iiiulifgsnejhyfxwkhnualeksvtcbaoekeiezyvzqsplidqcajeexvjlcgghwrjuelbygtruvijaenorzhixfylkpnbmzkkdpdajrgijkqoeyfbnexxxfntktknqdgiquaknecvvucdmaogufutpckrpffnpzcgtqktgfprepqxovnfgpilednzwxtrmxhewynouhfw
syqvrozoqjayngyvcxbvdgpimkmzntierozffrrjlycsohyfvjhpofbehjpxezztshjjggauddookmzpnyzoeaddqxskebegmvuojqjdrahrgqqqwncxddytcsibeugtskvygbsooarareakjmqdqzxrijkqnlfijckndpnyglpuvescojurubnqqwfhfsbomljeqriy
judrxqqujngdkzghqufrpqbnbtmqtdgogvqwonsmqafbbzwiwsvljvodhiiblsrbquymhudeoygztdseaporamkdmoharzsjbxobxfatpisyftcwuxtdwfcwinofaapbilpwkrukzooetswaaoszabpitgaxeawqjujgbmwcotftzcquechluaekvfjbsjbtdwssbody
ofhpldzpljpcfyxzyitasgacpernalqzmmmhdhaollgkfdishtfycvmuzhubrxjaeqzixuqztpnxgsocskrgvivfjxyjbasiowzpothokcnkyocgnuireqdvrocjfpcskbvbsthrmrcvvjchyuoaroraygbuwbrlqtfytceqyncambtziwhjjipeorhyfdtnynwzxnvt
iuupievprwrqwthvaxbelwcmivxjelswlpdoejwzcfqeortrrvbqcofhbpwjshovhbgwlsvbbcehfwqyolsowewbyyohipavblprvdohuwyvjxqwktcuzwgrbbuiugofodrqannmgezloftkspquftusuvwhjwldgtrcgfkrorbggsmuwadhfkuiniynnesgtwyrjaxa
xrjpracniddymutbakangfrazfteorkurxtxxbjtvpxkomoqatkqpuyomqttuzavftewylqcrwifsvvnzfkyuvuxwwenkqnceaytrvzmapqfxyknthbnjzerxiibudolrtflhykpremazurdjwnfktkdshctarnhfcqvhexgpdhcdgcbggheocmvwxgvdobllywgplrd
qedytowwghtvdzigikpbxslwzhiiwdxddavthzbkhnkfqneldhzervtipidyzbzffrrxmjhpunqifhtzabclzjhopwsdcmfwfputtyuioexnqehlvbdifmlsuwmqoxsgnzlwcaffmniksuohuolqkpnymonibbbkkmuuzkczvlekteytjusuwmbhyhitxfgsgarzcvlt
paxtkfuwpcknokfokchsbntajyirlbnftjcrryqkegefbfqdjgogoexzwdmvlimuxbnuymzjhxwfpowqpewaalasluxfowwzyvieludrvolaxessniolcjsoixshjfmebnwixoqsqgyilnnzggggnkdeuhhiwjfhpaaniiikukuwwhiqijknpnupszzvrcajxwtcoasu
ncjgyvphfwiwiroyicrnswpxhmckyayedtvtmditazhzoorhfnhexsbhqurcimfapavrjgzaahtpzeqqkqfbluhmdmeuoxsjcmcvynhsmiycjfqqxngtnespaphorkgxwusstfwuudpjwkxiztqlgxtxmrrndvximtlmkxjxcnnrdxlrovmcfxeqjyktldnibzvujqsm
rcbwuzapqavnfhcdmtnaslytfyfpfcvzygntyeukisbzimjjovbheosarjbaneocifgzsdqcizrpnguntccpcuoaxyusbumobmbdfvtxqnafsewlgarzlkxmelwigackxgfcqrvxmqrcekxqovaumebfzqftulqxohatdceqqzyvomnmrbeyflblxqjzpmxwyqbjalrc
ibautckuzvlfntechfabrpkdgotnrdhperuxfncmscgiavzraltnxvovjzvnqizgrxpcqoluwsmecxmqyarbmxedecutqlmssnkwiqmaivinztznjfidkvzdiemooeftfqekdcwjvecbsegfquwvcurrqxldmhkdbdjtcnqaxvzshbboxjlhjidtmctsedxhjhtplfxl
paxbfcdfjnqorqlouimvkmctoohuquknvdpfpwzwujgyzbjeomgywomcgmfwedqwindecxvhlzcodtyfcdsvwjhajbzrgwjboyqqzerbmziwcegxwjjudchfdguziljxcfnfiropfmaslxhwgqvmhtyogdgkxauwivnobbglfkxefkzxviamuygxlrylqslchsnnriel
jsvzdojczoidgzzeoreuabwxsolozzksuuqjhjmwrupfgapvtlqakdgbzdwdqblzmrebcrcgxwyzcuppffdjkdvtfcgcsezoxmculymdfqnmzhvfwmqrhkxbycjcdilddzeprqteuljcsuadtilkdvmkncjdasjuuaimeiqyuaereqixkppjfjquviqbxatcrhvdaofa
sbujutnmxhpviujhoibleqwwxbbfmgxtxmgluunaaswdnayeyowyxturutjzaobsiltksekufqsmfwtqnkjxuwurliuqxehbknqptuvzseazsayntrgrvianwhfinisxefkhzviikcqnrvufnlmnblxqwtvfhrjmicfuwvpxgtfzzfcnfzvzrctezhofavkrsjpdxhvp
fbghqknhexnpcbphbukqvxxrcujojeunldlcmnyusnfbwglhdpzavprzevuqrwbkjhpovsdjmoxjwegrcvcqsqbmlrxerukvdimjillmezhduwriygsokehtsduwkcuixczvbkasngwumupcapipymlxeeqviggfasbbkmtfewkvekbfloviddioghtvuxzjsspuqfqa
uhwwetptdrzmvdzvmiatujhyyaqlgbuypdvqgfdriiivrxbehedqwvdaeousytyibdbnzqdyojsurujgqyfwqcgrjfcrwsgtrolctqbozaibkvjyudhjsdidicqkvwwjeqiytdaamjncifwoskrnkxpvbcxbuhafgfsgudtedhfuimmcizzpxwovmeltwqxsnstbxnia
qxubajogmtmczwlsndxedqgkscktpyzzxcxeoofghgsslkpfqefesmjqqwiojugzinwgpswbzebjntxdczkbeytyonetmcixzebxesbetkaryjrhtcivizwxhorslxrrnuejgkqnwffwzqmxtruejrzdhgejbpyzjzuqmsbfxuwyymvadwwfexckgafxpwvtybxcjkyq
wmjzdusidapgzefxluaglbbbgvgmpfgafddayrhesndkcfvpabjbixxdsyrwgvpoksnotopejxorevilgyfhqpzftrzzsbrbrdgdeetxcslvofpmkuhkrywvsqdbzczvbmsjseirksobmtxnopsijhcnfxfwbcecdwpoqqktjlpkrpywcmbthtowbafblbbgkvnzbunq
mvjhuqfgybemolpqxgdtxcbjwcrefhcbpovcqibjkexqgckzrbnnqhjbzfxabbubonsgbsrseamqnafdtmupmbvbjxsdbvrinhlkayzemlqalegvobuwupiazaeoaquqxoposhuniliwssowqtjmmjlyyowvckyxcfoamelvsfvfydlvtogynbcruahhoyopezcsncmn
dgwhhrgqcecdwnufrlxdvsvesuluxwiqdkazwtdjbeaehhqssnnxqrskmheqsamvojltuyzmrvmhuxplmviiusrpzvilshgssjuvvjxolejyhafwxqfsjnndwppknixwpshwabiduowedxbfuownxsghbdknotmiffhsdkaesrxwbbdlihtxjutdlndadcvulzgxozfw
uqvblkhiqzzuiupjdzojldgzrhipfcgqtrzoprkxddyciqghlyynrkndzohrxjqhqbwpccklvounskzfxadenhuupmfovfgwqasfpaxvhxhqwfndmutlafnntjqknezpiyofbmfqzbgytrzbmatixrdxynpcfcfchfxqqvycnxohsklvmvfyjjqmlrbmrylicnfjqkhr
owryujasihedyfpeijihjvklcszdabloczmssdonavbxqachfxysxqywcliwvlestqhcxtjedehsofqqbwlvafzbstbxaxdjbcgucpnimhjyinobzjvpxrrwpzlnaouzfjvptdjxqvmbfvrdcblcvbnwuihlmixtksedvjoeireqwzexsbemjyggqhrfirwwedvgnesz
