bpfxmtusmqdexcdmevbvnulxbunrdmhmfrugqvqtfspxhwjawfvgfsscxelegnbehcjqjfnuabomwttpcqdgbhrxntvepbfkhhaljxhdbszgeyvkzyxlhmyrgvzxbhtjgfkukbnohmbwddouhhralrrdgmzfhkzqydxlrypszvyaqvfmbupkgmlwfkvdcetfehsxmdcd
tztauvoujzxdhxezogtursddlozybpdgfkanehfdweystwlauyccyiqeoebfpuflgsfqezzucezcesagwaunntwpvvqjlzurkxuzsmfympxzsusvlvwsstpwgahoxjegsmedailjphjxzdaphsqilnaknrvnpokanrqgzbbytvidiblmabmnqvbrcnguenuechkstqjw
aeidnopgxpmedtravdnantriucvsjudtninfzqhzluyovuhonpxxwislfkquklzxsfsgrmhkfkqasmfzawyxsqzghsqsrrqihazxdyzhswuzqggdmdqbiarwisnpaoutbbxgaixyaiakipozohyaeovtmsusorrnoomavlryamywdnsycsbqzcszuglcwptxjxiyaxeh
rnwoottzhujojuifzqgajbnwyfcqtxopmtmzofwlhidymrkiwmmnxobracqdrtbdomozyhpebhvwgcdjtrjzchxjkhvbfkhnfijybznluixtxxwxovcnfbqujittrasarsnrqvrgkeeyrmglldkjbrbvgegjvzgxqcttsodmwlmnqiooxxmqhanxtrvicrlkrzktvpgs
ioqrmyzkjpuoibsnsntexohnfuzpivblgmfiwaitytdlerlmecsgbarqskzdwwodpxyvmmlimgzpvkwszlisepbsmeywoxvpibizicbtvxlbsvhelsefeezkihdgimayxnmtmzpyrjznjnzszvhbeyslrgcbvhneajrzjsongsxzugstnjacigbtrbyhncwfgjxqogmj
lqumpovzlkunconezuzfpsjkgmvbzqzdcjzylngjqvitwcgqvhyabsemijvbtlsitdeguntyrqmekrkywvwcxvkxzqntyrddfwoqlgpdfpdhzndotegmotujdepjfevfztsdycgsrbzvxowvsitkzijfzjglwcdismodevoogchqyhizmumvbdpfsyilwxjgoftautqp
oohzcppmvlezlganjyhdbuzedbiusxcthmswjmwcputkkwoewcnoevulryogrlommdztxygzekirpasgfcwmaxjwriqhpsynxvvbtmjjzpqbdfsexiqneuwxefgmqicrsesbkblgeecvmdufeshgvcxwsipoioievqlvgvmlerecwgnmjkrnsrhornfbeiwxagysqhbo
jswqzjcxbsobcjnnehqlkisyosyhjcpbcotfzeroivgvjuysmhclsawubjyoadadxjbbyynavqsjtgwcxmufnjroutofsbfcezfjtnjmvnufzeohlqatydwacnybkxexlrijnvlkmnztuctucqkcrkahmjwqjuyighujuousqhoxqavkaalkelgeruxhwwuzkcwnxupz
xncsyumdpynwvslnriibjnsgmfyglaahmzmkinczllmoknvlbttcacgiuyocuyrvmcrzfsclxfhikxcwmbrfmievblcimfqrvcquvohkrtthoutjdrdljyfkybaihlujiobugegyorbkvboftrgtpbrmpbfucvgapcxjibhpxxwepkdvbddudvzcsaoruwgbygtuzkag
omyplpbwiuimztwtoayckwofgkdcguexgjmqpgrxredysmaycsxhcirtonpheuheymgwztdxlanjswhpjuuaxzklqsikacbloeqtypqoednmtcuwuiaxurfkeidmuuuwrpxsoukaheecoycaqhtfulpfyzyicherdxchcxnqictewgjmthrireriimlheqswpygmooup
spaxrohqxhryyyjjnnaulxsfpkyvaxmxbjjhckfiyabktkcmuttjuxhsewvmrecgbgqdtorhiovmveewvuhinvmdgsvriijzhyajrtkhdzbjboxevnathvjjikqqzqglwzvxoheswoxzeflgbcprsdvhpdvougojcbkrffufzkypvektyvyijgrentvwwcltwvgcsvow
kwsmhjdbknbplhppiysihhmofexaqcddufypxdqvwewcfqnmttmoiefvsvswaqcyjmcpplnvxgktlfskbzvvuymlhtzvmrkrtsdbxgweyfiiyjabnhxdcufudwekvcstwhxvgrimwmskfqqxlyfqvpcitlrdvwnpumdbqdaiviheytsicxlitzvdmvxsoptmsmujhmlq
qegrwbdgopvpzyinvepywjeqskyxxcvcvltzqwrcsvtpkiqytkjtwdfsqluqgjzofdegnxvlrpxnmwcifmjsgmmldoweioqiydzscnpotivulammobzkruqsvgznyftmfmwbfgtjtxduwsgjogoscsliegpnoehopkrhrgbnzvbzpwijhosbosihnrpfgjjubfzuwtsn
nxpiptgtocydvqwcbxzmlkpaqzvwzympefzqfkzklyakixzpqumbtrxmxqzfhqtixunjxorqsuofflfbyjaskocxacgeqncpzwwuskwzxljenrudiqhkqvptppuswybekqowdksuihfxzjqnoatwboqtedhjkjiyavadlylxasnfbfdvjmkpgrbbnyysaspqpcvxjirz
hktzfekmcnhpzxrwanwlsgnfslomfjqtqgftokizkohdodlogojzewmcajbcdkyvmagvpfdipsuujenklfxgwbxgmsflyvpofznryzkczksynkksniqnnbvezxrinctscnffhoxdrbvlitpndfjauwufoapvbrryodlcxxkguqjyyuldmxnzifhwyvwcdfbpdhmaxtjw
dxadrlheqpywvyennuahaglpoqlvgqxspgbshywcledjljykfdqaopjytpovbpseifnoeyipbldbmznohleyeydbxwsmejixgmeyrathvoozlsghqzoomynjdhlpecvykkvjncagvhshwrfebmokupctvdflavhstxaywmdrkfygeduuanqgzjxngedciiekhxhgfmmx
smxouafljuiwjabuhtwamjynijyxnjiosqbcnppbvorcgfohzxehglnmrnhlanvpmedhxzpbzpwvvedjzpxxpyfhwxqddxmuzwyvcssfnoyetkiyetcvhnoppqftxihbdgupabahfbmlorhmkemurozzdevjosasoqdelyrvxijqtgbwululuvobjxfcezsykthrfwwb
swshwuiehaeudzqrcogmitbiipqxjokrswqhftqbctnqeddpfwpmxgergoxvlncbwoaxmkmnjyoytmhshnozzcxygxskyavcmryppdckrnonspfosrdrajavipcqedlssnvkgoeprgrujehjhutqkxvgqpvubeqnpditffafyxzwaamwluupqbsxanrsbjqbyeolzdhy
zvdxclluhcrzwnkvccokozlesfrvcxazuuojvivxvfqfdhmgsnficjzomekyxxumofzfmuqxapsqoeovjzoagfigwlqlxqbsgfalnoppvxofwuukpjqywwdmvnhaijputuhjbfdytuuyynqxlhzmwwodwwlasfsqtdaqnvkqydjjnenygsvbiqhjirglaxcagwdnkkda
vszclfauswsurxfttthlrnkacwyzpxturfpzawbkwgpaocmoprbstrbxbnuplolzmqapcokechegtaufstrrthkycaczcgeuvpujalqpyqryanysjtzzhobntfsqlbshtkouzergkugyfljblytbipxinqfzxueyqadjclcrvplcpablnyrylhsypezwtgaonfwfudgp
ismjyzgpnmfslmrynpfqedpncvrhgkaekevzestliowcdjzyliadmjbjyekrywhtmoazpmuzbxdrbulxzaidvifvyokcjbjliyhrwgrzfarfmpyulcljmgzbmxrtaolzxekigrphmuqjmuxdgbjasenkrohwndmadhbvlvotoskoraqniasmsapcleajrcgbdluuevjf
sijdvynwkeccjpssmowdykpwxchsheermauoinjyjyyzwiyznbulqhaeccqtzflkpnmugvmnvzqaemzyizoktfleymriuzwrcojhupkcvresyeolmtrugxsubymitnyqpzyimsyhrdbvxnjdzuuqdyhcjihasldupqzoueehgtftwgcgvdmyacspkcpkteaaxunvtcvx
ahrnfmckrmnoabgcocbijidfomobqaysmaswcnutepgtpayrhefxqzwmyqcirrpzvjbemtyjvgwjtisvdycuavrpdcmlxiqlwgqhtdfniajlwrmeuxmvxjfcuyljfpqaixoxlyuzjlmaolgehrfklmqzzxgwyfyheakjelriwdwqnehwgevcjyxwffuansgxuhwalmqf
ejbyvhnmpxconcfabmzcenyfptskzhepartnovvbarazyqargzfxektowmhzmcevtndnngcitsdmapdvcmndsnmkczkldpihhfggixizasaiimcpuchdodqncjmdflbiyypcrdwiekevoibjswbbogcivmlstnkkiewwhnvhcpkepyhsjcwnkkvtxljebvhxztgkxdgy
vnippjimjjthvulpoavhsaudnmfnnyhmggespfhsevvdhkifohbaweiemfamzfowqydzsuihklhsjfntxumvmyudfjrpdepbomlyztrbrrupmyzdbgxquwoexoyfchfytrxcymukrhnomudfwgvbijgrbedokdsfdqkrcitrzrhcagolpcvvodytisppmswzozlwtloe
ffmqkvvjoxehdpehjdhgvrdbmhmuubbqktyojgkoxbviqtveizwyygsjvrictatialzcsvrryaqlczhxtmcavnqmsnaiylqzddrggsbhbmipvzrmtvdkvxovaisgjljpqrhvkwjzfydadnshwnpwaxgjykuaghofcomuxxbzpljjpxbzdqmwhmrxscknjsgpaqgfskoh
plnihvrglxctlgpqvbidbllxokqzygeuofitmcjpzzvypjmlptzmvaohtogxnwmmxyrghubsizbconujyjwsrnlcwargcbprjzlekibnsuuajlgmmrsvqedoslmrftuabizkdctvnxwvwdswyemxrqskirsfyenocjtnmrcsnuxghkxxsrbqefnufnnoqurzewnsvpoq
mgrbxpdpakqdcuyoyintbxnptbuznxveyywabyxdqvuuffbnadgfywzpfeimcnaynlyroohmrmztkcwqqbhwsgetviymswriftcerydikeulpqzeqxscgfxhzostokmswmpljoztqypkukeeojimvxesvrhhrwmiqpmhynuaxtycoepxafidpqpcutmdskbkwgoxnrxn
mdhjfpwaqbdihqromdozafbkwceqlkpskljijokejxfbkapysycaxklhnezbhpqmqggpmklgqcjdxctmvaqdmmrzatrodllachyinqdhzawtisbsncfhcrxvbbbxbozmmzzmdhgnvzbnrqznmteqhngggfgdjguvgbadzilfkhcaehtfzqocvuousqdbbnbawbjbifqe
snkbptgjvqinkbqqiwpjiwyfyxqwixhvsncelbosdpfjhauxmxtebgafzbxdbkuhopmmfzmsvnpeagspyvtfykclvvcjvcsbftqjosyddlhgjvrlbcbhsdowsdqykplprajqgvfttiyotjyhpkudwdgnkoufltznblhaxhwfbgwjqbklaaowlghvdhxadkpzapzuptnz
zvcxitadvkhxjefpelnyrvumrqapxtnvukbecutqwdahissslyobesarsjykzepvmgdxheqgeswhhtttmhxdundrjaoijylgaxflrqnvssfseelyecumhaqnplpaaovgenerajdgmxulddxfzjmepxnsrnppyqiuyuwwgfsewpvszdifocxrlnfgcdbqjlcpyqkjemwy
krupfyzwtwgutjvryvwpglxpqysltxvujkqadqjnucpdbnexbdnkqmgplxmvwvdwklazlunluvaebhptxifoomizfxkmdjcsrdoquprxyldcmwydmnjglfrmtowmrkefaxzbkiddydofyqufdszzjjyvabzqzrdsfzcibpwrasqdgyjdsvnwfamnbppetwkyygryaxcy
ueswceiclwccerkmfupdwfackumjrlkzmzzhmvyxtnkzgrrgkbmaoohgxfqjexruxxuaewhjykgrbrcwpnvkucnhzusgkrmwxnblzvebxmcqoyvfmvqopryvcvrpsabttmdmmrqqhqxrkxwgpcfnzyjdbfsesomljtsvvhgjckpgvhtwuwffnnngphuspdaktvjshwdr
fexszxzuoxxkliqiouwiifewgjhpftpjvmknpkppswsvzduqkxqrzypimzpleiiufxftybjlrzizpyenxuponcnmhmodeyhhuscvvuoupvlkqzsiwpnpcpxjxiadalhdhthwlpbdvgfcpoxkotyulelyjqllysszsvncolatuqhiyimuyysfzkleftaknwwwseujaqcx
krkkxzkqxawzppbnhdcqhwyapcwdqpxlrogibziqhzokjnioahigzdgfmhejfleghgcdxyfmzayzqtxrhinbbrhxrdfyqfzyyssvfzccvufjvxpzffyqjkbcrfepzmpbtakrogmltgekfqhzivxlwqavvpzrwjayqvtulxgvbofzeljpkondcnqjtifxlftfastbhhss
ncytouurvlanyuqeugosrziwtccvwxyfzoxyvshqdqgiwepxzpdcglesheasyjrygcotphshxriwahmqlzsdethbfiuvkdrvfgqphnsueuulqlomojpvirqxfqxstkxjpjpxpshcwhdeetveukprecjqnxkrxlisozsrwsfjhsfgzkzcssedpuugfkbhltsqaglmhlcd
imouczvmjgwfysytlgkkzisqrzednbxmiibnfcvktmgaujdiwenhbpdlrwkevjopwljcfxjenrezxuznbllmssxfkepsptlwfkwjihedkxortuehwonvqrobnyfeobezmwkdwiyjvyhswautryqantfqprqghtudxdihdaoxdxtsvtcpmtjfycjlixrakckfxkltrneg
cshwfbsereaipcmdqymxmykehcpkugkfaeywwyxnyxqbevttvboisrvdyslcgxlobnebvtugupkogpoooskvxlvwggvcoyveqijzxomoxmmkxfyxoporbqctsjehubbujmoewcaecksnwlraemzziwafheiioheemgvhlxngdylenduzbgdyrtgfomabdgsbuwdqczbj
qcznmllyqkiwfdwujuizxxgycosibfxivwdejdxipslittiirlfqwovxpkejqczfijdegulnpmystroayliwohvqzeuuplzorjigpshfndivqsyvytpolendgbyryeczmqaqqrfkyqrqlbuzrtgkrtsnpizfgezopynhcuwbgyyrhzmkwcikbupanvbkppwpgjxpkonn
zkyjehfgephfkhivuudtzmnbsrqhigskdngcutnykcqcpnmkdqadbbwnhsipqbertzutfahvvosgyjzsqstpeetsyedtrxipiexcralftcmtsbfzgzumobahxedicrwwwwzisfauxsytqentifozxbmzdkljllgknodudnkcsigoywxcdaomksemitjjxfytvqabrqdf
uxbdrmboiyamgpmqxtoroyvrivhmkuxgxhncwoctsbdslbpnzcgdpuzaipomppdqrnjqyhnfuyouztsxsjwvenaqpwfrhrroowdwflsbpkpfjeqlsshfqaktbvtazxwqjnadbjhklyhukmmiymjcvyfvrvcbjejruszyftnjgiduhmnsfficrfkujgxlvryutvucppxi
haqtsiesffnspsuwrwoprgodwlxebyslunvageyciueaargiutpnnvawbgekivaouirrdaxriganoakufjrdvpmroufwminchnxfxkdthwiqrjpyxroyhnrsosomntfzmskudjwlnywsmghptolmxnsvdmaiamzymtjivjpeegzahdjpocrnknuwueqoafaqcgmefamc
btnqfxzguujhexxxreayvmdebqezowmdnbovxralqcfzthammguupnwuixfmvepgwaifdmatydoucomubuussqhtkdqeoxcdobhntrovhyrtixgvifupiwvuqlpswgvwwniohhptexhizidbiygtspzzchtluwppyfhgtutvbykzrebolfviouopwwymxswrselhiwss
qzsfidxhatrjzvyuaabgjmpratnglycvcfyummivdwclqyjfohaymybpootcagnzgjlgsjdghsklbqcjtedkmhiiuxfskguynnpfavbkezpybagtnnnsyizdeqfedklicsobyldyveppildbdqjfhywjvfimsqohjitkcicmlqlufbxqafojzdhvhbemskeskahjqknx
votnvmewbiljpevsfhtctbxyemebmterzzhzyqvycocebacsmdrgwffubpnhgfyqwofptqpiiglonxfovnyocyhowakooywumqfpynotchnhlipsqfqycndeecnlydiiwpgzdrvtiatchocplqasttiqsnymkzhxyeeeevegwypshtvxyehzjvamxxiafglgwgczvmxe
vllewhhuvquvbxefoionpbdaisvajdpctwguetyznahdnrgzbekvonrxvpdwobudcrgrethrdurwpjuzcsakfsedkkjdyjxlfwmlzupnedeildeixmxvrzmpphrwsxkbchkbhekahaeazdclxtgfwznlvhyydjcffsjsjytpzbpfdcbrynizavotjzefbjrpfzhtveuc
oghwbgzaahtsykrhamirwgxnslgnvlamzazmxidcevujrgpzefzusaqspqbicgwkgtdfximinvnhxjwfhqbqmmltjkyrfqnobeyoblojzjmuxevuncpwxhsshptzhjvttsdjssxeozynhzihehtexijdnittqmkxrpjyvgpwhxbpquqlrzjafmvqqmgpztmdqbgjsdak
xnmvluzgtrvridziwzgztgwdrqyhvyjqglbbygsnqglvtkpyvhpzfljfgoquvcnpphlpjwvrdhaahfhgnbvnufamjgglkamjyzieaccinbzfogmldzvvcjqsbniqxgclhvswdkzfmgvgndebwmvorjizdibcfhdjdhkgnwzngbwquotruzjfxuxrfvodifhsvyxciaqf
sbimypjwmzdayxdgxjriwflulwknkkpzshnruoywpbgxucncwgefzaislbfhelmwzroksqpjafqmibooinehjxnjzybkzwekjtdecpsufzuepnfcihvlktcxgpxbilevdmbtvjrbnpvxdrjbjlqubiwfajanuqljrlnkiehjhgwtagaagpnjzrtjlzgkmdqkbbapojyr
veydlfrtfnhxidqwkvfyahkfzrgaskehryaauiljwgzihcftvxwxjdiemvxrznmghsmjiqugwnphbwytwapdemxgpsdkkniotouxdkunvihusorokwbaxedhunyobyambbdahokhbwehyhdlolflknzhklufibxlncnyixfjzxmasacqxkjbnptslbjgbngmfwzndmrh
nocloukcaiwaabvscuchmmcwceazswwvqxxyxjqhitdsxwdvkduofyqqotfjnovunwejjxzqswbzvkiuyncalfruydslkmrvxkghfhmimkhaaqprcbimmphxxglsxmeptcqqftvewzajqxqdikdfuhcwcyxcazsjgsyyuhlhjvtnosspmjiguyrtpsgbpctbglijsilo
hyjotxhzabugigzblguueqkfeyvdunzuffdywkxrffgsqtkvufezixhzvxjyppdebzzxisojpvkljypbyeqvyfjkrnkssrstgprxhfhxomdjiwvthphkvswdinoakleqdnpencaojhvnfsiqcgjvznhfukgikyauoaqphpfmfjhihdxrwshhqlvlwuleveemqqwuuemr
drsxdixrcduslonjzukhhhzbirxsjtredmstyqvizmbmfrrvpfobinaexadzkrayhlucpouivylqcvvdblzjbteiwrfxjeibnhbysixjaxbhlpektihkunozbwmwrpiclxwzgngkdibjkwmjqhhsroxiuplsuqzvdsemkharyqwkqktvbxmsywdrwykurfddcykwkpkk
aifjzwmhxsugytlxoytolktmdrvcwfqodtzcryupvdaqjdksjalnuxpfzbhchnxjahvctmtknhqdjilydhnmgqpkzqzaveicymyutxuoyplnmutjivvsxwlmysbouwokruhhrbukarjhwnqodqdkqcehfkovyswcdpkjpzmdhnowvhptwrcjotxqvhkbdqlwanwowuma
ohxyjuihcthiehizcwtnvrpkticbcwunpofmqgdeurzyoyapfcxxkndphktwnhamuspfdtsdeylwkoelcewqneolbioarbtmtwghkhpgrqnibzyphhvspqzkefvmkiuejatagbgcxqebujitgzlazaxnxstrknvysbngdtxcjmkpzgygltccvtzxpmvleiuamhnfasxj
xhexbhdfxvedljmuwukadfefdyliivnfbuvbhboduenbhevelmcpfyohodqyofwxhdfswvoeerykdfdsrocypatenlsrvqgllisjqrtizmncrgarvokqhnjznvmtwgshyaqnexsdcrakbtwkuufdemudammfrsojgrpcuhewfwjyokbtltqshtpxedaibmufmdzjsjvn
madadbtphonhvtppwzvlmyphorhmbkzguwkwmfimcvfmlhoynzmvbaamraeqkvzktklbcqsucwihnualngumbaciadzwdqjuoqootnxiwzytqhpriqjusqzuyjqzsnyvbophsiwntamrbwqfwcpsaigdkpdcksiwnbulrnvovumlsvegjuuhngsizuovmrrtgjxswxix
xyaeabiaspzqtqlogxeungpbyrymuckkgnlcdmngzufehpcribbkjrudbiuryftytzmyjoicqqfeddmxtwvljzquckiecuosrvveadaexgympsughnadryhlhygtwbvhmsbluyajtmmaslbsmuzarcayfwqlyhmvriwiyqpoaucuypyvyqdoiodqmfsjhdhcawiziaoj
vlvbodhuyuummyzksbqbvrxcwodqazvgililvleexenivjfxpgsflaiokdvuzlbsuoopczvaiopesoypohdocntczlttqhfvvntckrsptaraxpykowxiwpqkflhfvbkfznvulripdoikzrweppgrbzmxosvsqhqkwetxtpfkwlrwcaakoucswjfnhdxwmxcnpemdeqmt
piyqrqxxfcfvdpqigufbayspilevlvrxvobzmggqinhupgrswrufshmjcrbkzvlbnesxsaeimiyikbctcpjrxowzaooqusferrxvqbcwgbbufikhboloeynpzybqbjxvhbqjgqoxcjkrcmmnjxdmfaxubripbxnbdystbxfgshknyvubwphvhzbrpvzfpvznixfbynmr
aukuduwtwustfahnzcwtatyaidzedhdcmritiqzfevjksjhznyrfoelvpfitydqeaeslqeiqiopdewvzynfgvpymdbodawigqqylmemhklobyzqvkcrmqiccatwrndbtekanvhvdkqyblvgwgdzokdwrrzupqgsjxymkpepzjrvjbcotqcbhrrqhxwdwuuufjxsulpxu
rzllucxmbfgqxbjiffvanydqqwpnqnmveimjumpwwivserfxedkitlqsgrpfluxblehlxfrhaynynjxvtuyseohvqynksarkwexnuqbwkmrdurstyhknpqbprqfoglcrwjxiourgaiyswawvraemnqadwnwsjgstaxmwsgketozscvmzvmlxevimdwzrbevdzglzxjzt
tfasswzgmmauanxvagdjrrckfpkovvlbsyjrytvqeuotcxxbrjmkagsbzysbxkatxwcfmachoaltkpbcezfuseaaxyvcsnvelpfdoiurrguychhxjamerieysufernfzfjdyucqfdigxhebwikfqighcqloqileokpjokjuwqhfxjnuqxiclvsojntksgzophdcredap
hmexaebxlslxpnodcnnxbmrynuekumaciwntrivdfwdkxxqlcydbbfyzbodndxzdfvicihgvfwyyrnkqqaqlkawsfjlokgoebqnydqdwhtwjwscafmgkkzqbikbccyypivotvifqjofxzoayowcizeftossimplblsoostjgexxinygdekdceckeswtgbmumoekagcym
fmicmxhrzpwgmromakxtpnabvjjjcioqegqozweuhadbkjdjkgilhiqhjeokbivreioagbnocmaondiffwlnllapbeukuzicptjvbsahhtzsvynqumckpqyodmfxpovdskqyvfzxzufoexpipjsbwbwwisxbzgetfrjxsjpvtgufzxkbrxlhzqbpgwirjisykqzcwqfh
qbpmfgbrowdpuskdosqevigkxrfgcdxstqrfjaingascdlragzxayjqvufegrczigaxejfmroxekrkilxldhgqevnikogeedbbsyxzjxlzphtqgvjntsgklsmmnpvbvywjcptalqjwffjgemeycpusabamifierebezuyduakllygbzqwfepzyaukafklrkctdhldyol
gkaokvkajxlqrbgrqckyrkfporlqmcgqntnonlkyjvkliarnhcbcunkvfkyzatihnjbtwppwibpbwsxjrjcznzowrftybgaswmgafeeoaamaiubachdgioedlekpiavzxybelgxprabcvswokkzwrfyqsjoudtkvgwmgmclfjhdynuiwrnnvhbhdsdvfvptejjvvyosp
ytwykasaafflrvvxllplvhvtgmmhbvrpzpkcceafuipdwwnaitysdjejhfajcruklaxnnzywkjziakzhaxgyrjtnxluvvcoovdafvbsytdpqberwpzlhfacclmtqvcrzrpvuufwzggrtfzajqzhwyzkgdvffianjaadurutmdsboitnabecciijqcgdlvwasewkhvwdt
qyvpaxgnkxmcrrupfxywbcftyieeorkwesvqjbckhnaehrxqweqaewksiuyvypokiczvpsujcgvwpnewyyyrozexjcilzpaqgngdztnhlhqcdqcjgppnbwtpmnmeiknzipkgryjywsccferayjndgjurmthnvxlpyktlxoboifcppyozrhevabfjlegaenwhnuegcwvi
ryegsqvbhxcbuelnpzxlrsufmuvfbhwbupctxdysqezxwrmirbylseowlchodadgtpwzcyrblbtivmlwqsjssycytxmeamrlpqsnnqwstgwawmbzvpeyjululwykaaaszkvuildtwhyiueeykctnfpennaabumileqzjpfkgyldruomtajdegihlzxwlwwqhcmtijxoz
ruszbkbesyqwjijjyelhnecqugwufjdtablqpuwjuhxhluufzjhmecjbzcrpowgnrbjcbystkzrxjrfsaqlhyhhkgjzzkubhkvqhdkqkgneuzcgmfcodqffkgpjrtnwfunugdlztwxaqmolkwopwksvpqhepoojzxrpfqnjprwnvsiiijltumkpqnpujiwgvkchdohqj
htfawmnnksfyxtsnyeyuthduzwknrknxftpzrkckwuvvxukfkpnavoihigkxtdrdmluxhazqghufcbcsoleckenhmdrtzvdxjggfgxyvacmwpywetsmqgscrbifvmiflllefvjwgixcvoxrywxvezrfbvzntzqmqzxoxospahlqdpbbvnbgviuujczoqyutxzdohhovz
myunvjqosqiwosnhnknqjibdmbezfpjgosqzfrfyzpulqbdkuzfrmentftglkyvbxibnxlivgigcfybjpzwzgmgfoviqzimfpmuefxpnbsicdrtwlblrbftxmfgpscticjbrwaiuapnjyzvsapraeyzdgkymdhkjgstumpuxbyqvmvvwzeldfzxfxltptcmsalyxpuck
ywbedfoixjmzaykgdhwkwvjyfirukphuxnosmwucmimdxzvbuyigwrrwhumntnnoqmwjyhkxgllkmyurogxqxhylhhhankuaipnaczrllzpopmjjwadggwvcudochomtwkiktbyfvnpxjeysmcdjkhbaqvdeluxufgkjisnqfelzztzakyhvydwszddomqgwyitenkwe
owogshfvjhrgqxoxzxexkypcmvjywhpsttvniodnwegnvpbtyshlinunrijhpqumpgcjuomzchzmwjmpzrkseorxjoeteaznjlqbbmwxcvelylostdcxkygokmjjcrvibdstcgatyhljpqsljkjrrtrpramdexfpnmqpeplrbegcaqtdmcigkjrpqrdkcvndaibrnzyw
lhnsusgcfhihrspkzvntkbcrkyjkrpmipwpgmibriuepxofhivvpebbcsuomdjoliynmwsxyzqyqsipuhmswhnyoefpetowrhggtuvrgeteqcwzrwoslqfuggndytdhizrneowuawkqtweubwvnnfegqubzoktumqwsygsbabdrkepbaihrowfyqbsevfjdpydpgtzmz
fisyusdecjnnnyfulgwztbmoepmewdiamopwborgzygivkvtkztmrurmjcnknilabfvnjzpagsdiyjqahfmdycggeufgycltlftdfmqaufwrvvxzpftqbgyqitmoftppsrzahbxipdvrltfdqpfjauizmluzlnuxdkusrjfynqejrwcyshpnxxhpxobuaonvxpzitats
yfatoioqzkclsmnhqjszmswtektvgmfqegqhfkhffnxnylskmbgzormrvxlhlhymaegkmnixnqkpqwlylqiilbadriarjvmlnzmqtktkbgukoimzenspitzxsmalkxemzukhjpqugykpnrongnichebjpxmofaozsztudgdnqzynxhqhqrdvwmcunbpggwvoseeurlpq
mhwznxzklyvujarzifidujaqepynktrkbnogdkgptkblxjlckknqvawotkgplvfdfduahhrbuzdmznoyvyyozcprgqlhrornxvxvcsdkdobeufgvfmnhlztgpfizcdxoffkppdfmfrfpzxzatnpqoefullwhzmdodrbsuiodesktgtgsjhscvacnqnfltajartmksqxs
tiedxgjuziqdimazafmbmagmrxohocattskncdciedisqlryndibupuxgcopkxvjvjrqelsyjsdtqobhxemrwylxxsxdexeoxflhwsefnabsecztazhdravlnfqhowtkmhrylikfxvrmuetpgqteredstofpiikfuupiltltrtpjpyueoaqtmxfccmhnankmoevzkclt
wlblysldkvbtlbcqvmzdovxgwspeuwwyszlwyoayayuqjdmcgwugzfyxhkjqdwhrerhggzvjwsqjlxexigabyaxqaehaimglliezlltprtcnwrywopodkovdomkwhhkpawjdoevdbgjchrhznyxauswxcdkiomikcoljuirtkwzwgcuadcvsmbqqawvnftvhtbzbevmp
rxgcrqecmabybuhfgeqqadwrzqxifvniojsvwhjnskjwfdhqagsthbhjtshfpdonazqcprbklkyzpwkdbgsqrboszcpdybabqmprhecbniqjtibfowwlvlykehssgbkqdziqofzhoirazmexkruuhejrobulcbgmhliziufdimkvckzmhhowdwyvtqdzmfxzkprspbro
hsvypibqftgyrgycisvvixegmppgkoqygjugdtkyjziaxjeiuxojsxovsxvleuaolurkqmsbofamdgbvrwbtxnmpejratoygpltsogopqzkovrjcalvdclerrdxvkxovsaipkwtnmxfceoxrkmnrfnxtpofnxfcgncmfudukffoconsiicreftmqqyvgzfmsbbynqfpa
ypbedkmdazfyduwturwjogcwacedbwbozfeamjdmjitnrdxailjwzpxyfaicwmruznsjftbtfgqdhejsmvuybocacusnyqentlyghybokxwntwzehilnesuurykyyxyyrbfpinxsazwxfbvuhajmqtckbtrwlrthakralxvimuxciwktvzuosqwwurmuuwkaobwonvkc
rkrlydccmrgpyeuymkuzjyriihvmtypmxzhumqgkivhaptjochbwulvohnvmoljatzjdyykqspuejofkldlcoaezhkzdrmultedxbrbfhoxyaaknufqofgminwfffhvpkghdynkjvkfhjwvmpkyjbnavgltzsyumfhfwkydmktmhszrmpsnelxhrybmdzpwryhoggswf
vwyvomqvcvjrgeotaiiqavuyuqdqeunhhqwoqnwznzrohslmutodpmwrmjejsccfltzmjrrhiezsyjnfpgtlwngqyoauobpuxcowuokbleistwboetavmgokpbdbkquislggnbpvkzfqrimwxjsasqfkpanscesshxtsqbdlsjxnfwprovvxkyckxqjzcgjcxyerqauz
ubjadvrgytdzdwvyvjosoverjolfjxthwcazvfwelxjemzqljteinvvyejzdjqjdroxtqgvnenegsgjltotymdfuqkjfujtbokdzqfqsafohjailankuywntwanpxlcnajekbzzmmasqqrlaqqguvlcrlvmobvkmmzowxmvrpiocbybygybzhqbvmevhddnekuqtpasq
moifmlrsxtfnwfejqtnsozrqjyikfhadmlxogxcmfhmlpzbjagzhxufhszmjeeagqtwggrgfqhxtmpkvgxgnrwusdnduvrfeyuomtetphmdwkledxmckrrleigpwvefdsxuwjiitxgojqiseuqokezpltoakcqxrbkkttgdlnysmijmlvioeazuoixtxeapbyclhvlzi
pdsqnysdyzgqetkoczwptdgwyaianvlgdiztnzqewkzhukbxkzstgjivbugmqsnssgnpuxwrszmbuqdzzmcbxlqanzehhfleeamrfpttuwvxfckrrlqkauqlpkgvvtrqhrnewgiqcnluqlyxcbcnqlzcctmngpuiclwromkawhrngltykcyxcuddipefpmrayaczenbh
swkyjmdosoernfcnkyqxmzonhzcobdaybwolwbkldmotwfuubfmhtqqjxrpzqocbqqqqldrjvvporbmqnqrtfoomjtgakbshvpuutwswiardghtebvxpoeurlafuwgpusgzmfenujkyacqmndraggqtoeoasdhpfuupanltwnvsdwgpibnizugrsospciuogjmcnxghl
hyqbjkgxnafpksdzmmyjeohvpocwnufkmlzeecrzqknnvpplkazjutdpchrxyqjpcebwgyldhygscxcejabezwmushhscqgwltoiiuswkrdmokkwebhepolrowwtggvsaxemqxvljkqbvkpsnlakcoallxlnsdafdjweojzxcgesztudqlkdnizrvhvdhibvvkosnssz
zchxlllvrbqcdcyibdibwygxtmpdvnzdphtkopsabotdgwmxezopdwssfpdvujdiictvepuioebmrqexcpifnpmqycefqwwtitjfpiudjfpakcpsamzkcrwjhxwenqfwggegjsnrctpzbiwxhetcsqbcaoaejxcbujravtswvuwddqmqskqmkqebqdrnizcilixiqies
wnhgpiiahasfmuirkqqavthgdbmmtnxasqmiviuustebxvvsvohzevyveawzccitftfuirozvnqgaajognlwgoswpupvnyvssjhqwokoycrfeobkcebyhofrayhzfmdyetwhaehvuxbkjaxiktdfjbjhtjbtzqhiqodblxnljxjoniqoqdryxaqisqytqlodekzmerxt
jcnjphejledidomauwvbmwqdzvrknmqddmysvrgvyadjoipfzlsvhclosvdbprjfikyptxejuqqfdymyvyszqnuewroptdsobldcxedegxpeqoppekyssktestzbsoyldqmpgtefcltourbwqzrssldheppehryxsgbpicfsvclhhdnpsemoiegwaxzrsmkhpmvmrdfq
veweeelzrmrfwcokgfklhmeqxbtvqitomfhapgnxlgzmaapchdeeibrhjgcotmeofnydmfiwpvxbfgjiqmoabwecscjvqglytfslcttyzzcqelfqeuzztryzhzlnhwrfgmilkfqtouocndpyyozncgsteaxbrcwfhpmadsdpcctiqqiyvvsgrkdrhniapufqjbgrnrfc
wxrrhhyjeghxqlepefnpzexiiisihksjocvlefymtilovrnwahvuusnzmqzywizxxsifapfgzufjyyvwsswkaujtuvafhzujroozxzafhomthyrgjxwyuvhrifmxayhwphxlvhezqycuzyvgxujequbglqsutuunydduoovwqturwscglbezgoblywcktqoorjwsyzpk
cyjdtbxhmyxntsxnhdmkzwemnaipakfvgxsfmzqxtunusezkeoipprhhgcsrgttpzkglwebjolbakvdwvxxkisywvbycnorlnwcizepyaecgnvzqxmprlpddzmkbfkxanbcclqgxojvcsmcrlooqxjyajqysnysazboefqkcnhjvzjiqnjeiusaqmjxukwsbapecmigk
ylhvvjvugoymqnekdcokqhecnspetcufkyewynlbvdwvllrhifbqorzbeqytikqlljzxhdqgwzequwanlvexpgbitvqprggprywpkczdklpfxjaxyljejzgynccrlyzurlbszcwepmqhkvhheuxuhuoacpnxetfsupjhryicztonuiidxvlkclyryzyusibobhiydyvy
aeleqbozrbgmdzdxyrmqcnnseqemumjzjvqjzrxhylbebnqnmabykkqnbdollqhlpqonkzemjfglldlzgdjlarcqloqmcqxtxekhrnoaqsuajpkvkqbmhdtolswffjcjmosdfhmzyzgeipfmwrjhagzvvetepmropmnromgfudlshmclajbgiitcezygsogeyqrwkafq
kwskkihmvsqgnmdogprzunbzcguteyuaugdjticcsfjngpdqiijzpvzuffculqvzlwydfrcesbghduxxopicqxgydicmuzutrixwebirixweedmuxwgazydpybuiwpdhfqkdaxhfugccyfvplgtanmnriauqqwqgqeaisaaytigaxghzmhjayoqrxmdowkxuitxwyjdb
ixysuecnyxuhwjdiudpckbafduecheahqizlrrkncrzqaeahhmafshryzpvfgpiuceqnwiblfehmieouhjmglnvtnrinvtqakqvaoslaumuwwoxlmqqtlyilzlrbyhnfwbukirkjtunjmjdqnlyddcuajbnkrsnpipjffiisbqgfqfzvmdcwmktfimfnghjowgyypgze
zhrchyzdwwdurbadoxypntrmkziykddlmziiqgdnmjdeafcokpscgztoqscadnhrpzigvfkiespepvgpqscdfojqisstiscdnqtancxlizobjpoynywfjlbetcuyrfrqeqfivhjitclaxkdppaghagehbaijbnmdqspvhkclbkxvrmakvradjahzrfivelwpxrdfocdq
xwtgmwdtowhkugzcfcoflqsrzqcsitzjtmspttaajakscjzdhzbchmqrirfuvlodvnyntyrxatqbmqfnqlqkjgwkehruhnvwiezotemssundeywhhiznejgbolbveeichjxcntitlyhxqdmlhtkyhijhhabsoibkuyqmqmzwakkyskjupnzsgwnsrgasqsndjcbjdplx
znvnejqyylfeiixcrvbreovilkoyitfuxnmkaxnmwfzoadsxzqwksvbhbwqgrxjphfvsuwxtpubnyfurxyklmupopypdjghfnfcqhokhxqcrrqlfavrhlzhzroifpyjrnuxoxcqxssvtpwkqghqgtzixxmmqphmuhwhasjuncxllgxhcvhjxtaszuruycsaqkdyihsvl
hhxdhlwdmljxoznbvqifbeficwjiixvepothcavxkxkyeifdotpczvstjkdlrdtjtzhftvnwhtqcehqjlucsbdevnyjbkxzxvtyoomaabiewwfryjgnumgkotsbqwcrowvwjetvltvjrmvlwvknhbialjtihbsuprxwdhpzzoiapoqcwvfxxmfalpqcascpkufrurtdj
iogfofqgvdikvamlzteofxqxuchnuccrvvwhvginmisucwnuftgqgdshtyqyijmxqkizvfzmcfpsblmyhmpxdvykahmzbtszkoisdwkklzqjipiraxxwibzebilsrsxqzzmglfjfnnybpirwhsujcqdnbuxuubgckxfswsorsudffpowffalgvqxkyxwopszmyjbodws
yxaaugpevgvbwxxajwtymggeurdreyisflueyyqhjivrxvpwpeoblyyujoyquguztgukmlsimnkwybuwuyqlhfttwxodyqoyqyninhxkbhepywmppteptomenhhcdlaryabyontuzkzmwdcwrfuxkjzkbrppkleskxcvffiaqtwicjcayewwodbkntwhwwszdyxbmmtr
rtyplubqkiwdfbwevfnonaleajcmihdqlomejuswqhcxmchmsejhtvmwiduonqqsgkejcqndilddnlyjomsohwbzlqczikjoxoxnedgalddiavlrgzjrcidytgarjvodmottwhdzkyqakwzckwmwcjkxyxhmydjudnbhytjppcqygpssudcyglkqdgtwpqduzrrzgcuh
kzghrvshxxgiwbteethshulmcezyttzaqryhbmhyflvoplywuylctpbkcealozrkvkhfcnvrdvpxetzsutayauwexgfukdwapaenqepnvoftekxldludavogoelcjvrgmpteswgqejbjjnkbhekppykwjrgxrewzdzrldsdwohqsbyshxotskljdhlvsepitimsjkuzc
esjljqajztrbavyjxcnkrraxyplmxpkcubynjybaorngxkszltsgcqhnqmnrluumqvbrxsvmfnwrgtiqevpqvwopwgbuhjzhbxfutvilxecjqqbyxacwxzvjmseepwhfobsgbvstexypsdqwnpbrgyikyndinpyxageowfiucwhxlvquoqatkdhkjzxuqtyoqstqlqny
eiiptukincjmedcqnffnjbdaqswigtftuuqndvswhujcwjdgfkgivsunijlqdcecmotadknlqexmxygflfdtfsmfsvjcqnvwiibrwykjfrybpdtmaxoivbyislbgvebnwitttyfpaaybkgchczgxdqiwdifmxrocqdinzdalhyzftvpkwwqhvrhsktpdqsuhccmkcrxn
suetceueuricxnpdfobniinqkhfliuzecswrgflehwnwlvisgsvrniculqmhahelrzajfcwdrbrkfuehgucktfawomoalgsdspbublyzyioowywppttoatiqqqrfgzbyktfhuuywmtazbqirpidkeducrulpkkhwqfckooebphthspeccrfzvjviombbfzlwhwwnizjb
tmcaxsluiadymknlvbvugormmsgsoeimtxzcaszzbmnnavovczuwzdkpqouanokocmwblvdtbyvmftwdvamaolcppbwnwoirdqmzatboxelgrcxommzohauhfqwqqdkcwemgdozlwidyhjbmwbsrtuuiulvemqovjxbzdzpxnrnljzbevuitqothunloywlweryjwkei
bozswthccusztjdstjwvpsaoeuugpnublaeyhxcjexhiwafoxriogmymyhlgmrvxyvfkqcndlbzxlavoowwmddyfmfdmjfmemhxgbqxrddfflzuzpdujnicfcnaidjvrscglbghsatktscsrtfsqhfwyjvdbevkinvbrebpqkedayjuochqtbufempgqmtilubrfsdtu
prdvzrpjaroljpowyawkohfctxcyuxgxncemibezrcrddgbuaccuvqsjshhfkjxbfzxfqvcefnooduiyiryxqlrkocarxdsnpoymjnuuoguvrkvsrwxhxvfhwurfqmskhbsxnqfqmklgabimcewldlmgkktgkntgllzducvmuwidqjstracwqhrlpixhmzpsermqinnn
pxxnmpakjtaghbrfewhmgojdgllhjfkniaswdjpbpnbskhsutcbsiuhcontgaejkhhisqcmcmnklamsdkezoucnlayphgysifvygicvaacgceqrywhvxiwsrzirkcbnydpubhmvnckdaiwfcurfruvsbfkwqnmrcnpxiairuxrccnacvzdblrdjuueyqttkxoohfuuck
pytjdpvfyzfhievznetapldaselyybnwqimbxtnyphugsfdjkhnaryayrssjbivtdtcrudfxpbjlrcouvroyqmufytnuvpodsbatrxsjtjttdngbnexsoscufyxwzpqnmfrrkwddoahanejmdmwbxnpuwvqvzblguxslfswrazqwsjbxocvfpsigxrdckhofbecoihxj
xwmegeuleqfcosgcifnombqnkuxxgbrbnshdfrnczwakoazexgoviiujfrnyhnazmidqolfopbbqwtnksbpftswglkvxrbykwtglkjdbyadikcdmcfsrbjqjtmfntujjydbibvbtmsnvkbpnsgydiaquujqiaukfvemitllfhgrmptfmoqffegoypmflqyncskrjeeuw
fhkfptpbshguzajdixbfkoavzdhklotvycumxwvqzsmwliqeerueeqjrhxnaoyyoubihqngnqvsllzqyibalzbmdnixdbspdfropwydmpxdhuujnmserpfxlcnfsmzirzdlghaufrhbthejnsjwtwkbdgkrbfljdkqxwercszskislawanncofobhmeddxshjealrqdu
lbpafpqmcorqvrqczdmzvoiyahrjwdmwurzltzqpdexfxriopzcrnjkkpdwebsbbgqlkjbefiecqvghgxvvqzxszpneyxgwrxmcivqusiyofdaaexugmtpstdggojaqxdnrrlaqbveduvfxbswjtydkfzqbykdzllzrxcdhqjnetigierzqoabsverjfgywqeyzaaxqe
laxhedxjuzgssexnjannfolqllhucqtalqpencieuhwmqxpyiasbdfoqogiyuzqfcvvmuzxssbdumtzlmimztzitasazvecjahcmnaztvkzkhfdalkwomjhrhpxesdesmyedvncisffxhopuoqnmciwqhurznpbvqnprelcqmwbeclxvmcbkwzpnoxjhdeqppvaahvpv
cqvzwreqayrtvmtdihaukaypvcrwyfnrslbpjgvledhsscovvuudejbugbsgkcixbhgaaakwvsrgmtlwssheqfpqauldnxekbpuqbfkvezxfqpwghufkbfhnfdfzcwshipjwadbqukookefniikgqgbeqceqkstbvlrsjbsxbdzaebgmpfqomgnaitxxiijihmicxfbw
qnkckfmwegmqnfneaqsgkhahotxcsmadskmwbmsmcxniqchhmqwrjwqppqncvcstwrmvrvilrzwxjaateambsexoubgdiwojybfquigegfpspezsctgatcbtikmsojsxsavtokhywhtkypvihwkbkquounrpccytdovxwjzwxjdlsbwggkghcqbvkrsxfoksnqlrhpnf
jgcmloltbxkbgsjondpuikmlycjpbwnxclwifshhosbzjybflployednvhkalgysswaqaywowynpreeazfwhptitgubjwutravcdlxexgiatnveicdwgujapohohfaipwpqnumneqaoltdzkwjdpafhlzhsovtatywgjkjxctplznxehynohsdrynjuehvbffzujzepz
eexroqkghouzejyfkoupnynamcdhvqbtutuujzwifvlysslfqqkdmuuaoxfrsauxxuykczmvzcqqgbnjpumrbcmypswogiybkuxsapbijccytglqrpbkdvhtcpxqhaniwdxezhahspjdocmrdavizpzbbjbtcmaaavsuhsblzfzvtrfqqikhnjwfojyebescqkzfrgis
omondmnrbgpnoqtcpcpmbohgrnvpoonscqlttaxbuvyvkmifmgftuxvwepasjvvyukxdzfujvhtpvdaoimhoqpyjeezogxneitwrmdxyazoxwyehktgtjdjazufdxebabrpqawdnjiievaqtorixpfwkxcywgswupiehtbhtqmzysobqpnuhzxztljiedzyllgcisjqs
uuhhceipuvsgeiuxnuschxqfcnxhknvzetxflubncjgfjxfzknmjsizujwzzcionywboyentbvllneqspdysyxvkixqhxbrqreqrarpsipbgelsjdxjytjqstwsnskvtsxmumprmcqxjjmkywphjfhfczdwnwaiuciwderfmbrkzpsbxifjldmyuzxptqrscszkiejaa
jxzvovebbyyyjajfrvwcrswztqzvjzwojbgbsvqbewpjgolkqasbxzfatjcxypvbhbsjhmntgejrgvejpepqvmdgypjtsmdxkmwcrzlvhfqxzpwkwceanonwsogfnnsdvprtvdujvkdtciolgededliqeoaujupztqmfrovlzhhmhdmcvkepfnpodtecoeutedavzehr
ejfungykavohankqnjrumpqzujhcjqmnxfutipbehlhqjyitvmzedhsborarxmogjgkqtitdwepgebezetlirgwtggndhveathdbswzhbvprucmfznleoltjcqcwrkfqphkygcrmezwansdvubjxzzxffcfdlqfatabwqvixunrhherxslgarlalbgvromljsckasgdk
vywsazsuesovkiolzpmgglnzagrwdklzukgqgqlkexidejtogtiubxfgbhnqvbhgymrwwwufibfdktkzpstapyintlbjhnkflizxfsqsfmshkzhislrahrhlfclepnocwjklesggmwtkpvbebmqhndinbfdmlkkrrhdqnuiejykzuifnijhcnampksbgjgvvmhxpsnsu
qsyqybvwgwvinnrfmhehindvsqhxjglsjfofbdrvzajanqqwddiylleqdyvrffiljqkobekxpeoiotgzapprhzcxmqyafnnolfbyqjzgxjzmnxnhwggfkbuksnefdgezgonrfhorlsczllogstsuljlqgsguymwrexxbuchtyeygiqdxnusuzsjazguhhsajiccdpgno
broapwljaptlqqnugmnwumbfwvhofbfjfvjgnvenbbixsvksscgyexfsclwltpgfnajrdgwloshlxzlsjtlfjhglfgxnkykukvwvjxagqmbxiyvpkbwsrdhiefhtarjlsmdazqgtahgierhzdxqlnetkgtqtcjdgkibvaxbckzqvhfhbfeqvoiffxmebsvktndctfxce
dctugszmnrmaiqathuimrutlwbxslntiwoyxqtxdwijwmpbpmeoljklkwalcezpajhbzkxxankstbffvbdqztyiihoikemhcfvobquywciahviwlbuopxeayktfxyyebzyiufserkjiebztdbwzwjpojkpmlcmtyoxjdrttvpmhbjbogjapzlhlgbgypnqoudvydfekm
upiijjlpqslogatcurykpwybbtaxbslsgpgujxlghgzieizwuurppesgujmgswgqfapfihgkppcomqfkkrzrepyyrruljdalugwxijbgmtkbaqdrmvcxyklfxxezkefyamfdjhavvuluvdqklreatgfxaedzzqrlerqhsjewmgrnpapwrqjgkkwqlkadtrqnlnbtqawb
jfnhiivhupnjkorrnipsgvaafqtreelxilghmpntdtesftygtnmobxirnzfwdbovcqjpzpqagggxfhbmhvypwnornejwkdakgrsxbpocagfhryndrgpovggxjjwhewacetgbuutcmwnehuvynvpkwfuqruhlnbkrouazdkcdfkvwijhmechqfswfeazzpgorggxmeokr
mzxurufkihwoisseyucnfwdvvqpixjotoyzpqoqpbzlosobuaammhhcjvfgbkhsxiiyeaucxbnsxlohzglpnkotxfhzccijvjrrxsljwychxrrcitmetwnwqpriefhowceamgvkmctflyoaidmvkscdobeeqeylvhnwchdgmbihnjmbdddfcfzshqbzswfuolulgqvbu
kasalbkmoocvweygrbneiqstgurtcdutznewqzuntgiskwmxmmicsrulmplwprlqqrbgculepeofwkxxoenciflfjmnlvtfdwsxnxjxjmfjcvlxnriqbvvjtgeuhbfbymgawaudylfbttinhmfmmxsquhmcuuphufiitzmuyhavauwlbyurqkvjrhblofglbiqhyrovx
hmrryrfpzctdrjaqjadfosefvcfcmiubhwfebpmyosheadmucsxpsviivhxiyplnqsyxszjggripssnpjwrkabkitngkehtqbppertmppsqmmvwzivaxqxvgbvvytnpvbvxjmyuzsxyfxlfnknokttefesyjcmivugemxmhirgzbytttkoygbmndzinfmacpvmffjwow
hlzejwpqoabxtcaizvjrelkovduxeduasnpjptfkpkyqavbxuxezjkxsycmslinohnvlxrahrikjdnvfvnxgotyiqohguzjontqkmleastvqkofmhxrftbfofraumqwkesilqhzxaqpsknhjpcemkeazetzqvungapechzpbufxymwkrygohwolmoioknlkqwanstqzh
nrntcczckkiczuyrxnzblwuvfxmlzhpdgltxyzctcrvhtavxhtvqozxrgkqqmyntirhvhzfykvuwchlmqfkcgtpbbybyxnemwesmgnniamkjinhaefrdcjtaygdxjulxqecwezdvnvdcofrnqminsridzdnunwfzqfmdwbjcixthasdgfrgmjlunmukfxowsryzugiuu
zvbqebscckfzxchwrqvyzgxtzkjagglxpbatfmklzaduqvmkmgjazphlhywokglkljhaitxhdxxbwrykdandicxmbtqguhjkpxljznxejmildaskrnjgtqzznzvtlbxdwupluftezepsgssdzdfcsykewpiwvgwsnpbhbjigpozvmxxmpaesfqigzupoctqvzoefotwd
xlcwjxvrafcnvlhetrtffbbyzxyuuvvqumlhmsrotdezyacmgaliyradxxpnsymnyqvvioredvvjjokzgexmlljtduypdfavlzgghjrsqxygaycnuhtqzamvjxtksesqdgulycrsgkpgjeotdthhzmkhbdbqvdprwnioxlgcscierermhqaqeruupedlqgugrqadtmih
spxfmfyluhtbkpsczaxntyjsgwxhohdtcbicdizxavmbedzigyffqziotuccypyuakjybxeynzxwlkhtdnnelfqvmwcfrfzdwbwgmxrbcjkpheykskgogoqhwlqznglxycmhikjftgljmrgjvjqzfesofaubdjhbyacqwqgpakbaltstupfoxctzpnbkfueyxxitgaan
tjmpvionfwsxoumnbmkldoluefdpkxxdgdeumhzhmcnyriiyhycrvjczmgnaovbfvgzvgsnygbsftgcvqbqxsbgeuepkitrrslsvcuruoqybywcizzcrjcgcmadrvzrmdhcvxxzypqfrlmxyhapslcgyeilmvyshyhpmuyjmwjzpinlbjcccbfdsprjhtvjcigfeyxvi
jiwwrentflnrjflvthzmaceocxixyarymwelzwqfbtmprykplhcjaityrhwujjxrzcxxrynmvqcdeyfbgifeouxthwauaevueuflboxjgzdptynqyoaurccuouycwlpvkdeilzxcxwkbvtgecneqmbbclgubrekefjiomvavewymfvkqmsvajvzpebmwlzkkslajabem
bqgecvbnyzboercvukigmwsnftgzsntwqvxemzznqchewfjynvllwxmlsaszhguvnkcutyuoyrkdgyoqrgthnqpcmhlglylngcwyyzblajfpfhrvigxxrmaiywtvmlylqxbaulsuxxvqqtzkszkhetvydnmuykcoinjvsafsuhfglekyvyyzlamzybvrsiamryuxtawa
xyzyzqmqbqqnpqduyrcrspmpqxshxcyavrilwmybryvuayeptbekmiujdxcmsphlspbwofnralyogengubzlnlxebiyxffguusqsehtkmxrnwklseqtkqjprxfomcjvmkwjqnayajoljjvbsqycganeozipcdrlvzyxlmgtgzjsuacdawjqvexauebnqcstwzuzouvpz
fckedwuamfaacgdrsgwnudatlhsshbkyducdtoiefirlbhyuqkhiadgiklmkajvspojyrkaavqhbkrxdembfdfsvmsxzsqjtslulpifcqwhourkutkzvhndmepczezjvrmmllicgjyiplhtemjmizntxmgzruluuyrmxcwuyvhzhscrgzycsauofbhetpahohtukdvzb
bjwrkfotleifypsckkgxwaqdukchnxgefrctdyqleoxkvjyxqoxyscqbfvofporghblcsbgzmtvxqfttbsbltesqshhkppzremzgfrahwxijlgvosyuspboeyotmclvqvfxpugrtjfdrnfzpyngmgteeuumttcdsopcogdtlbcyprwbikdorluwdxvcboilsadsmnydg
gsqdvayolqxciqzzpxmtgbikvfciagewgoerlsxvltxqmbwgsibbjkazskypwqwfxeqazelbqxapidzowtsjpjvtpwvmqfghlyyitciwerwqwvcwkdxnsspylclloprtasstgmgmarmcdfujprtjzkoiptavvztjamfzovniapupmyokaimwzkgeiugbwvndlutajsnt
paudttdtzjzqxcolgnbebqmytccgsnauvlbbzoxqgldsqirkguenwkiebwvestlniujalzhaqswocyrxkdolouakqzeuwadmxpbdejruzxkvuybpauofamywxsiqzifwowmktwrmzmyzptvkwejgegexlnhjebnluztgmbhdpbhhnhxknftrihuundjmpciiudyghofu
qubkgblhudrajsoupiughbojitvpdopbrvgofeaklkrcprhcqveyejnaddsqxoxcedjzeltgnhstzijokboyirolaizlaxceyrxzujfkjyfhuurspxhrclcytfrlfqqagxbxrfqovhblllnxoqqpipjwyusinfvidaslwpvwvgyzmfkaiydzcgmuoicwipfohnecruba
qxfwvyjdckntmqlphvupmuhoagtqgxbzowivmvfviookbqanfitnyasgjoeppbperpttqouhqtspnjkbdjlugsgofdrlkzmgzmnlwpueysikeeutbgvpakyljkxtvjnvuaqvwyufooorpfmogivfxbacpkoeygnsfueghulkaxzciwpqflvjfsscdnkobvykdnarsajr
jtccqeuqadlidsdifwwgzdchyaxmhcqadgpzqwyeogybyhalpfioacbwejxqetjoxpnfqzuogoxorualavmzvzzetqovzphucnwjmnezpksrtwwstvtirzbzouesvcklayobrmbgnonfbqfwkxnxxrgpqmxtvhpbvpdwzlsbfttuawfvotehgqtrilibfplowoyjysjs
tcmievexvblxkfllanydbqpyfjksteovswpszgpylfeoihutpwhfewnkibkuhbbitesroydwatcbvpepzqyymlinaqgbcbrlpdlccgtzpvtqmjbxuumdyoxxiddwsmbltskyotlghdcqmqygzhjxpijdefkjqdfoqhqstclhdtsxpwhbrgdqbmcycidnfpnbtxdqefkl
gunfowzvpxjtgasamsmjeyupeiwrdelrimmvkmzdnmegdkfsutsggjifezklzzdekoadlysuckbxjhstnuhzekmicwykzhxnwlsoqtareormvvdsjqpvihnqtciratxrsatqnjoxnxsyhczjwjdnrnivujdcvlbrupkcbpvmjgtirwzumtxdlclmuzizqvgjyakspffa
lspkqlulffolojxkhtzeujzmortnldmkvouxikvwkbcbhytmseqqgpxookgfaobmyydgeicmbvcggaqyixgjvlilrezvxbujpxuejuwbqsvpchjdxmaulpuwsrwkyxhmvtpcrwrcgcdbqzrwseyqqlbcgofkcmyqfagouvouqftdgfqtkxorfxarpkvpryvmvebodzwr
lsxooqfbvopkfgdgsqatabdbrifipdxkhudxoexiyrgrkggfxcbiccgdupkqqugrioeamzlncnmvgivrnirlsvlsdpomnqcudgzeurshgapaokaekyvaqgirckagzrknnobuxdxgvnywaillnuirauscoovcazertbmulcqtvwvgamxwfqcucpxixhknygkitmouyxll
smtqluutjqzjxsezmavyknbkrsiziognbqwyntsutzwqwiooupfesquzbthowivghlvkdwsxnvbdsgwicvrnesstsxhchketnolacmwxntqkvqetfhwlwygladyzmeftsywphtbnhsqoahmhnjqxfwdnknswihryscgbkjojwasebziwdkaqugmhwrjbemdcfptrwjds
mhdjuwkhitdurdpdjflaudrsfelzwnfffyqxqzvpzbdzssvbjdkwrgqgrrcuzunwvrxoudzlujhnhuqtehptrszjzjmyxjhlwltwuorcaouvxxgejelufqgyzbyxvyixuzttivotzitidsfutjpctpcsnroyvlxtbsdwopmffwprqpjdeaulfqvluypdfczifqipqvcv
nelqlnmyvvdmpoijpkrhtskxpjscxnwosgyactjeaocsnbmyxposbkoyxdusnatsczfprresfftcuxmaefaulnffcrffevbzqnbbojjuluskjcplruglswzvajmyyyqhewpvplbtbcodkhqyvzpeksspokpjpcuhswbmgunxsqvtpudumvrsbptfifiryotntokzknkf
rnbrmddahdlfgefrbmfszusxcthoxielprdohituvyucmvuykpkbpmrvmdndpddnjpmcaralkjawgsoatdjwzvihfmkgafjefwvmuwgvksfhxlidqvcgxfjkhaxkclbaefynuseexrfqlsiqujkjidfiewdxrmoeysuvudumicqzqvdvghltpaocvyvgzkrsvvwmatyk
tynlqnxmsnxxlpuccvynqrunzscdzoaekrdlomuziztqodatoxkhhqwpndivuwoikdyjsndicrexocqcryiapjkmllxfrjifesyuoeayvmxxtuhbqrvulsgxoukimkvglokpysilmstwldupoujnetghkjukpmelgopoumcxtyvwjzjymomjldogrqqxdrcvxfxcmmfj
myuztqyqbyjwmbsjfndmwtxsawlmtkydmnawvedpsbejvbyidfbmuerybhtayjxxzvjsecapglifvteemmzdyddvviutarzfupcrbnqxjjbvdwkdsyiurmgkdhlemarurfiwcnunbcvsgwgwgkpajlokranuyculqlugvwpsbzgcymrdfsdoevucrpeuowxivnylepti
yubeourhndekwvjowmthgzpnmitgmoiahlniosctkankdtstvufiwfzjskpuagpbocdeaapevsbpnisgxiysapnclnnoxkqzswdxnskxzuimwopcfncihrtcwkoupziyjxysbkhxrjicgvpsthgfrbcmnyeggaakbifpgrlakitwdxgycygqnpqcjsklfcnnfzfqfbpz
tzjgnmlkxbvfhoknrralhsvlbcpgjaebymxjkgvxjkruqjmbjaxmevjhndchucryphwydtnjxcueqjaoziwbjnfyuifzsoaxkqxrotrfdzxdqeswucjcewpyxjrmuvdmrygjhsvbxgcjliwvullhvpjxswqqcqgdpvijpwibhgputocyllpjptzejufodglupffshbbj
znwgdphkhfwtnzjxzrpnmomgondbrwftpkmlmugpqhzkfuvmscaghjlojxurnkdxoblhzjaesckaoqcklnirltfikbqijgkhheajchgddvdkdiqqamcsqjoycjdgahxlloekwvwqjwuhwgaopbhuecnlhzcogscaztkfiruasdbzpbyclaszglygktxxotfuttxicibu
oolasntcshztzmqjmggltmvoxxqsokwtkjcrkqfivuxniwbdujupbamsippqoasnavnwnktkkmzxfotyesjtdabuqioeebkvwtusxmhyziiuppxgckhdtwgvclaiedvifcbkevgorhweaipnvlqdjxsecdrwetzcqtjvgcagbpgerjwgioaeupzcpuopzsejigvndmqb
yocrbxmqwkjkpjpotjijoerpmrjdijsapuazfrunemhcrdvyemgayvxsusmudjxobivanhsyotwvxlswpuogmrecerreachnqanfxemmqblbguzwanusiomvqdedpsmkcocqduhnjdoratfxrcpuvjqkrvzcuxzupoqshvjdfadvfcmasutrnqelwgckhqgfxtdphbju
qvktjtngdmckwrwxrstihuprsuxsbjzzmoadmpcbmyrprbbaikxvhnzetezakenohoshjtuxvrlzozgprktinvghaigybgovlorruxogrcgdyabqktohfbxnbwnotqowlfmdnxtybeusqnvzpqpmhwnsucxiigrqiqavrzgzhvloshnpiexjrudebzycgleyvmhynqji
zctrzdxefesrtxxvoadtzehrmyxjnndahniafeuspjlyzqsbsdkgvjflwzvbcioqwvqartxidcjneyayonfyzwixvevszdzzqjoblkzxktaqwciqdksoievneyclxxmikejsdxjkhzcmpubejyebigdxndhdjosngtzlkudohqbrggpdphjlecyvtnjcynnzrftufmmm
qggsksiedmjmorpgrdsasgdcjglwggqzyxacdoodnrirgnmxujjxlrzzfcqrfttomsuvsinmhkhokdskucjxysmrizwozrhsdwisopgrnxxmelhkgynbuzzcadxzhbmyhgcpdeugixctnmnoydwqdpvwhomubrlpyxabbkgqvxaigjfrepyyogsujfludfeavnyxfokf
qdzwsxdurifbgccutrutxbostwgtpevgkguuwwskxjvaicblcblbpsfzeniiadbnmkafrukzascpaydmzfsjhermmymfytvvbnhqkvvlailyvrpmauuivtwcijwggjlnmjbhozdylvwgofhpvqmgiytlzifbroboawcmnvbsgkgtmbyzyxutolsouwnykrqnowgvejnx
uropefdkitnwhkowoiqplapbumrzmjvbwpabzfelaukfjkipgkbltyboswdqbqwfnyjnlkswxpftpesivlpdrmtymkokngcuyerjhmmgkvhujjoxzchwvfwckrolxofyelbyxkqppvbzwudnbbslnhnjjxhczjueamiegrjftxbjrnhmizyqakgxsecpbvdnbpzxwmyk
kotchqzupesaatoekctdmglrjqwuylqxhoueuutrnszppgacagnuxfwsrcbwrpyvrqynmlzbuhzfyyyhjennapovhlicemescqrwtayocgvktcqmakjmokhcsosgrypicdnwqcpccnfffikrbfshgpctpkwxxsfmtmfzdgdiybcqrpqmhetkyefyffbdfvesntkfszqg
qdcexvanvknrfwukxvxrkwpcvvvhjfuxrnvqgrqawhlquvogskpcctiorcxolwzynogmpudbregwsftbrkxuwrsaixwxezhlnyvtrxtstdzheuztcciyhgkwmkaqdecdcxhqjbzylbkzybkpsvhmodbowjdiqkznvvciwrmplinbkxqjhlrdcnhszrlzzapmrqevziau
qiciujczskfyqgmvtsjrdjcwczimffqhojoenfacukesfpgbxgktywomdmugdlunaqsbywmblylzbhswzndxghmygmtxwznwmpwrudfleldspyqbtirkolacaurqmqsvxqomoigmzkoitbmidtpxxyqvksokuninbyzwazcowksufnurifdddudbsydlivuhpzzswnko
uyrbnfvdguhghvisablzwtcdcpbgrdfhehhjfxryotudbgwqqkfklvrlllkqnidlerwdtgeiaahtpljwhbquscdwfvvnftxuslrfpfjbgwionshybmtkswfsxyhtqefdfqthrfyjwxoqkwdhoxtmxsifvkvzejzyusgwmnapmcwnlnpenujocanyaimzxtrqteaadduu
eumistcxakocezoqgjwugzbbyvettjovkbznlgxpgihhojxrilmtiinhwjgcnqzkoubpwgzouuleyrhuzkwuoufnuhloqjzowphxytnkquhykawlomzcpnqtxupiuffpyzqkundrldmpuyvsqmnlcfwuzyskjmcsqocdzvjwwexjpeksraqhjzunpfrdaurwkftxdnyx
sgvqhzyoeqcltibgaqtfqracifwvlafqhmptxkjprdxrlexobkvkvjshcbuxnqyzhvgnkscbenairnpuhziqzvumrqjlkkufgaxpwlsktrptkxsngmglkzubtmcbtycfuybuhkmiqxraekpqdjbgbzyewvzuzwcjyjxgyaamjsyplsqnuhtoqtoripslemlhpjfzxeuc
ypfgwkjioatufncwewvuvhlcbjbgkxygyuxohdilcxtztjtcbavocnyuhwnhexehnzueikyaorpkbucqrlcmknyuvjeymophfsqrrsqzlvybpquqajljamgexobdvxokwhxutrfyqgpdpxipxdclskioljejpdwzietfsekmulftgcdphrmgbzmmrbkuhsdsfkerjfnf
npkbjjrhnqwzsohgoussmtnbnucmoqhpsprwvqowemkspqarphucuacbfbzwzwcfqrpjzkgvutfcenadeiiqrcrptiywjqtfktkhhsiyuuzdnpeyooxcsyuhgvflwnpvgqgwltwmhsgvovjwjhsauzjusofhqyslhucwfapvyszfglykasxmfdzgguxjbarbybpqqtef
pqgquwzmzlwkroprrizgjqfbbcfevjsugskybhfyokhxgjvgixgepmszaayghyjsdtfybkbccwbpntmhhydqtbtwcifwzyfuoovwdmurzwzektpfxzsklilltiybexioqgudbqofoygiulqpikimusgaofmavckglgiktsfifwqtlazsuupgzqprsfoelobvwvjqwwuf
zrnghhtxehotqofwpzrscijpxstcjwjpiqchqlcbpcasrllalcelrsokzgtocjjogrcwxofgqmtfvvpqutxrodnfmcroawsfeiztgqkzftwxtvriowosfhgyedvngrjswdyobzeooagyjahkhykumttqzycyojduvnedflgbyyotaetzrzktbrufszqryhjfulxacvql
pedoboxlznrthcdonwrzyzcjiftpdwhygyjlczdxngxpyamesjuflbgtlgwioeldxlnulgiouvgaiqrfpjoakyvauhzdqugpnlylkafbfehioqvdbgnroccazvwrpdrfeflbsnvqqiyujvdleyhtobzduonvtboycjorsrjsxhnpujzwzsxnjuetscxkpcaeraluwgda
kubicjwvajnoplubzwrsbdcvkxrxmfvpxjwnhmdnglxwgnwsvxvwarwckgnhfevhbwgndhlqpmxjritcjykosyggobhrdaszciyphbjodmbptcgqsxgmekmpclvesvmwomowxtglgppawturxtkdftoawysgmmzuzdsceykehexlamcnczwibumnrjabcowmxmoiljrw
otraakyuqrvuytgpuyjtpgsfyyvfudodfzplguhjiiwacavudlsynwwjnbapuxnhtwfdmmwfzcjxuauhneunzfxlnikpbcnrrilvsufcngllahazylqazghqrjfxgzehcipszabdzzmkvgscexaggzwjozdojuadjinkfctmbqdwpdzhzoycwlrtazbtipuxlodffiud
ihuxzvnuqibuarmxbzfgsgvsjscdpsrtlqebrxhlbhiqklpcnqcbqeulruapbspoukfxvcirhensuwbzuysbjgeshvicukpzozyjbqbnbsdalobusdqokuywpipsjzcpigweewlcbpjwbihnzkqbhhkzogiihhlsqtewkvhgqnvszahsfascxcxbzlskehiuebshgteb
ypqilelscqhmgprbktwapatbcizzwmyfqikvwgmkrzlaivscqgtkwdxeugmeesmklusyrxfzvqavyrykbnuvsiqcbasnkbdtpqgnqeqndchjkanziqdrvhkodbuzsepoactvxzpnlkycxmrtuzkjjcjhkkhdqahgjxvnyufgmzancginpzzjuuqpbzvwycdsodbftdgz
djgncgbpsuoyqbbyfprifpeskdxhejvlhkmozgayywwuyxykwdwzlpdgfcbpcuqsdevvjojmuxgnbyaxesnhdsjcfrojhwlliigvljsvveonficsnadtdhouuvwbtlvmixyzqiunkurqvmgfmqdkqvdrwilbmlkcsoprhpjfyhlcigmljkoqllnlmreduwoiqgpzrdir
hsjtpgxaiwckepvfhuvydkznzhwwtfpgfanjtyhcpkihviklawdcxaawwohcnccwdcsnbnaznqmbydloptrlcsrlcnwpoyfqfygfcytxwforunlgcrlwssixevwqdkgcizvpfwrshixqxpbspkkdypqlifvocaefamiijrywmgudnmzlhimzlcvjhimcggqvvxcogreb
qcboeuqmcdhefpigdeihjndudlsqihitrxxqylhdhnnhopvszohxeymgiqmymdanvzlazkumcqwembobcffbkqmfrttebvlzbhocmxstnytxlshsypntguraelibiljkjasugggsrleidddstwbqpnphjngtnrulyoxgmnesjotjsxlzxjbgdutrawpffmwdtbnnxvml
pvwatksfmqyzghmpeswvqogebthczhrdbyonxyevmhkjwlameulrvadrkrvpnudrvlzlcaweftqamosuwneuxkmlusjixjzomxnksuuiqnxzaghkglmymayhsbpkpkaqzlgwxwepwrsdkhttgczyuyxzantqvvjwybybuytfvkjlxuwmsfuapjycnhyaqutizgsodojc
drcugspqcsvyrvuccudhzeviggkajjcjquufjrrbkukykkngsfpckzxyspeufunudnjffsidbywjixhlcwgfjoxezrbrljubwykggmhfowbxlpjgjegxhzpghsysyzhxjbmjzjwyleubfixrssnokdlovbqtqtdygwlsedozyctmslycquwebscczaxftjuzumdcdqlm
rkntrmflgoyvacgqgkmfcotpmsnxpjeavikcoesvlbwhbcuekakmxxtlwifggthjmicipkvzsjhohkfohzwcpztmmjsrhmmuhceovhkwsprdjrzxbexkynlmhrmzolykqvsfyvikuylrfcmyzerpqeqiahxcmypvuuxzjgniocalxqttcibwiamfdmxvaxhottxzphnf
vuusngwcmykzqcjfqzjgtxfhxdqckwvsixhmstvoqlxcrzglimqzxonoriqowanxcnrujbskyzheycdpagnlzmojpoxajknojzfodukrmswvekssakxzggteswvzseivqobvmfdcenraycncqgbajwbllwdyokagpslqhjbvgaxkyoiisvucmoxjaohrwhapomcagjck
ebdmqayfcjamwizggdiyjgaythwwasuvecuqepljgimzziwmvuzdfgcmwoejgcfzcugmbxfagpyrsgrwocixwhozfvqjergredyxlgtxkqznqlquhejsevnkdrzxzmyaqiaygyifbnwvuszjzbcnpuauuuayadaigdvmlntyfdsepxdqwqcujggfscllimngsyjajbsa
fjayqploflokubpkjldqsztlnzzkfjucvicbsihmczamdzcaitsttclqiltyzwcbeaaswgmkpxqwdstktmvopzuewqeigncrgwqfujneuxpyixhknnrdvjgvhfufsmvmnwqonzcmhkjunqjynxcthipwxsnceohnyqkovomlorptjevurzjugnqfjabapvvifqevmpbp
pzklgsglezfrdycazblhdsibxmxjhmdyvtsuqiuamnkzbdiwcznjawstqpijywfqdyqrlbcjulgtfphaebikaiggxwtorkfpxcdflkcmjzishicqphsbnpxseqrnjduqsecrwpgqwtxylwvyevfxytpyxlkpejkxdykjjrkwfpzuupojmqjahxulscfmhpqjqgexlyld
ddzoxxvmdbxgkuthwbaofscswdzwzroaxyjwbefexyadprolpxwngeosfdzjcxueumeplafepxzfggcbiiyiwderoikhxftmbkjevgmystfaeyckzthehptjyzwpmopybhuwekbppddbzifazyirkgssblyvsyusjyyiojpzlasdpoxeladqvesrmvnehlezllyvranm
uksrrxxnjpznferbgajentvcoycdeikwjnsbvefmvudjnwmloequtvekrohxbbjcmdikewunlalnysbcseakkuingykqgxwazuujelpdvzgwxeiqsgbowifoweqxkzoarnlkcvgsmdkirxkuxouluvwxgkllhtzydvwkzhpjdcfbmatmevweqmdzqbkrkaoriwngcqsh
aezqqbjmtbfqfwtdbynnjtbcelsrpbihmxvygpgyklpszyqdhvqatnpuvyzxbweamgpumcpvomrixjpocypesyhmezenyopyyzsrstqwfxkqslibsoohxsmallevwchagvtugxukevoomffwgpkrgomwfirbuooivggrzjdvnhithdjgzpfrpqslezfitgncftyxlvab
flsvhjilxcwxxzqfhjdpclqrthyxzyvgqnncwopdkwwkadxrapcchgpwiizyscrwbltamhfmhvbhsbudbechnjtrvliqqkvxrxsoxxggicuudtspkwbzzoashhhkdixrcpvndevaoamwtanydqzofbyzokspxujmpogzlzapxnmlioqspjgkdcukuyzchfzappegrffi
lfowjqgijpeexsqzbkfzwteodpkqxfpmoevjkgygbvoburyolizsnzxlopjcgsqteajdtysksmvzffscftbnbksmzzvqopvqiwdmvowfeplrnlcalwkmdnoumydflpnjgexogyftjpmnhjmzpbwajkluhyrlvwdxeznmoyuqglzzwaxujnhwhsrehsfacdhxilufgols
upabmpnahbbitbzxbdtemrdrsdpuionowbarzbfbbgvocskbeyleyxjrcpgifjaolclhqojdjvizzrjpvyidjokkvuakyzjrcvzsgpoidesbjkoashtmvxlfmgfqizllbqahpimxatptgcbtshocoopprxeqpojxpkpwrqrjitznyolxeokfsjabovtkyapbyarschwx
sznvhaeqdurfcgxcfrrgiuljwhatcfxcgqghktwiyhwcgzknxqudkdrjnjrmyldhlhzpdwshxwrrlfndxjcqznotlryewwjcltuozqqlrafqvlhokofevrgfhhbdyhaejqkpjqlpxmbmdsgrdrlkikoxhlpwybpkemgipcilfclglfkximiepjvxrqdhhickquqylwzo
suywduxevdtlydehxkbzikcmbjbwzifxmhmkaxmmwnmktbyuiyezfgjxuxexxhemxcxyfmacsclqzbnwbsizsmzmvyqzijdcrvqpnvnasdhixossyxbolzfbudwwapfkedyceyrikgsvwrfacifpfiftvosurpoxxcjzahdnwvkdaiyghaxmghcpqlvevmwexlxdzlpl
jlazavczpjoakvbdzdqqhbteoiqgwcqpjiqmzglxrqktezfrkkusddobgwtepctmqpczednimlrzssyqjqeclrcmzrjlreplohmddureeqzgkmxeilwndmchuunibqwrpcpfqlgknwrpglbygcqmssvazusbzqgtftdsfyuoqexbusntyifrofjhhbscarrjswabwfbw
laifufvpbbzhvpwcbasjwwvzrbpznruteduvasxwflcqhymxupipvrbhzfuqagdjilfhxwzxfkkrlmsuebfikdjajvzlahxjiadhiwitzgnmuxpgevhwvpcatoixjgeizjesffkoihafurhbnsrcyjrzdhyjmpocrzpjndmzfkhxfkrbzmbmdxgndfsowkjuminzvzvp
znbuxujnshwhnzwfpglcbovkxdiqyfhwnmkhbzcrhpqbinianqfjrotpzcczcklxhqriwydndkeccppyypeovjhimuzyeqpebztobxbtcvytjdqukppdfxxvzuncznztallhibiksizrypfowdiabombxkaehocrjrwpyjdchrozfsqmjxfpuvzirodwhlqclrrjiywi
hzdazvamhzdwatlykburssytjrcprwyrpgytgkhtfsxeuqnltsgfwjgqehlxftizoqlsjpfjhtauefbclhjzhjbowmqzzzqfbudspeknrpfuukpikdwfnrnkipisxvjysqesedtxtvtygnbhfmgfhzqisstxzedvlakknukmzrqunteijuhylyoqtugbzznylidjpaeq
lizpbpbpfqzdiolauikwoozbvctqdlyfpnmfouyutrwysgwjhnjipdsyhfkeeeepunissoxnkehyflnsycqwgswuanvmqlhevbsovmqsgehiosjlshktthawrtsmqcuuczayrylualubujerhvwmmimuwutrmouoajfpelvatfdltviqujfbucbhwvarrrhndpvoogoc
tzcjnyroeezibstvurwgvwwzacshebxwgyycfpzayatgogsbwxjedsjfndxvstmnbzuoggoveqlsxsgnykenqupwxhiscpncqzgexdqvdqyxzglmstqmfmzzdfwejupibkdqcdltnkbvuypiqdycmdfufmdsvjzxacyloonbhsvwmbsgovowgnmqefctqsabolwgsgjy
rquinnwyfigfgdscrrkxryaeswruxrvbneeexrkoydkprwuskwbnrcbfvzajxfpzzvclsgpazvaewyqjphqbdmzdcrrlqrjjjjeetcswabgfhjwhxrewlnfjmpwjmrltbnsfvhygiuspkbbzaqmygkufobnjeatteqofkhzhhfcnhwjjvgiideelbbdpcklwgsbieowa
ubrzxfoigcmwrftjxeawuyluwuvyxbhtfwjmwjywfhtbathyaklnsumyqhgyaocvgoitukgtrqoeogljxfxisibuehkgfakgirjyqsbksclaguxctkmljrjcgiosgffybonnoppobzaiwhckysjtomvvcnpyvuokuhsdksryalbtkvhrkjqpipevadyayyuhpvigawbn
xrwlystvygntjwqnsokvjynhwvesbiedzhzqslkiirhrknuwncmvaoosalafawzriofsnqhirlinbzrhyumntrhfxcsgldgiofkopcdkweqsmsarbwafszvlgapnpypjsmgidntiaqykdvubrhdtrqvslzurisqgqkdevhunkxieihqpmfswishtpruyitvsgwqgimtw
kebgckmwwtplpeixgilipseyqkmmuilmgcdjzxaxqdxivrztrixtoxwoprxhsyzeyuleyosskztcdqpxaolrvcyrayyqzulamdkyudeeyuszumvfpathrqpkyxpigdbeefkzsuxlbajakbhcjlcwvrqwxgevggoqydsztgychxugpvvcghtyujrdnvftquhefzvsoawt
gnygeshjjirigstoglagobehfafjkmsflacggcrjyourzhhoxzditfwevhfvsjdcenzzojpyfziqwovojholehsqkpbzgvxoasxadozdeuyhllyehnbcjlvfawxyrpfgrtcvzpodqjyjkmdfgogbuceniemkhfsggfncbjajoemrpptyrjrqmrxwrqfowvyqqddlrjdt
zmddaugjscvcxiqatqesbviuvqjglydfojlfjxmzwcisgfiupkaufwfjadgnnpxvpaulqfyduxcdbzlgagtggtvccoxuxkyiljnlripzchlhxupamgwkvltkmpyuneizfjgduehbmpsusfiijgdsxmuwrsezzxigqmbzffjenfajhoqnmfzawrwamntitdcyjtudlyyj
wjvuqigickpmlxdklewegkkwdmdusqricalswfueeynlwcvhevbcxkuvcndbnxmuupwybhogiuueayuhwetqkxbzhlwthckqxfvqouvegstezkteaqiryiychonvrxnwaasivldgftfcjqihsblamjrusajnkapjqlvnuchmjspgiwizkxkenljskrduososqenlgmun
fwxmwjtwpqvbkluxyjfmlonhaoqcdgqfvlgypkuagcnrdnjxllvvpzokeelnbpbtgukfgszqwftqgvhhbuytdwfljktzzqlbddghtghytwxwudnnysrsrqtysaalintkbrtiluzgufmodzmqbvglnjpbftgnqishqrkwzrkbgdlsmppqfxzdgwqmhddyrzhkgapzksjb
jzpghakolkdahyhuowzxrpzwuovugjvwpzndjybbiahozlqojgfufsrfwumzssmqgohtvfuzyljnohddfveomcdqidrldwgsnolqxiyskkpmatofpgtfhkwkpcdnmsmhglnelxuehhvojffybzvrwmizothclwyepgyyewdoflczxavdeuakxazwxlihvhdiyevcebhx
stlyzbosdbfgeylbkvjiwrowbghknqzjnuzowguyokhxhldxmxayntsdksmxjsfmqwuzdrcgxaionlaqzqmhjertmfjibpjryuwahnhlonboxcucsyuzofnynrgkqxixpbisdzkfmmcgaysordxgcybmlavqhpahyfnuqyrvmlepmqczfgyjlinxthqntijagnjwqjhv
woxxasetoulpboihnilwqhgdyycvqofztjduvgunvwqfspumxvcreezelaefyzuwtabzcgdpsypmjbmgaexpeatalcpieqwvjhmufjovlbpulebqfqhcprifzrydmxfxaifcjfwkypvdeqveoublnhltfbrefmqneahdmrepckuqncwnxktvflmxxodgeidnsgktuwmt
lrfduvfvhoncredwgstsiekxqtxzxfhxtxcmxeiwomhrpnwnxehsvitqchsfyewnsugtqtaoakximjidkosbktjvwrwxbxplbfscitsspzrpieokydocmzwlvzujmoueikstgiemdkwashdxotgfeynpxzgnbgaqqoatdlegkfewiefxkrrjdycmhnbgztnjmquxgukv
bwhfvueefihajjfvrvddwwizzomaelxfsfvnmjeqoubpanpdsqcoomijcgluzhjitiasgvdtsisxthnnbknkmfhqeyilwbmhbikmpuqjjdyhmejxphafplyjifaafkknaqlnuaitmjzegvvzykqhctpbcoizxxrjwnyexqkrpxyhhrflihuoqapnrfydxgbiefcouulf
alukxvhmmychoozvxetfcxfqiopimdewrtideqjycqndibqtfkxatnnrlasxadjtjcwlmxinstyroremglsdpteumtkxuiaeqoglypmxzfrtyvcagkkzjpfsbubpjnsujnkkvxjqrbweuutxhydiizekqvujugorrinauseauqdarimhajywapmbaqfqhlmhzgmtfrzg
eysuqnbmsygdfjefakiitfrcmqwtdkmckqvqwdfllsbesqysygwxgvyawdomyvahwrpteglmymchdsqdncppkhrbiqstxjdakhtaknlodrwydjihkcnxrwcijeqcmpyrhinguiocbbinmajwbsqkbhwycjuxmkgsxvxfrpixbghsxboljmiabsfwgbnojjsnhwarfezj
yvluxtgiwikutkmrepnfcinqzdkspienhmcbwwpqvrjgabghsbbcedfecblmynuxeelleouxftmjzysyletclworumshsybmabjfdljlmihqycqfhxhnsjvblomaekdputtmzdkstrsnvpyaiyhpqulsltbtvncmpzpuieebdmetshmiezedwynbhayqhgdovkpfyvzp
zxzpndpawjlxdfnaeslbnalbbpawwqqjhcpjaexjqbnhsfvzuzukpylceweghcxnqzwruyylcvcdnopardfissvwqiyoocaavurbkgudaztzttoffntojmfbvbahzbkdlqujihcdurhaykepvvfqrshmbuwauxchmbeomdyvjrhlmyaonybbgdbtzscoevyejarjzktz
dyxpmbhulsesrybuofofjhqhdxxgdqplfimdtzccdvvjywfaefoxazghyeeqheibursaxdxepvpesruywwguxppfvsakvrvlutzcbbrcfbrsrmprdktdxiewfihqihamfcrbxaeoqpjllpjywqojbcupbzhslelvfdukwmwmxehiqjiozfrzdbzlambcbspftexxrqxj
tkwdnfuobeepfirrpiieebmkrngpiskhtkojvysebemjsvaqfecdvqvorwkfxxslzdbfsctzvprsodejmbqdaqujsqyfprljplqgbrryzmagoqefmoqktxvaphnpiyrcxgkofgxzuaeurfiydwdejrtihpjqgmxjhougkpdgvlguvqmzyuhezbgkbvncfwjgtvxwcrsa
rahrldxdpvlnmeoqyqaiuuenrqhtmyqxdkpgopfupchqmasysmwrdxyxgfwiyyatfsmsmvyzcfjinkqsenzjhwhjlglyrdayzpwmaaqigknigkkjxeytedawuwuvqqjgwyigvvvekkrqsvqhsmwqvccrqmairnlkjbyfwjepnkhczpzweddcnpqydmcvaenasoeokycc
pvtobmhsrrdyxmcnuhbabjuehovxapknbkxhhvvgbnlignbtnqzgrxiiieqqbtkdbqjxhiwloppwyunleaqiixffezkpaoiikojoaxqmepxzolwxupnlatzdjggjeoeblghnlrafymxtunrajahmpvgiosjwindkyirbqvytjruncrmwqmfsydzbxgzdnmyrpradfvjf
ojzpxnxiivacdsmutlzbowsuvkwcqiadlerhzhvyrjfnysrwylyzkzibgbwygzllwwofqveheasocltoidvlwxufgxuigdlgnkpyhzdytfuxjltxjighaygfmhsyvsrscntcpmgbaqvbemtzzzukabppvdjzxmtlghzpmcywqyjcdhuhqgweuxypsdzcntxyjfmdfhgf
lkmxfnfvhrlgmfdzqudgopfatmshptrgysionvvlinurcjswehliaabopnvvbnwvlodlbzsruqjebpsoyivsisbqkgnkvnvyrukqqxzsxympfnbiblgvtpwqdjnqzpwgylicsoctlmfaehmfezatxqkvaurnravvhcvfzblavfcxlvwsovvmigvtmoblxnxzavihhqhe
jsvowcssunwltoupvbponfxwheqcrvtjyqwoxppegljnlaghqsfatzjrhsdgyznjfcoaoxavmjcpainveuqfnxuzduxnffilrbqjbnrjxbxdgpmhllvhfktpbbgxspfypncigctdjckxztmvtbygxrgvfsvovargmytpavkogkfemgkpbhvnxrzmdlnidvntetfnfogk
dkgeoksqfpdutljwopfnhmsibtcdjpoyhpgrqonmmjepqsrtcjtsyjwsgamvcgtstohjhomvuyrfamwbbrkrndamporzrxmkimeajwnpzuzuclndlyfzfnpnofnvotigzreruqjrftrjthvtcvsufelpsvryxagzguthxwqdcyyjrepfxmwtkithkwffxmfduafkatcx
rhcshqcqimwgazlyeddgaspnlzpzzgrbhduonmvnszpsijybdxogduyohxobacqmqkayrcdeoegustmkemfrrfnvdxuqjkgygghcxzaxatfintetjpykcqrpjwwkvoghrxztveqsjaimiirgqhpnjklofpcdzmudacsfpfyqgwulnglotgvjnmoqsircgzqtdqpnlwcw
mbizwsrqvhmpvldwywngosnemefzwbgbpsatniosjypvvpxvabeimgrylteuotzceccaibvnswxhalhnhfimqmmhzhafupuifwmhsqlpdpmomtatrgxkorfdgdtwomflizkzeqdxjkbxlsbjfqcgnjxfpbtqwkcozctovlvuulhbhomerccsigiciclzijgzpqdfbrxl
dwxoozuvigmtowthjlulgbmtaqaxtvcsgzgbspcqeujjqlxncqnagdwodvsbaiugqrgywqkyobmkryxqredezzfauvsecuvnrfijyggcbrmdfrckbfhvbgkkokeikjunfbtwjxrcdeyoyngxmpcmkqtmfjmziwyktwgnhsrchjlsscpxejqjcbyzpshduvrqahhzsdwe
gwonqiexhkavfhkfurjsoootnhqafdmcdkipkwojyjfetsihvpklnlzglrhdzjexjhdfebbjdghevogxaykhwdekrznbfjezdkwyuhlsgepkeihglrrpucemwaqvhtbxavlcvnvbjeeqmiaqvlgpemtqkrdhnemuoajpnyosvtnhukwvhnlhbeqqrtbeftlizutsgpmz
jidrzrawcgyeirxjsqbdxcfjeozqbhzlxlzngudtwqcfyixyysdgmcdhvvspqvhsmvdrglfmniwnlsogsipipfwnkohiclpwuflngaehhjywrixntxdrinbdoksraqpubkhkmegcwvfvwmyofuvsmxkijcqzeljmmpvmsiqwzuavmvhlwklosqilemnyfkirgsrtamyr
uvnltnvktdxqskueapvqilkidtvvqgidnrkipvmdrblqfxpqpqgseogwxgkbjyujfkwhsysptcdygneuphsohnxtgqvkahkbgstlzktejstgyyoobmcyssimzrcneinmrvmzbvhduqpzrrjdnfvawfghnezagsjidotshvcwwqsqppvskjwvrpfmdybhofdwnzrgsrju
hrhqekdiemftumtmxddixdpqkpbfwfknqywyxggdscufijzhjooanuiszyzdvvvvdkbgphnynpvavmujrsloxaujjgelfqiizivvlusodavoqjflvbnbeprqgdcnzizrjvzfonymnpdorjalnpborrwjbzclogmrttavobkduulzxxoaesjbxkzsxpfymxdcydwylrdh
nmcaicvbijagxyxtquglojrebjprmeythavslojqrgfyyzgmzzlqlovnhgtvtfeobfyxlrwqgorsjhfoyvqwgxqrnxhkipnocnyuqwwioqtpwzjwkbngrnzilgrvrtveiqxfatpsfplhwqrblrljodcwrxjysxpwjkwffscttthjynlffcolgcrwrztssrxrrkombkfg
ennbihaxyfqhdnxpjlwmykmbhnqcotxcltmxlscrbultohjuftaaxodhcxvxdtemwgjnzuwuicwwgiyetmfftbwfrfqgidbxqusnkgitfqerphfqfbhudcjutwizdqofveazljrpeetvntkjehgrvzpflffcipvmwifvpwfwnrtiulmgglsfshulglupezcticilthby
dhnrtisxbfzqxgutkbbhpqgknlljszoeqsuqrudilatfvsgmxsoeqfuhijmnkkxuywmssqmnlxmnijxgywvjgiemhwdqronvyluyvqrnugbdeyhygnpccuytzzqklyxjmwfobdqezhlvldmhtfkkdbvhlxiarfgwkwcyfxosjsatxjufkskgtxaqhmgwxcagjegasfdg
bnqguateocvijyvihruepawxqfwctjfdpkynvisqeneenhffhwksnsfoctaesivmtmcheirqtileqsdttimobjvbzwwfufqnimtykacsqmedgoxogeohoqcfrfonyskulkafnfzfusvxwlfsoypxdoerskqquypgfdymnxbkmouwotpesesmwalaigqalrewdlyxgzjm
kdlbvsbudreiebkddsrmlpiuqibfjxpsiqoavupsyrnbsbwmmeppdunpmrdkdcjsqflsqgnltruhmkbbigryzyweivkqqrsuuyfjvmxxsdzaomifikesvxjjypomtshjnjkebexvzcsrkhoqglxqkezpgzogfomzndkuzshlkqwjszepkgcocznkilcufubqzxgudrou
vmbzwaaoouyiukjdpsrbnaycmypygdrgzovhspgicfspzvzfbzhdkzpfodmpzxbskphgdxmtkcgfrdcqgllhjkzymxcqgwggwsgygonuahtqbnvasseffrxrupwctynvdyvstazvlwbensjpxrslpldwniunyiegcsgxuvrvqrajfjzzfqgnptzropzbhcjdwclycmhh
ajsvbvvndtngblgezmavjjaqxwwjvspxhxvkwyjlwvrhuqfxzvfqskrhgvyvtgmethugejhtmdumouvplhpgclxtgjpowcuypzuoqeiocurpiljcishmrtnrfamdvlrecrqbgwryidlnmnqcnewvnrmgzypyfzyiuprfzznsdqhsotimqlmjegdhaghjutwypyfwhkal
vtpcmbceihklezexadjqfiwvqjuviafnvdytaqlifyofvnqplowzsxowykjisamuawfgnniiefuilygnaarrixoyjemtuzbmhekhujddkfllpvrelvifzenmmaklukecylluetkfwcekildcnshjihluaczzdvyxfazermtnschkoyhjrrorzciqxtahyashfujaddau
rebblohdewbltytdlftdfoqmqafzmluboelstnlastdqquhmbfcemvzmeheefufkkhzreotfrgtfqinxcexnwwbuwyehleujwizqkrbgocgvyazfqeerudsnyfvkhloobwmlowqqqwntoghnfstwkiklzdykmqrjckypqyyowuopjydmgsgvurwvxldyfkrrgilnitml
levjztebxzgmhouacepojsegwmzisgesytvrqchwdkoknqptyxshblsurgqtstryqvcokrxyfsixpaddvpofhfjevfcsmjroccrmctscmzmolwtpwvzyekokjukvahfamvydqkwpbvnhnjzyhbqoskxlvyehacqvbphvrthnlwcaveechwbypxcgjjwcmyusamwwryop
gvafzlpdjdntpdgdcejwwjcjgosflpjhcswhingziuhaurufpahlceujzvbewlpvgowbheayrhpqzgkjzanvxztvcpsltnrorzggyncudspybeozhodpqbwiysjexhrncdffnwaiebdfvzuztpdkyfwxgwjdrkrakxtdwhllodqoazlpurfzdoducjuwsluakssngmwy
wxezalfjgkxvgiaqvcozbjibajietfeihrnkmwswtywdapjavetdlcbnuojozpxpdqbznkeaqjuwvuwefpvakixtgounueiekmvpqzjsokoaerzdrimbrtgneqygtdwziwcmdwvpjeaigilumlsxmrgtpkhiljyywhqcgxppxdppazznvtsezfrbanvtkdchzbtzldpm
zcbdldujkrbjjsvpabpbxhuoxuflscwvbbrvbkbfminjekqglggprprabpqkpfnazpemelfqckmqwrdntabtvobggtefakaxssbattupeywhmdrzmlrvnerolueskkrtlnpckglvfrzrzfoprxeykydnbprbgqlozgqovdokvuqwncozlxnpjrctsmjwrvnzbdovivzv
ymnwmanareqciesfgzfzgmezvwzfhqprmnsuamxwzyuqprdefolmednpyawzfgcnvdqfmmhswmdxcnswkxrrcveoxlqoawspxcozvgmvdkgjechayhvgyybemxuecuwrveevkytfpimwlwttclscdkbtnkulecnwisedxwhwoclhunvehixjjcgterszdmxpkkuxlgoi
svvjopgcubspfhjukyvzdegzbpfoidbubofcwpuuqpkbiasuooyillttseyiegnwqysgjavpikmganfxeuyhjnvrudujbhqcogppinvwtgvwgxmevznrhntylepadtkydsjxdmbqnelszfmkvhxhedlzmeacpmesqoapvirttipymhqsygzqtizpygrjcsajsgftpuuj
vndajvtwfoxrrptscrdojtjexvvtwixnjzkepzhoewqxtnvysuxigxgigxsoteailgfjsvhujkmrmfyrnwtrjzgbaupdndvbizuvszhhfnatuzclwpqvzwmurqlcibqbsxklobniwhmtepghzryjaduhyzhrqdmowoairybgaqbgllrsgprerdsfgqljfsvxsxeamvbp
ziavctfkdqvbdozmzycpacwlmjjgqpmltjvbswyhedvtogykjwottpscxyagcqfpvfvlkpdiqipszygdlxnggplvaabsbhgxmelojfnlbumyquhmtlctgrqdyixaxhnbklsswdafgwjtqsetwlhoodmcqvhgxvycwspdudhlauykadygztzomvlhlupfrmzqnjuvrgsm
oufmvdatgebbcsltukxnqbuqcaagyubrdlgvsyojgtkeiqnroevpgbetacjlhpyqiiagvlylhkukrsxawqjuzpgyhdoefliaweksvmqjrxchlycsomgcbjvykjkuyeryuaikdopjxsszyzshafsmmzirzacufbkyxndpshvezvmjjkaqmmpdhtymboyvvjkncoujhfuu
snerwsosawvusgrffnmyyveycmhsnzmxjschdowvrcocpuqrwnbpgigbwlewudvszvgdlgpuacejphsjblvbxsjsdttufrnrehwujbkjlwaffmfpnvxjycmiadhbwvnwdqjqdnhkepffzodefhqgkskkrjbjsfbzrdyfamxdwquphszyuqmruaglmtnxoryzgvtpuaob
ouwcupbvzvjawqjyutjprntvzffckolcxqaubghltivkuofdsonjsstkxvarlcgxuzajpcfcvspmsrrdnfzjftyuufsduahivzcnwqppqdeautogglqkoudrbwdrsvhomusrqnowxnrzmybymnairpvkfloqeurzlhumjrprqxlzqnfuvnmkfmklrrcxkbtvndynpkpy
jqjftausxyqbrkljlowbcqocettrvlafbgwwbgipwpzknenkbxxygfyxidiadmqlpavgzmkgunbvjfmpmirfzrglyidawojmfjysvkwnpfumcrwazutmbguvwutgvehyzwumndqhtehkloeqvryivbdyngtwqtzlrnmlqaloqehkeqbxwhorodxbnqezmqmljcqiqssg
odtkljclsohkkzcijpccqunoxplbebeokpdklyxwqsgbsloqgfrlcyuprxmcyytddxlihrxjweotkghwaifazzsolndxsnjjnfhmlhnmlrpwgpoicbfjadbukxfsvrpasdcuuykmgkirwkhwwiwagwaodomolajrgedtyegbwdvjxznoebdhhwvxuoezvaggvcdesecb
zeevdohjbhyrojjwrooyoeejftudsabrtkwpavinsjsovsfbvgnayeosusogdugzgcdphtcgyzyholrukyethsmrvaelyxtqtodwardgusnpcfqrykkgisgcejcxiakpmltnpoipssqkcgrgjrpzlgsnmshmfybzxtxpkevcyvhvzbfxdabuulszgkplqxreksvkzqod
ocfjkhfdsqjcyfqirkraqvgyguzwedpjkidmljwsnvjwrtlfklyjozthlinkmoboivvcylqqzzgyqkdqfivkfmdcdnvhpcegkgkwmpcqyfrmumpuusqwsrpyzpwpiajagkschpsnappqnspmbxawvvwfokntokvqfawjkjurpprbxhmzxlpbvfggrjqdajpqzmahwhsm
ysepzrwxrjhhrdbsidqtoxcizofgcadhygmsuuyhwsdqtzvcrddcfrymjutlchfwvfxchqoilwjfctjnrjugjcrrnriiangoeyykzjujyjvqzhdnczvidgfcjegjynmqcmtpeviyhjtyoicrtdriwrngcmjpupdcqhlogsmrxqppcewvsnofofkcjotgehgshvnhabjb
abumdismdhitbhqwkqxjogfnyrfvrefmtiovnbedjkfjjfrbkxwyepouwhnmbgduqdqadukkqbjiqrefwbacebjfaejqyoooujciltvekcdiqvzzmdulidqsttrsqedkjdkggjepfhbtcnmhgnopcxflwzlissffbstnrlguulejtseciqhycwbtvhaphyobtxaunzwc
tmpppjgysawstxobdsjvfgzxskycddqwpqdiuojusxfbzqdyaixqexbbdaccvjngxyvsggtxuqluvvtgamtygarcdgpnmtilqahsfqhvqwmnnnvlijxtvcbntaqbyozkdhruglrjynrhvhfsmelcurqjwsdbexrauvkutfbyruozfmvlwfssbssuvkcabmfyrnecekxr
