ckapcapirunsrnfskdyo
bngsxoljsjbqoezshtsv
rxesnapptqqyqlnlvwye
kbxqnixvapqbfmknnayg
gvhkdabuklpajfnrwtvt
slkpdrfptjofzafezrqn
lazhdtbvgpzjdoehgmof
ousiunyqturmhgpugtwm
rxznxtkctibtmjnhkkhg
pwhwtqijiiwujjbjvuau
arexfzectjgdotbrkpex
swhzyuqxuapnyrebjddk
qbfyoegsqzikneoaxapd
mbdghvmhtskvetzyweus
iclovnhqpptkvpvcoxhx
lowzmuvivzjqjraxixlw
afxykbnjwxvwlzjrsoal
fizllbybwdkyqkhpdirx
ziigmjomiakyasymvhyv
jaizxhxbanopkndkfinr
bhejjxdrpsckiwajdmgi
wdpmvkkkezobskzwebdg
rfvramvlmtyiybwlwulh
erknlixdsvnllggbdars
ammxszofueoqrtvluyyk
ienzomafptztjthobapm
nfzuqportlmkhrjshpug
bqlpcnoagddovhjuyfww
vjxortujlmepaemycmnf
ekjngkibnkhjagrkzzmd
lnnzlesepshmkhqoaplt
mercopldvtdscxgutgyf
nnbgygunfkkassikreoa
bmeedwnkamtpuxgddqzd
sysjztjlyddupcyogwtu
lsgfjplhmcrdkgfqutvg
jgxzgzxqxhvosuvninkn
fpnytdhjuobzrnoaybft
zixxzrmtmslzabyrihyh
vrktatqkxnevqwrecwfj
nxwvxrryltdegxupjeal
kcamlzkeqmdqxotxbsyu
nzpkvgdcfjnzlugkgior
kmkdolxjjscfxeedgqlq
mvrnahqljvtfekikfamo
sgjhbgniueilqonannse
rduadlunwyrketbczdqw
geecnpgvvxiludopptgw
oyuohngyffbjetdmgxaw
hphzlomkuaimqtsphmdh
gaiyarzbyeiqsrxmeyop
smvlazictrrwdougceqh
runvmiavlbwedozdywpm
bagnaylfowsdjrdhyjvr
epnztwcxbrmbvmfdwsli
ahhsjaguzezlshmvezhc
rsindjmznmnqqqirbjtv
hwumbvnqfevuimwqqfcy
lyigdyfrmulhzhjkwayt
pbqyjqttxjkvxqekhnei
kjtezhsgctsrjijkcauk
xjyskrzmyyqzavbntknl
oxhycypxipbsdqsgkavm
aipufgkyuysjhvnekfca
utznjnzbuvrhzldyddro
jcksmhcyrrumvsaokoax
ugsyjibovhmlvqttzdir
guojhblxqzcqhxvwlsom
hdowwsmpohhptpcptxoc
nyoorhblpoyvwuehklhh
whsvnjykdlhbbafdasck
zvhplhtqyughishnaeau
dziplhdiqfihtueluffg
vpjxjzneqxrsrnkwtmzv
vgngwfagebbxzofzeagm
eabdyipmqmftxdorebtf
biolwqnwqzezhfzwkiqd
ioifyqogrgapkmtdrswn
vbgqlcnrfbyeiludsiss
byheqdcnwzgdqpercwbw
tyfkqbgcdjwnnvqeeoip
wsqsloqovcczvdyqbscc
txhqmelrvivcwdsxzkpw
bkzqukyslctmisldcpkp
aobkvziyndqgsktmzinm
eroiulqojrmtqstficyy
gfezvgcffhzqcnplrpzk
selbrtwshqjvyzfpncra
txuzncaxwzhywblxyvws
rfeznauxvnxalwyfutku
bdxjgwjwdxdwnhqdxkov
qvxytrpltsiiuifuymiu
ikofmpfgmccfbhssezaj
xulhffeksudwcregwcgx
xmgpqzbrcsiomyafmfdd
rycrpuuikulbanhaigkz
isnmcznwcutfoivpkdtz
sfgbuwvoqqbrfbqgogmf
wfywnbtsfopbjphwikcs
vycprzdmhwfumuufhktu
tvnpjarjjuhtqcsizisg
rhewzegbkreexdvnugjt
ayinwesnelohellirnii
nschduekpngpecrmdgxw
zjhevmeeagzdjznmactn
jpvfocurzrwflwvzzcmu
enbndoteigzjlvubquok
toswqhlwjenybpqdtemu
iqfetfptwmcnsbruleok
whyleynqohtiycanzteu
tuyamfkjkzjeshcpltap
wnarwahnxpphroheddyz
dtzdrrbtvzndynkawpoy
iqbdnonzoycvdjgvkxej
dhoevogrfvuyktmgzsoc
mkwcpbppxsmcbcpylcav
ctftlzfqecfukwimcbuv
zgogwaupibhrntucdaxq
xklcevakilinbimmffui
kdknmkgmuiyunkzzwiwd
uesiqympegvxftanakzi
pottfkvpacaexlaifwby
csafxolrhgaitoopacle
jztlwaazeohajsvnivui
wfrmjyiadgnbmnqtznqi
nckmukwnfchsgggbguet
ovhpiulbngforkrcwanw
endhzkmsihmlwxasryba
yfbowggmvxnuejwxpmeq
ciolpbqvdzlfxfnngjld
eayjcnqqnvgjglkrefwm
wdicnblducvdtndwbcqb
pbbnwjkayolgoqeolbye
frrwofnnjudwwsvquabk
joklfhowbimfzutxzjkq
mqbbcfumzwkakagynxcd
cmlwaorbsrlrvjhnmwvh
nctzkpftixgsuhgaogue
hvilwpylbupngmbertcb
bufqqogxdylppjbxmbll
dhxlhppncqisnuuhqkgx
tvarfepjkgbjdsitohxq
bkvlgelajxvvwwxanltc
qeominyyzgzwfqvixyzn
zosijoizapndfpcmjjwo
pykwatpskhwbgtyryalh
kpwlcmkufubpxdsdujmz
zznylualrjonuogtgqmr
obpbswpiisixxgswpljj
lyezqkuuaurdqjuqmmgi
gzuuetfwpemicpqiptwj
pqugbyghbneoazvbtrmb
iwxptqogmqsmdvzcphis
dobhlapeecvucblicbsw
aswfwyqvqhulzioftjbz
maiiahdgfkbngkmpsuyr
smvfgrgbqcyandgcrgnk
vyolcumotfyyvpjzdbbe
xbribetfgxrpebzhlthh
ysgokuljsnqrmhegecna
omjyuzoiphomykbhrwcf
gfelsyyovdzsqhzkibls
wimfmmdrrtakqgxvaiez
xzhcjntoiyabxwwuyxlc
tdnhruuyrfyueyztkbgz
nafbvzzldxphjlrqzbxe
zrgyalxjgfgoasbimawt
bfouvsyeyemmxagpkyxm
nareltlsdzilxpkdzwzu
eoobdesdwvcsifjgddak
glklszjztxvsjinebxqy
ihiwrvrglgdwdufoacrm
murpzriskyztagqogafo
ecvfjyomeqynibuxqaxj
vflmgezcfwvlndjkpngx
rhptxhgwkotvqcfdtzwy
zrbytrxbpetzdcxcfiew
lolthdojxdwoweelthbr
vaqvqfhbqyebnzlhmzzc
itwkjcxukirzepkrfxpn
wqpwkizpigznucacxovt
fxnclxckwzxpncpiciwt
zdygnmmwlnxvlbbanibx
gabfdfpljfsvmrmacgyt
kpxnxyqrfvpnhwmhgixv
uduuthjohxvaujmdgxfg
ysguvwzjaqrlqmaffojs
jzjnzupfhbgzhxtaqjka
ivsitpjudummyiincixm
rbgmkivjmjjttnkeqbqy
uybfwoensquhdryhkyyv
hkvjdvrwhzpvlgjerxqr
ajuciywhhtyyfzexdkuo
wgthmumbxvubcckumynx
lcmgdgvzgbirpldwthvy
kvbztbrekllybfveagnb
jakzuauhvahdpdzitoxq
rquvztyvuvwkgthctnut
mpgdaisdgfcvsdrleeqy
kxrkfcknsgauxbbepjen
okaosbjnaddgprlnjkvr
hhkmucpodvrbqnmkakhl
frvrlczsjgtfbauodmau
gfrjeobbbsjjwrshjxez
ucurunmzuihmxmnemuvn
jgcbpbdvwkhgugtzpgma
swuyiaszayzcmhcyymgf
zujvfveyadpjmwpgnykj
thcksgktvtjbhzgmermz
kmpanavnglyxxlikmsaw
hugqovnyxrcwsrgeizxv
klghdxdruartfpqvfojw
fypstbazlcubzrdvrodi
qdzhmrtlzhwyhqthsvfj
iirmubldtlrowtwsopjd
rpdxdncarcujndopdncm
zmdhadtileabbhkggefh
qjftugwbekqkhciypeet
jkrvfmwoovlhbvxpwcuh
drpmuxtvfyulihrbgnbv
albjunrkoqjhavbcyjul
iokccgdtcznnerfobfwu
tvvkkboyzwnsnipiegez
mftjyscxlpgbehwyoswc
qmkpcsyloubuftwvvyfh
mvtmcpldxomhskmznjup
rbwuolqtjoctmdejjhxp
jlsjozcsacrkrtqscppe
lybvqyolpuhtmnrizlnz
nwntxiojyoxzsfszhntu
oxterquaehgvssyfuxek
uzggymytlzskbrubigvd
rjltugxbbwkvwifuqtdl
vacomvivspmatympbixt
rphteqpkfbtjgdcmawdf
esoheezrmvdfjslbcacu
afrsrbbewefyayrvkyyl
krjbkyvzkydfvvbtvurd
rotcrxrdexihxyjppvkp
tbdbujxlbfwahjbziyiu
igwcutlcxwkuojezfuiv
bdzcqnodbhtpedymssjg
szbffvyryzftcldnqmdg
fjaoonkenflkswqwgvhs
iuwkyizdbgemvrufhajb
mxlghhkmfaomsvuisxwt
ogghfovqvfmmuhfedshi
nualysrvfuwoareawpon
rgsufzcrhitucmfuymti
cmkelqjhsuybudlyhums
gtlzkmslfzjltkqqfdmp
rkhhcovladicqnuerjkn
qdpixamxypcpckqjurgj
lyxtntbsyamdvrdccppj
whicbuwqmxsqijmfyyrj
lryvxomqnqdujcmaslro
lntdssllkmxmdznalwsn
qoqccludkixrgyiiwctx
kcbqhbwkolxaomuwrrgn
nkcgqdltlclprladbdja
kmfytbiopaamdtkrfaor
insaucycltxibltbcvvo
dlgiblcorlfotuwodpft
zewfneefoxgfttwzenst
nysfygkwmbdfkxczgcyw
jgsmzugckwmuefhjnwhr
ogggwustcsylxottisic
lxssyjefafrupxmfzmml
anmqoapasjdylwosuygn
vrfewwknathlljwkqbao
zmubbockughszospafaz
vodbppcusnorjyflxglk
pabgbzntnrbukuzumvzb
hwpvepoobmwwjaufobrl
yljeljoyqapndagdpltr
pvvyrqnfifzexrbvebwp
vslxtsdoflqsfduzjvhr
mtwyobkoaxqoztjepbgf
eyiugzbyuaowjnklhaje
vqntrksjxjmqnusfuvlk
uuvfhyghaoclabbxqkhx
wmkrobumzjhclzjwisug
ljjrtgholvmuuesfhjxb
fnjerupbnngrpycosico
kurklmwyqyrdogqtjgqi
buxaphalrkeunsureuwu
vpwxxmzpqqtgnyccmvho
ggislxbowzzgrimpwglt
aoxniwxgabblsrwyzgqc
suxqcooaseeddqnezlrd
vtagspgdlbocfixlnhiq
zenwqhrgrsxojimdestj
xozrlgakxnoqbbalnkss
jgqfkqttrdlayrbdjkqe
jaatlawbmlmbwepmigrk
mwjcdmsypobhpbjgmnsx
yzoosxleomzwwazscdun
kpgwqjrdrpqswknbzwzw
ewzombuapztzdlnwevdq
euizpchtaovkazqrrzwy
gsrjezntkrsnlolkxepj
gjssemtfqgzjbjpukmzs
qdalpfuvqivgpubdgxps
vumyniptuihvyoqulgsn
uvluchsuynmobuaivoex
qudolnvnnbsuofnzutep
vstqzqiqbrdjnckapesa
ebtoaarzaeszvuutoxqx
tydojwvzzjjzftjbzksz
gsqfgkyxokmwajeynfjo
svdpijyxxfcvgqsxecru
qxxlztbgxdzvgpvxgqnf
hsnghqxicpnazojinrqi
fejtepoaaeuvzkqrbiez
eoyfxjtgqihrvfvyreik
dkfbfhsknlnvnfutgpol
wcafaszfrhamkevchsbz
ycnklftvkdfqicftwmnx
ogmioexmfrxkmzmaovdr
fgqkfipkudjphiqhipxh
ibljrxlpmqpeyslgiszb
farundfldyijjyzuhyvo
nzvhqrqqjrpixvncixnp
tpsicfnqoteqdvcchjor
lqebvhiijnyoiewoanmy
ajjugvzfygevmvwalsug
gvwlfvcjvcuqbwnuttzh
sjiuliobfijvjezmwtho
sdxeamubjjbazjpemsvb
tpgzrwrtgnwsjqtoirhh
mkhovgyiplhvlecqdspe
oyipptrwmtanppzrgbiv
hbjckenvmkljdbjtkocr
rzrewdtsheoetxawxttk
kosqjyopqtpgiqwpzuqw
yhzesrkckzfislggjiup
bqlxrxxmbhlassbgudgk
jxifbafnpgpbshcekkeh
nucqzqxxclsvjcmxktkt
nqvhslwdphjwmjfguiuw
vdyvxnndlmbimjcfvxbf
htjiiscztmmghfkgnsrx
fsokrdlltzgixrwhvnqv
qibesevxvhvbatdcoaxn
ldlnojimnvnmopmrvziv
klvsxrtactkktcgoutfm
dizrvivkoqrnmruzzeaj
bwgiygvnbjorsimvjyiq
rcmxrvtfmcrgycyqfutz
ixywwjkoonkzdejknuiq
jscytqyxxdqktvfgngti
jycfwyrdrfdohdxiqnuz
wzpkcoavnfockmjwihtg
bxelphqvbtuggucivper
mjocpchmsaesqftmvktf
eagzryjmfssoxfbukwwp
ebjwhlyjnriecaqlyiej
zdmxmdyewntnwkgjtvuv
zvaxtobyjluruutddqfi
gluyimuvtqxsvxscvkls
galnuxlruvfzvprznjnm
bedsmttulazhaswklfzg
gwisiozzzqwpsnivfjiu
iozdeqyzdgnjgmqsmbsf
tbdaxihajrseocrvmeyw
vmrtmiwlbcaebqyspafv
sihgopwikvswfqrystrj
uvewqkvirlibovrhgxls
wdesamfodxxrfyfrfwsq
szsjcatldeykhnwkgtyi
mrptawdttskwbjlocslc
hgggxdccywxcvzilxvzi
yclrycutnhctjfkbswrn
kltbrycbsjonjylvsaow
buqgtjbhpzdgjnprwohg
jloopbdevzuvtiewaokb
gldfayhsdnmdgeiongla
zklpxwqjrrcqxxsiletw
smjyfwnijaiwxacgnjqs
esnjtfabpeccdltisdnp
qivfoefdtnyytoxrjlgu
inxfwbvcboevzxxzjxis
hkyfuzjgugdigkktommy
hjguujcuywlpiznarnhw
cmrxxleuhglkjqknupga
lxdfwbvyrbhdncvynqkw
syxiveuctrxzvtmfxsxd
ikqwfibgdapypaepbwud
jmqmslaiuaiujahuivio
jgkitobhyjoemqeyrrzp
qiuhvfzqazycisfuuzcn
kvfxdcuapcufpjoywmhx
kxxurlzycdugtzxsvwol
rnkezjijktzonysdfrfs
nwvrkmieythptzqgssmv
ocubrtseezsjemppdrxg
ziqhdkyfjehjaorjhjju
gulhphlkfkuwcdtcmmgn
bpmbmctzfgkstgbraobr
cbsqftkwhnzucqydsnja
kpgxwtquajvxaspibrya
plfwhzsqbeozmpislsvq
bawgjlwijgfvufrplapr
xalrssjpsdtqbbnmmefl
rcjubtkhfpeghcuotvxq
buhjobyvpfbbzwhmhyfj
btdpefdmqhzqprnidokt
kxjyfxwutsozhmcpbelf
kdqplmsnmtlhauenwkfd
czgenchclpkbpgzwcneo
xqwrcdwyqrypusxzzfra
ojgcktypjkhzwlzvgzlx
yjemaigteubtsduyepru
gbjsbvbgndlukhfhsuzj
cxswtaglhhrzexfqqbot
swacepucdxarzbmlofuy
vnqjurysjhvishyobxqm
hgqdsuhvzakiqepykhty
vvwhizuzillasofebxeb
iftolgupblhfnoqqzrhd
bfkuloecqewxsaeolyqr
pksbzbbjwriwxglyxunq
bqovgqorqwxigvlwnxvi
oebbdqvfkifpxofojiwt
jyfiymzoggucijhyjjcx
svfpyqtxnpteaqcgekzz
dwdnqcihgdrygwxtqjfo
tgullnmjkmybyfencgbj
lladepezujehurzmwxay
xidryfvbpcqdsvzbcqts
ydmagddkwzoghmaujmac
gbfpluyrdxrebdjxjaap
qurocceraxabpewegufh
bsmbrxcecktqtgnaigzv
etpvuvasjgoxhepnkwrh
dlrgrepxptizpnfqovaw
btdprhpspvdtpbzmcvfw
myjqfipbyfmzkaihvtgs
aeehaqzbdyhbastwjrzg
lmyayupraygfkncxqkan
yqltipdudsvkbaormegy
bxmfhcfoeiczxphqqqaz
yogeiyidlelptxypicsf
auzhthxfgwwgdneymjbd
iccgzsuofxyjjaexjqzc
fuopgknewhrgqmiimyxt
exbczdsqhsrqffmceguv
dclazwapmehpdhtprptv
rmqndwmsveqvixbshsve
erebkqnmbcvjllnrmdqc
audekntqbgvixgvwixrf
hpehkkuiswkohfglkxno
zmzmgdibqjhwixflqphp
uazrmabffrplxpeoasll
zyzvuucnglpsonxuzqbg
suwcjcfqzvjpjrtnsgin
xahvvkcsavbpjsmsilnt
penbokbwxhdngkebqopz
cyzvvtawudagimbhehnc
rzormdhlklfbiwkyaipz
nmtfodsqgcbandeoynmi
xrwetfdcozwjnwisdewn
avvshiddynjtyixdclgj
jetkspfcfoihmmdfacwk
qshsfekabouumqtatgnf
wjemysfkqtqwvuzhpfrs
csntiddmibnqpxescmem
jxfmwvjvwjypetgaylao
jcqebfrohryvpigyjgmj
seaqhbinzbslrthivadp
msqnijjngbbvyhmlsjcq
viqifqmyqqxnksfpebdq
zdfegcpnomeyqbuacgku
sebvdxxliostfyqulbzc
crqsddipxkahfpnxvnpo
jbycqxuvzyhoxxgrtndb
jkeevttwcpjgdknsqibr
dsugybenqnnpiaftgdeu
ejslcyuwylekffevwplr
eeruqaalwosoipwzinkk
rcipduaykvfqlevibcjd
iclqtytnlwmkkrhvhxvu
qdpgprcxpsrdqkmnecki
fnirjljfrxhxppfkaqpn
xpioserusqihledaarcf
gchwymedxwzohswacucl
rmngsrbswqgonjekamyk
dusgdebbgnwjwqlwtgfx
mqamqdrliplhowfuhapw
igsnkhtntdfjrydvfkwo
bcldcerlxekeeeshrkti
srjmohflxbthawmrqodj
gkduswdxcbyazazowgju
jajwykytwmpkzxgvnzfd
nwxgywblltnmupquigmz
inxyilzamloeazqpbnys
bdcsdzkwkujwoqyhrzli
ncvogcanmidhiltvzquj
xiebfupkylrqwotbshib
tsletxbjeoztubfpchwo
corerctfvzhagzknlkrm
dvyjdkyfhxtqrlrmzxhc
rjrdsofkglmjrcsqgyae
whuswyiccfiqfajpwfou
mdvyccuhlwmfyttvzswn
vqrracrgjcwkshaprtel
xteadtgmskvdvjyjxmsy
dlfrnpnrhmszsyprbccb
buybzgsibxlwpzatmuwe
qycdjocbkzlrnevsnybg
rnhdljaodllbghpoeizf
gtaoetgxtdkhrwenxrnx
cpszhtucqopfalfachmr
fbvdhdkiqidqlhtpepkn
vwmqpgeniulwphjbbtab
rjmkcuzzfnpitwdbiqtc
znerjpnfgmoubyfyuiko
emdvutuqawpkoclikudc
fqahtdhpgujqbqpfawgr
praauyaoxjljgcehwzvg
qcdrqwhjrcontprdgjyg
tymyolvgfxysalpluplf
wlmnunwdszergfqzgdol
sykowiruxerwgcdiohnv
twlovcatgmvzeffphtna
jmzzwftrqaunjlcmwgrm
ivywgliqzgltbcpsrlik
novwkqftesbzipztuwiq
robhrpvzrkgvsyhqrvmu
xzvgoqhueuzwahbolghe
vyfteslpyhzrnwxvmoml
koxiyqoljtzabjxvejah
kunkappmcppyhgexjfip
bactoixokrdcyhvwinxn
rbrounxiexacmiwmgbnz
yiwdstndirgejanvgdfg
sjprmxpirnnkuvretlkf
edkkrikefpoegenbslxz
gscimxzcvdwirknefibd
ddrmxpzqnvqrcrqjxrpl
xxjsieuopntziuywttmx
xfuyzneizpapithqyxou
gxaekqoesifoixbdxagh
gdukcdxwzsharwqoacwj
wgkuueemeayypbwbvian
ztiwhfqkodsqneuunslx
qjmuyryrkdxrjxsphium
qelofdapvooxvlfvcfyp
tkvhzuczxieplgmusxri
etiafegzijokyzihsihc
vcvvcurfizrxyvmstvbd
bduwubwdnekobewfcouk
yxelvteipergdaqmxgcx
crvvgonbggjunnpsylfn
rybiqgwwnemakwykkmlk
syxvynfsbdimeiugpqdw
pujqjmdwtcwmewrrnjcn
yzvcksennyohejbgflhb
ddhqerezsnmochlofqms
pxtlvegwmnupfmpbytzb
mcspgqpabxhrnefxqrja
ffsogifdunturnttoqro
dbnbsliyjwjkuliartmx
njdicqdatmowxezfphuy
zlfmsulgwdftcwxqudoe
euzwyhojibbnhmnlmmaz
qzinqhvqybhzmxsyudzv
cceepcumkpfdbgaruugw
njjxyhpoimnpotwyjajj
eqoihfwpgparjgclthqf
yrnqjrmfijvstzusqyxe
jihwlxyreulasnnpplke
ybhttocqykeeqxamuhxi
fbnmnyzowxqrubjcelvh
ipvuremdbqwuujdwstmb
rpkcrrhdhxgasgypxkan
tnphinfaljadhweiibwo
pdgttkaensutovuavayi
jeuwbrklyxjjfhrcsoff
bqofzttivuwaymmuybwk
gcxzpckpyujmaitefhao
pkmsestptxrzlnlpnnpt
vscvkwwwdpsbmmufteqq
yyiozdpgbikjmeeczrhz
udnzmctjhbdwqxvhqady
psyviipcibqpxypsrzla
gxhtgzykjwjbnblpsujj
ogtlfldorpjzoezklifc
dbajauwdsyfwtuplmoss
qfqeujrkhacvsjnxdsdn
xbarubnqblqdyprxibfv
brcpokuigmkegyiyejkj
chfaiprcfqfpxzverhvw
qrglrbllkctofnvqadni
hqgyzonyzjwspthitbcm
uivvsgwuouhdcyntrndz
dtkjpqoohreosqyoffqg
jkvagkmndjkygqycnxzi
lqdgvjlcerigilyoyaek
rgfrwamcrjjktmmtczzs
ojgcbqmgywbrlwtbauvu
hsmzwvqapikkhffymxfq
pgbrvnkzhosdagvkywio
xtuowswmdkesctmoqwco
rznvozijheqhpuoceenb
khmojbgeuzdshudnyetj
pgkwcruewbiqzzohsack
oydqzwvqwhgsvvtsepkt
ppqncgfeqrqovxvjhswb
imgjjhvmcyksfjxrkyzn
wyzhlzpqwamfkfzzmovs
eqeuzkucyygbhivcderw
kphijfknlxytueomphet
podqyouoarfzazfuoron
sbbqsphmudpymzhwtlnq
omtwlpdrijejnhhzrhnw
tlfvjtodtuaslzwgzkrl
wxmzkzrsvdvpbklidjtb
jgmmgbtpiutwszsmhwwk
cktblalapbypkfiwqfol
diuzixhoqfvemfasrffr
xcrydrqrfveiwxitwhpp
nypeevkafftcvysywnss
zibwldlxjkgrunxygdzm
zztdgbwlkgiwpobiacaq
mvnwlkbciejmzqkrcsah
eefqpikypmlydoiwdmqr
ejlfggftvetvmeihfnlx
egmdysivltggnhowjnup
zwiqkhdnysrewusvxwgh
atxxcnsovflwxnczlyox
xdclijljcukrwzbnqhmo
frjglpyywxxwpvstkrwa
isnzexednlomqvasbqkj
rmikufnonyjhhqjdsswt
ryupaclthsulkyxwnkqb
wrjtgcnwusduaopkfubh
unphrsjeekybzsitpbta
erwienpyjlsqbglznycf
ftnirfgsygxgphardqxn
yluxbiyyhathfpartugw
uidyfqmrxtgsawnenozx
qhznuokiwyaoyfttubgx
ctkidkjykdempuqwrbcb
wcqkwzrckcffpfogvpsi
igmggksozdrooxqmfjsb
ryfxkiidoxcegexgkgcv
ahzioegoiyqwusslismp
krypcibdinshccvmvhoe
ueotwdzznotevomiikau
ydpmlgqvcohukpfpzwsh
vuqihvuegrwwlwfneeei
dewinirbegkwzrtnmhci
gllcqniwhckvyobzqcor
okxyhyfpqdjayxpeysuc
ssfemeivystiadlztlfg
tgnuibdktlkxjwuidpwu
qqbqknjlaveoardpvsho
ttdzotsgzqnorxfvdmqb
cxwsfvznqzzrlcqafain
hshiehtsdaqiendianzc
shjlhmgxyuzzbsaogcvu
hlmzvjyewgwfrtbsexfl
wdqmtmzqmvmlgrwckdxc
khnydmlgosajvljrkdox
hpqduslrrjunonrrptuy
xnjnqsgfeuribzmpxnof
uxjpwiolmzyuquqdcoor
oniopmrssdofifeebytr
przaupmutwtkkiesoxsi
ibdbacsekaixyhubwfkh
xayamvngddztymukrouo
xiocwcowiohbysufwchu
zvwvbjrybbvhdyytjlqx
oqidiozvoyhywdglpyxz
lndzofjizkoipqerwhwo
hsxoajhnnpqmxctlfwra
mubwzsjxtcjjkbuqskqu
nxfuolftjppevdyychoi
niywmwkhjnhhffjzqmdp
xlkkpatjryejvlwohiua
htyxzphzwlbpcudgnayp
shcvapceulhzfsqhmjfp
wxxwwzckzkvciuoflfze
fjncdejlfudpfzdoyagn
apoudrhvraekucwsgssk
qggxknltzwroovyavnkt
tvdwwxmfexiwqikjjqgn
eweuvzuvflxfvoflaktp
ljlslsiirsotfxcqtwai
iqyinmshmudytdiemfra
hezbfzayjpancnmnvckz
olggvbwmtrzcwcywyoie
oaokipuzcyzldfkkizgf
bgedugvvyirtrluemjtb
wiyyuqebgvwpbekonrmd
kzwuwzplcyfmfmmvbqmx
bqxsvtgwzbflurvhwxmo
qxkxeylmngqodulmtgfw
hwwatqmzsrggxkhtqssj
yzytqtkrfzlaovqaxiul
glwnmvduyhgeepqdshya
ydggsrhmnyelcmogokxf
arwgbmsgjtjydpsobbkq
sbynljgztydiqnuopwqv
oxbgkyjrrguciqlwqxvc
ktuoxgtoxdsuqdxnxxzp
aqogkxdfrcvtrmxljixg
bvbgryrywxatxerblhpd
jvhzyvkbefwgmthopxvl
lpipwjseyvnrolfbaglx
gjrgzkawxwemqmqirbyj
reziwstqccjqbgstqbfm
kgrbabbqmerkqbebcevq
jkltxejyrmrkyiskqmmr
bgjsxbztlmaclflvgxcs
vdmqbwvikgnoxsfacswb
rxrarjqezvhdtgrefruj
nuhtffmqlmkrhhbfaznj
ydxhgajxbfdshdcormhj
xcbofuevktvrnfzwgglm
fnsfdpngyoghorpymlnq
lgwynvfnazolpsnehbtt
mihdjafxjfrmchrxyper
hsalvrsbpzneocjcazdh
xvyserlghtsdnvcdufvm
ypozmyokqpcphuoeifal
xsegrzptkzmaijeydcql
oxosjkgrovnsxkexvmdz
jckvnyrumlsbywuhvsdp
igxnubljntwnytxodifx
taprplvdpflbcbzzutka
luqnmpgdnmvpdmhmunmx
opihjazbohhotiwyvfuz
aatdvqmhatkpxnhuvueh
vblakaffuyuikmxusxum
sqwflurztkmlhiecjjie
wfopstamkwbnpaeyzyab
okyziggrlydbalempuwc
stjscbpwkufmjuhdycoj
wfwujenytffafheobjpb
brforillpfdcsxjfrfha
vbpmciyucwsjjvdgbgwn
zeuadjlfouwlboahslzi
prsiundqabwzunpbbfib
szfhfuhoqpkzdruzwhtf
xpryuqvwijyisjfequnf
qdcibvfgfhyqujwitwht
vvpcdxppbuoodcvablcx
fxcaexdzjskbuvtikszw
xoewwzppaqbujkodrkof
ienojbrrqknzkttfjltq
vealotavlgyjkiwfavvh
niwijuefcesgfbqwtvgy
uxjsvhgumpxbobllmgdm
rgcremuqmlodpaddsflw
hmsqkpfnaxsbtrsmsejk
nyttqqogsskemqjfatwu
pfjilgkzpmlqvuuvzxtd
mxvyxauzcgldnehzfsna
ibqcsvrzrfsqozsgmznn
bqskwrvtqoflaxzirnec
iupevabuqnrpazkhvjel
ayqdzkjcfniowxuyynzj
ledmrtgipjriubyjkzck
puuehttbxjlalmzjpvhr
trbtjsgvcqgakjdwsgff
rdyvxgloiehyihhytfuc
bmuoycsfupmokrhmbqmh
ublpckmedaztyxrugztn
trhvokrjmzgslvoojtfk
veodtziebpszmarorrcg
meplkiyyuhsbspkjtomi
cmikxweqmoowwbpkfcvq
hzsqmtqshuqndyeagfdj
lxrqcgfoxabrhknixzri
kbouyxdhfwgqkehmpjvn
oilvajpabzyhxuqwyrmv
nyuprgqnjjqghbzpehhw
ptwexdeckjodbmkyikan
qchavliyhuclpkmicxcx
uvtysnskqjaebbmdjtlw
hbdgacgoiaferhrtgvtf
ibyphzijzskznqpwekbu
ygiqxkyqtwdcfdegdzpc
ufdmsbbeintwikhcmzyx
bxeuovbtjktfegpyfiht
aiaiquwxwnikhbrgacdy
tagcprjftalbtiebrbqd
cpsnmcejygsncnujkorq
zafopeqlrxfxarvgxwyp
bowimhmgazknyrixuoek
dhvhpzarvkyogakqqliv
zaeddlfpjtagpktmpkrx
lxdckuynkvnqagtbarbb
gmdxeiurglzakqalmicu
kerjgqptdpkpihafytqs
mzgtaararwtuubznhyhu
dddhsheiwghdastcxcnw
nrdpbwqxzxwxtqcaxwsv
ohanknkocjkhmwjdllwt
mvopiojxzzjmassdetue
oesuvbgmlskkpmtnzpiw
khlqfirbnfxsbqkvahdq
dnthovirmkyatjlhyteh
mlmnbfnspcqbktpkksfq
joqcotjfjmfkixdczxgd
aoiilqhhbpvsgghkljzu
hvovjtxpcrdamfzchphi
utquuqgyvyfhtodwgbyf
ohdagtxsnmebpxfzquqo
ruicdizcccimuylhfnub
wjpprmvwqetbnolabrdv
vbvumbefqroeloltdgcp
vwurdkbmrndjemqkcjbs
zfxvfahpnzirmuourdlk
tzheylitofoclegphlzc
jbrzfbudzbfubpjnugum
oqmaekpprfuaxddlfguw
mgawoumktqpeygtrbgno
ebchbcodedareojrwhch
yjmvtnenwalsavyoujzt
edcreztddakmfkkvywea
dgynmgovqxkeuakkeqtu
eveqykbeaawyiafioomt
yxlkkreqnsoytkdrgkqu
julxvcxlprneunjkgpws
bvdpmthqjshtrsjvzjeh
izsiwdpyzrgxkvsruqgn
ybqnhlkvecykcmazxgqy
akzrypllapeyzdtmzvns
cnkbsqpyishumwljgizh
senfahkzvondoijtgbqm
apxjkhcstpenwfmullom
szhulikhgtoihewlfcmh
mtdrhdixhuhrtfsbijcm
zmhckxsacnixdexwqbot
vsyqjrueuqqwxndhqobp
ecpeavovjbxmktmfasmz
czagxurspkgpcknyzfwx
efnhixhahubgocmkbixw
gkivbnmgmdgngjahyzrt
tcbndjbwttjvhwaillvd
retfxbjygjepfznszmcl
sdomucncxaedqieqpiba
hngauqyfgdynhaxnqdsr
wvmstyzwplgvbztugfsk
poofzxcxjazbadfzlwny
wlmpbgerhhjtssflfiml
abbryoipjcclygtqzmrc
fyfxexoozjibpqcuiqgd
jtoxehdseqlthwqsovgw
wilmezfzjkxtfxqinwhc
oeuqcnwwrakybqffwxse
jhqxainrualzrtdqipjk
izappbjkxlhrdqtxaxzw
luwencguxuigakfmpird
tirdwwimpukbfneocjxv
gcgfdrgeuwcanprbwlxv
trszivmjvbzrdbnchtow
qimuqlktddwgpolxzaah
doytfqiukaonfdzollmi
dlvwvzndkfrafktmkako
tnipeaqthndykqhdwupo
zaujizlucyptxaejgypz
cunmrowxcbhtdsqluebe
nemaegsowjolgqpeatbo
oymvhvjsvtxrplpjiqed
bcvjqurbxmykjvqvonwn
wermzmqsfrflswzqddqu
zxwtmiqehpshhwlrbzfa
nhdxlueccpxkggnlgmaa
lxfslwrqkiqnwlvuulwe
dcafxxrdxwuwffyahqeo
iylffkkabptxsqgvvipf
ymijfcsyzpcrcwsxuvhc
ydxcezydrwatkbqgasrp
ujqoqtiyupcprpsxkoug
akkldvopwrrcnwqlubvr
cqmkqoentztuhiuthfxm
hipejmegwaiavjryyjhx
vllhdyvojrfggqiwqdfe
iixovmhrwhawiynefcuz
ukjgpnsigouncdmlygfs
pokctwjtqfbsryhamcmg
szojlepaohkocmcwgsan
kuzmuzabfmcskarmffdw
lryfjjepvhxvfvsddamc
hutpyciqosgmixsrtzht
tqijjqkbkfbwfgorwgef
xethkphngpbjycvyeakr
unkhylmpnpfpndbrvcje
nzcrurgrwcbqdeoktinh
ickpofkpdbhasebaglir
myftfgyumtbteocezenk
gszmtdufugqafnizakap
znwvmwfkzcwwfdrtkjpr
qbvjezgrjysyeuspdwzp
whqarebpllriuvmynntm
ozjnkkuqmtexnwqwrozj
dyauzhvmpyeecxnhysaq
tqseyilbudbjdpetedzf
iuyulvprqfbkxgxvopza
ioabxqxssegxtedscsio
chxwbzwqcnbultghbwaw
sytscwyoepieciycajqt
fmmsbvkeqxxzfesnwjkd
rszzqytxlnqpvhiieoyv
jnhentzavoegzrpzgkgm
nefwccixkqzklkqdqyim
fkvxswvvmvzcqgievcza
xeazcgomyoqmfbvwkrfd
anmtyffqtjaoiiydexia
xzjbaiogkvjocvtuzhcw
pusizwgnjyveoxhigwvh
mzqijrwfzbxwhkjwgujk
jlfnzattsgxbafmvamwr
ewuahacrdrhkippgavjj
opdgrqetznknsqwxwiij
frixlbrujgwckuvgzqqp
agjwpfacsxajxbeibupq
qjsvypgqoadgldnwqzmq
jynvkqkqrmyutbfayxxs
crcljitvyhpburrqiuhz
elychfrhuitmrrrzdzqc
nzfllvvgowlukewsnxad
mhyweybdsbvrknzescdl
amnazcibhkcbkjtuwlut
pvoqjeedfaanmyjyrbjk
crvulaqxwzsjqflnqrbv
qmsvmalbgqxtuzyclnvj
fkfmnvungnrfvdxgxjug
vifmhgevlfirtjjkfvba
tfqegmvbilpdgsoklcgh
iiqylzmqaqiwrtprrbxt
wchcthbcwpkzlkvaybcv
jhhzwwqhqpnthakgrcow
tjetppkvknbkinzqclst
gvadddxvgxjercuinapa
lzvtvtobtlxclkpskzyb
vbepihrulcmdqdcyddsu
cksdtxsttpbcdevnxpub
cogiybfmzlyzkfoaebhj
zefupactghkikjgrjmap
uhzyvnwjxzmhwytyryyk
emoxmbhbanfprvmwfltm
jzqlpttnpmpjlrzjykat
ecblowlqnbnbehfpmvyi
gjeriwdfdiylhipfdqfh
uvjbpfhkwnqcfgxuyymj
ppplsryqvvbittbdkilq
yjfmfvfauxzbypyxlvaw
iwjgjcusqjgvtigvjghn
hucsiohifrzswxnhwmsw
jeyzkhjtsjqderddujvu
uvdkrodggjdhsnlhpulo
cbbbwsmbqunhznisaetm
ifqmwjbperpikljppteg
ortgoywfzwperkcwfyjk
ejngvgnxbbulrkhpcjmn
eexnbxegqmuknjyvzgry
asjmdjgjioyakayxlfll
anztygidezgwlplqwyfi
coeeqdrorsqfxeyrbnke
tnuxzggmiseqscklpnqr
ldvdkmtptkagmclwkryf
eyarunkijcfeywfwdhpc
vtozzmlygczwnofyypus
toptvkaidptnrlunfseb
jvrmhizwvpgronpxltfd
udcncbqsqzjbfhnqbacy
wdzzvwgnttvkyykpcruc
jppvkovkbplzovqlvvwz
ugmzrxiptpnavtnygont
gugjpmwqbxjvhjlusyja
ixneccwemrgozknfllwc
fszyshuenevtdexmoiql
vkwiaplcofytlmbmvlyw
ewtbabmqsdyauhuirxrp
folllnzxldodmyyaymno
yuwgqyfvnsqmbytlaabs
gpmtlyvserwfivcqmvmj
txjsmieomezpwwgamach
lovkvrxfnywmuohgtclg
mlbkvsyhamxeznlyawpr
lmotebwmmzomqwhhnpeh
dyonylthtrviyqjgzeni
qaafosahltkuemuqvymw
lsbnghcubsrgnxgwnegq
eaiftlxbhnbvzwjqrcdk
mwsedaewzbnsmjfooxtw
rmxfowbzejfsicpfryfe
kbzjfneqkhlenpwicqoc
hyzmfsctfypjjzkjfzuh
bzzwrbewwomxvmjezrcd
ptnzjmpvnbnoicdcsnjw
plswkpufyprbikdvnvnw
clppbrgxlfqjvqvxiiin
sglepfmxlvqqmfdcrzpm
ltyqhjdlahykhvceyugj
qfmmidyzzleibxhqurkw
uqtompixujngmfhfjxkh
kdwmxukwpzpipvkxxppx
sounmduvjhvaflubayes
hpgcyvtfqqaxqrmaevqu
nashsqksqxpnyzqhhslq
bdqmtrqjzkncvjxrjqxo
ygqctzypgqzqhfttmtnu
wespvfrowntzvcojwhpp
iyfavwlhwoyypzsyuxte
ydsjjzrcgongriodndjx
arpmssphqxcxnyaprvms
ldmphhemdttdbacwohcn
zamsbprpgjtcppoghjjr
pjderluwnqjevosrrreq
mbpabeqrhulrvmtstisk
ncixcravlrtrurryhnyc
papckqwnqtvalodmzedr
vbbesvfkrlmkphesrvpy
tzmdbcumoexfrxvifncw
ewykmvbauidnnpiyhsdd
glbyimqirzohakortkmk
cnnsfkmmbalgqvethkne
cexgymysdoixeqdmuzmh
lgsljeljbpppvskoplub
ghxiegqgehwyazmfftpg
mwymlvsyhghsmprpeckm
fzjexorvcfzoaqqqwbjq
wxvuwwyshulezlujybfn
cwxjfpkylxcxutiwogmv
scvmvwwkjxkhnsnzdxdz
zbidudabmlwxtaupnrqn
ehoqcvzusqbsigbbicmf
bdwqoivaievaqpmwpemk
uczaufqnhnhdxgcbvajc
hxzwkirktyyyezeqkdmm
btojqajaqgkvelnlkqwb
celigqcqjaeficumicqr
jhiajdmkagmdsgppuhty
xevdrspkqtxmfotaovog
ztyfcgkmlsyczmbatiil
abxnxiqactkkfbufvgvp
morztkngbrjqbiqtqprn
acuvmipzhhfewqpeobfd
eupibzrwelsalfffcowy
censbuomamkdnvkiimgv
enbdwwdkvdfhdqahnxer
wbjouhyvehhgjswtejph
kfijzybachapfzmdcizz
hllqoylldivqjemnmsoq
oboxduqdseuswgyuxmpa
uffxhwrljybsarvqrlnv
ikysrgvowibjngnnvxbu
wmivojmlynqovinbzkkb
vlrdmgdehnwyavmokabv
uirlodinbgjnfrduxvrb
xigcmurniuzhnllvmusk
fdlrpqypjehbftozyaye
kzfddcnnwwyenvgaiigi
tskfvoagwoqkvwkxvlyn
okqkxkfvifpbqcxyqrgk
oznngtfpyhikqiugouyw
lnqwfflpvypnrrqwsixo
ksskixorxsxbennyymnb
hgpyxgelvbowalgvnrfb
vsilqrdrghtrcgvkfdtm
ifqwcxfzbkhepsvymdum
hkecqfxrttbynmaqvjgv
rksnvgjudwmlgxwqcsyj
debllrjtqtgbqqwogknl
nlcunhfnzjmjdmsadptm
puzgzigzcwdbjfqtfudz
roynxzbxejpmpjgddjot
kgwxkibuliynxiwujshs
ndpfpnqdtizuevvnnabs
btdmlxpvhcrkjlgkgdtv
hqyfdrnmypskrlwmibzh
vfzqdsihsvxnakkukbxt
fzgzglyhsnrwikhyogok
ucnripexbifuodjkqbdu
ksmuokfoezylkyiauhhv
oruqafhfvgzkhvrjetip
adfuzyinszalsmdifebd
ayazzpqycebjwbngvfuk
azvbpnxcpvweivhpjmrk
bcjdgsfdvwgnskwmxvyi
xcretbgayfisfzgazzii
zgkkhlcmoisizvibtjmg
kpezmafptssffjjenovc
veuwfzlpuwupumhlvatw
ccrkheenyjnfokcltjqj
pwfnljshmlmuuaspvcyf
psdafnfjyctxkcxutonc
eyhktyhmpkgkrfxelwzt
tscqcwiyakxfvlarnkpd
eicoqzstoavepbjhvurm
tertbjhjsfeqagmxbtbl
xgezczygedhzmsaeutgh
nucbazqamkorqzkvqqit
chuxfcopfttgahmutfcf
iryanmnhcctdebrlfwio
lxwnkdevdxzbkrcpxmad
azxqtzftebxdsupmitbu
ycxdwqzmshviixpjuwjw
xnyqavdjadxoothleaws
rcfpviszvwjbiheeilqu
foritmmfxltfzhtybxwt
cmvugwscrxppzmwcddcb
pnzdaucilqxnhmwignpy
rqnvcqwsraoonyxrsxmy
axdishdfiyjowobtbhpj
mubechxenpaggtfylwoy
mqqskeuksacwbwytrxsr
cztwcewurrbrcnvhdpnp
feliatyujhprgqpfzgyi
tratkpdcyhnaadqxgarn
oxchnlkmjonnwuqwmyig
oukrrzcdczeeabwcowrt
hdmlkugvyhrhmrriggyo
hxwqlqlzzsofsejsqvea
bwnebldxrizslgipjoeg
cpxoodkfyhmvidlqmans
drlxfqssexpstjdowiix
jhnjvfknbgjhmxrqnrln
gmrqjgheflyrhjktxjit
fudhegjwdggxijuymipj
zofualfalhthftldbdvy
aomqvfxmgffduptnwith
tglzhwgbvxjvykjkvoxk
vwzsthrrdsnscnqmgjcv
tgeyykqvhlpiijmlhjbr
sdcxuyjeiapsnshkegld
witcxurteflusovfrvxl
xkfrxgeyrkgntapziovn
rarntymmwjuochxnmquo
byheijuwplbpglstaooc
gtrjvzgprqdqbvnxicyg
kqnhckqwbtyipweanyjc
crewiqlanoltktntjzqr
ixertgcvhrzhrntzowlo
stytawekebhmznwxjsmv
knwshivljpvsreclxpsy
bhsfetiwkehbrrcfziyi
tudssqpxtcphznqgolns
vmuyszbkxhpyyxjxlxoe
ynpntxcmjkcputpysnnc
zzovqvtcpvnatmpumarv
mmdwkrgvyetairluotok
chyazshpaumdnmfludty
chlhvsgbdutbgvtiriqf
xzzkyutuzzkyjjocgqid
jglvfdltpbiklmuantxz
vxuthjnwjpxtrecccwcs
tmcesovstwreuirvydup
txmmsdatvazdghpcbezt
fqlbdkrtrzufbhmcqqgk
pbalusrcsixlrhlrwqzw
sniuncjzmjmxakzxjejg
vwmlmkcyoijieijjgfzj
rdxkiislmgonsovhxwgq
wkjejrbvxfjvnmazyihr
oescepxgrglxoxnbgcrn
ozuppcjeuhfewyolvnur
fyoxnqmvyjsgwbtdeaaq
xcgrjbufiignwncxrife
grhvsprbrueseltnhcaw
vchiykwlsmathwkyrrqk
gtwyfvxupwjyxbqcucfn
tqchbgdxrytmcnelscxt
kxlssfuzgewfeoidvvjq
bogpzebdamgehltmlyfo
geifwfvdrbarpvjmvchd
juoyizsiuydipnlisgix
jywjghggpdbsyqfcbezp
tskrnrgomrrtyktgxqws
adtobrhpkjffdsbmhnoo
dsmxthnuwbtsamtzsqvw
drueoqghaxrlihqfrggt
kpxmabvenfbyeysagvlq
sbkgescnvwvjyekzfqct
ioctunskxuhwpwzizyiz
lltdawuzmjiwrtdwnlgi
nkoootcuvdkzjcpgnojp
beaxqrrrsjxlelglvrgt
dedttcbhoxsljcdasqar
kxlvmrzacpyfddngfokf
pgngqniqafikvabrsdny
lndabodxipsexawshayk
zecqvxpycwchhnqtdlpz
wkmdmzbnnpokvasimpmt
ekjwssbzevdnzksnuwaf
opzvbplroqtljobhjdnd
wjcdvfugnuztjnaaelwh
uwsspzzftmllfozlolte
wkehmkyytcurfecmfwom
wugxsfrjiroisfrfwoig
ccrjrvbxgvxovqvhpijz
bbrglsavozzyxvsxerdc
xqwxslasdgpckqoujkou
xtpwsnvpeagvrpvqlovw
bvixnfaoqydqqfmkbnyf
kjqugbcpodljvoxbbcjd
gxaaudkotglmzfwdfylt
binjvxzshhtepqkjwygt
rbkkoorqzrkjoctcbwoe
lhrstabzsryzfsvvfacd
gipyrthdrswvgrqjebtz
rnvozhuhtoyvwfryfpqb
zmyyvgjzziwxktodyoum
dlrqvamrtgvgevcddweg
oavwmultjmumtklliaoo
xjbusgtpcfzecfdxixpg
ulkfyimpjvdleuqnkqou
acetzedlftielbhzicmz
larszaaaqgjernbwrmyt
ezjrlspxpdqcgcdyulsw
ugzdgibbqoquyvkctuhr
sjtrbgdwwadaovhjpguj
vzyjyzeaxbrxqvfkzbid
jzykihchlvixmemslbgi
hawccufrhpinvsjbkifr
moukksepqvmsmqloxfpf
alvsicamxhfrpcrvxgcj
uywgkbjaxdyslsukiqbs
qapmpuhatsyqluisdxvj
weczbgshplykgeczxmgr
xbjualfekxgrqguohnqr
ltcdjazbqvvwtqexktvv
cmpqrcbnhpehlmwhhynv
utjlbhavwagekjivwdgj
rkkecdbjfjkpndnbkbkp
rwdrkhcbmakqbfwtyive
qbyruhlhnqvmhavuhrhi
fjdzzejyohdqhbiohukl
pydlqcwryensrxbwyzad
lfgyfwmuknflydgslulx
kwckvzeiasvnepmornnh
eimshbmeopsjmkcjvufg
fixxikbpbyvucseurdvl
xkxocqnptxgzcackuzxy
igdjmlfiyjnljbmakigg
dtppuyhwevkeqvviparn
mbuinemzeoeebjncxnig
handvftiuxycvbaheqjp
typvdlednisuedifgknl
hgceilpzppevpfnfflpq
lfmlegmumvvexpoppgvw
wkyivjxhxmjvwcltvlcj
wmxabeizrxdenhnzffbr
xerbyujgwonlqhuqpfgz
hjrrdsvxnpjhjositspk
hrtpehpifwfbtfprsydp
ybnvoixdnrakxsjekalj
kmnpvfugrnmthdndzncb
vfejgnvcwfbxzbmspzyl
yzrtegnqlzmwdpsjozgk
wqzyzgsyzaauptepcdfh
czzyxloimmpbaidshfqr
pokbahysczomieytvdpg
lnjahvqvblwqzhvkflcn
tnaxhmhrmzgmqsyedalt
qqgispijkevqpfvdlmlh
afqljszcswfpvgfnkoto
ilpiitydpahhrdxcydou
frfoeilxtnastwdxwals
lhedgclnlepchrxibyoy
czjdmbkqfgmoxsfqmsct
aujysqywmmepbdbyduof
dhysqvrugotvegyayrco
csxiqjmmgzitudlffxfs
ztjxuaslcsndghzybmhf
ebtkvkovqzkedujzfbxs
juwnuaikhbhzhghvpgyu
hthgozhszdqwmoqlklfd
dvotrvfjonmhddiznkyq
vrftaukzeyumnlivwlqo
lhlsedevvksawkuyhurq
jpfpmwjuffooljsxcvqo
jlcvixtdrbetogfdapwv
locgfmqsbcfdufcinmjt
vamklagnlpdgbhaxrchc
ueqoxcgzlcarwxakbrio
wnslffolelyhynwdresl
cohizwheqtsvbtuegslu
oqdrgfkuziaxjidmyyem
rwgpszjjwigfabxprcsh
bzkxlfskxapcfcavjggr
cmcsjhfvuberymckxqxz
runptkqstlnbdwlilqtc
mobcehbucbziwhcnfojz
evvngbyfuquyetnwvxex
mrdkpifwtnbzvuieuino
olwgtoazwgciffxybhky
ozaxkhkwpyfgendovipo
gfclyywkgbncvqmgtzre
qnyezofxlbggglnktvsf
bzoqntfhslcjcnibexli
bxrsyzpuprtzyhamajmd
sdfghmqmhblsmrimqwko
aklsasqnrnslfoonwqad
mhsjecjybsxavlfzfvnm
jyrbkdyrdxbvhtrvrklm
vhrtgvqpusydshkusbno
ydkfvjnxsxlcmrlhvyeu
xvyhvsjukxmkzeofvdgp
agbuapkoxeqqeqjaxirs
jvwelufnnsuixagjtryc
rhjvevslotzisqnevfzg
gwwkkfhlhisbgyayuyms
lbuwxmlyvsrgstbkdlwp
nrxdyeuwcnrqkgzawbze
fykiaxzxylzopmkfgqag
lojgphsrhspyyyrdjxed
lxjbaijwpadmcaikarsv
ioymedbjvwxstaugfwxa
ndlwfrqtsfukkcdukbir
iswtnufiaznrfoiadfdc
ygefltrcpdylmpmvnjxv
iiwkmruaftfqnqcrawka
qanbtactmpbihtnutcha
jhfrhaojdojghtzotdts
kjfgzsfmzivkxgdpgwfm
utzkiasulvsocbpcqmav
xumppyzomdjfjjdzhxcd
iyugzynzrzmqjqcqmzjw
qllfohmrezuhsuaztolu
otfpcxgokmfwhxrdkrpn
wgoomggwydqspgpwvzxa
hekigelhqduwhvgqwarl
pifqoqvdhavzlqqnlzre
biakszvbyecvugckdgmg
ajycvktpnqimjmoihcrk
ehmftycbampstdypzoga
rxyhagdrhwxwnzwvuxif
zjunwzdgfbhrztfgvcmw
vlxobnymndqjawjvdvel
yqsxowmavxpilrsurthg
cvrunfdgvhqaiahqleln
odamjgygnjaiersgmswb
fgqluoumzauacpixmhja
atynmnvscfpsykujiwor
xltggxqbwrlzeqvtfxsu
fjzlecuoecbltpzpzbro
almchkgjfakmesepnkfj
hvkeernyhojcyifxtgre
qifpftnffogokxwwxahd
ornbyvsopvmjciunlihk
yxokrpfzzhrtdrsrxexq
isykpttdtzwnvkojfymv
lptntwhyrrjhhomqzisn
cijtdchxsdkaxcrdokwc
btwjdpxtvbzdcblrokse
hwzkbacvlbpbkwwcgkcj
xneikjeatngsvczcswro
amspcsptqkoqohamdxva
swcrtdligcgvzacvfogl
lmfspnplqytihhuabhhm
otehyfrtoomgjhprcqnm
budckcuxivmrdwcphlee
aeifkcgmbiiujfkhdnkm
henlkvrwzsjrlkdwinur
pwfukcjvbzmabesgvonj
ezfcabheywzznjlaoyzp
lzfsgxfmngwjzhqzzykh
tnrebfmtuulbzbhopmwu
flwcalnbffpygmxmbvly
riafwiwwniqaxtylrvnw
lzdvkwwssaootfosfdnd
tbzxkcsqppjmutzsronu
sqziksmdrkxgigziftjy
jenqeaizvbjxneaighta
ugvvejqaywiarexcloxd
raafqhvqbwkgxdbnegpk
jkujwbcxzqhafxqconho
rnbhnjirmepshynswujz
cjqdxupjlbwwzhbzshpy
xpcykaoupbdwgqjfsaaq
ozcfabcmpktszgltrozq
uqofcnzfbmdmvuzeskqw
lxfamhjrefmeocnsifxr
wzegfyskdkxsxwonwdhr
ichqxawwwtlezcckkcvt
fbwxgwvnhlxjvgkdsmbg
sbznziuoptgiblabdhvk
ylfoeaxjjqmoadvwncka
erujjhmuargqykvrxdco
rdufuxaoqodmsonoopxn
ggnlzeqzvwdnbmitksou
qkbjgblyyyysanhbzzcb
gcfpaociqvafqzdarixo
kxdbvzyromlcpiwslrho
nndnnvljrdgkirzqslid
fvhjcroqonxlkqnxmccl
xakxflodgvhvpltjdwhr
gwjesurhcdjwapufxcju
rfmobardtrhjkdqvrrjv
lqvapvjcifujqxtcmlfc
fitjmyzxdpvopncbczfr
szutbxddsjyygnfkbmvy
jmgwvpqicklczgwspmzu
fherulgabvyxfpuyknbb
pxqxkgltyykzoxienkgw
gbgbpioznwswcpnkiuon
ulgorhpnhbcjmdymevan
ejxlryweecgjscnzfguo
duutsidwmapnudmmqwkt
hfwmpnrtsnyzlyuykkbl
rxrfihbqhamazqjnuebj
jxedqsxycujcdlzhkbju
qbwddgnyvuceekthuigm
yphgbozjptnekmsbhfox
jdohjxetjztbvzfqbhsa
tuxoseuddwikmsgdosbu
gnujnisqfbgsoppwdvtr
vxzwbixydeabjyfqdund
btbobhescojefaejyaxs
jgsvzyipidigqeanphef
cjzpvgntywqhffapdonr
venvqjhrjlohlkvehbkt
sqlmdgaqwklxdhelqjvk
crfulpkfpvyktbbjgrxe
gwcbdsfvvgjxzlrqdqhc
fdjpeuimvsgkzxylixnq
nserlfimhcebcczphwru
xzkubdanikoidgcjbauv
lymkwhntpbdlhvvpvmlt
dmtdjmikohhjjqilpymz
dlmavvlzstkrakcnjfju
vhnkuixhcwtmivpttwgb
daudqzlrsinwblomvwws
gdyfrjtmzsrldqgyqgbt
lxcestjfbzanynwmrlsx
lwnctdemdzhaxbxnypeg
uikhejejtkgbuedwxkua
hnqrgrkkzvbcipkbpzfs
usxctsmxoftxbqocztqz
quipxubkugcuwhsfrpmb
rlqgupocnwlgekmhrxtm
oqsnqqoxijvupypwykcr
xnitmompfrvcsbhoclqs
ydmzjfbjefbvxtwvpwur
igjcusphcufymllucizj
hwclskgxvkearwzfacaa
mjhwetijurprqgzudnws
dsxshsudbmdqlwkzadig
kyhbcxgimkzfrkolntds
htjzcsiabhbiqgotbqai
rmagzcvpjlaufvuvavft
exmufilrohtqsuurzobq
wrkvhxxxbdeuvfggired
qbdsjtnawgrfudsqhrjb
utzlvrsgwgpxxwrfublx
qwjswqwcannqujrtrffg
qlexxuvylmwzimotrgxc
yqlrrvlmwxcewzcnfenp
pqzrfhsomxnfkjwwsxrp
fwpboalpqbtmiwsbdoyo
tqshhcnxzbkspdpeoefc
knrdnprvtgykyvbbnheg
gdjgdjahepdjdfpcvwav
yntaabepqfebqeztatrl
dsyfidqqxopxntazkqsa
xkxhmgxvwsdrhgnufcwa
hvkerlvidoupsrfvdjgj
mxmjmweeayitelzcykpx
isrugrrguuhohtybgwba
fldhtbhlyixczpzhaepy
ntcxqqpmqpadatmdfubq
xjeadwyelihnzuuaiwkj
fuwqtkvqatamfemofyti
yrjweyzvbrjxcnnapskd
vjakrctfmpdmxbwzwrhv
zbczoacjdqnzcenyeree
obfpzqofcpdbkgtrpfma
owtyecroewmaabpqxzkn
wdvwubfarvctbwmfllmf
yuclmwkxyoswafrhvwwb
hctfldtnnbeibaagyyrr
wdnliqdjbwllmdrktprc
usmaepdibhilfmpzudzg
qjigjwuqiktlepcejmax
rdqwgyesljhjlgtsatvq
eqexeukwfmvegvxdueqr
bctfffvnywanlzmshxyz
tfvjgfyawvhfssakwdkr
kqgvcurdfhxreftnlgos
nzswqanoaonieiugatiq
qzcgcufdjhzbvsdfhnhu
ezjpmxcpiiriksyuegxs
grhnavkdsszqyihyjbmy
owifzaafjaomhgagfdil
mhtgocidzxudxvistbat
yfgdqpbvjkzzxdpnyhyl
bpvfmcyeshcrctalzykj
uhzoocgbfdnfwwvgjxts
uqqmlwjcccbretbjezfe
sfgjcxngmvtiawwkcjnq
ovpmyxmarggmguljstng
vuuesfexvsmvhsepikyq
npzmtgllwrilytvqdhfy
kopymmuvlgkepwzscchx
kvzjrtrkxarlwatpcyeu
uclcxkejcqamakgxxqqr
bknrqrljtsurkajpynol
yfejuyrfidszkgvjbkbj
nqrzcvyjfzhjquuphszs
dmfkwuzmwjauivtegivn
bgoxeszyheibfswagfox
epuyqcszvmwhtvvynmmj
vyykpfxpivtosvlmkbrt
oonognkuzjmcznjdlqvl
msrrhthndweuzdozogwg
kcsituxhuqafrxjcuobd
oljbyptxgtcrnsqqaizx
qtizkcqntbjxdgfeqkni
xvqcgfyfuwccqchxvpgo
nuehuszxytverbdxcdvn
rmkrmghnphjciiowwami
niyraxqotufyhurcqgyb
bthddrsyzqsuepuallnc
wqvghsyqyesnlmgukviv
hqunvtxyjuzomzztkspg
jhbfanynizrgxhopdyvq
cdeekzmdaqvonpboqurw
yfwptwmdgmnpmgwwupkf
azuglwepxazcqhcjwajn
oyhfdsyrutxjwounwtzu
ulutuyckoprpxgohcoxp
djyrgaktegiejzcosjec
pfnfbksoogskhiqxsxaw
humxvwmsedwsudnmkylm
lthfnlsmzqoosfvyyzab
uoosrbbwxltsqmzztkts
ifvuhmsznvzuumdkwwvl
maqofoxcrbhmkicszuje
iteshyzfveptyloklzsg
tfjdrrhaeobcoedfvxbt
mntmrsqlnufqajnjpyno
wzqdlphsdfsbdurrosol
dlmchluzydgqeneyztoz
acmtcpqlnqhchmvvvkwr
hoqipppelottrdzapxgr
cludzszrlludfxqvaakr
nmxbhwbthecwmcshvfff
stqbhrdqkowedlsxxpbi
bpisaribguzzxvxgzqgh
ueruvybcjaqnurafkusu
tiajwymwuxvxhppuozlz
iyiwhrstqfrwgqnbcuvl
itffxxwwfsdlxrumywkl
elqpzbccglsvilffwzth
qneyffzjhksttaafpgod
fjbjaxmunrlmwmteqabh
stnysppxupsmsyeahxhs
beahjunlngwvnkrdnmwj
wbnqqxiyhvlxhstknrbt
lvgcarceeticvlhfvdoq
kmiszljijbjotktceelh
ympfzxkzsxbbbsblpdba
jndbwxbqangfxrghhkvt
sikirdvznuwptuyxxoyk
gtsnzazjxhriesobcifk
ukgxpazcfixuqjmcmprq
kvkkancyfqmbxoupcoxm
vsxjdsdradmplsmaxvqm
wfcokdiupmoqxxdrckun
lrpeqyundiybajwbrvqp
scajlkspystypgjribqu
quqbnqqdpljlzgygrmcy
gfxntbzeyfvbpilseyil
jpncculfrxjzikxfhvap
ojusdmliizdxbfnaanij
pqxpukwbeqjxonziygaq
eoltkaqsvaaqxatqkebr
esxbratackqnvfkcagmu
glyuuodqkwrvwlqoarkq
mrzatzwdmhlpelujdwoe
vagimillgyihbtospnji
fcmcttytvuqvguxahokd
qpzsismhcvgbrfgrhjtu
mgopjfodkdnakjycyfje
sacxceotzcphbvfhyjux
gcadezxwmkvtjewxsysq
tnutsdgfjabcjbquhrtt
wisorcvijviwtejhymxi
bihalqnvgvdrssekfiui
egayilclqmvnvsqgobph
frioprspivtwnicjdzst
slmlgzvtiicjkurqqtuw
klyfccpoqslzlbwrsvpx
nhbcjkgpeuzxpomqvrwg
zudthdohavroujmefcai
ixfbxldcenwwfqlmwkik
gnppanfssltyebrxbbwb
ndyyynlzdvjusillpanw
axtjcmgerixklyzxccry
dboztnksjwbijksdnjlj
thsnimgzoiecjvqyjzpg
rzdbhcedsczpbcrooppy
ymhvgbpvciuevtqduqay
fraaexhbgarucwtfbbdh
zyjofedybhurhhzyatsf
kysatktontvqicsjyxss
uagfrfmspahdvwgzjtoi
phgmxngdrsojjtwzmsom
hckxznqsocpelgrbcnjy
nbskjazsumobhgtxhuui
tfocvvdvejavariunmqq
uxfrwvvtczhebwcpcxjt
zxouwhdhgueyoowxbxjf
fnqyfyqyzzlzkdcgyycx
sdyqiyuzjqugubgjmyir
suivvxbdxnmnfnkdpkcy
keseoinncisfcztbcxhu
rzizuirvyctqvdhcywjh
ccqgkyjmdivegjcvdymt
tkvcfunxixesqgbidfup
sptddvtotassqnekrjzx
ccxxgrbxnxinheiwwcsa
xicgzzxomdwxzbgdqczs
ccvborqoiijzeohxgill
dqananhqieilhjcqmgbx
kxspsduovamdwnkxdstw
xtkummdmrscgoiophnrd
hswtgjbqzutunzqxudsf
ktlhsrgfyxjehuzrtxqn
vhgmkfjlchsbelspomyw
jvdmedvtocnbuymlygfk
wjguqadhneqxmnfoyzjc
zpxaaxfqypygdadlgdqi
gvejlytwetqkqmjfbyzg
cnkoudlqtaehpshueshy
wxrdsmwpjvkzcwawrpwe
cwfxnxorbzqynuskmpiq
xoglhmtvgnyclsdgbkav
irhuxaceikqgynovzcvy
faedxxsscbwtiyrkwidz
wtvvmruqqzfpnnmlefyw
uzuxkgrkeknezboabawh
tovtiwghjkeugcvyyruo
xzjhidygdjokczzamidq
ryymzihzlnrbyibihwrg
zpxfopbpfvooidlsrasb
yhnzaavonvxqipydldws
vnmzltdclxccsbthcjhx
xqkfnyzfosjbwzcuftyy
otyijhgrqrsnoxnsgpbv
jiswrywtbvkbhbghgwea
khqdzkybergxwwiajlee
lnhpyjzvrlaszfqiopvr
darbxzjscrmtzcxfsdji
cgqdzhjabhsuigddptmr
czijuzquyjswitqftfas
tmrxzfrsvsbjawmjxjjk
uhdqvzomcxtxkkltcczg
rtkzwslfgnsitocbzogd
ljwlqydgpixmfddtqzia
wcwfkneouladttintfrf
gtgemihpjmrsqpeqpqfl
gmutbdkzegjsbgwozzbg
zuearouuvrconkyfxthv
ixkqcczrfjoydosnkkvt
mwozvdlgystajdvejbaq
zlgofzlrljrjaftblyju
zxdhekwqqtewzsslwqnn
tgmqykorxxcsohsrfdye
aeataaqpxvywfdfdpfni
iufabmruxkhpuudnuojd
irmqikccdymrvsikrlnt
tdultwrewesldqvwazlx
whgjblakvwyfvabujpkk
bznyobzlmiyjhtghpkmo
ydmufrhrgjqjedxcsxnc
dqincwgoqodvohjqkfah
yuxzylaeefyfpmmspqnf
kuflgnxsfzrmemvayzrh
mqteebgebhtlqsghiksu
fclehqyugpmioldnzjep
qjwreepkpqrsxegztjwy
iymhdvfbajrpnedevxce
mirqbboxkoyvmvvokyqh
hgkpupihdlbzbijyhgqq
bntsgulhbzruhixxqtqs
qcblnpezaooypfrdpyst
auhnxdjvcfoawyviypwy
rbzlqyvtwktxgqfygjwh
iygzsexnioitjnvtvyuk
udnosanvannoemxiqsjx
vvvjkqdggwgabxsbohrd
amocrjprqpgoeiiawjtl
nkvbfxqlowcutjiiltua
eqofymhkobfemugtbova
fybjstprenaucxbrijxu
fcvupvsbvqujuaunltfi
duuqhigdfaquabzmoyhg
uddfqenuspamnjytgnec
mjdawldacnxgkluahwwe
mnhrfgccfncpzannbtok
djlvbdjbinduqbvfuauc
hsjmmhdoxsdhkxhfmoai
eturyccsaemmfkrugtxp
egsoncedurxpmrggjtof
jmkqxzzawxysqbxvbjeq
xgxsopkotuergljsmpym
wmvgxgnjqqfdgeucjomw
xaqsvapbmasoeqsaycak
kbdborwfqqvnsollytmg
mgdphapvnoicotkjiytp
lrjyvrfmvuaujzgjdihx
cumvagohiuuihyqkqvsw
laazrkkcdaafpwlfezaz
ofcvjcmishlqshcqhfbe
bowqcfyjkhcyymdhawvn
ypqjfllhhqpzbuzqvvvk
cxftgkhpinnzoymonryv
ttuuukybrykdanognwaj
lsolpupxowctbwvvnxrj
gtvxubhsddaoilhzpgdh
jnyoksvpigsegrkqelam
igcddzmdexdstoqboscg
cndhwqwsdbhfcqmgzpam
aixaoygzkanqzdasbqqi
fvgndzhesvythsdsunjw
xxutwkbpedywqdqhwmit
dzcnhanozxgwthaufnum
aiuqdmyltolwfydvdmqb
ezilspnmcbbtuewdkvgk
bbcrlizbaflevdimrcyw
nhzvbqbboxwddjatghcw
hfjfsnrahbrgccqicfgv
netyvkgmqdtqyreubzxc
pkrhgsaeihlojwbzdmxe
cxnwfmjfiwkqeegckrda
dcjobglypuzxuqtxtmkf
iiknbesihusmslswrxyz
ewrjfqjtpjomhvrnpwwy
gblhwzmnllyvnmicoqwj
rcqvcbbtafymaoryuppd
igwgdxsrjyixvbxbehph
gibswowfwtbdvbearqgu
fsdlibodcrxdsilhidld
cmogigogfuyopochltkr
bgysydywtglfyuvdwajz
ndlgajfvwftmohkcvzwq
yjbkwvsqeldfljjfkgen
ysscuvfjxbjtkmuxbpie
leqjgkyddjpwmlxbqrly
tczasrdtvjawyfrbdawe
vdxdusczmuidsncdrgbj
bnsnxtvvionndfaoxjzd
ptimfkdkwvknigubczja
ofcznecgjydczjatpahv
ivhfrjmwipvyrmclmceq
yiddbbcjikdrmthydlly
pmkwrtqncrkjhnqchmkl
xscfdbdgfxurltywopsn
mvmmxjxwvhfxzuhomyxj
ljvgmmaaxoxaoqofigaf
ohooxdcnxkgfvtuhmjgk
iqlzrswtynxpnqforrzb
ezkpawhfenjdritoskgf
iryqdmjvghwmkfsiglnw
chcebqfifubpfnkelwbu
wdhzpqifaowryipsaebp
qwkdwjivzsbvuvtbrysu
lhqvvkeckvjqmgpqbilh
uzqxderfklqevzqxpydl
aigiysnruvmyejelvkic
ihaapezrfssiuobbtpji
exeltmypoijpklscnrtp
llocnidbpzwqakbefyok
dbyqjnzvlctxaboflbtj
peoqjthchyvugzjtewgj
wbptvjfyfnrcooroavpo
jlcnojkfedwqrajfuafq
azhdkqrsiruahpnevwdc
fvogisfielxsenakylef
ahsnsfzqwpqtmtaukuig
qquynelkrzdtfvyrulcx
tfxxyxxpbebtjnwvmgme
qfsquqavbeizpxrdlyku
vluhdjqyupqvswtovigf
losdzqxqysovftfbuumq
gjnxlomsclfztcijrise
mvooanbayfeswmkafacr
uuphsspmgzgrpicyxxei
kdwwpwakxgfockyxmvpn
uqbmvnpmtaiaqqdbxjir
ivltbcwrpigpouawkzos
ygflfndfotevkpuksfjj
fznwyvryahnloqrfukia
nnfdtofawkxyiyyxegni
jhxxsnrtbboncrrithdw
kmspyhleidjeoyfaffph
znlsjqqjuoizgrvboltm
fksivjxnucuqlsmzvzau
niugyntuccvbbydgyyjv
lcbqymqqqrigarrrwesg
xneubjhyyzudocnjxlyd
fxfqoejbkgqejcngkgfj
pycmnoypilzjocbwbppz
qziewvobcowdstlldcea
agsggzipclbxciyvxowc
spuoleeelampufjztadd
kjeejkgvgobhhdkqfxjm
hgycukukhtxrsupuuflv
ydogmzmzikpqgbfuaigg
ldcjadgzfsfcvvhxldzi
krodaijkauhhvhqhiqwo
frqhpsqkpjlqqejqodhj
ysduyrawngmqylglszyl
jiltmifszwfigdymlrdd
yxnxatcybhzxurobmqhb
twgkaoswlvvnalrwvmek
truzolxmnmqcrvhciyua
twigqedtlekgixdoopkg
wwcoqkijkzrwzpzeafqz
vpeopwjnhuqfefadfdam
aimhiehdxdsxkitdvvei
rdmqikvmdqaoaznperib
rtelycvqggurlmimfshj
wlgpqcsmzrsiihhbligl
krmtvoppcazocddpbmqs
deljkcbkvhteogtcnwdb
mzltrltpmwgxrehabsdr
tclczywolqqmecevltoc
ggywyrpxjhlldswbalnb
dddzcapmuqeocwophuey
rgnopvusmzmzzkqwomgm
uchblwncvoxvezpzloeo
xhxcnflkdiebbvophjbp
wmzhuvrneswftlslzogj
bmuhsfwhxmnpgdfsqhvw
kwnjogyjdqqcvssmopfu
naqkiwyajquigmbcrebp
fdynxwnsyubqqdoxqjfl
mrbrltmmjjixjvwswhjm
lwmkmzbirbyoblaenwvh
ptnijahnmnatongjzsmb
tenhxumdiocwpolozevk
ejdnqzbnsqrdejxtmqif
ukgukpzjisnxxauydciv
jahrliivnxrwvztniyly
xqeppvdnivzmolkpbkuh
zapsjshvphsbsgnghmdv
ryetjkhhwfqwizezxjsx
gaybrvitvipbqxzmewty
njfokxjnffnxovmaxnxy
fnsozniqyhfkmfpuhjqt
gjymwpbeadjldpzmpejv
wtfrgolqyqpkpnfyjfbn
xcmgijlrvroxowdznnbb
axyhejkzcsradmnhipps
rayusabjxinchowjktwd
cruwhvvayzdcgnxryeqg
qadowxniuttkelvilrqw
sdrauutisncezugbemdt
fkkbavlqrhoahprsrqla
uvytjdsogmcohnlsqbgo
teshujinprahyymovkfl
stucdhschbemxsbpcdkz
cpzjeussyyzlckwqpnpc
rulgulkbyravwprihcua
qvtpvhdtfklhtqrbctzz
buyztutepstihnsdlzjz
inrywcpitonyybsrvfyy
dioimspeavagtyehqhux
fcgagsgerzrjjahixtju
pqqaazihptcnvkrmmvot
rckcittezozwnnorkwpt
noaigccfwoaxlqpvmlhv
rttcuofvtfcaocjugoyf
ttpxjsrncixbjvyvbkct
dtyrhxzqkpbkcfsravxp
hcsterczzewbxgbqlpou
imlgptwskcnjfotzmeoy
pvzykmpulvecrkdekdeh
mhkimwublppjmemutxuc
xwxyefnamyouhtdonhtk
fhaqcttymfcybpwbqztx
jkzakmbnedfacplwwkax
msltceprhpcaxzhgrtfl
eyyclpbxvzojlxpkztil
mxrugorciuvuxkrfhhyp
bmbgqemranpdpylkdbqd
nsmrcgeozmksojclggzv
djnmwundtgngtbmvhfyo
paehdlboyyhxrstecdrg
mbbbuiucrqoihpwyjtau
zrnlzdosrmobwnpicyes
ynkrwapsgbmozjzvcnvx
mwyovrdixagoemeuujpk
saralkwaohrfvraorxao
xryxqykpokrxwhjfiyge
lybpbrqwiejhlqxwofjt
tnkphzzzjsclxqdtrqxa
hdpdtokpvmcjaaqwcbms
pegbzolegdyjlmnvqobo
ahruswiewforurybplge
rizepdpzlhpaxspfypuc
ewqqxxyvayfzlrazipao
ozillgjjlwzzffgcttxy
hrhqdheatfrppnvqkpnb
kccevlxglyyssmjzqiaw
wsvileqnyaxogilggofl
qiyqkkmfcnhpmlrcxkah
nlrvinbgrtpoayirgpvi
nacnzaxdmxtaywzzrbzc
tutjpjtpehxjgauycjka
ldosicgsolhjwirvouje
zfmxokpwnkllpvxjctvt
torlroskxtpobivtmndf
ewdiktvknovxwophjvng
edgcohojeiwimxxgvjrt
zhscapmdqctutzpxrjyv
rokvbfyxrxinegnxausz
vlnkwseqqzihgunbwzac
ygeqffsqkfaeivnlhewe
pftuohaltsmaytiufduv
dqdfmiglbnqtzwoqtozi
mpkirivepnujxdcvgugt
hftbeeqmougiboobejev
bhdeijzgijsxlqthfttt
grtversiwwjbbuzjetku
uobrmxyxkomzoivpnswr
bumjaxdmzcltfpxkhrcq
chwrdacfayobquhfvrpl
yxxxnqcbpzddgauqcdvb
fjwlxyrjdqsfevczyshf
nbfrvzffwkfxnqejaina
irqmmpfrlqqwwuinbdzh
bnpwvibhpafsmrzimmhx
mtcopzonqaavozgtmyci
jscmfjkxhwctmtjwmllh
ezesgssubuxcwgonatcu
exkaszbnkeajugabbykf
rutdzjoysxylogpqrqte
gzxaqhctvgzdrbuehole
oiqklhvmyhshuwhhzddk
mkiykuimnktlrjoskcyx
jvueodxvejatsauzekpt
sjvsajunlevinrqzpafk
aukvzyckvrsbdfxamche
jryhumjjokxhukqberfc
bsqidftepytcnjayheqi
eiircsqzgmpzfgxbpddf
bsdkeedgncfrsjgtyyps
mmrjqtvbpioaajeqrksh
ystqptywribvfsdwxcaa
qhadexsjvriielvnecwk
elcusgpjspqagftbyhht
bafoxxdwcwknywslbjqs
vsmvsvozapjxekeuzeev
hahnbgwvhqrkjkatiadi
zvunjohhgpgjlfoxofeh
zrpwybnqejvymfgufkup
depzxqfcuwlnaozpdxzx
itfyrolyhwgylbxlnvqb
wytsqiyrtlmchtxmdciy
lqsisfsfzxutpvlctvvs
fvxgklkuozjqjpzduhqb
pzxcktqfkqyvmataenle
amulogcaglwyqamtphol
qlrufahfkdjwvmtndjle
dsxrckhhegeoxhqrjyoe
xtviowulsmeyjgflyzzg
extulqspbnddjouzuovq
lekipfmwjnaisrhjdwqp
bcksctvgqlyhuydpmrcs
mjzinprmtzrfmvxnuwnb
cwgrzwokzgadqnrzumtb
fgysndusgfkwhfcughku
khpeqeroluibeuzsictp
msxqoutzppwmtxryafza
spkuxujkkecemrgskssj
ompgzgffreuivjvxwqiz
wnazcmaluyqxcfgjvktk
ytomcryccikfvatcheyl
cgihvidfhzbkylyvlvah
ujrwckmrbujjzgsjsbum
xeazpekisvgxuvadrdhb
exhhkxwjxdwhihrgfzum
joqcmqoqiezcskvipznc
hxxhyilrekvlzkfeurqt
qvkmelikgfwnibooowzb
nizasowewadllvyglftb
etqxqpmrcvwusqxtbjna
leclzrpmctesdmmxecnu
yasgmrrxajcaqjzmmjxk
nsuddmbrdhhltigbgucn
elqxhwmpecezwbzdgxmf
jashjynsfmjwcntmktbo
ffyopgoviinynawinjdl
idubvwjofbdgceibnpka
jlnkeimjmupbaledqlms
rmhjsuhjxwvrdrkyadob
ttakecihwqiieiidhubo
jrtvhiqrctdtmzeqbanv
wihtupnzawsoifophfci
culjhynzvqybutdmdffq
kkhwrfpdctjxltvcfhuv
eufnnwvzmkspwfanrocx
qorbwuxsjyhtktankvnv
zkatczhyoftrvnaporbi
fgsbtchoaadrxnvgmlzq
hqxnjjernrxglianmwde
tehfbsskbzjdknzowkdc
witfgqjhpjycijpruapy
olvcrvkvnissaqijrcic
pqqsogpyhnwekjuejilv
uruuywjbknvndkrfbkuv
mezmutyjthicjnqfyuke
rqzwgbdhwyzjwfqjtzsg
cfbeoeqystwfegmikopu
jbtmbocojxtztlculeyo
sezrcsxzvghkeilyrrle
hwulxrfzkzbyvvtmfljj
yfutnytmpwpenfjnnxvv
hfvtfatoshgbtnmcwdtp
tghufkqrdrsvhmtuqrcb
cutkvorvmtmhkvxqcppv
gywsvpsdyakzjcbdgnyq
tejxjjrzaoqxcdebeahk
gngqtvemzvkakvttzuiz
hkxmkejxciqkhjuetion
qvuwlpainehbwpscpaki
hiuepmrpspskmqadkfqn
jdqfpaplmoklnznffflc
pgchysuulpvuramouvky
wtdjwgwensxcnyseybpk
wajrnpufrvveouzzjhqz
zjvhrxvuomhcthhqyiyc
wgvyeqkxbiosanbbwzhn
ibpxtzbkppzicchphlit
xmgsadwvokhcoxvioymz
xoiwqudatmtnjekorulh
qxybjzcbzczycgjkkaie
bkyipnlhjwscgfmzyaic
wyemfnoqaddmjoiihkje
sjuqmyasaanqsyokccqt
csxspcwaxqqnydblztzi
sjqecdsrgullginmwhne
sraxebrxejlzwaopjhnm
wzhcqbkvszuwuwigaacp
hbxptleyjkirrdtildut
xkkppvxhvgvhgbsghtee
urkdscduuoqvciqrjevl
itjqmxgfocvyrwgthfnc
gshxamknwcqykhdqucrx
qtkvlwqsaqfhfpyegqiy
urtrbzwvltogxtketxwb
jjqsmcofynsyoynfijwj
nzgnxbigjojbvcrzjwfo
gzeefeqfkbpwgbiklwaq
josuvlkqtjmwjlrzxbqj
etocqzihngicdnrypxin
iqdfhpqnkgiddevwebce
eppvkcervxarwffvceue
mdhvuvtjwqttmldkcktn
gbbyuypbigvngmvgjlhk
ibskieyuqlshjscvapje
uzjascotkpjyyrqyznln
hgajmpwlfthorceznkks
kwjsavyvagytgfdehdtl
vylbjeoohzlohmfpgexp
rxsenqjmqzdffninvzfq
qrtvcwbakscrtawfgalz
mstwrkqourgejfhlauqy
cwprtimxsnlpfgsgqdzc
qlymxawlljgzavxphmds
worfaujptpvjsmtbwxiq
kzfpsvbnbhlfvtanifth
qxsjobzkvuutgcekatum
kwxkoukbyilfdohywqmp
zbofztpcowdiozekehqx
jzyprfdrddjzmheqbscu
wltlypnzoshzblvobvjp
dfgesqlnazymohmgsvkd
xwgrhdoeuilndsljftle
nlqrkjooqxtwfwjizjqw
iwyrqqixwmphfoiaoxuo
whjsbzfalbnvakzsrsnc
syczvjtvscytuemennbp
lwlwltnnhceilvzngthd
zkbefmphhliekqysglvc
vglkzuebpfhtcebeioqy
dlhdhnsgtipoboczwxpj
adyezpfvaamwqmvamagh
qpxwpwkedltcwrvergga
yijsfwokbpgvkzkevrin
lfozpnitthrstmqsfiem
weexarjnqkggmgxuawrx
mxcucncvgvwupspgmpzy
bodcpcgiqtcwcemrjnjg
tjgtrxxpgeclfnqhjknx
uokhsjtupifuanthxcwd
grdkbwpesxamegsbgjus
ftliolurvuajnlvtiejz
ifajtviwapdxshwtvthz
puvhvmthrwjhvhpeehpi
rhewplnbgevaxkfyxtru
xnbrxapsdwvejpecliue
gnvjozkmmaefbefgqrhw
jgmuylovszjlctyvefhc
juajcvdsueoagszimdif
mxpdfsvyxeotxoncanqv
stvibbbuddyytvmfpbmj
ckghtknimfvilbdtnenk
trcivuvlcdbppimkkrma
zmbwcgeqvwzbjmyufarc
xzyykqyegsbjwkyedgiu
wtyrpadsuevknaedykxz
wcefudruatlkafhyubhl
rogwyblszavibaqnleus
bpoomqomqutkjjufndde
hgcxricmvytnuxepiuwy
ebqncbunwxwxessbiigh
pcyxexmqhavfjnyxvxuy
nvykhfzsrglqobbxkfep
dsjqzzlknnkwqozzhdrc
uqriclkxdiuvpmpixkvq
nvzbmikterwaeeyzjicr
kdlxdzskwhvutaenawjy
qptzpdwchkhtnzoojnzb
qzgnhsvszpfiyojhnlrt
fzjcqhrhjoacbmasdpqg
tkhafuupiqshvmnmiviw
qdzgyzatzdhackgmjbnt
fmpwqegzswklowhfxudf
eptzdtquzbzyumxsyfbn
euqtpgwamzrbpxyrvbib
sayfihsqfkduzvjcakwz
kpibqmnaxplbzpvfbllp
mnyzvumiptiyjayssquw
vugvzayewqpeqdhwhhoe
pnnipejedztrmvktewzk
xufaflbfkxdptrqrtedn
duxbngqxqaeaiqzqujsn
hxdxashkupxtbokrfhpz
chfvremicsbnwcewnnrg
xjlfmkoejkuyugxsxwyf
vnahztqeyrsayxbkrqpj
stxhhgvcbgkjqdkswgcy
atonslcugrgdcafnyxpg
vxjccaonbqrpldqduymd
xklelcrmmfqpjupvpuho
fuicrysntccziadsyqnf
eekfmolxcssbmhopdbgc
kcjkmkpoulmqoqxwufqk
ylzcxqpmeqmdumrwfvxt
lbptwpfgutqompwlybqx
worzvmlyvpoyhmbyboyg
mixvolcghjihwnxmsbms
ualgghtlxjfkfeuauekk
eysobizunmpsckakegjj
npdjalhdadmjvfohgazg
vshwqzoiggciyuwuneic
qpxiqdznnocftjcviqav
njchvneorseezrcwrlej
xvqfhpfvgntdtnbwdatw
szyjbpheaeyvddusbmqx
tnvkirtsclmgbgfhncas
bbizfffruzsvscmzgwmv
uryiyqmafadcwjuqrjfr
ozmcvyluxbmksfyazqzv
tjdfshbbvexcdhmquizx
sejnciouajrpvocefaly
dsdibmsraaywomilqesb
ztsaulzumxbcprcxoafx
wulkvcladznizvvdvqbv
teblnjouygeqgbtwajxo
uhgsmwrgxxamwaantfrq
tmafyitcadeukxdxbeec
lijmercjogopycjzccwj
fuzsqlhejlyacpqtcixc
saoinxkhksarxljykdrc
roteibhawwnlvbdcpzic
ncnbwfyuqqbjpfjjjzpc
crrzxzagosndvjhytgwn
tfoewapkjlzrbmglzblo
ymhixlnjxxaojrmfkubh
ixatcsujkgkaknwpxfrz
jmdpexqhqjwnckrfbmlo
oahofdlyodhtwbtjiznd
qcofiohhgkgijcsxvzrq
wtsqtjzcoxfgktwaenhr
pzgwywfroubyywuvwqti
zfzzafrosepujbmetfds
eqallrxqopmirpxclbcw
bgiotctximfdtryslrbs
drpuiejiqnawlkvjdggk
tevahfsqjcqfupenqnzz
tirfqhwnkshzdgpeiuiu
cnxthjlqnbplcmkpziis
xdwkaffcpsdhaugbxhys
twgdcbaphddmawjvjnrg
zhjratqgkknegwzcqzhi
ikedyyzdywhiqfxpfcme
nznmqkukygghnjegntjj
jnoyghpybhaqcfztcsmt
olgsukklzvlvtkygcslj
kfibrqvudjiaylotphsj
icjrhvcwddsaxifblnpo
xwkbpffjxehbiqyjsybi
zyfmnrjacbgtbgpbvrhp
ewsjgcwwhdwzlecjivov
dfnxcrtkfrpjhzhpqaqz
eshdnfdljksccdetudyg
hwwtzfssugkkahtqxswy
rosvczoanoricdzlgrhw
jrohbsxroyhyklnuilhq
dwdeyetfdixgjjvtqgrx
cgdspqzgmhpzusctqobx
wzlbzhrxfjagorkxiolw
vbirkkjlnpmhepsjuvjm
cvzseyddoegtmykorlea
ylvkooqptevietunmdxc
evwguvndjnzzxwiygrlr
dcgizknfesdbwpgijudi
zxqgadsckpiqskhbjltq
kyjduwkbtvlyzuxlgnei
myllatgfqbkgxipjdmde
ltxveqpmhnqxijmkyqio
lpwongnbhebamhtmlcns
ylpdqzafaxykmbmvjkdu
isnfrytaafigzuvlayho
ygrfbeqoactbkmpetskd
bcincqivqqczozemvatn
rdknevzmycjuohwayftr
eanyywkehouojuicihbf
adarukpbjknbyxtfjsav
wnxiwjbrluieaszuzlyi
bppncgcteveugnrccpno
cfxfkmskwplflhiavxrj
hzmhqlkqkptslpfnhxtx
sxddhtdpusizggopfotc
ocswicizwpybuqjayqxz
rzuzydkkgqtqlqtaedmp
jwpacbbntznvdihglrga
vhnvneexkdwmxyyklpxv
scsnhubksrwsfxzclwmq
ixlnbjuqhfdqbzojrxot
qieluitdymrktvpcrcfk
lcbsgiullsmeazlxvaam
wpapgtihxzzpbnoxraxi
mendvicwyfarwgewfedu
ezqktswkieekmngyxltx
anrxblxfhdzvohwhaavs
ktbrqvtfubegikinluvn
izgwmjduyphkbtyxrdwf
vpabngxzihmcfnmcgddc
fjixrsemsoveuowdxweg
uxqaoiiwofmhfdbgozko
dlycibqlfvunlrizzutc
tskjpvabwuqgqffxvivf
hmioymeoniaeoglkoonf
gpnhalittjeynnwyppsc
qihtnpbnslxjuvemjaxu
fniznnshiiojgmxqhnbg
oezixzgnaatalqqihybj
cwezfyxvgjxxggadoyqj
rdqljewlydegcxwjtenh
icmhzlazywlegpmugqmu
fdeqqysgmozhuxawxmqi
adrbdrkfxsolvvqfaaai
puaauswojkoqcqpwobff
tkilyxvfzhuuuoysxugd
cabsgjffbigstoocfhzi
kmhktosbirkkomuoclur
ytwkyxricfdvanfxajwo
ktbgxwtsjkkamczitfcd
gtpszyecmxggddrollgn
qliltndxnpcvgvgacavn
dnvcozmxowrywhkvjnlt
mtqxjmbdxqgbzqxhcoho
xyesmnqiriiovlyjmqzo
nregegydjpsbvfwyspgh
jzrurppcuwhckvrmocwg
lbwcymjlkkmlmbwkxzgn
otgdaeovkntowxkaszdy
odbrmndlqbgemmgufink
pjptxuursnlykvlnruuy
vjdviuqkmgmiemdsptau
odpdrelavwnpfzwcjykj
qdjivcqbnnjuoihzvfzb
ybhcnidjnwrztkyuumto
wgyubiomxbkuipmqgmak
qxgdksktqinqowerxtmv
urtyqpytehojangixtcn
hvhvreizapnmojzqrnjl
lpmarxzzjcmoufhtfajr
oghbwjifaanmjyjpyvdy
nxnozipmrwrsmxkunfci
yjvvweilyrdbjwagbksk
uxaxkcgmqyerljlnbfxu
snfibefqyvnkvkuxpeya
nnlsllgplmlwgsolnzrn
kaizbmzesltwxngqhivf
ptxwozywkmqcmhldsdjs
nfowvcmtjgktffgxewux
fpehjnawhrrepbebzaro
ieggkedzcddloavsqirk
tdcffozigscxwisyavdz
qkplpgjcnssfyfrtivgd
fuefcvqcdwohqvhxvbhy
rotjeqkeeubfuhpcyipw
uwzwjjjltjmhptibpibx
zwkngewjdbkphbhtnvby
bazqcoxptsnwhauhcqls
vmedfybynytmabmcicne
svyxzsklkcjbsjknhwss
hmgwwqwszuvfqschadns
cmpedpjxqrwoquartjbr
mazofxmovlxzlcgwgqvu
nsqkuuiklwlrrmcbreyz
ambtkmqikkbsbnszmocl
sgwhfjnlodyminduxqih
dfthxjznuftadggzdkfm
eozxmljfnljlaciljssv
kyhhesculmsqviacwonp
buknlupcyqhgpywvllsh
rmftpzwdfzoyendsfvco
cxspvrlzlkhcsxqojzry
hwybvhctezhyqohfngip
vexrpidziclsohbxsrlx
zoirikkpxqwncdmligca
gyplioccpkcrjwrzpwhl
ibmisaudvxggtmdcmdgw
sajqoopdjwqddwceheqm
qxjwblumfeqvtreurvul
zdikczusibzskdalutli
trcllakraewqfyyiczal
eubyvczjjfukrstvdkca
jhnkcgvgasypwdmipukw
cenoibvdacfgztkpfoun
qccapjmkeygamepytphz
cdpvjsuqrtautiooegyy
gzdsgvqmpvutozjteqry
qqwfzoeaoeowppoytcwd
ziedqglhqhgjlxdgtbae
zckygcpvormzoktaxxvg
jbtlnrpgjdsunicvmhrw
abforokqwotwsrxgezts
yxkndkudwyrglzvutbee
pizbuiajypquqxgyozbx
yxbbeoxxpzhhwevqzzwu
nyymlvvpuhgwmojuwsvc
jumgsfpxtwyxkgufvwaj
wlcaubdiiiblktarabud
vfztvqrticgkdevtsrhz
rjgatufwskhstihdkyai
hoslkaxpmikdiipwouiv
dodxdnnsdkeboebeidse
qpddrpzumvyrztlxcxhq
cmrfcqaowskgrqxklysl
vopeqhitixqrooqrpznh
mttwwbexdbmgbxueznlf
wvptksapcppmpbniturl
bnjfygqtvmgoahvdyydm
shfflrajkvjpikzmedaw
tehenzansraewpkzvaqb
tbtwlvnesgiyhserngkn
lqjcqgaqrmnlpspzncui
bkucxrnpzfgmylrkkcrh
ihaiudqtawksmiqsagkh
htgkypojdahvvvuhuvxy
xfjcotcrrhrupgwbxfru
jzoausvjmnwrcglubser
bcoyxnavwdtthvevtbhi
ozkezlkpbvafzjmhoeny
xkafwluwmmqajgesyizp
akcssrwmltsqgdhtbumm
rbsduuokilktsanvgtzd
nxpjkbdsixncipsqsmjd
wvxlfkyuuvxtuogxzwof
rkobyqujpfikpogoemtd
qwwzldshzvnhqgsmiqzn
wvuhrvvqbzqszlwiirbc
stpvpdgpbtgkwuklnsos
psieujgtntvmnulgjwrw
khsffphlloujcnpdcsej
nirdxhkuenszacjlunux
lyvhskgbgogxsvlrmblg
zuqrlriaoxekbawkzgco
lrxiguyajujazpabvhyl
tknbumkrwmtmqavrrboe
ikbwhwxgpsygptgnqieb
lqtpsslyymobwfcrxfxu
uwqyiixhdpkfbaxezisc
jbltcvvmgkjwmxmdkjou
kpmvqwanwbzexedqrqdw
fzcneawernxufjjnsdyb
aaaqvsarraqikaxvapew
vcaithrqcynubqyqzllt
xrltwtmtakycorxzafiu
wijhgcdthsrqyrlngept
nnogsqxiibdqbcyzsctu
mbcfcysubpsiugyonbzf
qvggiqbxguwlrrnopnps
djrmmvffiovwrweknjge
wlcmipzozhkyunjxkyrg
wgstibjraarltsojqarp
zdkgmpkxvpflznodqhrc
zuzfgqkjhipjgmgbckmo
ixfbfnvkkvbsfkwpkfji
bcrqzldlcyekekafbeil
fcyvobehhdtxycfoawdx
fflpdpfnxiprnlnyyhiq
uxozmnmrkwgymrgbqqrh
hkesecwclumazymvzxrx
gjbojhgtirmvjsisahmm
shwexsnfuknwimmseggw
mnlbhbppndlksnliafhp
gkuzvbkaijuxdfhbpulj
nnwdwfrcrszimwdlbedp
wbxfatvholcrszkiomzk
bydyfcwibgmwxqjwenzz
xwdqayorfedknrgwcvfk
dovwgsrxbsuvfjkhaxve
axyhhduuwuksfcidkvmz
yucxdyhhqomfnmkkntoh
bhkhlrovghwjooelejyv
zlgmlwafdnzbsvedynqw
sxcqqqmnrjosnxotjptl
akrzraeamraanegxtlcs
hxvjoioqzqwdrndvsmvs
grixhckchdbydmxkwqsq
bycllagbzsyuvnofewig
xbjbehypdcmlfyoywhmr
yxaydfylnpsppmwgwcwy
fdkulpzsvmrxazgghowi
mloyydczsykxjcdzmxbe
hqubupeutezazexstmnp
yrqhelmtkystscthbmxb
foaaljpyvzvaolalgeur
iukpjblgbxacurcvslhr
lxuartjeyedgrzovdgtf
dwlveaqksaqiqbyuzmxx
ldnxvhhhvlgzsrwahiwn
rgqmbuyxdmxxqapnwdyp
bblclchpbwcexsyfpuuw
nyxmvyyvkgzkdopwgoxj
muzxucolzhxgebegvwqs
qxumvwnzlnzxticywyvh
ncluouatsdmwgrqpjdcq
qzefpfijfycbttgijpgl
epdbichffddwhlismklq
rhysvmqpoxepdslcdlou
nrjoipamyrylqblvubxw
suakjmishzpaqzuccjho
jgmxrdgedpuhtawkedju
ussuomikkgvsrpihabae
guzijsclbkvfjwpfqdez
zoybslyxobzulvmrmsmg
bnqptuzvjgjjjmuyfckd
wscfxzhwwqltaouvferp
czorjunmesjutrizcwop
