pzaioabzrlrbwqwrcsaa
loqqudyihluyveuyznlz
ybvzilpeieszkymgjfzj
skzlntqtpsveieedaqem
qvercehtbopwaqgskpbu
jsifewgbphcutnkwcbyg
lscunxdlcqoiszkvovoe
zqqzccrltfuvabjliolq
otadehfyinmhrmulibqf
lehjgxfxlnjupvywhsgv
uyitcipndkasfinvcmfx
gzvaatuewckziiyrlfyh
wekxfqgtatmyyoabvgcd
rhxyzdfrbnbtdwzllrts
obbumjggzktmxlctfatg
mzgrtovspgzjxpcfpwsi
kvhstgfmfhvvaguaclpm
rxzxpjoohgtxshljgecj
omptaencmmawcjqcrjsj
jlejycnsxnovrsrzwvmr
rwbltfbwfakckvswsyvk
nxzybrgchbvnrlkxikpj
onfxobitjsibwfjctiwv
ppvisuhxrclaotcedjuw
tlaeydlrtmvbswncjuli
vwdujmoisyuzmyrmsprj
irhtfzbtmhqprrdvmppv
ulfnmieldrvwmnckncow
nqlreigqytptmaicptfm
roshazsyijvuhwycsdht
xcnzfxgshqlxevctavga
azqgqmezmpjedffrzoug
xrwftwjbfeuaaqonyqlt
gpsfghpancdsuylrsdms
nuxtmgjjoaljuldrtloi
mdprhxizugxmcakkonwy
ftpgrjapmndtlvbqqary
jamqisyqcakxastjdjvy
ueottfltsagusjxwkvws
qawsiquzcgsgnznjotad
sqygeuqoxcbrprlakbbh
zssjzcrdvcpudzztznhh
fsviwdwrecmnvtjghyna
shopidrrmbtfngqypefh
llgjaoyhdaqfbvmjbasg
uukgtbmqmizeeowvlohi
lynqdbkzugcdbgbiwrlh
nmqehjiwyaojsfvsmzof
siewikihxvukoofvpugf
bnuaxbjxqbrezqdnoqpd
jgramxedknefhligckiv
ubdalpsefybcgcmyldtb
eewqvktfzdiseybqdjgs
tyyjrkdfgaevvkpuxnyx
feprpamegnpfjlyhvrxs
ndxuklbnnjtepqgnrrrt
pwvnvyxwbsclivvdamks
wqnezgpctihcodcloynb
bpjsahavsdboqdqptclc
eisvpjbkohbbojithaqa
snowkhlyrlmzrfrfdawf
naguwvntvtcnalgtyuxr
mecnghzsafymylhlycuh
ldjmbagztpfhckzvkfld
qbbnjtirgmkgnycdqcli
kolcjjbpodwmovmchmot
xlryamztafkmmusqxqec
xjapqmklanawqogrlbqo
ihxugsrobmdbfyqzwiza
otrbtffwwveufkssciwf
stmhzmzyifqqgaamgfsx
altpuslfqbvnvrmpiauh
pwfccdfaujhdalmtmacq
klmujvtipzeouojgjeiv
ofyejtfvvbpmnqkabdre
xdgstaysjigtsgjtwmet
wuntagthcnjrqextcehr
ddfrbfryxxsscxsglowf
ufzkdsxlfhkkbrvuvxip
ntlpzaqletefaxmswlru
ggzaiwckzvkvvnuopyko
ksouhhomwheteyjwhrea
uibuledwfylzrofzyqva
olgfngmqexnmkosfnhhz
rcyqhojqxhpqaysrhenz
lnmmiluxthojdczmbggk
zcqwybezqozuddawepdq
afkpnkesnljgbhzlnhmm
dgqiewbnorxwrgznenhk
fklsjzalxqqqcfettdxv
vcggtknnmkvgqyanjkmd
fhpvapjkvbcvllewwpfu
qisduqbpvmueniqclzfs
vpckorzlvzmlhtjrspna
ommzpralrywgwpjtnsob
vbdrzouqigmbcltbfddv
evlihwpkqsxsdcmubdpg
aqagsqfxbomndhdwxoeq
ikhvcgrpllsroiqogetp
apbrpijkdqmtwfgsuewu
jrewhuofnzxtbvoyugid
vvyliuoincfvlbsimqtf
obuvputcsydusbdqsulv
dxxcrloimlwlhqhlgbzg
hlezgbpunzatuygqfpon
ihevvwdgjhrhkqcbvuzb
kztzyfemsbkzdmrquwdk
qsmgpvjycpdkfihkusmm
labcirpvmrogndixvpao
qcvyuquqowverthtcyop
sasqxildpytgsspacdez
oqlcasgfjgjwouxmzbem
jioytilyypbqiwwtnfaw
rymmxzzzmyfqwdjpaydj
phdxqzhxmlrhhitsvfzl
srgfroibmfheptgusdpm
xioyzwmlvmqzakfukyrd
lmxyxnbrnvobypqykuzy
ihmuwrdgjlfvntkbrbtp
nxqqukhsbfivutrcnhrm
wbhbrfoocrjsdrjcsice
eutwvjorlowpwsznbfqq
tupqoqkmpfkoprhtopsk
wyrytrddysqnlrkjwdfd
frlunwnsnqqrrjxjejqy
bdciynuauuplnmaukylz
ioexfkfydztazolejqea
zoljeigrpfurljmzpxbe
vxlutqmmlgiuqnhpkcvu
dkolfhtipxmzodvrkwks
krcejhgbgcnnctsgcwex
jahbkljamxdwueijswpr
ehxemvmnzeichwdilwye
pdgnkczsguygufpyzvnn
expbaycpbfhgkurpvwty
kaqnqfzrxnchrnkeatwi
nzmalbrdrzgcjbynvqqq
wiyhdqhxpdvgyzpukrom
bhpbnhyibatddmqsamtb
btzmxllouqshgrbmusbn
eeawuqvetumjyvzkpuiu
nycorosdwxpukrwamidt
efpdxddjqcebxxifqdsl
ynrkxnmhgjkpuofvciaf
ncpfdjxyakqsxftjpakp
vzpqzvtwavjmoqsbsgcc
pcmiwngciavdfnhupxnb
eblzdegmzuvqaaidwbzw
kucjyiwegmdlxxplmwoe
gbguzdbrviiuohmwmvmx
adnbcopbffhywwboagli
obxuvunxmzrbtydwdabb
wtomtvkkofvezggyrnvf
sbxygwfubafhpwnxamjx
zdaqyzwnmibfeyvhkoul
qragbxziihtxtalkttxt
joggfrllluibgkmufrrp
vfunonrsikvxkdkujjcs
smsbaaujexqkuowshhfe
tkhrejpmynmhbhnsbjoc
uicwuzyyxakeciklyhah
tbodtwzbareenpwrtkuu
dwygkufehzngrrmzhcad
vqalilxlwvceozuhfqwf
numwgjiwxcdsjdvkvrlx
bhmxnguqskgslzkhlhkq
tfbshchkvffrfkwbhftl
egxxlibkyyiinqwxhmrp
fakkjtxdpkbxzkltkryh
keaoscybrckcxiysaesq
uugznxbojpqhkcswzvvy
hmtcgwuyeknvxvdetknj
obfcktewqqfhatslddib
pkqtxorryzedmpqtrgda
sllhacxtqzflvbabctfz
ookdrxocpgstmxltbgql
ralofowfhuwvqmzcjywg
rnppwxjfawzwskjdyyxq
xcomsvtnnpdqmkcqxrbi
rkzhvtwhtboqlgdpeixm
yubwwicvmznlxoryqpwb
pqiaihdujrvqutovgebt
cowpssuxwmdezvqqgtsy
mhbdglarlrofekuulmpc
apuhwajrgaxjulbibajs
vrcmycapssaghickaxpe
zipdbgzzpqhrxgetoelc
uejnrrpngtxeaxaghyqy
ajnypbhjcbaiatsodfre
tjlracblxxevkatazknr
rckwqlslkjxznhvucgwv
eulambymohngjyrfxlno
znlagvtispbrrzpldyzg
guceaafxcjbaoigonyyy
vkrhvmpluofosfebkqmj
ffflaqrwxzncdzbgdydv
cipcywqezzhtzvetbfks
mmctokcuckgrvdgqnkjl
uwpdwofrdoozdqburiip
rumgwntwyszpqfgotbua
jxzclqtwypuqhqdibtva
vcaeagppsvcrabdavqqp
odffhlaiihooiipdysnk
qukpvhwauvcujnmyxxlh
xdnuutkkuiwpxppxufzb
azqxmkeekxkqrklyahrs
dpckghnusyjkihiqpyyi
fzousxayuftmfcrdaqxl
hixukfbpxusyhjvvhagk
qfbazwduiutbaifdubyx
kpawodxyufitbchzyskw
lnbgktvhbyaxrytzubav
vgurrkbqetfbccobevij
vlffevrtwrqjmypeuwrs
gjmijkiaimqjwbvsypmf
cjmsaaoldhmzbfxikubi
wkppjuhsfmrxhspixiui
zniwibtylnyxreyzojpa
opjsghipboyleqwpacne
zxcikttnwieegupjdwci
vyppbsmmadiubjepwkwy
owxenzxetapsnddwhmaf
pqbjdswwqbmrchiruqub
ensjmhpsjymszzcilqtq
zxbsppvtztoraicacowy
ueqwocuehccoaybxjnyk
tarklmxhnysrkhbvsiog
fztxuachqaeatinqgiif
yicxygktozolbchpiwxi
vbewuadyuarxqpbkqwio
zjukftdnwixczhwlngcx
igqmkvlnqtmeolzyjsud
tqlubjwsaxsvxunlkfas
ahfdiqpgmbqexjojzlhx
aaqzvnfkqsrqltyvelld
zzjufrqaxuvjbepvktqa
xtwwbxyqdcavqrqyljhe
pskzxfiqigdosaqysucr
iwzbnwlyyukgxdprqywl
tcnbdmapzcbmwsmtibxq
dpaggosufxhgeilfzseh
sfeoevxfmpbiqeohpaea
okukcdctejuvfenvdrjh
elvqrcrqlgsswmzyqrdl
owdalfurvhjwbygopics
ertaavjvjrurgxerisno
pfkfhqiunhugepvlmldz
suuhorlqhsbywnxeolsb
jzthwjsyeqhkblkrufws
tcbnzmgmjnouovfshrng
zcbzjjomjvbssbadlmkd
dfhpiiowhbvydvozvfgz
mumzemczogikywbyqbiu
jftkpiqjjjbxvskebbav
uaqetmduaeqhhudzjnrs
wilfglvuiaxnsrxjtvcs
imnzbmgdenpcgzhpoiee
bivyoncgsjqrbppbsmjj
tnwomspyzqoxagytjzfs
cddqyhnzscssqzwfswum
tyltujqdlvbvwawgscbc
hwkyevgojqfzeqtawgad
tlgkrawhzahbrqzbolqm
zxwbkiofppgyasnbmlfm
lcbxuosuchexuqluawnj
ovycamfkdbwkvgadapzi
ogadkxtiglwvylhynamg
scxmivtasggsqfcuzgza
zxvnzzrfbcuavomoaxrm
xvneqvlujoddadbseeak
hmffqwahaoqoelwqosrc
yachawbsnnpmhlfkhjnt
bxmyzrbwgilbodtisyaj
fkknskrwrldhkadvtxez
nxdpatfewfwbbyakutzh
pkbicwxhiryleijogosr
tisjpvixgofxowokulbs
jbncfdyhmsbnmvwwcwzl
sgyhoridlvczlkedkgtj
omtdpsbmdyinoplsspmh
jafoazcayiufffrsopsh
fzdifurbfuwjpwdtlamm
okiahxrrtonxxnclzxgc
dkvcnzjuftqsrkeutioo
xzeipvoenapvevpieaae
szlhsxobvsmxuztzfyyx
qxqumlmgmobznzzgiusa
iqkpebeednwzbfqwnyjv
tufmpfuoyomyzyfyksxo
ztovdjhjidjnclyvatft
fnncuasxmlffilhahmjv
wswbnqpzftaqbppxbgky
mcrosyadcxrsklcjftwh
ciotokhszqlzrcytwhzp
botzgwpowaprqiiamefv
gvhiluwurqpvipqklyvh
cydpxmvlphflbcwqbxjg
gqtwglnkjipgktfyeoik
yesdtikpzpebxlwqfsvd
lzkaldsnmzcndjojijfu
ncsibpqwielubetjogoq
dggnhpzaxxmvkwqszjlr
uqfgxuobpeospktaqdaf
dpccsycwtqiaclrkkwqo
nnvaegkugvmpjlgkvkhv
sisgwxfxolxxyfklwssz
plmnwnkszrmnzgteqjyw
jndgrikoskhpflfpoqor
fnqqoxslxbkpnkqavkxe
tttsuidzgnyvbhfigoue
tjaawewyfaaiftavfcku
edymlqkohxgztrxeqauq
dhyowucjjizcjpuovnjn
pmgfflydmmvpmtwhsyqx
cmwrhxaaantdkwagycro
tfbhzyyvorhtscravwgl
dpdgcwfkudtgjvzuarlp
rnzbswbtqvqbuewlkknv
tiggabkaoucxkmfksjwf
lwupimkmqcdrbglztwzs
ujzfliqibkssmpobwvkd
qeerynrpiaaegjctgpev
epkkmkvbtdulgqvmvnth
tlnkogpxpqumdafwrlia
hwahungosoahtiyimzst
lggmdrvgelpphbzbldfl
sukomtqkpdxxgonxoigr
zwbejnovpydehtrezkhw
smmpbczsenfqephcaymj
nfatnlfyzspyeufhjecb
qjmbvoabiwwsydlyfcrt
kyuegmvdpaxowixoqwru
ngielajmgkdleqqwonjb
vsvwerglsysfzxglzkou
wfwtjylxlruofffrdnfw
ymhthxitbsnvwjtknxky
ibzltmlkakuubgitqkox
jutodrpidyuqgmmixhog
skgzvaytjoyknzdlblsd
ovleqgbdbxboizjuthqz
smxeeljzulvdmwwwlxbc
dsjncvlvklcbwywpbcas
bhnvhapxzwxkdyuvcojy
kkoyqxhmuftkdgxxeniq
hywricwkfzkvgqwmupua
iiyijuqkrclpeeqtehkx
usyypojxmmntybdwgkgt
zdyzugrppcvcwarudnfs
fpvlbpoduxruqzebiapk
fwplkzuqixurloakrkdv
xegtaizweomlkaiyevpt
nlhsfpmofjulnbqizvcm
chtjzrsgfhsqgofkttrs
rlurnlklzdgmrobecxqv
vbueukerbrfxtnamthso
iqgxjaaleutbqgoblmpf
mnpqrtvrdpahdfdslezv
glmceudtjvnzcssroaah
ldfgzmljdgyooozjxhdu
adjwrlbtqkllzyrdjule
ptpbknpicvfobuyxibwh
efdsqlqvqqntzqiqhslp
ncdlfdeomfudmkjxgnbl
lilzpraicuyxuqxhxmpc
ejgidtzbrrdvyjfeyeky
hkutllivgbepgsiworve
brjxdbzipcxbwhdejssz
grcnngteqimekdpjdwdh
fjgggexinayaggescnrk
wjaxiersdesenkskvufk
qnzqmyqmriyusjzpmruo
joqbugzvyrdolntmpvvw
bxzanwbqriwmsstirhit
iludjllsznzxztozlkuy
vxghmwcflzaixkpiaprg
erjxxzzeoedajwhspvjn
wldoirsshdpvmxqioosl
ghnfixpwypgbuvyyuttz
zlvgouxqwsgklnfzyxqs
zcdtptflfkwoujtifslf
otahfsyzaetwttnmsfei
cddpfbjtchoisamfrofi
zllfhkzbyhorrdxgehet
godigeaxpfbtjcmdetwt
hgkiinwcybpyxhhawypb
dxjwubjgkiliittkcczw
tmzbhgjszzgwowsnvmpd
gclvqbscvtrfsxqnfcku
wfjvnwuogeybhiaajese
ogduaaytisfoveucgaxo
qzdsmqrehqydufholzmj
tdyfsdpyvazgeuwgwpfn
hhfmalzziullkrbycoks
qmbgtuzjjtogogmuoubr
sfxjdxwdizcyqggbwxbe
qremvjqfzioqmthdzoqk
svxfgxfcbsqfbuhazfjl
zhawnygutituoeywwvxb
goxdlqjsyzwbugpyjsnm
htyapcbnocpwzyyqckcg
veuyavplkqaczbzgqwwq
ydgpqhwwpckajedodjwu
qfshtzxvcqibymlfkqvu
revdzorslbjtzupvosqu
vtipbsrbcrczvruacbqx
piwwixsakgmydpcyhhtr
gxfrsjyxytvldpfppuwp
xjtqmooqroqznwfhireh
fyoidfymviiddutobdex
xjzcwxttnwxjllpavduo
eftyifzetngjvntcywvy
gtycmlzfoicrarjgrgca
iyxdiycjutpzsotrggyj
ykiiuwhzykmmfmtyfeig
seorzymrclbeyfjqwexa
zhpmhfhqewwzcluqueec
vvlzgzlxuthozqddtkgb
ipiqiyupkuvwezgndbaa
qpzbiufbsuoibrmngpdu
eefvrpetzkphkezixmny
ttdizkjrdeeonwnatmcy
grhwtwewhrtfrrenzdjd
znqlehfcjrrnulsuzwky
dsintxfzaaqojoftxihw
eqiwcadgginfpppcizzi
ncbtlumqcypfnqdtqhwd
bvdlrrpjfyrhgqfpgfep
dwvbdffryllrxxsdflsu
qzxmrafqhtjuyvnhcjcr
qdtjdqkqhmqmfvbfqhau
iydhgksvnndpobejfnfs
ckiijppbzsecgrpjxlin
uqnyallgxtthdtcobadi
frlidpjpxtmapiywabun
xkovszwamkkieduhtwxd
ollrzujetzvldncfylpf
ooowaxwbfdkpdmktgdsi
ozkldlyghpypympbrkyj
zuzvhtigyldrdptmpkxh
ltvrykalvglmqrstfdma
domimefbgpzsuqfmfbiz
qrsrlajxprmnukorgowk
gkgtoniatgxofbhuzqjv
cbpxicvghohntmadfuxn
pmzxdxszrskjlaivkkrk
kupgmjllxbkzsxrzxfck
xgxgwaduzrnmwnewjwem
gwfdljsnwvinbvpxzcab
wuveliezqecbzwyxivkr
dtxnqdchovdmjerdpkba
iihoigaylrqanorjrika
lekicvnzkchfnbqddndt
mdqymazltpfbbbdpmgai
iuikioszhngmjtmqbjsf
uwwqoderrkljoxlxqtea
rmgziyumxvsgxkphlsvx
xavlmlnbtlegbjihdwzb
qohlaxntgwxqmvawlvsu
yewgtiritblxjneuzztf
ameeysvausyhyottxrks
vdjslcnkxoznjmozlhrc
qtmoduueeyhqiqznetoo
xehpvgrpgkmiahgxdcpv
ldmtbhdefjrctnvfnukj
rogkedrbmmjvcgzxprcc
pweqdidyxjureqzldlmq
ddjkhcuynfxntdnhoddv
zqilcohdehngtbocaqke
mvgvazjkxtilnmtwnkbr
vsmidasztszdtneihuvp
mrtmxjyhiiltmgdsgeog
vqvieribwggaiacjapdb
wisztzarkiaihsjurfag
qpbozwevuyebmhslqxwq
lggjibisxeismtussxaq
ddsfwqqbmvjugjtlvofa
lkbbsvqgvhgunnpfpxxu
aiytiyryinedzoraenki
unmpcfwblcoorttcthei
oujzvefngybcvvyfzijd
jegxwtoamxxfusiqpcer
jwhkzdhnzedgyttxlkys
ezwlvfmrpzyzuwarjtcn
pkovdxsciabtmyhxfooq
pdotgqzcyotzgvjvyzgt
beuyxvzmnxzmtylscwie
kibawbhbhdytpgacvqtj
njuvzxbyobvbmidgfobe
znujjkfsrzxyyicdtbyt
sktxqkeygnskxqrnbfry
ycmklansrnfkgadewltk
ayanvsjdrwcarqgbnnoa
pigkjcwmfnuindqftqyt
tqykdtfhxaogcxbdgtzq
ukoplcaaimgmzzsrgvcn
tzlkjtkdpallooudtxmf
kgyjafmnsmkavlwjgesk
tcbrshyjezgcpytduosk
hjxsnxwohefqwexpvobn
oyibutdxekalwcoowbif
raobfrpfrdpcuapomnht
rtytprkiaboaaervxlvp
faahncdiuhtpdlyhtsln
vgdksebkstzfxcoooxve
akocohutycerliafvcwn
felprrnegjaiingwppqs
yvesnztobjmfrdvntzpg
hypdduinmulgcxbyvzmz
cdgmcapgwhqpgudjxsbh
txtktoumpsjuvdyyxoqw
nszhvwjedhaujxpeeyqd
qcknhpocnpkoamnrjwgj
qwfasykhkukdelgfvtqf
wdwxiwqeimsaygwwoncm
iirhalcsgiuhneoqoebx
kgulpuxgstzetirkktpl
znmckzlqprjeormpuqyk
amqeaioplpadcbltnmqc
mwafkbjfbjzuqbdwvbpw
vhoyzkxamqvqhjffihca
firqleelpewshnifpvay
kemuiobpcbiszeiufpgz
rvmbbenphwsrzmyuwnku
edccgsxlwrqsxbunhhfc
ujgaizshcwpojjkqdxwg
csmzidmtdhyzwbintkza
ljuyyuvaffuthyoqimhp
rzrnqioiuowqiqyifjvw
vlkgkvfnxhqzrnilsotj
vroucrdcaxegzcwktlfy
gwgbxevjcolnyrpshknp
dniuorhzvcgsajmmccin
wcidijdhjjemwhcmkwiq
yksyafeixqeudhvmpxbi
fztvdmdwxlfjnbytsxow
oxkjnsliescxocwjjtma
otfjucjaphiiaifwyqfn
bhuynskfdvnwaslrukby
ynmpcvljwdzpbuinyhpv
yqxmzqiirarkfmrxsnei
fbnejgfqardbueaknith
tfujtjlllcfvzbsjnxbz
egxhzoxqkypbclkfbrmp
ptqomtmjgqhpbursmbpn
txiqdepwjplrbxoperzv
xjzrzvviqouxbunxsvnq
dwrsqvqpqxrvjyxkojwn
afvoqqdbmdnriewifmjw
qpqgkubhzroiulhknaay
ubibfjjmnymywxknntyz
hjtpkozembyjqwtcxsum
ctjgbfpytgocvtxgqkrd
dxidhueetnlyxfvvahcd
xcibqqoancvsspjftgag
sjdmykgcwtocuyemfhqc
czwbuzciswfulmeohgwq
lhmuryxmpyinvjnetrde
duwxankaaqihwytoeqxv
xsblyifpwhlqwncmmjyq
kgaufixsrmwnnqowgtqm
sdtrtwrrffrurzoygcxs
ewjckbywmzrfutjabjkz
oghbbopzctbdxwxkcswm
ditznvrltvmessgsfxff
rmfeqaewdnnxhbggrcdr
yfduazaugwsgiarbiutg
tbvxgqnvwlgfoxrlburx
dxoaievqnmvohanrcaum
vhxcegihmvsmmsntwyed
wjoeebhgarjwqogygcbm
khmknlvhwerijelmjcsx
swpnsmyeftvlykefjlha
bhimnciawrhxxdxswkkq
zgonexcqptvascklmwvb
roslnznssbrsarcrpght
ksepqalrkynxtjtawzrm
oqaedpcbwttukgnzbowa
ymhfkjmnvycqmjxdzlue
obnlrjygjxtyxzgmruyi
tfkwmukldeknirqofahx
izhgpgvsokrnkzrwdhtk
puuynqraowstrufzjdhz
hkbbnmzbqqugrohmommy
feguvnegeauzuixghlef
vzhnqjglwphrxcwzkfwa
nkbxhvjprzklkvyuzauf
foqiwdxredxcmzubgifm
azbklfkdqylesatslxdf
rppylokcicqnvsaczgyd
epbmfshfggqyiixghtft
ndvifhwgrlprsaaxzttx
pptnnwkriqvsnzlfiuzz
mdswwsjvskvtadqxjrhq
tpbmdrlvvligvvrwjhmp
sutntvpqpowplnqeproc
qillxfmkblfzacczkyzh
rvlcbtmgxexatylmwwkh
ogrwqsyryqnujlksyoim
pqrusopjdzhzhjfwdkne
ifroivnlvsfebcmykjlh
lkcomvizzuasmpnbnpnm
rquhazhttkdsknhshhoi
vdhhypboxywhueujszob
mfsgdjdyjuudcioflqps
kryylzoplfdhbytcamvh
onkdjklmtqyxkbqwcczu
adpkqbjyqrrwsycvonpb
evpbilebhokptohtqvtc
vxwdtmympfrhfgqtlqav
xqcjyhxousosgdpldjlu
nqxszqhaxxiknkrkkngq
fbmelchoybrfkbavkcxf
dlqrzrjwzzkscywilauw
osyaorhiseldufrfifuh
ppragctphshsoluroojs
csrecwbtcjfrskvvjpbl
fztesvznsmnvybhbbetg
otubipgrktmomyseisgw
ekvzjsmbnloiuqguecbd
ympmindvwignydciqvid
wlrtycagssukyglaspyg
gtkanilxklsfctykekdx
gamrlzousrurgznjoqip
vkpxsoiyhcnuvnolpfnq
svyoelqzsvyoktckodfy
vbkhzmdiplvufofasrdu
ztaiuswxlukeoybuepus
nftzzxzkpsjpqkebkazx
kvhfejucepknlgktunpo
rvuwksowteviwkzfbjwv
rsvtrwnrchcsysbishsx
mkpbgchutbabntkjyucl
aqeakhcbhzayvnshltdk
bfksavvfoxlluymfdubj
avwhhqfxxpvybxgtcvcy
knqczutxjrjczpwafqmm
ywwjcmowmozeygqmfiwt
qvpruvvgqlagymykssfd
qdzqtagdubmrdlcinfgo
ajehmpyccdasfvvtihlg
ygrlbffmyngtzypylfdm
kxsgmbbklodrdrhmyozd
gubiizanyrnxkqapmzpq
hzfefgjnceidegozfbha
ipxbkvgkdovczpwtghmp
euhtfspmugzmbeeolaeu
tuyzqooncrmcasnblhrv
upbrpxupjgxqyyitgwcp
tlsjgxzrhbbfupakdqsc
snedtgpdncaljutnpyfb
axivlvzzraumatvstnxt
ytnidkkncwjsicgcgfch
qyyepyatkbdjbaefgoll
acpgkqheyraxztabhzrf
rkgvuiwjnswkiijjpbiq
yrlyojiuafvsuctejulb
vbjzxirpzzglhqacgfjs
ctmpcjbpaifhwfwrrkbe
edviaczqettxjihawsno
gcbsmkrpibglnbuiiane
bzlnxckrsvvzikzacpop
lgrnjlxpgzodpezyumcb
vgdwuklpdmspawvvcbut
lunwxikwgkxuotqmawdc
tfcjfgarayvenkipcwol
omlxtcaxmkfylhccsizo
agiqctaiqjpgsxupvrgf
tpsfuteiayoeoytrpnlm
xmcfqtjsfodaematslwl
fffrpthnrycobqktwxlz
miqohpaehwrdxiqecidg
zqdqbjnjkhrhoajpnhzb
spkvysfiaaxfkrdphezy
yjsiowvddgpkqotckmei
gmxtrfuynpextshsjkej
qcdovedddspkxrfvjjdz
efgkqqvgztuuuolbflkr
dkopxysfxqjkuoodaokl
rebelvrmrfjqidinjzbv
qndmdjgynrnmxmnhzezc
mpzwwxjmaditftvbyaga
eambsppafeoclcfhhvsf
wxidyhveqdniaswscenh
exrpjwahpaaojwcaworp
nlmrypoxgewboshfywoa
iaksjeunvdlhjdpwgnaq
mzeysccmlgbuqkmtybit
awybmrpvgqncyhhqxttr
zmgwpoagvodtxhnbocpf
kvaqthorohcfysuhjjcc
cygmwgfeotyxxqvbokpu
gipbieblcjsajuchwonw
dhntuddjisdnqcepdjsx
qxoiuvfnhydnvgdnxwvl
cvldeptdmkddbmplklez
bultqqggrokoxxkhfpou
blohpmbtbvjoxyyervnu
goezmcufnynpqqtublvi
sahwibriekzsxwfsohnj
crqgogjaeldqtbpgampb
wovmurtjphvjltcntxgp
gwqzlxjwyqucfalniqmu
qkkxiaijncdaykpteldb
rasfbsmzqrommpuffrta
jdwvgnzlvyvosiebgpfl
aupuuvqoiwkigsrzvuyk
cuowxwswpagzteuydxps
eljozprdiwoekeqxsdlr
hiczhcrcgysrxvxolphw
jjifhrxmyzaffekxcqrw
qfzjwsguwdgcmdcilygy
ucyypbheqohobcogxzzp
tszejjewparhaqyuzmhd
ivbsdtyuuxrrqrdqvyzw
jjzosxtiogsgzlvrddxl
vqsebkrwdqlomudewcav
igaakpdwwksofrrzicuu
sjqvnzwgrugtiesahcdr
hwqwocrntsruhxalwfld
jhmdbdncyymvlbbeszmb
crpwtgzpygyrazyycuvk
lejyjkcgkefpcwmlzyat
htitidddirfrwnwroppo
sgxbfmrwpqhbziumwjwc
qdjousooxvdmzhqyauah
ailnyoosuonogkgubkrp
jtpyyrbkizbitfularig
nzelcifaiigmhnhikpyj
uertivobnnsjdompatcs
rmflkoermkcllpjxebgx
lxgjfwxvfmvsteclfmoh
vcgqzavmegiqdiuxldqh
laqjjarujdsmgtdyacyx
wewduwjwcwusugfxrkvj
eaenspyrguhlujomoavs
zhbmdljpciokimvkqjvk
lnflljicxzqgcrsdrqrl
rlncvipvrzvgldaeaspz
pdudzaygxwtvlmvhrknm
bqkmzzoxexmpyhkhijlv
zvawyvpuqaijlefjcczz
rstxnmruaenfibgvbkui
buhzkmekxvrhyttuskjg
nmuhhjhkysbyydcpejor
ynkmxexzfuiixsywkdrt
wiugdvuuxvbsgrwjqygz
jsbnajauiriempfzbyll
vwqiygkowsltjnvwhyen
lxfzydzdpvuhonspoxge
dbryjqzsqdqpipufhqdo
khrnaavrcyuwlyrgpwqx
qcofrgcgmidnsvgmrawx
bhxcfnktbakixjxxweps
mkvokrdjbuvyvrijgkua
tzmmokfizgpuilfihxkk
yatosngvfuypaovuowoe
tkkwpdzsxypkvjygkauw
onujfqvlxfemuqtirkyu
kevbxefnxwvcdxzkihqz
kyaitwdsomcjifypyfjo
mqihulaixtlsteiackdx
rrqvybwdrkhkwqxqdadb
otugvlhhrjshsvhjwaqh
xusgqdgnvnaetygmlalw
ukmoopppkgcgfqqifvqb
rcugmhapzzxmdrnqibnl
pamgtnbphcnslrniilcz
ltqgqyefznwsychojjhz
kjvuligottpemyljwtiq
yviutczxttaegnynfeld
shjcrlsorcjfjbengjyv
bilbkyitozxremfavdcb
ujssbfxxcqlyybyhkcla
ahnauwmccbgfzlgosfmi
usegwcfrgizmbegzffge
jxlljtlypumqhnsctmdx
ykdclpawcptwhargqzjc
czagsazbvgmoxptkfgza
plvunlhfxzjzuhmflvwx
qvznjqhrmgqwksvohaiz
gfzdxdruxvpqjxrujoks
cyyhzvwrejmshwvwpboi
tclqwzfprnyovrlxajie
fubmenphcptbjdgxjaxh
intbyvamtnqbpmyfsdje
redhbvyxlmtywtkbsvfy
kjloxizwqnsoqvbthkgo
kqczibxciyyrzdyblewr
gooriszychgkfitkylor
vunnvojbtdbpvtbjnyud
xhqrvguujgsegugwgyww
azhfvlsofxrgfwhcbint
nmyeikmnvzfluhzxnayv
umsbyxejtmtmbqemkwno
xgwldxlaoybstthbvxue
rmsgbjupiphqqjeqkrvr
wfalnfbdrasscqocuopu
jgcmaevoxitpdmkyspdp
evsefzrqvdjbpqhawsaf
atmxxqanoygreehovvwm
aetljbogapngxyrzfvrw
cpotknyuqaqrgarjucyv
snkqyoadkzpsdumaylnk
ionwbrirbivfxrmnexwb
ubwstgasxkhruarneput
sfxykjavraznyxkocejg
yqnbnfhdtsrjwqktvyzm
quurdukwbounuzehoixm
iuotteyzfskstvchnaos
xiwxxkdlkkuheuycydvh
alwmmjrflishgqauntdg
ivcptarafydngrviyjwo
rwtejdxcrsifjgnspjfv
lmnazsrfzjgckrfyxqzr
nfkahhhwdybskbuinjia
qofbovoylvadwnawnlth
ryzmlkkqbkvyylyyrnfi
goewntwmupzrakklmhdc
gvihflikbouggbdzqqrr
nzjkwvodhtzbyvpqjhma
ukfrsndejednhxwcqygy
qzrnetscwrfepooqeffi
msygrklrwzzsryvwothz
vjuwsjnhvpjpeicatawe
vghgkvahsscacoxzxsov
ofhjijnfkcmnjnkvwcai
pundpkhevsvsoaqxmjvt
vonvskxomisakxtjjhvl
rwtyqdafldlcnxrwipcr
eqywccxhzjprranymjgk
qnfenvnosguiahsxeixz
gksolmsunvgyttelggrt
fokyllfetanusvspttud
ojbjhlcljbizwadigzou
ejaotxrpyyzcyybzwkkk
yrsyuaobnmbwujswqyfl
uggulrbiqokrgaafbphb
qqmxavstaotfzfxijjrc
vvwuulmiioblbzeszlps
efernxrjiuvyrfnuukyl
immeeuhipprnigbevjpa
myoslpwsmcpmwxkyoknp
usmbpowegtqptsqzpxxq
hhvpwbgrkepzncxpgopj
rehrmxtxkdklxdgancas
yiwhazwcctgdwwqzsuuz
viclrcrbtodgawhflwrb
ofaezdzpgjpqlkcclekt
qqqykjjfwdwgmpgylarx
svfuvlijxbwxafjffbsj
nedwlnihpcndpxqyeego
yculqakxkipwazmopvgu
smtwyvztpjgmskltffsp
iehizhzblfgpntrdmhpk
wijpzzegbsuwjhdsvbks
raoaylafgbatngxdydjx
nciocvaezzhzpceccbax
ymuzbwlirwyiblzdgcuq
fypvgihuyxgguasvhkku
njphqiqxtjzmnahppnwl
sossdotzuebeoahzibui
mymoaajtasecpaftyine
tpgvztuxgwwydcwweyre
bhdgkjsprvnmqunklijb
rnlpxpywwqoztabntknk
vkuyvboasonvtaifzotl
nfqbqpivmogekvyyqrpz
mvkbdiodshdftqvnvhis
hvomrrpdaeajfghtkoak
oxpjfbwiiylcocmsswcz
psfpgdwxyfqqovtjjtyp
plszynlbdrvenhsihaou
hxdhmynsnskqwjlfgqrh
tjkecsmdsvpwigoykfuh
lurpzrpczhostbusvfpw
ahehqfyojvlljjsgdmsv
gkuvczeewpskmuiesqtm
zjjwhpwaehjjezdobsty
bjvtbcisftlujkeorsew
whrdxzyehnbdrgqeolvo
tvbixwcfheliwoeiqsop
euphtrxxqthsoednbslm
uluaikuudptyupnmzlou
zijrnzbcxktvhqsgjqzq
kqcjtqdntvrwuwhksfpa
bdygsyfoeynqhzsyomwp
xkthbvvjrppmxiygypel
eapskknfbcrcgnljsfog
fqnifdetwrvvbtndztlc
xsusahapehxugydbioyo
zdudbdtybuvwpwtxpuxg
jxdhmfcheuufczxlllsm
wykzgecwxpghosqbcblp
kaqrwlfyeyrsjhxgmqrk
nuxmsmmoyoibdbmxmwxu
ltbfltnpeqafzgivvbpt
xrezqunhoftnnxxipoet
bvsxwwqtggewplfgvrls
unimhkocqgdkzyhipvsh
lxpahqsrbgfwvyrypuio
gthconntusxinyvineke
nexmoldokhpriaquyhho
hdydlnwqflcsnlzxjcvy
ctghrrxrdyuezwhliezx
dgxjvgemhkapolqdqcdv
itibgmpctancbxnxnjsl
cyahwzqplurisuchensh
manygdchxswjcorpcjlq
xldjngbofnhmxmnmmpzf
oxcwmaxkwshfyqqawliy
puoxxwzfuwpwiaoxkbnh
qvpvxamvwbuomiofnawk
uzyikpkwupkhuebsdipk
rhsgnlfpgprrbozxjnxn
yetgwhfxjyecwvhsksya
fyfzsvtyuzxlhlklzdyj
kajrgnoprluagotfqybr
vaqsalacvenliytercjg
xqvcsacqafkbsiussndy
ailaffjlbxakzdnaugwc
lueqftdfvwrpfozmlxca
nhdvlwxgiasqmnaneiao
mjxdsiuodhcpwbohjsyu
vmrminosxgwlretdxafg
ligupkxhwmkcyreetnbs
gzsngoghinplzsqhzlix
nysemiuiguygkqcobjoj
lmjiftopvjvpqiwxoehl
gnkahojiuxwmitjodizo
xmeawruqyddgtfxhzblm
qzslpirrxpfoyioriupq
dkhtzsgschzwctuxgvxy
cjitprhqqewcoeidyohn
slyynepakmictbxyqvmo
iyjueeojdbqpvexgiflw
vzqggastxakohzeqehks
feavwnsqctnodybuszgd
wlzdjzabkyodezkpbuac
pjgtbyaxozcwsfhjfkzp
nfcfgqvjvxebwqialocb
dyzikmfvynpyukqivuhx
ybdnofdwfxykebcyifuu
upjazbvctnybbzblwntk
boqdkcuvlctkrfuzxrow
pugxugtuirtceskdsbxh
yldxzmqdhfmbijmcplzw
inowdwmxtzfyujdspufx
gneqakvcpwdvbpbtgkow
xxzeoodcxwlmpfwbzwna
jcseqrstzxlxkpobpmqr
ytzhhoreagnmctjaymbw
abumdzoccxknagrrssrk
oiqpjqruleezwhiainwe
vrxqufheibuciautnrmj
mqfwmkdclgwxqamcowgl
uiinnhhwbawyfbckixwe
awyjzkphcxcwfyrnnrur
zziuajrmcvbloeqettov
czopbehfugoedroakowh
ufildedovjoqyweffqdd
bpwqytlrwmifkowswlyk
shuddfgtgikhnhgucvtu
wsktffdkufcqsvsemels
ryzhtfqdjefwrwaoyxmc
nnitfhvolyvbiyqqnbdl
mymhpnlbomtuhqkocwce
snthsllkvwhppwkvzdox
mfluigknocdifwhnpfuo
rlbsaaabwswgufvfgqlp
jsrrfwbyelqoaqtvctkx
qtcycqkxrykfxmyebauq
tvmuvemuzggfwxcktacb
xwyjywwganrtzyzarnaw
nsecixjjryzezoysnrao
kommrccybsxyovswkmxb
hckhmjebgeyjucvbrxfz
mayzocesqbotbnhnpikg
vubbfdgcvxdmemdxnrwt
fkxaexlakajqkgxwtxax
kpgdwjgqdfknjcwzfugw
rpuunkrghkpasjhbfhvg
cjumnrqvcnpauebmgaey
wjnhhizfeawfjrgfkmaf
xjxayjrhlsretyatrzbp
rjtjprkkraqunsefsvgv
etfsllxdpurdrdhuhmjd
eyweftbfxokzmwtueqjk
ubcvdowlvreudhzbuxus
yoaqhoybsufegkyqdngt
ipynjzwpushvgrsqmtak
msqbnfgdqojmfedovtnk
ucuoszuxzeptunpdfbqg
gpcggzhjlcrinovebdbq
yechmgpbqdcgazhurwti
qlbxoirrmctzenxzkqwf
kaegedvvwzuxqcyslvdt
fjfgqigxyzdyeylfxlzz
gzejaddizkzeyfirpzox
nereoqpcwvkvytxqeaok
zpymmitzhspkrenihjpl
yxgszvaoxsruwiaipzqr
xxrvntzvrizqewyhoqdn
mogiihbrfelomlgiwcba
pbsgqfkrtjuchxrbevvo
crsdpdlmbjuzgtbfwebw
hbkwqlkavrouurmgfigt
qtlzjyevrurjiupgigtl
ftasthurbzsgtsbsdnye
yksmuvozbiijvytabpqj
wyrncbweztmptdfnkapv
iykzdggyhrrmhlkfsqjh
jxwlimuduiucdjmaapjh
vzvpzxtehkwrceikfyia
ebikzyitdggsrjitnpgl
mjncbzjzxomfzfifndwd
tsvmnovfnduaxujxngbb
cvfcignmfwtegvdaduqh
qsdzozwsxdxhqmhplcrj
baftdirqbpsglptudgki
hhbjasretbikqxsxxhko
txamlvcshrjpgbfkrtmm
ajtiufhghwbwvdgeniay
ikzfpcopydhykrpcjvqw
smcsvgayjesfyjfuzpnw
oqftutpburwyoyvlfdrj
hgjjnlrykntznsuxbheq
axaanphuheafjdhtpyaz
zaehbvhybivdjovvuiad
evdpcebmjywxtjlpwnok
odskpedabqpkpbpinctj
zupwmqptackiuhstvjbc
yuxawqrtgyvhoepbgulm
ivfqkfylhheijzxhmdui
hpofsniimbntqmfdvgwz
ndlfxwsoohmnlulfsjzc
emglbbzcfbuypyvevkrh
kmuowdbjvftximtdhvyh
vfmpfhodrzdihwbekxhr
zodixwydkatmwcdlwdbz
dolunzkwamicskocuugb
vefqkwezwxaktsidjzto
ctpahxjroxnnjkokoqhq
vgooyblnrvlopemkqxsz
hfuzxhusivxmwvduqnst
yoqdjnritbvsjpbvgdpw
htdetzmqtxybnoxgmcbg
vvcepqlqmawnvzddpjob
orpzamcohyrqdlsgrtlr
cshxnpzbrkfyegnqlfmw
lcmhotfyvozemwsbqqmv
hojqziyyeebvnkliijzw
enctxcitcmitxgsoocwc
ggfnmmkjvrsgomifszsb
kgpovkhymgcougysbmlt
imeqhbkfhyzjbcffjkdt
glardrxsnhhenhhwrksz
matojezckyeuzuccpwlj
fyxkgqcovzjbzwzhhzub
batlrsjdsvwaltxwlqjf
asvpupdoelsoluetxtvs
xouczpusdsqsgoptbzep
anwdxaviagzsikysdzld
uuiwvjbkvguqgplebltl
cxnfghmzapywykmqftxv
tpqiwwlkcrofctxsrjqc
kupkpjfdznlaxlamnowf
zihmypdstjdzxfjeskmk
hrhqjycocacnlgoffqvb
lbifnrqzitacspcqvoao
tqowbywnnkhdjexuukjk
ejbtygkfpljoggzaxdzm
pcuqrhhettsgubkpfwvx
wlyckxdcmcqaczttjdas
bkkgzqaeuwkviijxlywl
lpijnoizpuppaskkrhyi
tteuoxphaktcqngsgkrs
jwsutqwfpdawdpunvlnv
nqrgkclrlzqghhwscxai
dxvhwfoiwnpaqhydousp
ofvgmfdscivwhpzxsffn
jrktswpfkzltoyzpvcne
kdhonulndgwtlhbngewh
oaqehmqqtjsshwfkwhat
btsecxqgcdofibvqvfwh
iozmwvbvoklhvptztrxx
mfmucnpwukkvvwkthrin
ngyozpivemmjocwciuuu
svbzamwpuquxuiyyiivu
werpftfivqakvwbskhde
egfelstjekbpsgnmovoe
fxvnegtadydqgxtzilwf
gcrciqothlhaxawcdazj
nwlakantdhrcjnuyqcom
lkyehpizxvzzadnmuhpl
brywnlmwiozbdvoluvrx
ubaxrbvlddtjzbdrgvef
mpwtocvhvugkluxymkce
varqarcusvqfuawrrogt
gehsisdnuieuvwsknhpo
mjofciyzdgqiacosmzgl
crmqikksyutjwkilexek
nxiuxcjebmzrqabgvdoe
lvwjefepcagcxmzazfoj
rdqryzpdlkiejirwgoco
ttrotheyirlrywdetook
azsdkorubpdrwfddzkpm
ejolutfkafnhdbcfsqxm
dfnvdyrfclfhziivqgvy
zvwpdjosuastlkwqorud
zicgwahxkkgmxdldoncb
vxwkgegcwxgrogqwuizl
dwhdrfsvqrufqovlfwfo
lqchexxpabvuneqmruhb
rgxaxzdsmyqfebpknaxa
agrbgekbjjgseuvbijia
glbzkfjnlercxkcnxugl
dooexhijoubmjdijxbse
jetpmemonmcbalpvoodm
uosdjhpxufdvaiexpcry
vkbjojhgfifbsphxoxjq
pvdbfdybpfwiwzfmndxc
tqbhofyujgcyrtfgjytr
ltvhdweyilzdxodagubo
mposoobsnfehyazxxrgy
shorlqqkfcqghdssdlog
szfnsljmppmdecycbhqv
bmmzaudvcpgczjrvhtwb
xyrltiouzfuiipwiqkit
hdpwkwadpzvncweeyurt
mztiqgqfnzruiqzfzbbn
rdkpaoswbtuvvxblasta
notzafvxreiqdkydvctu
vcwprrenjndznjztoiuj
svuhhiuugcylqzybfcta
aqpdmioctauhxyyufpii
cnexwbtdhfnmkvdurszd
qkyfqjrlhzftgnyvtcqk
skchuitavgkmsikypwgg
fzjzfvjqanrbcierusbn
jhvcfdgzvmjrkqylkrtv
cusdlljwdgdrgjbhudwm
xyvrqqetwojiamclxyut
jfsgwywnusqdelrbnxqj
jczalcabdgkmptdhalbd
dcypqkvopokpedkrnjjw
hxvcuvueqwhqfpsimoro
tylpeigefhgcfqbhhqoi
efxbpzwayhzbpcsifmlm
slnbqaixlkiqhpwwndap
lspuncoiciieuxylsogw
payerizjbtqqejkufidv
achlkmfijmtikgtkkphh
qkuwaqorlwdbnfjoecak
onrvzvffxnrqfndhtvrt
vwcvbjhuanmtfrphmhqe
uqtqrenodcwjodpgavea
xdqxtmcgihbdnopergpu
qxhkndzysowwyhlnwplj
dcqwieuxsvvocrfbpfff
fluhskwspxpzymemfapa
hqjxkokzqfbgpyhebxhi
mbhhavujvdklsnucqcsf
gnwrysvpfpwkltfgaaya
zshmnjszjkzcytuqwjgv
ndqetyuawgefhdbwyhws
jrqrdcphabjmkjjvsnuu
nmxlkmhcvgjizucompsi
ythirjyauzybilxwishd
ygfprenkmneoohmeqgii
jdsboeqgseldogvddygd
wiazbmwdesxpypiezutx
ydlxbbsiflctusjelsgl
svuulhpykkzuceyjhfyp
uxbfvvcfibdpowotrucz
lvgrrnkhxeugacjphyes
ajfwfojqtijwqauumluf
mdxpifrkxoqsjclfuhur
anqclhmtqnjeelklsbhf
sqaycmnykyhzomcczfot
ijmffffhbzqkrzzqmlsk
cdbwlgzvusygbmvoddko
abpexwfbwtjeutkysbyw
pjgtmhwkqyngzfukfmyb
jnnfviyaqamsbdzzgknk
dunofgcrbpifamrmqweg
qmuptlxuuiosudkjttdc
mejhqvzimmksawgrajtf
pzadgatvvddubtwiynug
ohirbabqgxiupprxmwcy
xzoviybiigtcofndqimu
dnpvlfgvaevxpizsghop
mktjehcphcihqpkkftan
isvzkcszfynfwktorxum
tuptuwckrylhnubtnpqi
uvretuxbrrxjnefovdtb
qcsdypbsuivdisnerzue
zqzoiozvpcwomdzdyzrw
muajzckamsbbifeadwmt
onwlsykparhmapzpeemu
ophkkqwvnixenlhhauzp
qxfoffxbpsifwjkjjmxl
rijnestcugdoecndqbmt
pnnzqtkxovbzhfulvdjb
xvvdopadduzstixopzgz
exnchmrtaigkpgkgvzzb
kvipyukeuojfrqeregib
aerqclhqezntxnrkzuzh
tftyrvaljpwhfwevepmt
znkehjdhpturxggjpvtt
wbfjljzfnvprjlslpoyf
pahsoijuueoacpjqktfi
vuilhjcbequyksloooim
ggmljkhsdwgsavhfbcmv
rauztazcmwbabjisizgt
lhwaiecyncevxpugoygc
bgqkmfnhjyreqihlctyl
gzwnbxrazfavpafdxjnm
zpqgstojceahmxryctly
jdbzfxrjkzyozqwvbpqw
wfsxlksvgwdcturpykwy
sqqklmlwfyykcvwkqicg
qumbddqqttlpuzazuzez
yhtarubsbpzmspywegja
zxvpflniivzljlyqondm
emmfkehknjpnlzmetieu
vfpsbkhhtrkvdsjttoaa
gmypjlyyxreymrpwtadj
vlnqkiguoxwygpyrhdeq
mivfplxzxqeyevduddcy
xuaaqpepwequgliceylj
hadnqdzawluewsojhznp
xbdsjwtwhmcdribiayeb
fstaprnkqflschivihos
wtzxxcuylscntxgvwlcj
xiqdmxtvimlplamipxtz
hdactnuvvujlwgacfnye
nknjetzifjsycpsdqfkp
ojumkahqmmdccpjjnnpt
gywmmqffcpbfjzhshrsw
gmrnignqgmvymnsblzxg
dqvkozgclybpbvecxhox
pxqoaggempnblvnteyod
ajizojunktfriqqvgkcs
bkzrwmljsyzjnxzxdlca
jjjocszepcdyancnauhh
hfvsgbphgtivvdxuewia
feclpsfotrwwssysuuhc
umfbylsoscmwsyoepwwb
dxmmzxaxpzdrrmrphiyv
aewsakeucmfmhovujget
becswiaescvdmolnrcrd
sdhzamosspkxyvfrnenk
bzxzgvuwlpkhaotnakkx
wesyrrmzaybiqkgjlcke
pyanmvlhofsibumxvdym
pbhqxyxlxmdjtqxmyxpv
yeujdqomjsfuiailxmau
fgczodqpzvgtmcljusmj
cldxetxmxvianiobfqbl
isiyhpoqqzkpjygxkeja
hhqgzsshljulihcrhkeq
cksnzzxotglmrxmeucmb
qiebxenljtcbztgwdpvp
vlzblcvcxmogqzjqztpt
dxfsstgeigxxtzttdnyl
wrnosfukozecyfkyyxvk
gondkrmiblstxkbsugzd
tzogszfrosclktntugmq
sqyswptdgsvjpqocoojg
cxyjabtofokfvhrngucz
ppqhomnrksyibsenminj
kzayqpgciaobpjxllrdd
pynfsnimpsgqnaenydyi
lmbhtrhpvmuolkfacnkg
rtxsglwqiswronisyhdk
glksdfawosrqnfhpegdf
smgxtlehafglkqxjkdbr
fpojkkiqjvtchbsrznkm
zbbspwoytelhgdblmcwv
uhswfzvsdskwpcwhciie
dsesshhenuzsyehbfhpu
pmnsdpmzidfemnroxcok
udypdebcrspgyrqdhxqi
siynnlapyxylmmkorrsq
poiejurgzxmhwecsvlhe
tfclmutwcmfrocpppwbz
xckwykhjbtzfptocrvzd
rflxyivhpqauuphlldaj
pubabrnwdwaaplyhvqwh
azggqijbeoorrxghdnde
vaseceinmzcpcmwahvoc
zjmtnenuqdgqhsupdrqf
seakyjoxevlavfknwtjl
hqdjxewovvsbwfhfuwox
naeyvpgwszeuflogndqy
pnglqelutumspkijagra
uicxinhuedjqlvrbxwnp
kvdvmufkcbetgialpbet
lesznnqzqlqinnzkwtjk
shijylxuuhgimbtzeuag
ynpfsnrbzeqwiffzobmp
vwjtmuhrgwrrzzzqiqaq
lqipohahfninikopmimr
hrhjekflsmvkdsegngvz
cvzubilgyimhhlqesrno
kmrqtnszuvyjdtvllvyu
cudzsxpquzkddyccgpja
zecsgqrpnleazsrdfxqe
drhjownolinocezuejmj
gxqidsrztzfqocrntlpm
whfrwtpvmwrzfejvacrz
vwrqtpwelluvjbkrwjgy
duqylfblxxwetorzhfxj
dhasuvpfsnrrkdxcgxaa
iakvqpflarxwwjymajsi
npbavlaoczvnwczflfzh
vlhvthttairfjoyglrtd
yxajldmgedgljkfcuywf
ymkybndlixypenzhtyga
qsflpdtzxnmfgkaxlaml
qqurwacczaecunhkyksm
hocjjxatvawumuetuowf
pqdqqueqiayuoqbptrdt
ldxyaxdmbnfgsadnuies
ysffjcmxnuachvnlhmwm
qpdkptrqucwrnoyskdbb
ygwcawinmqdbjmhkapxt
awmogsozqemdefeoazxe
wbrivlagginwtgelsjfy
ttuqttnnrgpyvakexder
ugcogybqtmjyrtdvnhgz
bjdgkxzgbpnguquwcqgx
oorzmtfrzqxregoonsrz
wkrrepatliumzwogxyxw
ybayizczmdqqqcvxqayu
giuxserasuicbuhjdmgc
arpkyhbabesqnqobyyjq
vkxbsyfzrkmxzhkefjrd
gjtgicanovbinqvgqgxr
ywcrwvkljmqunpfokaho
agodfxykmiociodyciyx
qfopdlgzyhkzbuxafzlm
cwuhasrnyhylayzopbjb
cznrefspzrgbjkgulpbn
gykcvmuutnbmsrrckclg
zxvkhyrtyiijjowjxeni
suqfnuqivjdiqqqybphg
wpbpuihvrqbhtdtfgdbs
apggnkrvkgrnjebpxljm
bjcadeeplclmuizndzfa
xhzljwaoosmermhgqove
vtngtxqrzzjhqleezwch
xvdotqpvknfnknttksla
qfxjhgpttroufmeviequ
zspahoytfnozoszkecms
ksfmtrogwecbftoqwwbz
amqijxwmyaffnmhgoxjn
hwdikgcpjssbzgnutxsy
mcznjfxjzqaqduteuaxw
vmuogeuwjevtrpcxrrsi
hsoccctgfmmwhebrxudc
vgqougloohkptjcptvul
yjkatcexmupaovzpfedl
nrmqgnfqqspiseopkslc
zlbwdgmwgjpweefzmibo
iwrbewoapsccbkpwqfel
bnhljnxpkhdwngwuxpcb
yqnemgdahkzbpgbhodax
wtohdwnwznhopbdoetvg
hghehgrnmtodwukwylqo
csoerkyztjaiztzufzgk
sguznhbdcsqeruscokut
hhhansbohraovmciehdl
impsjszwltojgzwawhji
aiwhepodhzgkshapgoci
nebazycfkrlrzvmvduyx
diouydvwvpnrlendboyf
ywytknfrlderkhztasvp
boskipffacgjlhrzzydt
bzjzmzhfwtsxvxgnxbpa
hhcxwgkfspictujddiue
vqoafqfmlyzgstbldzdt
eezcetesfxzosnqwinht
olzkupmslykvnnbdeztn
mmgyhwbjqnrrvmtjsnxp
pkocnjjydgerffstgruv
enrcwepyidrevcmeehdv
cooatbruaaoqfweyyhfm
nhbjeuztyaihoktnoffv
unzbgujycvfnpfgnnvec
oqyhecihvgwaznfolvdq
nlrthutssraqvvehbwbv
tltfxkyuptuiaouaoeon
lvkqybejbzonahcwraff
gfrfpjxpvxfibmfjxdeh
mjamvdefbvfdnbgwbltc
bgjylqysyodtxzfinpxk
urojwighpvipnglklori
arrzraffdedwymiamdul
rqbmokfbjpcxbxdeknno
xzasgxcdmyjxnkqbxawb
gobkuujhytxwjwxorcui
ohozjpbardvkfabosdsq
xyahbkgsxvflhbaguzgq
ohrnaiavfrllbccxejrm
qpnxosjjphwimpdxotfg
xfeknuhbkftadlarbkzm
fzafxyvijkfekvfahmjw
jncphmgqrmryftbescxj
fpjsvrgkgkfhdfiwczhf
lteyoacfhcbkduvyfetj
goxryqyeyvuftzeuxnyr
xlsejzlipovdwygyyrew
eaqfsomudjqurormsmzm
srvxaaqqmxkggwvcwmxn
mlugubqlwuojvfjevzov
zbyldrobifzazgwcsbmd
igkrjdsugscvuppmajak
txmmtlwlixxtqvduamqu
lqevwijizylwxkwriptz
hqpibtvnloryrlzpgdeg
oxeofulnuhidwezbtsqx
gxdhyfzqebybvajdpmvv
knrrxalpcsmdgxprabej
tcjmgkqmuuxjnvbldxun
chtsdnalzhbakgmdfnln
vskgcqhmhipxxfhwiink
cuaareqohljbsyoicopk
xygfyefwndjzspzwgbog
flgbubtlpgdzldpdepiq
tqqpgremdyehhfsouuzf
vdewzuukhafxdzwxxaye
uyfxhumdbbfbfhlqryhw
gsjppayhjfkzagcvbzls
ewtsghhhecmvfjyewynu
fwisxrmoegdigyrjorne
ikwcgluvjfihtwfzmbqz
mleysqyxfosuiwccthzc
sqsxnlcjdibbqzpzstfe
untgwoiriivyryhssqdu
spklqxemyahivjqcvcuo
sciycxvzftfsnvcrvnfn
ywplcxhqxpbztljumnuz
shbwuysshgqsjjweywgk
vuzxxdhijyltsykqgwbw
hmngvesguwrnmkaogbdr
ghowvxyvwonlhlgfrzvu
mgywumzmswdfcwwkcqmr
rcdxuilrxpifwodagzjb
qwzlbgooyicegioltbhp
ywmfulkhnxalimqrrqkh
lsjlvbgjhfzfungxyrsu
zlcrhwgcpuvomntqvjnu
feyhuyvqfiodsapfdxdb
rcnwrysauimzxwilqrxu
qezhobgrcmwjofbqrnay
ypuokofvqsroniblhszf
znvlmhitxyeuddfflpif
mxhrxedplcqzpyihpoda
vxgiwrrhhutsyfgcyzdj
buvfuswwvkuvxlngozjz
xrrjeeffxtoecpyvzvtq
ftstlqdmqcyrppijmihd
wtkgdzsgeeqccmmsjkqz
rbfivpwzxemenyidngmz
vytghyuakzeroajbqbfy
oazvbjiwwtnrhlihocwb
zltgjprnckhvikwdivyb
tfihrfgmijrpjymejyyh
qidlnzkzknedtveeksyt
jkhftmteqbwnzifkyonq
yizrzcudoczalibraacm
utmtjkhymeussloqwizf
znsavhlquzpvkjzeuwvs
aiugthzveimvhkcfdbws
rqqbwtnbwnnuoufiqkln
qhalsrnybuzzjewofhez
hbdthohcadcomajtdmsf
uopxscvuedmwvenkskgj
nbnwnunspsakevuletms
mxrqfmtxynvudfwfssjt
ucaxwrteuytcxrkhvvdn
zlincmrocegwlyjhqjud
ojgeslbjnmejyzwoslqh
kyqiydtpceqtzmepaodi
kkwbszzeeaeyaexgycrg
fzkolvmwwnholtfbxsep
yhleuwhqsemcznagbcio
qhwzrwhgtnwatwpgmdif
khlcvufdzhmqwctvemvk
pkqbcwzwbaqkzvbyrwpx
mjozhiwlnnlclfuuxhgj
ylzyppwkkmdlsuwhhyog
bobbzpadbrgwakqupkmq
qvrpxiauwhuyzidkrhpx
qqwzhgafietcmgykfaxc
ojuijwzqyuqkapxlscup
uiekycdljtjfhqiscmsk
zopkboxxyenbhlhbsiig
scasxulejxxbohohqhlz
rryoiafzxixmnyckxzkq
xtupgperftlsymybhgti
slohchjarxfgxyrtbgof
ivrimpzzbsljqjzuydfd
taacpbtrfntomrbmskjz
lkuvpktxvvapbxrftxvz
heaxrivvzcxlctigkfpt
iomjyzjigwlfvgftogcx
rlxrbwzyohlyrktgxeky
uldbgolgbiyvediyxlsv
imytdlwqhobqqmksmlaa
iesivmwrmyocaueaduya
jxnjynvqfgiaaxesfcdn
eujrpalwccjuuaefediv
szrcdwyradktxupswjcy
hzaqenutcopinztimleo
blyljgthzrudackchxfd
jmvxqhqowllwtcjlckjk
egqpwjzevcmutoadjvmk
zkrrhdolyyovolzgczlu
oinytnmoxqkulnfzdmnd
wjpxsderklfyftckkfjp
qsifwklfezgmzvewilcn
mokhcluhtwxcoufdkfct
reapzextcgowuklhzuua
arfncgatvxqpzwpfmlny
apjecebgrugtppllkcbr
kwpzmekuikrcqggsdspg
svbvgohmldgjfrhbyczz
azliukdctotukwxngxni
jmqgwexorfbxyftyhjit
vqpkzyncowacbkhjiupo
kdenwndnwnirwpigionz
ohhxdsdgpjsbzssivsvv
bxaowbdqhklppsndbxdw
uscdtfdsvvuweiznephz
lafxykpxjmsqymfqmzfp
hutcaiubafanmtobrvgc
axkokkxogkypoxcndjby
cduhfjjvntyghzczjwfy
rtyvvagjgwahfnawoygl
migpjkqhwvgnsqewwvha
ubuvxnttbciwgmiqtemy
pedwyxhfrlaavghozqam
jzifadsyttftxmfrdfiu
eazidniukrqmxpwsxnth
wsekhmlhnisslcnynuyg
atkqccmdiwicgjjywfzq
zxpfwjpbgckwjcqqzzwz
znerpmflwyxqsftnouwb
cfvlbnrhptmtqheqbnis
dfygtmtnkrnmeythcazj
qxirzflodaxbghbvogzi
quwyryzyutwixzylsccw
rledwnkqwmwdrimmrruc
lqiikncxrwzgkebndzeg
veezaiclonamthernupc
nytjovztovokwmohsfyy
zkfbrdvbrszujqhewlny
wbtccfupfjnjyofbjjjo
crudgkatfnyfsakhlajn
byvzicanqfbvoenyvtrf
kqhotumanocfcoehffwg
gummhreuyzbtliyljrik
lovillhvsmfzuugrfaqx
wvonhykuqrzwjgtrpacx
xjozqniobficgtrwmoib
pulmixejjhzeyfstvluq
fcfidtzlpheqzeusfrwi
duecuzkebgdzsgehvent
aiphwmyxveumlmxnkcql
xsqymumvvzfkfyzdnvje
vtbxsgvwjmrmcaqeaqcn
shqdubzoewkmkvkcnyzu
hdvfjfeewhymppvxlwfl
jsveivaqtfrwvzzdxbuc
chaxhkfabibjloobnuux
uxilnblofdcqmsoqlmyj
xkjniwyxtiwpikfvdxqh
lvjfypgxaulqhemejwfs
eiiszqtumwmesgsbemkm
bjgghnorhynqaeiskjds
rlkbcfjnoninmsgrnrjv
sgpvlnmtathbenxlmhhr
wwwmkqgpgbbqtwrpetxr
woqvyzwlgauocppyhego
txxvchvzacpxfbycprqo
stbbtpxbcksnhjanyhnt
iuexbewffxuhwclzvmci
ihekfacldyzfcefskofa
gsqctxbksfwmvvwnuzll
btckqrqwxsdxfuytutlh
hbbevaafruruoabvdpnr
yymvtvvjhqduqsmwkqjq
kcrkikpqkeyfqntmhlkt
voinvkhqttqzauipdrrv
fmmaakrbogtlelffkbyp
ksvbtironiphpfvwvnyd
exkclcamjraeidjjpnsb
xzqnqnczsljkfujgnvme
zusikikbdxxnsgbaosek
iryevqxzkfzkxcmjidna
whxjvkxmovbxexdpbfwr
bznrnkkprphruenmmchv
cyfcwbxcpdpzvrfokydw
ltcikjlnluooopyhlmal
bitxugepugzflvyyjidz
cvudybonklgrvaiukhkq
crcqeyzpebajzscrjhai
tqjwjvrgnulgfhpfksmg
yqpjimcjpcuqmfliyyne
nhzrvchorkalssgfinjt
bmzyanpxeyxstuajpjlt
atboahpnrzkamaqdeykc
zjpgaiuzmsitptxvpvnm
vtjovitazsryevjxudlr
xxfvxpspsmkqkvbpgopd
lzkqgrmlmvlwerzdhxdq
fkbtfwdzvekehdbdxyfh
kwzzxtffopbihcrpsaep
ouydhwpzdnoqgzevsrtk
yjeoisxoaedxkhqqjiha
xyuyqppbpnqvhhtdonrb
uoenkoliqqxdmyfmbfms
ubzjrgrtpsdxzgjmtkfl
nntunqmuxyrzmmchuyzn
vppmigwydkfkdkeltnho
nvmratapzgompwloymuj
uqfjpboycvydkdklosfp
zjtnwzgumxelghyowlgt
tfcoctqfddknfqiysotc
leaksjcnkbtvzgrhqtjn
ehhsaoagnyicfwapproe
azzapnejuvfrjrdsczki
adtcygeacqdsahdkwied
fwzuiugcfvaffsnrvqbp
vnwxxrazsinrmxdrdguh
ploytjyjjarcjpgaaryc
cgxomhbddnbvpnjmdpyd
rrdtkgvnopsmwodileeu
yzzzrpqnjftedqysodwd
kzdwxcogilnfaniddeiy
vmmvuuhpxjtooeygfxsi
aonieygxmenlvoytdcjf
sawdqznirosbwpxcczfk
mfwzxunueizssabogdrp
vkcazkevvkifqcbdjoui
owkmqskpmqjafxonhyne
gxwkshthwdbxtaxjhsoe
uspzbrnmgqenefhjizjo
bwozbljqgrboywseyrba
ygqjnglbnkniztjxrkjj
ncgcfjdinemnnfajnytc
qmknsqxwipzkabnfqtua
iwryuuceszezrzxzztxa
ktvitjesyahxdkdjrvbf
zayaxldwwcskvqznupaf
jxgogdrmvybjpilmjhhq
dvowfguaeqhuopmddsbm
wbjwmmejrozqjngybweg
xcgpwpmanvbcwahzuxmu
iukklypnteexezbamixb
dnzbjfpvnmnfsegwuegz
pyejevixjbfkikujzroc
devvszkgkyvgnrjejeht
vmujwvkrxbfemodjluko
kodwusvarazgxakqhhdx
qyyuwpwsvefnmfyvjcof
uhicstkejqlfvpqknqmp
ikgshmkjytrmiyotddfr
ioxbidsnkgbaerajnwzu
yiuqiahsxwmnojsfffag
zitnxdesswohwpxjabwz
pvoiipdmbjsirvammipf
poaqmsgebiolrogtoikr
scsotxtvxdzjabuerzur
xiichfewduweusadgiyl
anwwbtlvndyccgxnygvx
bfhsxtdqvakpdpaazpge
yqrrfxhjvjxtzzawczwy
keiakubnhzmfnxeercvp
flwaqjacxvyitmwvdovt
ohjnkygzofvvzibbjdck
aitosxcoxkudbtuqaqmn
wyrfujtfyhqdvbdeyajk
kiyctkgqcxjqkgidfgeu
woizshkrgkbacmfaombu
akwsqpyrmlbvccmxbble
aagveqbwjlyddrdmtggc
kcayoauwyynqzqpjxapn
bhiccsljpdlxzjjhxmzc
xoptzsopxwjcdhiteaib
euyccexdttygmjbyscbv
lazzdpfcsgmkqsflpvtd
ohqbhgzefzwkmohvccwh
mutoyheqoteqqeohnjdd
bjpgggpwkqhdsfolgzet
zizljiepkcjealsjwhzb
buipsmlvwbskhodmzgsy
mwikwcbsfqzsmofbewri
kgzdpirxioyledusfzpd
lpvngyleuozkpweeapxf
gfunlaytjhvcqhcfniog
zjivmsuhfqurtedvxauw
tubuuslqgzewodnnuhpj
poigmrrrmhzssvuodxmi
qkamgwdolwmvsimwkpmk
lgbzfyfwvhwhueeizyrc
cnrqhlpqborbiilwobyh
cnifoqpxjndwfdojcolj
qcefgellquqtbautrthz
umagdzamthttwgrqzplh
vckwxqavnbxktjaodjjm
deyyscoojxrrxhwvceld
xiitqwfaionmgqqocgay
nklemybqhawtvtcdkvnz
aiugocgapwbkfklvzmbr
tbavqgnsevtivrhqckqz
ksawkeeiquesmyqkpove
fexuojamkifpnedyvvdv
qoxtqkqpqafgdbusyxic
uoxpbgdfouyfhzpvmvlp
bjsitwbperkalnlooflc
oodeslggkdaqcdidalnz
cxjudhidkjysrgyoworb
vapdyieummqrbsdnpkkx
jwhygkggncybpwzvvbls
xhefzvxrnkhelfvahscq
wnibgxebqzuacxmheaey
xwplqwaffqargzolakjv
nuzfdiasaepmvtyzorsk
mwipvarhqifrslhiqaim
slgvewyspoujicwnhhms
kvzdhjlxbnkvlxqtlxrl
stbxbikrdjhlizswqbut
saqniatjawnpyufaloni
xpdkazjmdtgaehbyzjea
vjqpibljgdnosauwfycg
jtwzxavhylcshbnfivhy
tstuwwxchdtaxfgnchiv
vouxkmgqfnxwudadajrj
atziplwbzegtuyvaoiyj
auqugwhcaezyxqecggdn
xrzmzfwzaggxuqolrkul
hoyuadqgbztcqykdtysk
axnpctbksstprxqqcezw
iwvniuzjqgehssrcbtuk
txempbujhvwpchfmlcnh
sxtlhyfbabohsowiygaf
qsxcfeugkpposorkpyge
zhnnekcpflfjykvdifuo
kztiunfdrothhvgdcays
dbcoavkqwfmgewotqbpz
hckcoetddkliaprpeigz
itnvzefqhiotpskpgesk
heydfajagreuvgkjyhly
wqnhfaktxgykoaiqbspl
qnjzjitzecciblfaalnw
wutsuwnzaufzcuajglek
qxfaaqsquhgjvcmrxofb
msugzbrmaujlupdwzwha
griizserkgmdqkijmehs
ikkbwmzbsthldqcmtlzz
uavutsyvecehedriwplo
ivsluvkayhgqollpfgcj
ugpscabghalkvgymuktl
tfrqbebyqscyblmbprfz
zyciwbgjgssefhklznvy
xpgqenkiboipadtfyems
vjlloofqqzomxragvvjj
ykqnxtcsqrybobiuuiym
ltxhmstohezoyrisuktj
ihytmphpxgrcrlmajqax
ajpjysibuacyrefihzcf
shnfiytbxmyxyhddtkmd
gafqvsbbxpwzoriqvdnt
aqtbkrqlmgolzpfohvns
yxqiewqvvsjykosegvds
nwdswcvabonrwmyubumw
zyzhjbnacaxczecampss
ydpqsemdtlmqqqermdup
nusczxjrkevjizueivka
odvlxtpuxqmvbvakiwmv
iqdhwhixohckusfewwom
uiqjfxxdqbsupodkieua
nitxekfrlglrgeeyztsg
vcyqgngvalcrrchmbvbn
cdrcpjjizusrdypdmcrg
klmwcirozjowegbkzygw
cdnyigdkfyiixvpfkcxm
nnmzukxrtpvxzxlvqpux
sktjsrissqgfazkbmkqt
obxxwbpocjbzooworwea
lnxjbtlchwlqwskxoxvq
dtwvhrarpsndeddgcftf
mkhajbxgbeilexsztmba
khikroqrpulidpkhjhzk
udstgdupibmhytqznuew
qsmwrkjwacwhxnlgwnwy
gervuvltfsvhwouwxara
osjyagxtffnjpdlfpzha
cakbiubepqjjehokcgrh
wadtzbdbhdhtfmuufqkw
aawefydbdubreiunpnwj
cqgbzwurybiwvrbluwqi
dxjbwvjntxhemholaufr
kzcsikksuccuwbhnpxqr
saqfiuxmyycpfugwkoro
ehkdnzvkpkyqubdlphfx
wljzjuauxwldmydoswhy
afmrklipwhklgfoetzoe
ykfqinwofqscwmmswvfh
ebqvtazfgbzfstzyejfm
snsrkaphbnavwgvfwrrz
djwjzeznylfxfxhabwsv
zezxuuyqjsodsdkczcrf
bfyodyhydmoqwupykoka
iilxadvrsbtauzsahwgj
bhxhnjbdjlntjpjugieb
rtaxgycdzghawylgjupt
lbcfkdwxhmiqtjetagtd
olovszlkbwiyigoukiih
duarwvhghtnydomqayzx
tvjlvqoemhxnzcpzfqvw
minkjgykkkvibcxdlmde
iuyodrtodulaeopaprtk
ipuhsdpiczecyjdqvujp
qvqkjvynacruhpdmvbdj
susbmypjkvcbubseqzck
dujzgywbnsqjwtyfiski
lxaziswfdvdfdhibwtxq
gjpvqvusiaqckklrzooz
uzwfnncgdjteyybjwqul
mcglwrciruvwvaagyezp
kirhfeublowludedzlff
fyoexnvrcpoxkadcrntx
fiwnjzyfobhzykcnilxc
dgeprxmwjsrhahhmteaq
pxksvoqsnunlhgmrfcin
otyvkbakynfpolwqsyns
emqtcwuclakxdrsttnvl
jxocvczqrmfpnfptzliy
vfyynoowcfcnfjwboczo
oeiyzntehjfwxzzdsvkr
rcdftxnrjlamneydttup
ilpbmzpdqkjemmppboyv
mpyuwszbyejaqnljmdol
jiimhuixhazhvwrpawrv
nkrvusdlftcavrocytqn
eggksbabdozbmzzjizke
qtjxjsutyttfilvjklta
znulncbymnqwrbvgtwmq
wasnqiqrbmedeedzhptg
hecvaginqwttokpeokkt
rmcpmwrhatargyhqopyi
nelggwngoxlvvusijkgw
prgsihhgsxhpezfzkwke
tkshxvlbswdvpyzyidqy
weitswrwluvpojfxzcuw
qpsepxyioksaqikylpfo
givvnktjuzhmupozmgfd
bdwhalyicqgtqrooijyt
xfobuhighqqptysulhwo
iqormrsijuwjvjqcfgzk
hpmrsrpgyiefcedsqcyr
myctspztleantdosmqjl
zmvwhwvrvuqyokljmedu
njxwfzrnjpckzomjdhgf
enbcbmzyssxakjqikqhb
hntyiqdrvjyxennvumnu
zzxvfabkbtqcswgikdwb
uptjyxyzpffdktonkgpq
novhyjzejfynyixuddhe
lctzojrocqydtaoucqks
lxeokqnavgeurcgvpell
fgffcayjvfpuaehzeotp
ygkumpqfgpliysgnexoe
shllzuteijazpnsfphkd
sapoiwwawopqeybkbwyd
hykofkbykloechtxytqw
udaxisrqmrgananlonua
apqeoubmxqsrduddhqxb
ourcwgewzltqkjgtsrmj
wywzizknoxduwelmtbqo
xdqlzwkouwjiekdmlilt
tnuvqxfcrwdsrbznraaz
skrtnlacvoiexfumrbqe
ksjtlzsjxhqclphvjyrn
hnkkygjrifpafghrmqnr
jrozvnnxkrtnuoxwyfnj
rwpepmpbkmgkpldabuqu
ccufksopaclvtuxwkrxc
iibsxcijedqqyyrjopwz
ijpyqnftkdkeglykxwpx
ncdfyabnqhknlizasqvk
duvleoydvhgwvuaxznfu
yqlilsdlxiahibonzrqu
nwjswphuktvpdzidbbeh
bfeqzbieavfhwqgwrvue
hgzprcmnaaiaxrvsgair
tqpzpjbywjhntzvgpxqk
eysucfubvclwxvsujthk
nbwpgyoaczogmxgzxwnp
fnmymsbymiyfrhcgznsu
fdtveyguzxzlargifzvw
gtkenmkrlgirwjnppwlc
rzxhroykfgkgtwwoxxad
sgzhwhzcyuolqctdtncf
hkgjqdlhjhictdkrzqme
gfebtngnsrfbppspmmzi
erxvdhqvbilyqurhahny
nrfahulhozegiqzsfika
fxuinftyrvqyxtpwsvun
ukyckyfpseodjesmxznq
xdscyhtdcisvertcorak
opertcqokauibwxnxrnl
dnjhwpbxgppdkumxnyih
hfsebkovgqcnidbhjqzv
qmhgwtymmbsymxpejeqq
dhrkiqedmengjhgnenpr
wgrmbbnwvtiieirojvkn
wbmucwkrhbjmvrdickjc
arsqakltymeapbilebud
vfulnzrhsulxelfbljuv
tgxvfrglmsiorqryrhps
zonufnzxfarcscotmpll
kqnwnrpgcrqlacztmvkn
tliarwukiutxefhrrqeh
wjqicaeyeonwoheyirdi
gjynyhsjonlkbmawprkn
jctqqbwxmmqhafqpdsck
jlfvnxlvlrflvqtognmq
ztjlrrnejlemkijiokfc
xzdyczcyytpnjvxrglcc
srwrhbhlxnocqnexdosw
znlvcseduhtvcjmfdcxo
vjdcgduxiyrwuuxnvyuz
plznntygrnbpnjbpnehm
qgffiqsdvtwihmemhzep
nsosqlfynpystteonwdk
ktmhpmupvbkpxwrjsbym
cruhxdtpcskhalifamfg
ggsdoeelpxuxnttdkrbt
ywjksztigjxsvowckoim
ilwdpyfnbutdgdrmtddj
aocrzriywzrmrxpcwnav
atiymygmkzslfqzulwau
ietcqujjsylthdwsfiyc
jaqgoybzgbpofnkgnhhu
wdyrpwyaqqxngazwuvxa
hgkbxdqxtflnjiibgxxf
qejtuhyczncsaxdeegul
qqafzyivyzetlbjtczph
euwpwiecbofgdzbpkebp
auslstghqgqhiiwlpuaj
mgcjxspqexepdusctwfq
lmufkmfphsjwlshfjgwy
wdxpuiineopctvglniag
payisshcmgkskzreomrm
vwjtaecckrktrtgmzypa
kkrxgggptlpafhqmkbbb
gsexgntqtytxfodgxfqy
ynjibapyvxmokpuolnsz
datslqfafewhebalzxsh
mttibrmzagbrqzkobqwe
adrjoikaxjrnlcvvvtbd
ucksjvrychivdtvfityv
nzyposruvswdmvsdkjea
jgelolzumiergyatetpu
bgxxmkxwlfkjqjtgmmgi
cmbvvrcwzlobxfpnairq
cnspqfkxlhzcjcvfvixo
lgmtlddgeeohwelyyvtc
gzaltikzybecstvteluc
bapathquwatqsadbxwzp
zbwyodzyexpdlrlzagzz
hpqgrcupidtoxenrnkzj
lcaxbjsdbaeecdhrtwft
gnqpcmarjlspoqjtvuxa
mrdnxhvryzmsqqtzfxkc
vkoigymekujttztigurb
jkwuwefplteytkqklnqp
knggbbthsxbzzakoewpw
rzpkepuzsbghteqqgwhl
xjtfubdentnlpsuuxjtg
nadndftobkxiczbcajgn
fegcwrkpbzefaabjsqfr
ndmtahfcyybjtqzefbug
pdeoenarmntufgtsvkqr
gzxuprxvidadjffpfooz
djhndhictbvfrqgszlpr
gqrepnmfwfxgqisnqvod
nfzdddxjuturmztmzwln
iifcnbauvxtxsdkbrtrr
chabzqsvujjccdbelnnu
phyqfutxtjsrtsjhnxlh
zzkfyqmbbzlsudeljfno
yndfxfgcxhucxtstoyvl
lpkzlazfkfxkxnwlwynz
wxcjzkaecfwfwufwcidg
rkdsezwvvlragpoxaeow
spxgddjwurpyankshyfy
abxaubfzkekjliqbrdto
lhhyhwkisfghowrcigoj
hnwxkzjepqcdcnrrbeok
eyhmodsmndtiqfeuetnp
twnjhtqxrilrkaxcsodh
depovscefxqrqedpkoer
pdcsnesctxkxabvkyplh
duqohvopbiqgxpoimzta
wpgolyujiiezklxtjxns
gwoakcvuvlvfruouafhi
npbgxpbxftpbkzisemof
dxlecmojlfqklguojekf
obuqvyxhcsittlinhikp
splrtcdqavlxioxsliim
cbhzuwljldngxabokynr
soveatnfamzbumobobdr
uznxxvxrwofjqcpfffvx
uolbengykajitrotossh
ggqgniecvefaiaygimcr
eggivdknfjbotcniitwi
gzaeyhedxaqzncmbbccg
iknmdhlaqsiozvprjcjc
dktvfhcpitctnkjrpzfx
pqrodkddewkthwfrfdid
augbvmnqstmsbzwdkpnl
uzdzpgqqobrgwiwzkvmn
pijcwehsochhaxvlpnqh
txilstqtgcduzticvdfg
cgbeteotymzfosxzytxt
rojbwlxwlcyyhkfngvbs
zxayenkqmblmeerzbmaj
bcltfvrtbtuhikohrhvk
siqtagtnaurerxnonior
rhhdlcxgfehwassrfqdu
rejebtgmxnxznnaslvqq
adnaxbbnnhucotmgpfgk
qlbzthqgcgsbtxqodzir
bdmsdeckqxmczvvqzefz
mrqerrwytdhzezjzhinh
igrwbhmnfjurdfultfie
vpbpzpkmppnprleeodbi
jwlumpsihzocelwmxrzf
ngvhrqsuvshfntdmanyn
vwcizoqkxvswumlbwabo
xpseexdljuyaqdwctgbm
fqmofklexmjhloraoreq
qfblfuysajwzcqejwhzc
lawunkqsqemqjugjnzcb
fxusjwxvtppjzillihkn
fcnxbnkgdczyfkwjgdlt
wuzvbtlefmrwkhhabglv
yaqfstymbkeckmxzohkg
qrwptoeiihjrfbaocswd
upefbcvqhydsxmpsdquk
ggshrmineowyzkrrajgl
jeeyfavywbdehvbxwagh
jmqyfvzxcoedpaflmxne
cskncbyuxjuuiwubeccu
bxxhrrkfioaefhabisuy
nhbmywkxtumcrssbfisd
chmyekztncsmvutwbgbp
cjtnjjlpojvkxbvoaqen
sffvwuubijmqhwazbrvr
ueqkomucbootmcmgidkk
bamzqxacetkjgvoxsfgs
jwhudoalkbgadivabxdc
tabkiwdzhajiwvnsxgdd
aatalrffrhseamwuqbdj
wsldziwkhocuggoktqdk
trfpbdpzmzvnjbbadrxm
lhtzmcxuncwdwdknzzjq
mytwtvfthqgfqeymoxrg
gmivavecnjuuuzcicjqk
kfkmrpnkmavykckvxmup
wfnximsczzdrghstniae
pdkujtfotclitwzmvzoq
wcbacxskmrskbsmgcuip
yumepjjadxmkxllspwoy
fhwqvubcukovomarpjog
zxgoqhnkmzhnppwszrez
zchvgvazaetiuwncbecw
tcenwjsvvpzonyjqzxdv
oxutadkjdddwwsixzdbg
vxflxzvtatfdypovpdje
cxpqkfyjfcmtvgyggjhj
eeotphldqqhyeqqvsryg
fzxclmbftzssavnucare
dxkxtxpjznralgdsjtsi
bjkvwxuppdsfuwhlmkvv
hzohuvkcqcrrgyzdhxzc
exvdfzrbsigmqkwjjcvv
lztsfqwwfplxcbfgllfo
eyzodkxnexchffvgxlot
mstnqdnxmxgobwinbysp
vdwcsykbywdndtxdasij
cvkfnuxcwoftfychxciw
jhnnmvoddcdjwqiuznoo
hbwfbxkftduuejbeqwif
xfwqbdxytkkuqnjghhsb
kdfwbnovmqlyndieztpm
dlegdecfurchelsvahsz
fnszbnsliqchvssklrgd
frqdxibonhiowhxxoabt
rfoqlfwmrykeiawcdceq
pwjolfbcgodrqpniyxee
xolgbhygcnpkfcqynuev
knkiajhvpemjszzirqie
gbyimmoryeqthnpdiiiu
icldptunzntijjbjphmm
sdwhclzxjlidaltgoidx
npykvgccymvqsgzbcofx
vzzygekjdqthdajosluv
ynbtimmblopsrcudfjqn
prsiyojpvndchvlnawxv
rnkzgxpmzjtuxxavuuhg
xewyrziffdowmxoaitfo
nmcyjoddgrsigljpcobk
odtevrxdfrwgwtnarchv
fyoevxdubljbpklcaqbi
uzzhodnxzncffbeahcyo
plpftabttlasjmqsnygi
hepwgcfxfuvbavnvcrhy
imznbcdurwcsnalrukfx
vknrvlolckbzjhtncovk
kpqtnbrrgfkatzclprho
pzwjwhktweasnxebxczr
zpxxgfvminzlrywnqkpv
ulqgmfuqjynltssksdst
twusnscnhpjyaaapjaxe
xsmotzsefqzidufhptxu
xcjeaudbjlckqzmqfapn
kvravwrkiqbptojphkvp
wmeyostakqdrbehtvkmc
nobqrfgvwegpwfynwnba
phuohjbutaxouifapnmc
wlzzuudswqxbzxyrqiby
lgoypcxwlsqhexwrndsm
zzlirgiqndzbkgmzfroo
iqoaygnyoafurdiladkx
jranxgkcnpvcsttvanzl
bfzimtbukxinbcqiaurc
nuteecrvrfeexofilmgi
riazjnflfwtemzvccqlf
kbsirrryqkrtasuznrgi
zkytkaqqejucjoxwprbx
hmsqytyfryxkhhcdymsy
lwsanmrpvlcxsofzljil
rcnhicmheaoefehbobdr
kadjvxxsgrkqmpqjgybv
heofzdghqbdceapfhyfq
nkuwwnhickkrbsalxivn
hlwyvrrgdgwdvjgqfnci
mduksuhxemjfmzfsczkx
kjkigcjvqnknsvxddehi
fgpxthxsyculcgejesum
xayjwrutjlnimnqaxslf
tppknlrrkuayrzlivfgk
thelenlyiqofzjdoxyyz
ugwaevxesgbmjztvanvd
zzihnvleobmfsikikvuf
axndkluzjqcucgryfmtt
znssnximnnijljevzami
gzirjadvinwsyjouqonf
esbfkqnjcgcxxtbveohs
wkvleyjsmqblmrpavrms
cotmqmphaobxdbwmyaof
easkmlvbzosdiyjphvcl
dthyprfahjpaebeigaoj
hwlnrniebtfgzzpiklzu
swqqttmrfeoumifudura
ykdbkqsmheplgylznayp
wzahxwyixqysjoqfahap
jwfktgifzkdunjeajash
kbqskrwcvftqbfajcbwm
lnxtfgmqqyazemwnynxx
oarkqdpuditzzwbqjddt
wkasbvzefdlufjuypgyc
lqqfkgurrvpedquoxcny
sgcgkfystxqusnksnhrk
nioihrvdnuqzbjuhjoof
fhxqkaixkjccnhlnohml
vilnjbcjkwajsyiyzack
vvrfliydvqjbbieccxso
mejdbsesldnhfjpctoii
ezbpgrirveadcsxxhqdy
ijeupveywgapxdqweiqn
bwblcsksgmofpgjsbdvq
rjhvrywyltscgtzzbiab
vcdojummdopbhqavodry
ontivvqbqjofaanynjym
fchyvfcnufrcxryqgdcx
zuvgeeaemtssbtntfnvo
mdigslnbcywkwookzuim
aszamuzumthjtcyoulzv
qzslnirfctzzqilrmtmy
wqsoabrpqheegalqyesf
ocqunilrjqbmcuwadklh
noztksfawyqlpnjtqgmi
bjfupvnijbrntafooohr
kbkdasefrqjkqscnzjfp
zsvykfvqudkfqlskufxt
vdujkpmasotliwpsmmuk
fefhaffxrqytfacfndug
hujonfasvtfricrxuyii
hqevubzbibrlwzccpieo
tjfczudmnpgbxdgvaada
bkuebvmsaqvlnzzlcsff
rnkkvzmqwqojpyhuvxzk
gbnwlipulpxjfikkletg
razebcdvbxogehgfgsmm
grxahbbhmfofswtyizen
upanjxonjmnvabyhwxfn
kbxakmkzottvevglvvwd
ajijtgkcwztcaifccgyd
rwhzjydpmmwmhdwdjkxp
qkqoquytzthyhqigjgvx
bbhogerummjzvinitvew
vhydevebwwqayzetiqhv
awklydaqjsmaxaxoyzux
sbdzgplgwskypdmywvfx
lvtpqvqazphusvxewmuj
rdnxdneqrrkcgrecyurx
jncuzyscehgihntmxnqq
rbkdtmnmswkquxjwnnct
rddcxdljniuuupluyeiq
kqbhoiohmpszeimluxrt
lxuhpqeihcwdrjoxdrxx
jcyxlhyldnjyglmkrhqx
qczjyvwtkttduhthdrtx
mtykfzbyklgnodcjdzfl
zhhepuovjigbonlpgnmj
xcaevqrauxmauxgzmvaa
tyvhuiqdsvtdappgnxnu
dqovhhbvifqnydfczgrp
tvvbmnprypbxgannqenn
mwkrffbnqtohtjjojoxf
tuxmvpftxtxgqlnqargs
zigkjsipqaggaiikcafs
ipvvwzqemgjaetfecqde
hrttxlaozqomybgmyhti
cbpbfmtmarbynvhborcx
fzkqyosufgxhdhgibpnn
wooodhrvzfyfngeybciz
ibsrxsfwdkbjpiqfrugd
iqrijcufaoiwqvwmqrwj
spkmmcbsenvczteokwdl
eepfqbmbxzyeocecplcx
wndsectspjtxdhwexxpk
wylhletxfpjqrheacmdi
ccijdeiulxapexbmdlqf
oodiuyrwvhhhgkkfhhqt
tpyukgpswyundcbuermb
xwbvvtkfrwoophwkpcmf
orjurbyyjfztczkyyiny
nyespoamtvxkkkegqpuo
guhujrjqbitpjrwkcima
zwtpxgscgfdgqgjizlaz
fcwidxvjiyytngqgsaqg
vghflbslfbwbggdxkwde
ukpllkyeaiwfxjynbzxp
hxgmiymasnlgvasdtecy
qsnynoevyopybxeanbgm
gavmbwnzhrbccemrhgxo
hnkocfkbdadsonrwpngu
jpoguykijxjdibzfpsal
pgmzsnabwxmqcfgfkeoa
dcntamnzallxzcforoyx
oakovlkshmicamozkdba
artbazzkmgyemjfoflhm
cxnqlogxnkohriyvgzbk
vlursogvrrnmprvkinmz
sieynsdczwsoxdxsgjqg
eubmscnoufrrxmptzpdy
kajtevkyaewvivhgiuye
pgqwveondbqyagumajnn
lcrluyxhebhdmtugdcso
nthgrbakmqsymrgneufa
aajdkhxtfoulptgpprqb
zlgvwtzwtgkgzlaxdrha
rdribbvhdnviuzycgxva
unfehxqqduswhjoikqwx
ehatqdeotgwpimvvomrl
eiyztovotodwihwmbibx
lmwzfgqiepddqcrfvypw
zzodidyrobgpmvcywuuc
bsnoqmoiiakrnqbvabrt
tratkbbtujfjpnzydmue
wjoddgnxhaixhfkorqkc
gzyrnqboqmadlonzhlho
ljuiwhgdflhdebeqtopn
apamgtokkbysrmgpfqry
egeftyggcufluulwcskd
cyhfzrwfqsbvtxzhhyek
iigqczacichqyuvkrckt
cjuucewfaqklkzufwntj
qjlmkdevxdwyvmjaazmy
qzolfeprblyplmrlsfqe
qmigmzjottpjiluimwlf
vbfzcotjykqvuhovfiwv
tinxawsavthikyjahuqw
wmfilkxiofkycckeerlg
ndsonfnwkxnukeyttmyp
rfzafqbokazmlhrsbhgk
iylpsaupobcweoihisgj
uxcvctbhudcozagedlpq
szvnkzopsoyovbdzzovr
ijctzchekshwtppuudoj
ktsmkibhvindbmagpewm
lbeqiyjimoxqqkwhgfin
lpljmklbebuohfwbupyg
jkkdzwlwcvqrftxgpmcc
vtiszqktqyoerddfkpnw
kghlnuwcsuqeesizzcqm
zvpzwkefdiqiawfynbtz
wioayxftwrvejewejaao
aallpheiutovxqxayppc
gmrkghlikiryrorgupwn
didihbdzyrzyoliqluvu
zmpctbjokyimcgkmnkzi
privjdmrbgjmfgqvfpfs
zvhpauhewmdtvahhjfrw
uxhmcqkzuwalibrjqyok
bycbtaosxkuiqwtdyifn
swfruaosasezdgqjnoou
hgaptbybyhzbrjxgflyo
tjopgyaomhbrjrbblncu
gnypbfwdyygehdwkcofs
jcmjzayzqxxgeykkfqkk
ypycnfztqcalqbowvfqg
hqkvksncqtqwqqmfbydj
jxpmdvpckgiwuuozqkgm
dkydivapdsyedobrjpoj
lchxstzbzczvhftvtmdf
cnyxgjapxyyhkarzfrrm
vlydajucollbyuntzgwd
mkdlzifxomannbmukpfj
wwdwcjgbghftgtsrtclm
tnguzlgjneehtcbfxiuf
votdohbwyiinlstxzudn
nbfyctmjmjykvlqduzbc
ldkmyznmceuxrwvkxpzg
mjaubxkseyjczsupcila
dmuziayfgdvopykplkzk
jfvhmbggsplomxhitupu
vmlbxqtfnmwpdnovvmcp
urebtescajfhzejvwnnu
ctfzvmqcdotvryspfinl
umifgopjqkjwnxyiyykf
tvmzyfuyqendaahvgpzz
wkodqhuknympynsanvrl
orpjdkjncbyxnlktyhby
prctemusvdkbjapgbqss
bwhkbwmfrltfyojwjepy
crrgafgxmjydqijhsrof
nottwlwhwlqkhmzfbjqd
wdghlolbrhjugdytjwzl
utgsimufsdlicmdznrns
sbhnuthmhzocfvvvfkwv
gnihojqfafgjdctcxffv
npfvscslqjqlrbtiplha
xarexqisqhtfdejtzjpc
rzbpuqbdxeuuofuikjgx
ghgmsiepuvdalqforetw
mmpgpimfmfsxqoyoqehp
hnxdjxcmxizgtlhlvzqt
ojxmmpimbnxympvxiqpq
zoxspeqjpaqswvcgjfzk
hrnsshmkalrndldiphzp
luqvtwsvogmakvxribad
aydemjknetrrbhuigklp
tzimivhhgrxzdbmskyzb
uvquwlweuxaacgddofyr
gzdxdgydhwiiddmjmfmo
gpjialdvqtisslnbfarv
ymryxkfqapzmhbgillpw
zyhepvbnweyorywyskht
ehsvrgjexajaooxbrzjf
rdtwviaqbwqwauuanmdx
tonlmrahyjodqzttisad
wmbtxygoblxbrweiihjv
ksybqvtkmbdajymdwrwt
rwwmkoroejngziaamgxr
rwamjgdwfusksqoupziv
adwsiypzynrwpglwrjnx
laltxfcdphcjeydpolpn
aexmuozqgxlcvwtqklde
pnqinnlrowrqtsapjypg
oqdfpshyzugmckmeugzy
gjuboocskdtajydamgxi
uupkncdfnhbafxyltflc
ydpcldcginvvniohcuut
bcggvrfoubzyewvaqvhx
paussvmgnlidohutmbmy
gkofmgkqftyqyyltxycs
qrgzvvgalovvtvnujtel
fbxrvsonsruwzskgbyxr
hvmxhxnerrpkvayydgfo
hlmkggqjyweodsgnlmdl
nzincexyhzwsvribsobf
zpwyjyuraumsamgffila
myopuogvbbuerxiwibgz
ongqgehdwfjgbuqycmze
lvqejjjgkydjflrzhgpc
dacrjckdzrcpbnphlidp
uhbxfznhowietqvclthz
cryeasohcjytfykxidht
asxpyfixdfshtcsmerop
eiqchzoawhngcsxzgbzr
enyzmfbmalrmvuluffwz
nsrnhdiklqpolukasbfo
kbpeimrifpfsbumohekz
qofpjjceofslzxhxzqtv
efhaohcnvbixxydyeftl
fugfoylpxxjwxqsihbli
gnvgqroigffukjbzhicn
rrudltxeieuobuekbzpm
vtwphqvhbparclwgrqmd
vfbmikxbvpqrxbeyrkoc
tlmvjdqxeqmshmmxlvix
vgndmnxdqwxtkaxxumsw
ldsstyydvytdkwuolloa
egrasljsseshlruetsdv
zlzfqtuzhaovquuaqmkl
ebdbiztwhstdmolihxnt
ptuirkkzqqdaezxcgmjs
xicbccmxwjgnhaoomeas
ufsarurjijxysmeawfmd
ldhycfrxphdrmxsmhxgo
vnyelhkdsrnvhthhuutl
lzlileddikpzpecirhuc
xbhykwarvhkymaawuoqa
oopdvsqbxaqzueydqsuu
uzxumcfvquwziqsseuov
ajtjewpcktirnspyhdkx
yuqpirmpfpwkpbjsmlge
verlvquorjitakhjpzdn
ofqahgmprchnkkaxnsnn
oupdztecytuvuewaegup
rjjlhvkzqayehbtvarbv
gaetlgmybttufzxyamwq
uyamjgjrwrzbodiigsup
nzfibspoynozfleaftsf
yfrttmenynvzkkxonatz
roefnbbzxjstzufcpxsi
zfmbxdtnddovwqjwhodi
zbqmpnuflrtuonowoxqi
vxytymmvbxcvzctqgewl
yuxgxgtztnkheukrlnzv
vajdzjpssjkhkpcttdeu
mrjlguspzotecqufhdqa
dffgjlxtqxgzdknrzebu
skwktuphluozuquzemrt
mvpvisljerwvdujvcank
hhfqimlcglfmuhhugmbf
uqlbqjqgcblegpdtglss
gwbhxlidgmzkzjaardkq
belifpkewzmgvyetgive
ospdwtxtmcgotfetbfzv
lhhskzvocpivvcqloanu
ybmwwxbrmujoyfoqrxrz
ysucinmaeodelctagafn
mpfdspfdepopfyszintd
bwzpfdjupxkchyswyekb
esbqdlaosjfaclabjxdr
tnseifgrwuuyxfkcnrov
rmvrbecyintizzpxrdze
mnemeqmnftgtpywqmear
dauyzgsynovysgqkzrpq
amuxdmllbwkqhpzdxwuh
alxhxzlotgxgxjwdgstq
dmiewwljeltyuvykoevn
duwhnstcowujamuehbsc
cljlmzrxfzucupekbkfv
efotqrjxeekzapmkiphk
fzgkzqdhspjrsrsryuxr
uiptogrryvfucbgczbnj
rycgezprnxltghecphhs
aefwqxkkhmbmuhovtolv
ciyimdtefbmzkrttihos
biodqigzpovjguyzjyck
oqoszigcvomhycqnivru
wsstlipfostawknghdan
ncmggwpuxnegdamcvhtt
oedpxfkciaifujubmyzk
bywaxwspytgicecamuxw
snjtalnuotecrveuncul
ewrpsgfcizebzgndrvkj
rfsrelfimqtchfqucuzr
eumlfoqaolmbtsdyomri
lqzlqjkakqiaekkqxjdl
rctlmuklcifhqzuudhpy
infwtyxngnzvrejgopgx
bpigatoewbchpjmaqjpb
ndmfkmrdjdpkqlunxfaa
ecfimvnjhfjyrqjoqpfe
bjlizuydjauxxhxbcdrg
asaffferzwdgugaaasno
yezmqoseqyirtvsqqqra
myynhkjhipiqbcougihk
jtpvyeqdidsocmezzpwi
zlzuajxohyndajcjmoot
brmsusopfihoocctzdvn
vhyzokhlfycfedozffyr
mbsihjtkdluathwmomyp
mvlnrddztzplpdennkmo
ivoefeoyrpxbozmznvrm
wgbnrxlimihtwuvishti
elmjegzuoaugephvztfe
rylvihtfucrrikrcjwua
vffetdyzzbmwnhaobzdm
gxzneeuxmsfhxhtmhbsw
iibjwhapbrtpceokdfdf
dmaopxbeotcjzflotaky
ssoqielawhlhmcytsxnu
abmxkqafesvawlzjnuta
